mode: set
github.com/adhithyan15/coding-adventures/code/packages/go/riscv-simulator/core_adapter.go:84.44,89.2 1 1
github.com/adhithyan15/coding-adventures/code/packages/go/riscv-simulator/core_adapter.go:95.49,97.2 1 1
github.com/adhithyan15/coding-adventures/code/packages/go/riscv-simulator/core_adapter.go:121.115,149.26 8 1
github.com/adhithyan15/coding-adventures/code/packages/go/riscv-simulator/core_adapter.go:151.76,152.24 1 1
github.com/adhithyan15/coding-adventures/code/packages/go/riscv-simulator/core_adapter.go:155.78,156.24 1 1
github.com/adhithyan15/coding-adventures/code/packages/go/riscv-simulator/core_adapter.go:159.22,160.24 1 1
github.com/adhithyan15/coding-adventures/code/packages/go/riscv-simulator/core_adapter.go:163.38,165.23 2 0
github.com/adhithyan15/coding-adventures/code/packages/go/riscv-simulator/core_adapter.go:168.24,169.24 1 0
github.com/adhithyan15/coding-adventures/code/packages/go/riscv-simulator/core_adapter.go:172.50,173.24 1 0
github.com/adhithyan15/coding-adventures/code/packages/go/riscv-simulator/core_adapter.go:178.21,180.24 2 0
github.com/adhithyan15/coding-adventures/code/packages/go/riscv-simulator/core_adapter.go:183.15,187.48 1 1
github.com/adhithyan15/coding-adventures/code/packages/go/riscv-simulator/core_adapter.go:187.48,189.4 1 1
github.com/adhithyan15/coding-adventures/code/packages/go/riscv-simulator/core_adapter.go:191.33,192.24 1 0
github.com/adhithyan15/coding-adventures/code/packages/go/riscv-simulator/core_adapter.go:194.14,196.24 1 0
github.com/adhithyan15/coding-adventures/code/packages/go/riscv-simulator/core_adapter.go:199.2,199.14 1 1
github.com/adhithyan15/coding-adventures/code/packages/go/riscv-simulator/core_adapter.go:214.124,219.20 2 1
github.com/adhithyan15/coding-adventures/code/packages/go/riscv-simulator/core_adapter.go:219.20,221.3 1 1
github.com/adhithyan15/coding-adventures/code/packages/go/riscv-simulator/core_adapter.go:222.2,222.20 1 1
github.com/adhithyan15/coding-adventures/code/packages/go/riscv-simulator/core_adapter.go:222.20,224.3 1 1
github.com/adhithyan15/coding-adventures/code/packages/go/riscv-simulator/core_adapter.go:228.2,232.22 4 1
github.com/adhithyan15/coding-adventures/code/packages/go/riscv-simulator/core_adapter.go:237.13,240.27 3 1
github.com/adhithyan15/coding-adventures/code/packages/go/riscv-simulator/core_adapter.go:242.13,245.27 3 1
github.com/adhithyan15/coding-adventures/code/packages/go/riscv-simulator/core_adapter.go:247.13,250.27 3 0
github.com/adhithyan15/coding-adventures/code/packages/go/riscv-simulator/core_adapter.go:252.13,253.32 1 1
github.com/adhithyan15/coding-adventures/code/packages/go/riscv-simulator/core_adapter.go:253.32,255.4 1 1
github.com/adhithyan15/coding-adventures/code/packages/go/riscv-simulator/core_adapter.go:255.9,257.4 1 1
github.com/adhithyan15/coding-adventures/code/packages/go/riscv-simulator/core_adapter.go:258.3,258.36 1 1
github.com/adhithyan15/coding-adventures/code/packages/go/riscv-simulator/core_adapter.go:260.14,261.18 1 0
github.com/adhithyan15/coding-adventures/code/packages/go/riscv-simulator/core_adapter.go:261.18,263.4 1 0
github.com/adhithyan15/coding-adventures/code/packages/go/riscv-simulator/core_adapter.go:263.9,265.4 1 0
github.com/adhithyan15/coding-adventures/code/packages/go/riscv-simulator/core_adapter.go:266.3,266.36 1 0
github.com/adhithyan15/coding-adventures/code/packages/go/riscv-simulator/core_adapter.go:268.13,271.27 3 1
github.com/adhithyan15/coding-adventures/code/packages/go/riscv-simulator/core_adapter.go:273.13,276.27 3 0
github.com/adhithyan15/coding-adventures/code/packages/go/riscv-simulator/core_adapter.go:278.13,281.27 3 0
github.com/adhithyan15/coding-adventures/code/packages/go/riscv-simulator/core_adapter.go:283.12,286.27 3 1
github.com/adhithyan15/coding-adventures/code/packages/go/riscv-simulator/core_adapter.go:288.13,291.27 3 1
github.com/adhithyan15/coding-adventures/code/packages/go/riscv-simulator/core_adapter.go:296.14,299.27 3 1
github.com/adhithyan15/coding-adventures/code/packages/go/riscv-simulator/core_adapter.go:301.14,302.31 1 1
github.com/adhithyan15/coding-adventures/code/packages/go/riscv-simulator/core_adapter.go:302.31,304.4 1 1
github.com/adhithyan15/coding-adventures/code/packages/go/riscv-simulator/core_adapter.go:304.9,306.4 1 1
github.com/adhithyan15/coding-adventures/code/packages/go/riscv-simulator/core_adapter.go:307.3,307.36 1 1
github.com/adhithyan15/coding-adventures/code/packages/go/riscv-simulator/core_adapter.go:309.15,310.25 1 0
github.com/adhithyan15/coding-adventures/code/packages/go/riscv-simulator/core_adapter.go:310.25,312.4 1 0
github.com/adhithyan15/coding-adventures/code/packages/go/riscv-simulator/core_adapter.go:312.9,314.4 1 0
github.com/adhithyan15/coding-adventures/code/packages/go/riscv-simulator/core_adapter.go:315.3,315.36 1 0
github.com/adhithyan15/coding-adventures/code/packages/go/riscv-simulator/core_adapter.go:317.14,320.27 3 1
github.com/adhithyan15/coding-adventures/code/packages/go/riscv-simulator/core_adapter.go:322.13,325.27 3 1
github.com/adhithyan15/coding-adventures/code/packages/go/riscv-simulator/core_adapter.go:327.14,330.27 3 1
github.com/adhithyan15/coding-adventures/code/packages/go/riscv-simulator/core_adapter.go:332.14,336.27 4 1
github.com/adhithyan15/coding-adventures/code/packages/go/riscv-simulator/core_adapter.go:338.14,342.27 4 1
github.com/adhithyan15/coding-adventures/code/packages/go/riscv-simulator/core_adapter.go:344.14,348.27 4 0
github.com/adhithyan15/coding-adventures/code/packages/go/riscv-simulator/core_adapter.go:351.13,354.27 3 1
github.com/adhithyan15/coding-adventures/code/packages/go/riscv-simulator/core_adapter.go:356.15,359.27 3 0
github.com/adhithyan15/coding-adventures/code/packages/go/riscv-simulator/core_adapter.go:369.38,371.25 2 0
github.com/adhithyan15/coding-adventures/code/packages/go/riscv-simulator/core_adapter.go:381.24,384.27 3 0
github.com/adhithyan15/coding-adventures/code/packages/go/riscv-simulator/core_adapter.go:390.13,395.12 5 0
github.com/adhithyan15/coding-adventures/code/packages/go/riscv-simulator/core_adapter.go:395.12,397.4 1 0
github.com/adhithyan15/coding-adventures/code/packages/go/riscv-simulator/core_adapter.go:397.9,399.4 1 0
github.com/adhithyan15/coding-adventures/code/packages/go/riscv-simulator/core_adapter.go:401.13,406.12 5 0
github.com/adhithyan15/coding-adventures/code/packages/go/riscv-simulator/core_adapter.go:406.12,408.4 1 0
github.com/adhithyan15/coding-adventures/code/packages/go/riscv-simulator/core_adapter.go:408.9,410.4 1 0
github.com/adhithyan15/coding-adventures/code/packages/go/riscv-simulator/core_adapter.go:412.13,417.12 5 0
github.com/adhithyan15/coding-adventures/code/packages/go/riscv-simulator/core_adapter.go:417.12,419.4 1 0
github.com/adhithyan15/coding-adventures/code/packages/go/riscv-simulator/core_adapter.go:419.9,421.4 1 0
github.com/adhithyan15/coding-adventures/code/packages/go/riscv-simulator/core_adapter.go:423.13,428.12 5 0
github.com/adhithyan15/coding-adventures/code/packages/go/riscv-simulator/core_adapter.go:428.12,430.4 1 0
github.com/adhithyan15/coding-adventures/code/packages/go/riscv-simulator/core_adapter.go:430.9,432.4 1 0
github.com/adhithyan15/coding-adventures/code/packages/go/riscv-simulator/core_adapter.go:434.14,439.12 5 0
github.com/adhithyan15/coding-adventures/code/packages/go/riscv-simulator/core_adapter.go:439.12,441.4 1 0
github.com/adhithyan15/coding-adventures/code/packages/go/riscv-simulator/core_adapter.go:441.9,443.4 1 0
github.com/adhithyan15/coding-adventures/code/packages/go/riscv-simulator/core_adapter.go:445.14,450.12 5 0
github.com/adhithyan15/coding-adventures/code/packages/go/riscv-simulator/core_adapter.go:450.12,452.4 1 0
github.com/adhithyan15/coding-adventures/code/packages/go/riscv-simulator/core_adapter.go:452.9,454.4 1 0
github.com/adhithyan15/coding-adventures/code/packages/go/riscv-simulator/core_adapter.go:462.13,468.30 6 0
github.com/adhithyan15/coding-adventures/code/packages/go/riscv-simulator/core_adapter.go:470.14,476.30 6 0
github.com/adhithyan15/coding-adventures/code/packages/go/riscv-simulator/core_adapter.go:482.15,484.19 2 0
github.com/adhithyan15/coding-adventures/code/packages/go/riscv-simulator/core_adapter.go:484.19,488.4 3 0
github.com/adhithyan15/coding-adventures/code/packages/go/riscv-simulator/core_adapter.go:490.15,492.19 2 0
github.com/adhithyan15/coding-adventures/code/packages/go/riscv-simulator/core_adapter.go:492.19,496.4 3 0
github.com/adhithyan15/coding-adventures/code/packages/go/riscv-simulator/core_adapter.go:498.15,500.19 2 0
github.com/adhithyan15/coding-adventures/code/packages/go/riscv-simulator/core_adapter.go:500.19,504.4 3 0
github.com/adhithyan15/coding-adventures/code/packages/go/riscv-simulator/core_adapter.go:507.15,509.19 1 1
github.com/adhithyan15/coding-adventures/code/packages/go/riscv-simulator/core_adapter.go:509.19,511.18 2 1
github.com/adhithyan15/coding-adventures/code/packages/go/riscv-simulator/core_adapter.go:511.18,519.5 7 0
github.com/adhithyan15/coding-adventures/code/packages/go/riscv-simulator/core_adapter.go:523.14,524.19 1 0
github.com/adhithyan15/coding-adventures/code/packages/go/riscv-simulator/core_adapter.go:524.19,531.4 6 0
github.com/adhithyan15/coding-adventures/code/packages/go/riscv-simulator/core_adapter.go:533.10,533.10 0 1
github.com/adhithyan15/coding-adventures/code/packages/go/riscv-simulator/core_adapter.go:537.2,537.14 1 1
github.com/adhithyan15/coding-adventures/code/packages/go/riscv-simulator/core_adapter.go:549.70,550.32 1 1
github.com/adhithyan15/coding-adventures/code/packages/go/riscv-simulator/core_adapter.go:550.32,552.3 1 1
github.com/adhithyan15/coding-adventures/code/packages/go/riscv-simulator/core_adapter.go:553.2,553.19 1 1
github.com/adhithyan15/coding-adventures/code/packages/go/riscv-simulator/core_adapter.go:565.77,572.2 3 1
github.com/adhithyan15/coding-adventures/code/packages/go/riscv-simulator/core_adapter.go:597.79,607.20 3 1
github.com/adhithyan15/coding-adventures/code/packages/go/riscv-simulator/core_adapter.go:607.20,609.3 1 1
github.com/adhithyan15/coding-adventures/code/packages/go/riscv-simulator/core_adapter.go:611.2,612.38 2 1
github.com/adhithyan15/coding-adventures/code/packages/go/riscv-simulator/core_adapter.go:641.105,652.2 4 1
github.com/adhithyan15/coding-adventures/code/packages/go/riscv-simulator/core_adapter.go:656.42,658.2 1 1
github.com/adhithyan15/coding-adventures/code/packages/go/riscv-simulator/csr.go:80.28,84.2 1 1
github.com/adhithyan15/coding-adventures/code/packages/go/riscv-simulator/csr.go:87.44,89.2 1 1
github.com/adhithyan15/coding-adventures/code/packages/go/riscv-simulator/csr.go:92.52,94.2 1 1
github.com/adhithyan15/coding-adventures/code/packages/go/riscv-simulator/csr.go:98.66,102.2 3 1
github.com/adhithyan15/coding-adventures/code/packages/go/riscv-simulator/csr.go:108.60,112.2 3 1
github.com/adhithyan15/coding-adventures/code/packages/go/riscv-simulator/csr.go:118.62,122.2 3 1
github.com/adhithyan15/coding-adventures/code/packages/go/riscv-simulator/decode.go:34.68,37.16 2 1
github.com/adhithyan15/coding-adventures/code/packages/go/riscv-simulator/decode.go:38.19,39.28 1 1
github.com/adhithyan15/coding-adventures/code/packages/go/riscv-simulator/decode.go:40.16,41.28 1 1
github.com/adhithyan15/coding-adventures/code/packages/go/riscv-simulator/decode.go:42.18,43.27 1 1
github.com/adhithyan15/coding-adventures/code/packages/go/riscv-simulator/decode.go:44.19,45.28 1 1
github.com/adhithyan15/coding-adventures/code/packages/go/riscv-simulator/decode.go:46.20,47.28 1 1
github.com/adhithyan15/coding-adventures/code/packages/go/riscv-simulator/decode.go:48.17,49.32 1 1
github.com/adhithyan15/coding-adventures/code/packages/go/riscv-simulator/decode.go:50.18,51.27 1 1
github.com/adhithyan15/coding-adventures/code/packages/go/riscv-simulator/decode.go:52.17,53.35 1 1
github.com/adhithyan15/coding-adventures/code/packages/go/riscv-simulator/decode.go:54.19,55.37 1 1
github.com/adhithyan15/coding-adventures/code/packages/go/riscv-simulator/decode.go:56.20,57.29 1 1
github.com/adhithyan15/coding-adventures/code/packages/go/riscv-simulator/decode.go:58.10,63.4 1 1
github.com/adhithyan15/coding-adventures/code/packages/go/riscv-simulator/decode.go:75.65,83.20 5 1
github.com/adhithyan15/coding-adventures/code/packages/go/riscv-simulator/decode.go:83.20,85.3 1 1
github.com/adhithyan15/coding-adventures/code/packages/go/riscv-simulator/decode.go:87.2,88.16 2 1
github.com/adhithyan15/coding-adventures/code/packages/go/riscv-simulator/decode.go:89.18,90.20 1 1
github.com/adhithyan15/coding-adventures/code/packages/go/riscv-simulator/decode.go:91.18,92.20 1 1
github.com/adhithyan15/coding-adventures/code/packages/go/riscv-simulator/decode.go:93.19,94.21 1 1
github.com/adhithyan15/coding-adventures/code/packages/go/riscv-simulator/decode.go:95.18,96.20 1 1
github.com/adhithyan15/coding-adventures/code/packages/go/riscv-simulator/decode.go:97.17,98.19 1 1
github.com/adhithyan15/coding-adventures/code/packages/go/riscv-simulator/decode.go:99.18,100.20 1 1
github.com/adhithyan15/coding-adventures/code/packages/go/riscv-simulator/decode.go:101.18,105.19 2 1
github.com/adhithyan15/coding-adventures/code/packages/go/riscv-simulator/decode.go:106.18,109.26 2 1
github.com/adhithyan15/coding-adventures/code/packages/go/riscv-simulator/decode.go:109.26,111.4 1 1
github.com/adhithyan15/coding-adventures/code/packages/go/riscv-simulator/decode.go:111.9,113.4 1 1
github.com/adhithyan15/coding-adventures/code/packages/go/riscv-simulator/decode.go:114.3,114.19 1 1
github.com/adhithyan15/coding-adventures/code/packages/go/riscv-simulator/decode.go:115.10,116.49 1 0
github.com/adhithyan15/coding-adventures/code/packages/go/riscv-simulator/decode.go:119.2,128.3 1 1
github.com/adhithyan15/coding-adventures/code/packages/go/riscv-simulator/decode.go:137.65,145.9 7 1
github.com/adhithyan15/coding-adventures/code/packages/go/riscv-simulator/decode.go:146.53,147.19 1 1
github.com/adhithyan15/coding-adventures/code/packages/go/riscv-simulator/decode.go:148.50,149.19 1 1
github.com/adhithyan15/coding-adventures/code/packages/go/riscv-simulator/decode.go:150.27,151.19 1 1
github.com/adhithyan15/coding-adventures/code/packages/go/riscv-simulator/decode.go:152.27,153.19 1 1
github.com/adhithyan15/coding-adventures/code/packages/go/riscv-simulator/decode.go:154.28,155.20 1 1
github.com/adhithyan15/coding-adventures/code/packages/go/riscv-simulator/decode.go:156.27,157.19 1 1
github.com/adhithyan15/coding-adventures/code/packages/go/riscv-simulator/decode.go:158.53,159.19 1 1
github.com/adhithyan15/coding-adventures/code/packages/go/riscv-simulator/decode.go:160.50,161.19 1 1
github.com/adhithyan15/coding-adventures/code/packages/go/riscv-simulator/decode.go:162.26,163.18 1 1
github.com/adhithyan15/coding-adventures/code/packages/go/riscv-simulator/decode.go:164.27,165.19 1 1
github.com/adhithyan15/coding-adventures/code/packages/go/riscv-simulator/decode.go:166.10,167.62 1 0
github.com/adhithyan15/coding-adventures/code/packages/go/riscv-simulator/decode.go:170.2,180.3 1 1
github.com/adhithyan15/coding-adventures/code/packages/go/riscv-simulator/decode.go:190.64,196.20 5 1
github.com/adhithyan15/coding-adventures/code/packages/go/riscv-simulator/decode.go:196.20,198.3 1 0
github.com/adhithyan15/coding-adventures/code/packages/go/riscv-simulator/decode.go:200.2,201.16 2 1
github.com/adhithyan15/coding-adventures/code/packages/go/riscv-simulator/decode.go:202.16,203.18 1 1
github.com/adhithyan15/coding-adventures/code/packages/go/riscv-simulator/decode.go:204.16,205.18 1 1
github.com/adhithyan15/coding-adventures/code/packages/go/riscv-simulator/decode.go:206.16,207.18 1 1
github.com/adhithyan15/coding-adventures/code/packages/go/riscv-simulator/decode.go:208.17,209.19 1 1
github.com/adhithyan15/coding-adventures/code/packages/go/riscv-simulator/decode.go:210.17,211.19 1 1
github.com/adhithyan15/coding-adventures/code/packages/go/riscv-simulator/decode.go:212.10,213.48 1 0
github.com/adhithyan15/coding-adventures/code/packages/go/riscv-simulator/decode.go:216.2,225.3 1 1
github.com/adhithyan15/coding-adventures/code/packages/go/riscv-simulator/decode.go:238.65,251.20 7 1
github.com/adhithyan15/coding-adventures/code/packages/go/riscv-simulator/decode.go:251.20,253.3 1 0
github.com/adhithyan15/coding-adventures/code/packages/go/riscv-simulator/decode.go:255.2,256.16 2 1
github.com/adhithyan15/coding-adventures/code/packages/go/riscv-simulator/decode.go:257.16,258.18 1 1
github.com/adhithyan15/coding-adventures/code/packages/go/riscv-simulator/decode.go:259.16,260.18 1 1
github.com/adhithyan15/coding-adventures/code/packages/go/riscv-simulator/decode.go:261.16,262.18 1 1
github.com/adhithyan15/coding-adventures/code/packages/go/riscv-simulator/decode.go:263.10,264.49 1 0
github.com/adhithyan15/coding-adventures/code/packages/go/riscv-simulator/decode.go:267.2,276.3 1 1
github.com/adhithyan15/coding-adventures/code/packages/go/riscv-simulator/decode.go:293.65,307.21 9 1
github.com/adhithyan15/coding-adventures/code/packages/go/riscv-simulator/decode.go:307.21,309.3 1 1
github.com/adhithyan15/coding-adventures/code/packages/go/riscv-simulator/decode.go:311.2,312.16 2 1
github.com/adhithyan15/coding-adventures/code/packages/go/riscv-simulator/decode.go:313.17,314.19 1 1
github.com/adhithyan15/coding-adventures/code/packages/go/riscv-simulator/decode.go:315.17,316.19 1 1
github.com/adhithyan15/coding-adventures/code/packages/go/riscv-simulator/decode.go:317.17,318.19 1 1
github.com/adhithyan15/coding-adventures/code/packages/go/riscv-simulator/decode.go:319.17,320.19 1 1
github.com/adhithyan15/coding-adventures/code/packages/go/riscv-simulator/decode.go:321.18,322.20 1 1
github.com/adhithyan15/coding-adventures/code/packages/go/riscv-simulator/decode.go:323.18,324.20 1 1
github.com/adhithyan15/coding-adventures/code/packages/go/riscv-simulator/decode.go:325.10,326.50 1 0
github.com/adhithyan15/coding-adventures/code/packages/go/riscv-simulator/decode.go:329.2,338.3 1 1
github.com/adhithyan15/coding-adventures/code/packages/go/riscv-simulator/decode.go:353.73,365.23 7 1
github.com/adhithyan15/coding-adventures/code/packages/go/riscv-simulator/decode.go:365.23,367.3 1 0
github.com/adhithyan15/coding-adventures/code/packages/go/riscv-simulator/decode.go:369.2,376.3 1 1
github.com/adhithyan15/coding-adventures/code/packages/go/riscv-simulator/decode.go:387.64,392.20 4 1
github.com/adhithyan15/coding-adventures/code/packages/go/riscv-simulator/decode.go:392.20,394.3 1 0
github.com/adhithyan15/coding-adventures/code/packages/go/riscv-simulator/decode.go:396.2,404.3 1 1
github.com/adhithyan15/coding-adventures/code/packages/go/riscv-simulator/decode.go:420.82,427.22 3 1
github.com/adhithyan15/coding-adventures/code/packages/go/riscv-simulator/decode.go:427.22,429.3 1 0
github.com/adhithyan15/coding-adventures/code/packages/go/riscv-simulator/decode.go:431.2,438.3 1 1
github.com/adhithyan15/coding-adventures/code/packages/go/riscv-simulator/decode.go:450.66,453.26 2 1
github.com/adhithyan15/coding-adventures/code/packages/go/riscv-simulator/decode.go:453.26,456.17 2 1
github.com/adhithyan15/coding-adventures/code/packages/go/riscv-simulator/decode.go:457.19,462.5 1 1
github.com/adhithyan15/coding-adventures/code/packages/go/riscv-simulator/decode.go:463.11,469.5 1 1
github.com/adhithyan15/coding-adventures/code/packages/go/riscv-simulator/decode.go:474.2,479.16 5 1
github.com/adhithyan15/coding-adventures/code/packages/go/riscv-simulator/decode.go:480.19,481.21 1 1
github.com/adhithyan15/coding-adventures/code/packages/go/riscv-simulator/decode.go:482.19,483.21 1 1
github.com/adhithyan15/coding-adventures/code/packages/go/riscv-simulator/decode.go:484.19,485.21 1 1
github.com/adhithyan15/coding-adventures/code/packages/go/riscv-simulator/decode.go:486.10,487.50 1 0
github.com/adhithyan15/coding-adventures/code/packages/go/riscv-simulator/decode.go:490.2,499.3 1 1
github.com/adhithyan15/coding-adventures/code/packages/go/riscv-simulator/encoding.go:29.42,31.2 1 1
github.com/adhithyan15/coding-adventures/code/packages/go/riscv-simulator/encoding.go:34.42,36.2 1 1
github.com/adhithyan15/coding-adventures/code/packages/go/riscv-simulator/encoding.go:39.43,41.2 1 1
github.com/adhithyan15/coding-adventures/code/packages/go/riscv-simulator/encoding.go:44.42,46.2 1 1
github.com/adhithyan15/coding-adventures/code/packages/go/riscv-simulator/encoding.go:49.41,51.2 1 1
github.com/adhithyan15/coding-adventures/code/packages/go/riscv-simulator/encoding.go:54.42,56.2 1 1
github.com/adhithyan15/coding-adventures/code/packages/go/riscv-simulator/encoding.go:60.44,62.2 1 1
github.com/adhithyan15/coding-adventures/code/packages/go/riscv-simulator/encoding.go:65.44,67.2 1 1
github.com/adhithyan15/coding-adventures/code/packages/go/riscv-simulator/encoding.go:71.44,73.2 1 1
github.com/adhithyan15/coding-adventures/code/packages/go/riscv-simulator/encoding.go:76.59,78.2 1 1
github.com/adhithyan15/coding-adventures/code/packages/go/riscv-simulator/encoding.go:85.41,87.2 1 1
github.com/adhithyan15/coding-adventures/code/packages/go/riscv-simulator/encoding.go:90.41,92.2 1 1
github.com/adhithyan15/coding-adventures/code/packages/go/riscv-simulator/encoding.go:95.41,97.2 1 1
github.com/adhithyan15/coding-adventures/code/packages/go/riscv-simulator/encoding.go:100.41,102.2 1 1
github.com/adhithyan15/coding-adventures/code/packages/go/riscv-simulator/encoding.go:105.42,107.2 1 1
github.com/adhithyan15/coding-adventures/code/packages/go/riscv-simulator/encoding.go:110.41,112.2 1 1
github.com/adhithyan15/coding-adventures/code/packages/go/riscv-simulator/encoding.go:115.41,117.2 1 1
github.com/adhithyan15/coding-adventures/code/packages/go/riscv-simulator/encoding.go:120.41,122.2 1 1
github.com/adhithyan15/coding-adventures/code/packages/go/riscv-simulator/encoding.go:125.40,127.2 1 1
github.com/adhithyan15/coding-adventures/code/packages/go/riscv-simulator/encoding.go:130.41,132.2 1 1
github.com/adhithyan15/coding-adventures/code/packages/go/riscv-simulator/encoding.go:135.59,137.2 1 1
github.com/adhithyan15/coding-adventures/code/packages/go/riscv-simulator/encoding.go:142.40,144.2 1 1
github.com/adhithyan15/coding-adventures/code/packages/go/riscv-simulator/encoding.go:147.40,149.2 1 1
github.com/adhithyan15/coding-adventures/code/packages/go/riscv-simulator/encoding.go:152.40,154.2 1 1
github.com/adhithyan15/coding-adventures/code/packages/go/riscv-simulator/encoding.go:157.41,159.2 1 1
github.com/adhithyan15/coding-adventures/code/packages/go/riscv-simulator/encoding.go:162.41,164.2 1 1
github.com/adhithyan15/coding-adventures/code/packages/go/riscv-simulator/encoding.go:174.41,176.2 1 1
github.com/adhithyan15/coding-adventures/code/packages/go/riscv-simulator/encoding.go:179.41,181.2 1 1
github.com/adhithyan15/coding-adventures/code/packages/go/riscv-simulator/encoding.go:184.41,186.2 1 1
github.com/adhithyan15/coding-adventures/code/packages/go/riscv-simulator/encoding.go:189.52,194.2 4 1
github.com/adhithyan15/coding-adventures/code/packages/go/riscv-simulator/encoding.go:207.45,209.2 1 1
github.com/adhithyan15/coding-adventures/code/packages/go/riscv-simulator/encoding.go:212.45,214.2 1 1
github.com/adhithyan15/coding-adventures/code/packages/go/riscv-simulator/encoding.go:217.45,219.2 1 1
github.com/adhithyan15/coding-adventures/code/packages/go/riscv-simulator/encoding.go:222.45,224.2 1 1
github.com/adhithyan15/coding-adventures/code/packages/go/riscv-simulator/encoding.go:227.46,229.2 1 1
github.com/adhithyan15/coding-adventures/code/packages/go/riscv-simulator/encoding.go:232.46,234.2 1 1
github.com/adhithyan15/coding-adventures/code/packages/go/riscv-simulator/encoding.go:237.55,246.2 6 1
github.com/adhithyan15/coding-adventures/code/packages/go/riscv-simulator/encoding.go:257.39,265.2 6 1
github.com/adhithyan15/coding-adventures/code/packages/go/riscv-simulator/encoding.go:270.42,272.2 1 1
github.com/adhithyan15/coding-adventures/code/packages/go/riscv-simulator/encoding.go:282.36,284.2 1 1
github.com/adhithyan15/coding-adventures/code/packages/go/riscv-simulator/encoding.go:287.38,289.2 1 1
github.com/adhithyan15/coding-adventures/code/packages/go/riscv-simulator/encoding.go:294.27,296.2 1 1
github.com/adhithyan15/coding-adventures/code/packages/go/riscv-simulator/encoding.go:300.26,302.2 1 1
github.com/adhithyan15/coding-adventures/code/packages/go/riscv-simulator/encoding.go:305.43,307.2 1 1
github.com/adhithyan15/coding-adventures/code/packages/go/riscv-simulator/encoding.go:310.43,312.2 1 1
github.com/adhithyan15/coding-adventures/code/packages/go/riscv-simulator/encoding.go:315.43,317.2 1 1
github.com/adhithyan15/coding-adventures/code/packages/go/riscv-simulator/encoding.go:320.49,322.2 1 1
github.com/adhithyan15/coding-adventures/code/packages/go/riscv-simulator/encoding.go:329.45,331.36 2 1
github.com/adhithyan15/coding-adventures/code/packages/go/riscv-simulator/encoding.go:331.36,338.3 1 1
github.com/adhithyan15/coding-adventures/code/packages/go/riscv-simulator/encoding.go:339.2,339.15 1 1
github.com/adhithyan15/coding-adventures/code/packages/go/riscv-simulator/execute.go:35.134,36.26 1 1
github.com/adhithyan15/coding-adventures/code/packages/go/riscv-simulator/execute.go:38.14,39.87 1 1
github.com/adhithyan15/coding-adventures/code/packages/go/riscv-simulator/execute.go:39.87,39.111 1 1
github.com/adhithyan15/coding-adventures/code/packages/go/riscv-simulator/execute.go:40.14,41.87 1 1
github.com/adhithyan15/coding-adventures/code/packages/go/riscv-simulator/execute.go:41.87,42.13 1 1
github.com/adhithyan15/coding-adventures/code/packages/go/riscv-simulator/execute.go:42.13,44.5 1 1
github.com/adhithyan15/coding-adventures/code/packages/go/riscv-simulator/execute.go:45.4,45.12 1 1
github.com/adhithyan15/coding-adventures/code/packages/go/riscv-simulator/execute.go:47.15,48.88 1 1
github.com/adhithyan15/coding-adventures/code/packages/go/riscv-simulator/execute.go:48.88,50.29 1 1
github.com/adhithyan15/coding-adventures/code/packages/go/riscv-simulator/execute.go:50.29,52.5 1 1
github.com/adhithyan15/coding-adventures/code/packages/go/riscv-simulator/execute.go:53.4,53.12 1 1
github.com/adhithyan15/coding-adventures/code/packages/go/riscv-simulator/execute.go:55.14,56.87 1 1
github.com/adhithyan15/coding-adventures/code/packages/go/riscv-simulator/execute.go:56.87,56.119 1 1
github.com/adhithyan15/coding-adventures/code/packages/go/riscv-simulator/execute.go:57.13,58.86 1 1
github.com/adhithyan15/coding-adventures/code/packages/go/riscv-simulator/execute.go:58.86,58.118 1 1
github.com/adhithyan15/coding-adventures/code/packages/go/riscv-simulator/execute.go:59.14,60.87 1 1
github.com/adhithyan15/coding-adventures/code/packages/go/riscv-simulator/execute.go:60.87,60.119 1 1
github.com/adhithyan15/coding-adventures/code/packages/go/riscv-simulator/execute.go:61.14,62.95 1 1
github.com/adhithyan15/coding-adventures/code/packages/go/riscv-simulator/execute.go:62.95,62.118 1 1
github.com/adhithyan15/coding-adventures/code/packages/go/riscv-simulator/execute.go:63.14,64.95 1 1
github.com/adhithyan15/coding-adventures/code/packages/go/riscv-simulator/execute.go:64.95,64.118 1 1
github.com/adhithyan15/coding-adventures/code/packages/go/riscv-simulator/execute.go:65.14,66.95 1 1
github.com/adhithyan15/coding-adventures/code/packages/go/riscv-simulator/execute.go:66.95,70.4 1 1
github.com/adhithyan15/coding-adventures/code/packages/go/riscv-simulator/execute.go:73.13,74.81 1 1
github.com/adhithyan15/coding-adventures/code/packages/go/riscv-simulator/execute.go:74.81,74.119 1 1
github.com/adhithyan15/coding-adventures/code/packages/go/riscv-simulator/execute.go:75.13,76.81 1 1
github.com/adhithyan15/coding-adventures/code/packages/go/riscv-simulator/execute.go:76.81,76.119 1 1
github.com/adhithyan15/coding-adventures/code/packages/go/riscv-simulator/execute.go:77.13,78.81 1 1
github.com/adhithyan15/coding-adventures/code/packages/go/riscv-simulator/execute.go:78.81,78.107 1 1
github.com/adhithyan15/coding-adventures/code/packages/go/riscv-simulator/execute.go:79.13,80.81 1 1
github.com/adhithyan15/coding-adventures/code/packages/go/riscv-simulator/execute.go:80.81,81.27 1 1
github.com/adhithyan15/coding-adventures/code/packages/go/riscv-simulator/execute.go:81.27,83.5 1 1
github.com/adhithyan15/coding-adventures/code/packages/go/riscv-simulator/execute.go:84.4,84.12 1 1
github.com/adhithyan15/coding-adventures/code/packages/go/riscv-simulator/execute.go:86.14,87.82 1 1
github.com/adhithyan15/coding-adventures/code/packages/go/riscv-simulator/execute.go:87.82,88.13 1 1
github.com/adhithyan15/coding-adventures/code/packages/go/riscv-simulator/execute.go:88.13,90.5 1 1
github.com/adhithyan15/coding-adventures/code/packages/go/riscv-simulator/execute.go:91.4,91.12 1 1
github.com/adhithyan15/coding-adventures/code/packages/go/riscv-simulator/execute.go:93.13,94.81 1 1
github.com/adhithyan15/coding-adventures/code/packages/go/riscv-simulator/execute.go:94.81,94.97 1 1
github.com/adhithyan15/coding-adventures/code/packages/go/riscv-simulator/execute.go:95.13,96.81 1 1
github.com/adhithyan15/coding-adventures/code/packages/go/riscv-simulator/execute.go:96.81,96.107 1 1
github.com/adhithyan15/coding-adventures/code/packages/go/riscv-simulator/execute.go:97.13,98.81 1 1
github.com/adhithyan15/coding-adventures/code/packages/go/riscv-simulator/execute.go:98.81,98.122 1 1
github.com/adhithyan15/coding-adventures/code/packages/go/riscv-simulator/execute.go:99.12,100.80 1 1
github.com/adhithyan15/coding-adventures/code/packages/go/riscv-simulator/execute.go:100.80,100.96 1 1
github.com/adhithyan15/coding-adventures/code/packages/go/riscv-simulator/execute.go:101.13,102.81 1 1
github.com/adhithyan15/coding-adventures/code/packages/go/riscv-simulator/execute.go:102.81,102.97 1 1
github.com/adhithyan15/coding-adventures/code/packages/go/riscv-simulator/execute.go:105.38,106.52 1 1
github.com/adhithyan15/coding-adventures/code/packages/go/riscv-simulator/execute.go:109.24,110.53 1 1
github.com/adhithyan15/coding-adventures/code/packages/go/riscv-simulator/execute.go:113.13,114.77 1 1
github.com/adhithyan15/coding-adventures/code/packages/go/riscv-simulator/execute.go:114.77,114.94 1 1
github.com/adhithyan15/coding-adventures/code/packages/go/riscv-simulator/execute.go:115.13,116.77 1 1
github.com/adhithyan15/coding-adventures/code/packages/go/riscv-simulator/execute.go:116.77,116.94 1 1
github.com/adhithyan15/coding-adventures/code/packages/go/riscv-simulator/execute.go:117.13,118.77 1 1
github.com/adhithyan15/coding-adventures/code/packages/go/riscv-simulator/execute.go:118.77,118.107 1 1
github.com/adhithyan15/coding-adventures/code/packages/go/riscv-simulator/execute.go:119.13,120.77 1 1
github.com/adhithyan15/coding-adventures/code/packages/go/riscv-simulator/execute.go:120.77,120.108 1 1
github.com/adhithyan15/coding-adventures/code/packages/go/riscv-simulator/execute.go:121.14,122.78 1 1
github.com/adhithyan15/coding-adventures/code/packages/go/riscv-simulator/execute.go:122.78,122.94 1 1
github.com/adhithyan15/coding-adventures/code/packages/go/riscv-simulator/execute.go:123.14,124.78 1 1
github.com/adhithyan15/coding-adventures/code/packages/go/riscv-simulator/execute.go:124.78,124.95 1 1
github.com/adhithyan15/coding-adventures/code/packages/go/riscv-simulator/execute.go:127.13,128.43 1 1
github.com/adhithyan15/coding-adventures/code/packages/go/riscv-simulator/execute.go:129.14,130.44 1 1
github.com/adhithyan15/coding-adventures/code/packages/go/riscv-simulator/execute.go:133.13,134.43 1 1
github.com/adhithyan15/coding-adventures/code/packages/go/riscv-simulator/execute.go:135.15,136.45 1 1
github.com/adhithyan15/coding-adventures/code/packages/go/riscv-simulator/execute.go:139.15,140.45 1 1
github.com/adhithyan15/coding-adventures/code/packages/go/riscv-simulator/execute.go:141.14,142.44 1 1
github.com/adhithyan15/coding-adventures/code/packages/go/riscv-simulator/execute.go:143.15,144.45 1 1
github.com/adhithyan15/coding-adventures/code/packages/go/riscv-simulator/execute.go:145.15,146.45 1 1
github.com/adhithyan15/coding-adventures/code/packages/go/riscv-simulator/execute.go:147.15,148.45 1 1
github.com/adhithyan15/coding-adventures/code/packages/go/riscv-simulator/execute.go:150.10,156.4 1 1
github.com/adhithyan15/coding-adventures/code/packages/go/riscv-simulator/execute.go:163.83,165.13 2 1
github.com/adhithyan15/coding-adventures/code/packages/go/riscv-simulator/execute.go:165.13,168.3 2 1
github.com/adhithyan15/coding-adventures/code/packages/go/riscv-simulator/execute.go:169.2,169.16 1 1
github.com/adhithyan15/coding-adventures/code/packages/go/riscv-simulator/execute.go:178.162,193.2 7 1
github.com/adhithyan15/coding-adventures/code/packages/go/riscv-simulator/execute.go:200.164,215.2 7 1
github.com/adhithyan15/coding-adventures/code/packages/go/riscv-simulator/execute.go:221.164,237.2 8 1
github.com/adhithyan15/coding-adventures/code/packages/go/riscv-simulator/execute.go:256.135,265.18 7 1
github.com/adhithyan15/coding-adventures/code/packages/go/riscv-simulator/execute.go:266.12,269.34 2 1
github.com/adhithyan15/coding-adventures/code/packages/go/riscv-simulator/execute.go:270.12,275.38 4 1
github.com/adhithyan15/coding-adventures/code/packages/go/riscv-simulator/execute.go:276.12,278.33 1 1
github.com/adhithyan15/coding-adventures/code/packages/go/riscv-simulator/execute.go:279.13,281.41 1 1
github.com/adhithyan15/coding-adventures/code/packages/go/riscv-simulator/execute.go:282.13,286.26 3 1
github.com/adhithyan15/coding-adventures/code/packages/go/riscv-simulator/execute.go:289.2,296.3 2 1
github.com/adhithyan15/coding-adventures/code/packages/go/riscv-simulator/execute.go:306.136,316.18 8 1
github.com/adhithyan15/coding-adventures/code/packages/go/riscv-simulator/execute.go:317.12,321.23 3 1
github.com/adhithyan15/coding-adventures/code/packages/go/riscv-simulator/execute.go:322.12,329.26 6 1
github.com/adhithyan15/coding-adventures/code/packages/go/riscv-simulator/execute.go:330.12,336.48 5 1
github.com/adhithyan15/coding-adventures/code/packages/go/riscv-simulator/execute.go:339.2,344.3 1 1
github.com/adhithyan15/coding-adventures/code/packages/go/riscv-simulator/execute.go:359.162,369.11 8 1
github.com/adhithyan15/coding-adventures/code/packages/go/riscv-simulator/execute.go:369.11,371.3 1 1
github.com/adhithyan15/coding-adventures/code/packages/go/riscv-simulator/execute.go:373.2,378.3 1 1
github.com/adhithyan15/coding-adventures/code/packages/go/riscv-simulator/execute.go:390.114,404.2 6 1
github.com/adhithyan15/coding-adventures/code/packages/go/riscv-simulator/execute.go:414.115,430.2 7 1
github.com/adhithyan15/coding-adventures/code/packages/go/riscv-simulator/execute.go:444.114,457.2 5 1
github.com/adhithyan15/coding-adventures/code/packages/go/riscv-simulator/execute.go:468.116,481.2 5 1
github.com/adhithyan15/coding-adventures/code/packages/go/riscv-simulator/execute.go:495.116,496.18 1 1
github.com/adhithyan15/coding-adventures/code/packages/go/riscv-simulator/execute.go:496.18,505.3 1 0
github.com/adhithyan15/coding-adventures/code/packages/go/riscv-simulator/execute.go:507.2,508.16 2 1
github.com/adhithyan15/coding-adventures/code/packages/go/riscv-simulator/execute.go:508.16,517.3 1 1
github.com/adhithyan15/coding-adventures/code/packages/go/riscv-simulator/execute.go:521.2,533.3 5 1
github.com/adhithyan15/coding-adventures/code/packages/go/riscv-simulator/execute.go:546.115,547.18 1 1
github.com/adhithyan15/coding-adventures/code/packages/go/riscv-simulator/execute.go:547.18,554.3 1 0
github.com/adhithyan15/coding-adventures/code/packages/go/riscv-simulator/execute.go:556.2,566.3 4 1
github.com/adhithyan15/coding-adventures/code/packages/go/riscv-simulator/execute.go:577.116,592.2 7 1
github.com/adhithyan15/coding-adventures/code/packages/go/riscv-simulator/execute.go:602.116,617.2 7 1
github.com/adhithyan15/coding-adventures/code/packages/go/riscv-simulator/execute.go:625.116,640.2 7 1
github.com/adhithyan15/coding-adventures/code/packages/go/riscv-simulator/simulator.go:88.56,98.2 4 1
github.com/adhithyan15/coding-adventures/code/packages/go/riscv-simulator/simulator.go:103.66,106.2 2 1
github.com/adhithyan15/coding-adventures/code/packages/go/riscv-simulator/simulator.go:110.51,112.2 1 1
