mode: set
github.com/adhithyan15/coding-adventures/code/programs/go/capability-cage-generator/main.go:79.41,80.13 1 1
github.com/adhithyan15/coding-adventures/code/programs/go/capability-cage-generator/main.go:81.41,82.14 1 1
github.com/adhithyan15/coding-adventures/code/programs/go/capability-cage-generator/main.go:84.2,84.14 1 1
github.com/adhithyan15/coding-adventures/code/programs/go/capability-cage-generator/main.go:90.50,91.38 1 1
github.com/adhithyan15/coding-adventures/code/programs/go/capability-cage-generator/main.go:91.38,92.59 1 1
github.com/adhithyan15/coding-adventures/code/programs/go/capability-cage-generator/main.go:92.59,98.4 1 1
github.com/adhithyan15/coding-adventures/code/programs/go/capability-cage-generator/main.go:100.2,100.12 1 1
github.com/adhithyan15/coding-adventures/code/programs/go/capability-cage-generator/main.go:118.65,122.25 4 1
github.com/adhithyan15/coding-adventures/code/programs/go/capability-cage-generator/main.go:122.25,124.29 2 1
github.com/adhithyan15/coding-adventures/code/programs/go/capability-cage-generator/main.go:124.29,126.4 1 1
github.com/adhithyan15/coding-adventures/code/programs/go/capability-cage-generator/main.go:126.9,133.4 2 1
github.com/adhithyan15/coding-adventures/code/programs/go/capability-cage-generator/main.go:135.2,135.15 1 1
github.com/adhithyan15/coding-adventures/code/programs/go/capability-cage-generator/main.go:145.52,151.25 2 1
github.com/adhithyan15/coding-adventures/code/programs/go/capability-cage-generator/main.go:151.25,152.21 1 1
github.com/adhithyan15/coding-adventures/code/programs/go/capability-cage-generator/main.go:153.38,154.22 1 1
github.com/adhithyan15/coding-adventures/code/programs/go/capability-cage-generator/main.go:155.16,157.22 2 1
github.com/adhithyan15/coding-adventures/code/programs/go/capability-cage-generator/main.go:158.14,159.23 1 0
github.com/adhithyan15/coding-adventures/code/programs/go/capability-cage-generator/main.go:161.3,161.49 1 1
github.com/adhithyan15/coding-adventures/code/programs/go/capability-cage-generator/main.go:161.49,163.4 1 0
github.com/adhithyan15/coding-adventures/code/programs/go/capability-cage-generator/main.go:165.2,166.23 2 1
github.com/adhithyan15/coding-adventures/code/programs/go/capability-cage-generator/main.go:166.23,168.3 1 1
github.com/adhithyan15/coding-adventures/code/programs/go/capability-cage-generator/main.go:169.2,170.15 2 1
github.com/adhithyan15/coding-adventures/code/programs/go/capability-cage-generator/main.go:189.74,193.28 3 1
github.com/adhithyan15/coding-adventures/code/programs/go/capability-cage-generator/main.go:193.28,194.39 1 1
github.com/adhithyan15/coding-adventures/code/programs/go/capability-cage-generator/main.go:194.39,195.12 1 1
github.com/adhithyan15/coding-adventures/code/programs/go/capability-cage-generator/main.go:197.3,197.50 1 1
github.com/adhithyan15/coding-adventures/code/programs/go/capability-cage-generator/main.go:197.50,198.12 1 0
github.com/adhithyan15/coding-adventures/code/programs/go/capability-cage-generator/main.go:200.3,201.17 2 1
github.com/adhithyan15/coding-adventures/code/programs/go/capability-cage-generator/main.go:201.17,202.12 1 0
github.com/adhithyan15/coding-adventures/code/programs/go/capability-cage-generator/main.go:205.3,206.43 2 1
github.com/adhithyan15/coding-adventures/code/programs/go/capability-cage-generator/main.go:206.43,208.4 1 1
github.com/adhithyan15/coding-adventures/code/programs/go/capability-cage-generator/main.go:213.2,214.21 2 1
github.com/adhithyan15/coding-adventures/code/programs/go/capability-cage-generator/main.go:214.21,216.3 1 1
github.com/adhithyan15/coding-adventures/code/programs/go/capability-cage-generator/main.go:217.2,220.18 4 1
github.com/adhithyan15/coding-adventures/code/programs/go/capability-cage-generator/main.go:227.58,239.2 11 1
github.com/adhithyan15/coding-adventures/code/programs/go/capability-cage-generator/main.go:245.56,247.30 2 1
github.com/adhithyan15/coding-adventures/code/programs/go/capability-cage-generator/main.go:247.30,249.3 1 1
github.com/adhithyan15/coding-adventures/code/programs/go/capability-cage-generator/main.go:250.2,250.25 1 1
github.com/adhithyan15/coding-adventures/code/programs/go/capability-cage-generator/main.go:257.61,270.27 13 1
github.com/adhithyan15/coding-adventures/code/programs/go/capability-cage-generator/main.go:270.27,272.3 1 1
github.com/adhithyan15/coding-adventures/code/programs/go/capability-cage-generator/main.go:278.115,279.23 1 1
github.com/adhithyan15/coding-adventures/code/programs/go/capability-cage-generator/main.go:279.23,281.3 1 1
github.com/adhithyan15/coding-adventures/code/programs/go/capability-cage-generator/main.go:281.8,283.29 2 1
github.com/adhithyan15/coding-adventures/code/programs/go/capability-cage-generator/main.go:283.29,285.4 1 1
github.com/adhithyan15/coding-adventures/code/programs/go/capability-cage-generator/main.go:286.3,287.53 2 1
github.com/adhithyan15/coding-adventures/code/programs/go/capability-cage-generator/main.go:289.2,289.16 1 1
github.com/adhithyan15/coding-adventures/code/programs/go/capability-cage-generator/main.go:289.16,291.3 1 1
github.com/adhithyan15/coding-adventures/code/programs/go/capability-cage-generator/main.go:291.8,293.3 1 0
github.com/adhithyan15/coding-adventures/code/programs/go/capability-cage-generator/main.go:294.2,294.25 1 1
github.com/adhithyan15/coding-adventures/code/programs/go/capability-cage-generator/main.go:297.60,299.13 2 1
github.com/adhithyan15/coding-adventures/code/programs/go/capability-cage-generator/main.go:300.17,306.26 6 1
github.com/adhithyan15/coding-adventures/code/programs/go/capability-cage-generator/main.go:308.18,314.26 6 0
github.com/adhithyan15/coding-adventures/code/programs/go/capability-cage-generator/main.go:316.19,322.26 6 0
github.com/adhithyan15/coding-adventures/code/programs/go/capability-cage-generator/main.go:324.19,330.26 6 0
github.com/adhithyan15/coding-adventures/code/programs/go/capability-cage-generator/main.go:332.17,338.26 6 0
github.com/adhithyan15/coding-adventures/code/programs/go/capability-cage-generator/main.go:340.21,346.26 6 0
github.com/adhithyan15/coding-adventures/code/programs/go/capability-cage-generator/main.go:348.20,354.26 6 0
github.com/adhithyan15/coding-adventures/code/programs/go/capability-cage-generator/main.go:356.17,362.26 6 0
github.com/adhithyan15/coding-adventures/code/programs/go/capability-cage-generator/main.go:364.19,370.26 6 0
github.com/adhithyan15/coding-adventures/code/programs/go/capability-cage-generator/main.go:372.18,378.26 6 0
github.com/adhithyan15/coding-adventures/code/programs/go/capability-cage-generator/main.go:380.20,384.26 4 1
github.com/adhithyan15/coding-adventures/code/programs/go/capability-cage-generator/main.go:386.20,390.26 4 1
github.com/adhithyan15/coding-adventures/code/programs/go/capability-cage-generator/main.go:392.22,396.26 4 1
github.com/adhithyan15/coding-adventures/code/programs/go/capability-cage-generator/main.go:398.10,399.87 1 0
github.com/adhithyan15/coding-adventures/code/programs/go/capability-cage-generator/main.go:407.46,430.2 22 1
github.com/adhithyan15/coding-adventures/code/programs/go/capability-cage-generator/main.go:436.44,467.2 30 1
github.com/adhithyan15/coding-adventures/code/programs/go/capability-cage-generator/main.go:473.40,561.2 87 1
github.com/adhithyan15/coding-adventures/code/programs/go/capability-cage-generator/main.go:567.39,597.2 29 1
github.com/adhithyan15/coding-adventures/code/programs/go/capability-cage-generator/main.go:603.55,621.2 17 1
github.com/adhithyan15/coding-adventures/code/programs/go/capability-cage-generator/main.go:629.76,630.48 1 1
github.com/adhithyan15/coding-adventures/code/programs/go/capability-cage-generator/main.go:630.48,632.3 1 1
github.com/adhithyan15/coding-adventures/code/programs/go/capability-cage-generator/main.go:634.2,635.16 2 1
github.com/adhithyan15/coding-adventures/code/programs/go/capability-cage-generator/main.go:635.16,637.3 1 0
github.com/adhithyan15/coding-adventures/code/programs/go/capability-cage-generator/main.go:639.2,654.24 13 1
github.com/adhithyan15/coding-adventures/code/programs/go/capability-cage-generator/main.go:666.62,668.16 2 1
github.com/adhithyan15/coding-adventures/code/programs/go/capability-cage-generator/main.go:668.16,670.3 1 1
github.com/adhithyan15/coding-adventures/code/programs/go/capability-cage-generator/main.go:672.2,673.50 2 1
github.com/adhithyan15/coding-adventures/code/programs/go/capability-cage-generator/main.go:673.50,675.3 1 1
github.com/adhithyan15/coding-adventures/code/programs/go/capability-cage-generator/main.go:678.2,678.43 1 1
github.com/adhithyan15/coding-adventures/code/programs/go/capability-cage-generator/main.go:678.43,682.3 2 1
github.com/adhithyan15/coding-adventures/code/programs/go/capability-cage-generator/main.go:684.2,685.16 2 1
github.com/adhithyan15/coding-adventures/code/programs/go/capability-cage-generator/main.go:685.16,687.3 1 1
github.com/adhithyan15/coding-adventures/code/programs/go/capability-cage-generator/main.go:689.2,691.12 2 1
github.com/adhithyan15/coding-adventures/code/programs/go/capability-cage-generator/main.go:691.12,695.3 3 1
github.com/adhithyan15/coding-adventures/code/programs/go/capability-cage-generator/main.go:697.2,697.69 1 1
github.com/adhithyan15/coding-adventures/code/programs/go/capability-cage-generator/main.go:697.69,699.3 1 0
github.com/adhithyan15/coding-adventures/code/programs/go/capability-cage-generator/main.go:700.2,701.12 2 1
github.com/adhithyan15/coding-adventures/code/programs/go/capability-cage-generator/main.go:710.53,713.16 3 1
github.com/adhithyan15/coding-adventures/code/programs/go/capability-cage-generator/main.go:713.16,715.3 1 0
github.com/adhithyan15/coding-adventures/code/programs/go/capability-cage-generator/main.go:716.2,716.23 1 1
github.com/adhithyan15/coding-adventures/code/programs/go/capability-cage-generator/main.go:716.23,719.3 2 1
github.com/adhithyan15/coding-adventures/code/programs/go/capability-cage-generator/main.go:721.2,722.28 2 1
github.com/adhithyan15/coding-adventures/code/programs/go/capability-cage-generator/main.go:722.28,723.52 1 1
github.com/adhithyan15/coding-adventures/code/programs/go/capability-cage-generator/main.go:723.52,726.4 2 1
github.com/adhithyan15/coding-adventures/code/programs/go/capability-cage-generator/main.go:728.2,728.19 1 1
github.com/adhithyan15/coding-adventures/code/programs/go/capability-cage-generator/main.go:728.19,730.3 1 1
github.com/adhithyan15/coding-adventures/code/programs/go/capability-cage-generator/main.go:731.2,731.12 1 1
github.com/adhithyan15/coding-adventures/code/programs/go/capability-cage-generator/main.go:741.28,743.21 2 0
github.com/adhithyan15/coding-adventures/code/programs/go/capability-cage-generator/main.go:743.21,745.3 1 0
github.com/adhithyan15/coding-adventures/code/programs/go/capability-cage-generator/main.go:746.2,747.6 2 0
github.com/adhithyan15/coding-adventures/code/programs/go/capability-cage-generator/main.go:747.6,749.20 2 0
github.com/adhithyan15/coding-adventures/code/programs/go/capability-cage-generator/main.go:749.20,750.9 1 0
github.com/adhithyan15/coding-adventures/code/programs/go/capability-cage-generator/main.go:752.3,753.22 2 0
github.com/adhithyan15/coding-adventures/code/programs/go/capability-cage-generator/main.go:753.22,755.4 1 0
github.com/adhithyan15/coding-adventures/code/programs/go/capability-cage-generator/main.go:757.2,757.12 1 0
github.com/adhithyan15/coding-adventures/code/programs/go/capability-cage-generator/main.go:760.34,763.2 2 1
github.com/adhithyan15/coding-adventures/code/programs/go/capability-cage-generator/main.go:769.13,777.38 3 0
github.com/adhithyan15/coding-adventures/code/programs/go/capability-cage-generator/main.go:777.38,783.3 5 0
github.com/adhithyan15/coding-adventures/code/programs/go/capability-cage-generator/main.go:785.2,785.37 1 0
github.com/adhithyan15/coding-adventures/code/programs/go/capability-cage-generator/main.go:785.37,788.3 2 0
github.com/adhithyan15/coding-adventures/code/programs/go/capability-cage-generator/main.go:790.2,790.14 1 0
github.com/adhithyan15/coding-adventures/code/programs/go/capability-cage-generator/main.go:790.14,792.59 2 0
github.com/adhithyan15/coding-adventures/code/programs/go/capability-cage-generator/main.go:792.59,795.4 2 0
github.com/adhithyan15/coding-adventures/code/programs/go/capability-cage-generator/main.go:796.3,796.9 1 0
github.com/adhithyan15/coding-adventures/code/programs/go/capability-cage-generator/main.go:799.2,799.68 1 0
github.com/adhithyan15/coding-adventures/code/programs/go/capability-cage-generator/main.go:799.68,802.3 2 0
