mode: set
github.com/adhithyan15/coding-adventures/code/packages/go/lattice-ast-to-css/emitter.go:100.60,101.18 1 1
github.com/adhithyan15/coding-adventures/code/packages/go/lattice-ast-to-css/emitter.go:101.18,103.3 1 1
github.com/adhithyan15/coding-adventures/code/packages/go/lattice-ast-to-css/emitter.go:104.2,107.3 1 1
github.com/adhithyan15/coding-adventures/code/packages/go/lattice-ast-to-css/emitter.go:114.56,115.17 1 1
github.com/adhithyan15/coding-adventures/code/packages/go/lattice-ast-to-css/emitter.go:115.17,117.3 1 1
github.com/adhithyan15/coding-adventures/code/packages/go/lattice-ast-to-css/emitter.go:118.2,121.18 4 1
github.com/adhithyan15/coding-adventures/code/packages/go/lattice-ast-to-css/emitter.go:121.18,123.3 1 0
github.com/adhithyan15/coding-adventures/code/packages/go/lattice-ast-to-css/emitter.go:124.2,124.15 1 1
github.com/adhithyan15/coding-adventures/code/packages/go/lattice-ast-to-css/emitter.go:124.15,126.3 1 1
github.com/adhithyan15/coding-adventures/code/packages/go/lattice-ast-to-css/emitter.go:127.2,127.15 1 1
github.com/adhithyan15/coding-adventures/code/packages/go/lattice-ast-to-css/emitter.go:135.91,137.38 2 1
github.com/adhithyan15/coding-adventures/code/packages/go/lattice-ast-to-css/emitter.go:137.38,139.10 2 1
github.com/adhithyan15/coding-adventures/code/packages/go/lattice-ast-to-css/emitter.go:139.10,140.12 1 0
github.com/adhithyan15/coding-adventures/code/packages/go/lattice-ast-to-css/emitter.go:143.3,143.23 1 1
github.com/adhithyan15/coding-adventures/code/packages/go/lattice-ast-to-css/emitter.go:144.15,146.26 1 1
github.com/adhithyan15/coding-adventures/code/packages/go/lattice-ast-to-css/emitter.go:146.26,147.13 1 0
github.com/adhithyan15/coding-adventures/code/packages/go/lattice-ast-to-css/emitter.go:149.4,149.27 1 1
github.com/adhithyan15/coding-adventures/code/packages/go/lattice-ast-to-css/emitter.go:149.27,151.5 1 1
github.com/adhithyan15/coding-adventures/code/packages/go/lattice-ast-to-css/emitter.go:152.4,153.17 2 1
github.com/adhithyan15/coding-adventures/code/packages/go/lattice-ast-to-css/emitter.go:154.11,156.27 1 0
github.com/adhithyan15/coding-adventures/code/packages/go/lattice-ast-to-css/emitter.go:156.27,157.28 1 0
github.com/adhithyan15/coding-adventures/code/packages/go/lattice-ast-to-css/emitter.go:157.28,159.6 1 0
github.com/adhithyan15/coding-adventures/code/packages/go/lattice-ast-to-css/emitter.go:160.5,161.18 2 0
github.com/adhithyan15/coding-adventures/code/packages/go/lattice-ast-to-css/emitter.go:171.61,172.44 1 1
github.com/adhithyan15/coding-adventures/code/packages/go/lattice-ast-to-css/emitter.go:172.44,174.3 1 0
github.com/adhithyan15/coding-adventures/code/packages/go/lattice-ast-to-css/emitter.go:175.2,175.14 1 1
github.com/adhithyan15/coding-adventures/code/packages/go/lattice-ast-to-css/emitter.go:185.85,186.38 1 1
github.com/adhithyan15/coding-adventures/code/packages/go/lattice-ast-to-css/emitter.go:186.38,187.45 1 1
github.com/adhithyan15/coding-adventures/code/packages/go/lattice-ast-to-css/emitter.go:187.45,189.4 1 1
github.com/adhithyan15/coding-adventures/code/packages/go/lattice-ast-to-css/emitter.go:194.84,195.17 1 1
github.com/adhithyan15/coding-adventures/code/packages/go/lattice-ast-to-css/emitter.go:195.17,197.3 1 0
github.com/adhithyan15/coding-adventures/code/packages/go/lattice-ast-to-css/emitter.go:198.2,198.23 1 1
github.com/adhithyan15/coding-adventures/code/packages/go/lattice-ast-to-css/emitter.go:199.24,200.39 1 1
github.com/adhithyan15/coding-adventures/code/packages/go/lattice-ast-to-css/emitter.go:201.17,202.32 1 1
github.com/adhithyan15/coding-adventures/code/packages/go/lattice-ast-to-css/emitter.go:203.15,204.31 1 0
github.com/adhithyan15/coding-adventures/code/packages/go/lattice-ast-to-css/emitter.go:205.24,206.39 1 0
github.com/adhithyan15/coding-adventures/code/packages/go/lattice-ast-to-css/emitter.go:207.20,208.35 1 0
github.com/adhithyan15/coding-adventures/code/packages/go/lattice-ast-to-css/emitter.go:209.31,210.45 1 0
github.com/adhithyan15/coding-adventures/code/packages/go/lattice-ast-to-css/emitter.go:211.21,212.37 1 0
github.com/adhithyan15/coding-adventures/code/packages/go/lattice-ast-to-css/emitter.go:213.10,215.37 1 0
github.com/adhithyan15/coding-adventures/code/packages/go/lattice-ast-to-css/emitter.go:243.94,250.38 4 1
github.com/adhithyan15/coding-adventures/code/packages/go/lattice-ast-to-css/emitter.go:250.38,252.10 2 1
github.com/adhithyan15/coding-adventures/code/packages/go/lattice-ast-to-css/emitter.go:252.10,253.12 1 0
github.com/adhithyan15/coding-adventures/code/packages/go/lattice-ast-to-css/emitter.go:255.3,255.23 1 1
github.com/adhithyan15/coding-adventures/code/packages/go/lattice-ast-to-css/emitter.go:256.35,257.22 1 1
github.com/adhithyan15/coding-adventures/code/packages/go/lattice-ast-to-css/emitter.go:258.16,259.19 1 1
github.com/adhithyan15/coding-adventures/code/packages/go/lattice-ast-to-css/emitter.go:264.2,264.25 1 1
github.com/adhithyan15/coding-adventures/code/packages/go/lattice-ast-to-css/emitter.go:264.25,266.16 2 1
github.com/adhithyan15/coding-adventures/code/packages/go/lattice-ast-to-css/emitter.go:266.16,268.4 1 1
github.com/adhithyan15/coding-adventures/code/packages/go/lattice-ast-to-css/emitter.go:272.2,272.22 1 1
github.com/adhithyan15/coding-adventures/code/packages/go/lattice-ast-to-css/emitter.go:272.22,274.3 1 1
github.com/adhithyan15/coding-adventures/code/packages/go/lattice-ast-to-css/emitter.go:274.8,276.3 1 0
github.com/adhithyan15/coding-adventures/code/packages/go/lattice-ast-to-css/emitter.go:278.2,278.15 1 1
github.com/adhithyan15/coding-adventures/code/packages/go/lattice-ast-to-css/emitter.go:278.15,280.3 1 1
github.com/adhithyan15/coding-adventures/code/packages/go/lattice-ast-to-css/emitter.go:290.84,293.2 2 1
github.com/adhithyan15/coding-adventures/code/packages/go/lattice-ast-to-css/emitter.go:300.75,302.38 2 1
github.com/adhithyan15/coding-adventures/code/packages/go/lattice-ast-to-css/emitter.go:302.38,303.28 1 1
github.com/adhithyan15/coding-adventures/code/packages/go/lattice-ast-to-css/emitter.go:304.20,306.20 2 1
github.com/adhithyan15/coding-adventures/code/packages/go/lattice-ast-to-css/emitter.go:307.41,307.41 0 0
github.com/adhithyan15/coding-adventures/code/packages/go/lattice-ast-to-css/emitter.go:309.22,311.23 1 0
github.com/adhithyan15/coding-adventures/code/packages/go/lattice-ast-to-css/emitter.go:311.23,313.6 1 0
github.com/adhithyan15/coding-adventures/code/packages/go/lattice-ast-to-css/emitter.go:314.12,316.19 2 1
github.com/adhithyan15/coding-adventures/code/packages/go/lattice-ast-to-css/emitter.go:316.19,318.6 1 1
github.com/adhithyan15/coding-adventures/code/packages/go/lattice-ast-to-css/emitter.go:320.24,322.33 2 1
github.com/adhithyan15/coding-adventures/code/packages/go/lattice-ast-to-css/emitter.go:325.2,325.14 1 1
github.com/adhithyan15/coding-adventures/code/packages/go/lattice-ast-to-css/emitter.go:349.87,353.38 3 1
github.com/adhithyan15/coding-adventures/code/packages/go/lattice-ast-to-css/emitter.go:353.38,354.28 1 1
github.com/adhithyan15/coding-adventures/code/packages/go/lattice-ast-to-css/emitter.go:355.20,357.20 2 1
github.com/adhithyan15/coding-adventures/code/packages/go/lattice-ast-to-css/emitter.go:358.22,360.24 2 1
github.com/adhithyan15/coding-adventures/code/packages/go/lattice-ast-to-css/emitter.go:361.21,362.24 1 0
github.com/adhithyan15/coding-adventures/code/packages/go/lattice-ast-to-css/emitter.go:364.24,365.22 1 1
github.com/adhithyan15/coding-adventures/code/packages/go/lattice-ast-to-css/emitter.go:366.22,368.18 2 1
github.com/adhithyan15/coding-adventures/code/packages/go/lattice-ast-to-css/emitter.go:368.18,370.6 1 1
github.com/adhithyan15/coding-adventures/code/packages/go/lattice-ast-to-css/emitter.go:371.17,373.18 2 1
github.com/adhithyan15/coding-adventures/code/packages/go/lattice-ast-to-css/emitter.go:373.18,375.6 1 1
github.com/adhithyan15/coding-adventures/code/packages/go/lattice-ast-to-css/emitter.go:380.2,380.18 1 1
github.com/adhithyan15/coding-adventures/code/packages/go/lattice-ast-to-css/emitter.go:380.18,382.16 2 0
github.com/adhithyan15/coding-adventures/code/packages/go/lattice-ast-to-css/emitter.go:382.16,384.4 1 0
github.com/adhithyan15/coding-adventures/code/packages/go/lattice-ast-to-css/emitter.go:392.79,396.2 2 1
github.com/adhithyan15/coding-adventures/code/packages/go/lattice-ast-to-css/emitter.go:399.76,401.38 2 1
github.com/adhithyan15/coding-adventures/code/packages/go/lattice-ast-to-css/emitter.go:401.38,402.28 1 1
github.com/adhithyan15/coding-adventures/code/packages/go/lattice-ast-to-css/emitter.go:403.20,405.20 2 1
github.com/adhithyan15/coding-adventures/code/packages/go/lattice-ast-to-css/emitter.go:406.33,406.33 0 0
github.com/adhithyan15/coding-adventures/code/packages/go/lattice-ast-to-css/emitter.go:408.18,409.45 1 0
github.com/adhithyan15/coding-adventures/code/packages/go/lattice-ast-to-css/emitter.go:410.17,413.23 1 1
github.com/adhithyan15/coding-adventures/code/packages/go/lattice-ast-to-css/emitter.go:413.23,415.6 1 0
github.com/adhithyan15/coding-adventures/code/packages/go/lattice-ast-to-css/emitter.go:415.11,417.6 1 1
github.com/adhithyan15/coding-adventures/code/packages/go/lattice-ast-to-css/emitter.go:418.12,419.22 1 1
github.com/adhithyan15/coding-adventures/code/packages/go/lattice-ast-to-css/emitter.go:419.22,421.6 1 1
github.com/adhithyan15/coding-adventures/code/packages/go/lattice-ast-to-css/emitter.go:423.24,425.33 2 1
github.com/adhithyan15/coding-adventures/code/packages/go/lattice-ast-to-css/emitter.go:428.2,428.14 1 1
github.com/adhithyan15/coding-adventures/code/packages/go/lattice-ast-to-css/emitter.go:449.86,451.15 2 1
github.com/adhithyan15/coding-adventures/code/packages/go/lattice-ast-to-css/emitter.go:451.15,453.3 1 1
github.com/adhithyan15/coding-adventures/code/packages/go/lattice-ast-to-css/emitter.go:455.2,455.38 1 1
github.com/adhithyan15/coding-adventures/code/packages/go/lattice-ast-to-css/emitter.go:455.38,456.28 1 1
github.com/adhithyan15/coding-adventures/code/packages/go/lattice-ast-to-css/emitter.go:457.20,457.20 0 1
github.com/adhithyan15/coding-adventures/code/packages/go/lattice-ast-to-css/emitter.go:459.24,460.22 1 1
github.com/adhithyan15/coding-adventures/code/packages/go/lattice-ast-to-css/emitter.go:461.26,462.40 1 1
github.com/adhithyan15/coding-adventures/code/packages/go/lattice-ast-to-css/emitter.go:463.12,464.30 1 0
github.com/adhithyan15/coding-adventures/code/packages/go/lattice-ast-to-css/emitter.go:469.2,470.21 2 1
github.com/adhithyan15/coding-adventures/code/packages/go/lattice-ast-to-css/emitter.go:483.94,484.38 1 1
github.com/adhithyan15/coding-adventures/code/packages/go/lattice-ast-to-css/emitter.go:484.38,486.10 2 1
github.com/adhithyan15/coding-adventures/code/packages/go/lattice-ast-to-css/emitter.go:486.10,487.12 1 0
github.com/adhithyan15/coding-adventures/code/packages/go/lattice-ast-to-css/emitter.go:489.3,489.34 1 1
github.com/adhithyan15/coding-adventures/code/packages/go/lattice-ast-to-css/emitter.go:494.90,496.38 1 1
github.com/adhithyan15/coding-adventures/code/packages/go/lattice-ast-to-css/emitter.go:496.38,498.10 2 1
github.com/adhithyan15/coding-adventures/code/packages/go/lattice-ast-to-css/emitter.go:498.10,499.12 1 0
github.com/adhithyan15/coding-adventures/code/packages/go/lattice-ast-to-css/emitter.go:501.3,501.23 1 1
github.com/adhithyan15/coding-adventures/code/packages/go/lattice-ast-to-css/emitter.go:502.32,503.45 1 1
github.com/adhithyan15/coding-adventures/code/packages/go/lattice-ast-to-css/emitter.go:504.22,506.37 2 0
github.com/adhithyan15/coding-adventures/code/packages/go/lattice-ast-to-css/emitter.go:507.25,508.39 1 0
github.com/adhithyan15/coding-adventures/code/packages/go/lattice-ast-to-css/emitter.go:509.18,510.32 1 0
github.com/adhithyan15/coding-adventures/code/packages/go/lattice-ast-to-css/emitter.go:511.11,512.29 1 0
github.com/adhithyan15/coding-adventures/code/packages/go/lattice-ast-to-css/emitter.go:521.100,522.38 1 1
github.com/adhithyan15/coding-adventures/code/packages/go/lattice-ast-to-css/emitter.go:522.38,524.10 2 1
github.com/adhithyan15/coding-adventures/code/packages/go/lattice-ast-to-css/emitter.go:524.10,525.12 1 0
github.com/adhithyan15/coding-adventures/code/packages/go/lattice-ast-to-css/emitter.go:527.3,527.23 1 1
github.com/adhithyan15/coding-adventures/code/packages/go/lattice-ast-to-css/emitter.go:528.22,530.37 2 1
github.com/adhithyan15/coding-adventures/code/packages/go/lattice-ast-to-css/emitter.go:531.25,532.39 1 1
github.com/adhithyan15/coding-adventures/code/packages/go/lattice-ast-to-css/emitter.go:533.11,534.29 1 0
github.com/adhithyan15/coding-adventures/code/packages/go/lattice-ast-to-css/emitter.go:558.92,562.38 3 1
github.com/adhithyan15/coding-adventures/code/packages/go/lattice-ast-to-css/emitter.go:562.38,563.28 1 1
github.com/adhithyan15/coding-adventures/code/packages/go/lattice-ast-to-css/emitter.go:564.20,567.45 2 1
github.com/adhithyan15/coding-adventures/code/packages/go/lattice-ast-to-css/emitter.go:567.45,569.5 1 0
github.com/adhithyan15/coding-adventures/code/packages/go/lattice-ast-to-css/emitter.go:570.24,571.22 1 1
github.com/adhithyan15/coding-adventures/code/packages/go/lattice-ast-to-css/emitter.go:572.20,574.38 1 1
github.com/adhithyan15/coding-adventures/code/packages/go/lattice-ast-to-css/emitter.go:575.22,576.18 1 1
github.com/adhithyan15/coding-adventures/code/packages/go/lattice-ast-to-css/emitter.go:581.2,581.20 1 1
github.com/adhithyan15/coding-adventures/code/packages/go/lattice-ast-to-css/emitter.go:581.20,583.3 1 0
github.com/adhithyan15/coding-adventures/code/packages/go/lattice-ast-to-css/emitter.go:585.2,587.15 3 1
github.com/adhithyan15/coding-adventures/code/packages/go/lattice-ast-to-css/emitter.go:587.15,589.3 1 1
github.com/adhithyan15/coding-adventures/code/packages/go/lattice-ast-to-css/emitter.go:591.2,591.22 1 1
github.com/adhithyan15/coding-adventures/code/packages/go/lattice-ast-to-css/emitter.go:591.22,593.3 1 1
github.com/adhithyan15/coding-adventures/code/packages/go/lattice-ast-to-css/emitter.go:594.2,595.15 2 1
github.com/adhithyan15/coding-adventures/code/packages/go/lattice-ast-to-css/emitter.go:595.15,597.3 1 1
github.com/adhithyan15/coding-adventures/code/packages/go/lattice-ast-to-css/emitter.go:601.69,602.38 1 1
github.com/adhithyan15/coding-adventures/code/packages/go/lattice-ast-to-css/emitter.go:602.38,603.28 1 1
github.com/adhithyan15/coding-adventures/code/packages/go/lattice-ast-to-css/emitter.go:604.20,605.35 1 1
github.com/adhithyan15/coding-adventures/code/packages/go/lattice-ast-to-css/emitter.go:605.35,607.5 1 1
github.com/adhithyan15/coding-adventures/code/packages/go/lattice-ast-to-css/emitter.go:608.24,609.44 1 0
github.com/adhithyan15/coding-adventures/code/packages/go/lattice-ast-to-css/emitter.go:609.44,611.5 1 0
github.com/adhithyan15/coding-adventures/code/packages/go/lattice-ast-to-css/emitter.go:614.2,614.11 1 0
github.com/adhithyan15/coding-adventures/code/packages/go/lattice-ast-to-css/emitter.go:634.79,637.2 2 1
github.com/adhithyan15/coding-adventures/code/packages/go/lattice-ast-to-css/emitter.go:643.71,645.38 2 1
github.com/adhithyan15/coding-adventures/code/packages/go/lattice-ast-to-css/emitter.go:645.38,646.28 1 1
github.com/adhithyan15/coding-adventures/code/packages/go/lattice-ast-to-css/emitter.go:647.20,649.19 2 1
github.com/adhithyan15/coding-adventures/code/packages/go/lattice-ast-to-css/emitter.go:649.19,651.23 1 0
github.com/adhithyan15/coding-adventures/code/packages/go/lattice-ast-to-css/emitter.go:651.23,653.6 1 0
github.com/adhithyan15/coding-adventures/code/packages/go/lattice-ast-to-css/emitter.go:653.11,655.6 1 0
github.com/adhithyan15/coding-adventures/code/packages/go/lattice-ast-to-css/emitter.go:656.10,656.25 1 1
github.com/adhithyan15/coding-adventures/code/packages/go/lattice-ast-to-css/emitter.go:656.25,658.5 1 1
github.com/adhithyan15/coding-adventures/code/packages/go/lattice-ast-to-css/emitter.go:659.24,660.22 1 1
github.com/adhithyan15/coding-adventures/code/packages/go/lattice-ast-to-css/emitter.go:661.17,665.21 2 1
github.com/adhithyan15/coding-adventures/code/packages/go/lattice-ast-to-css/emitter.go:665.21,667.6 1 1
github.com/adhithyan15/coding-adventures/code/packages/go/lattice-ast-to-css/emitter.go:668.25,671.38 3 1
github.com/adhithyan15/coding-adventures/code/packages/go/lattice-ast-to-css/emitter.go:671.38,673.6 1 1
github.com/adhithyan15/coding-adventures/code/packages/go/lattice-ast-to-css/emitter.go:674.12,676.34 2 0
github.com/adhithyan15/coding-adventures/code/packages/go/lattice-ast-to-css/emitter.go:680.2,680.14 1 1
github.com/adhithyan15/coding-adventures/code/packages/go/lattice-ast-to-css/emitter.go:695.82,696.38 1 1
github.com/adhithyan15/coding-adventures/code/packages/go/lattice-ast-to-css/emitter.go:696.38,697.28 1 1
github.com/adhithyan15/coding-adventures/code/packages/go/lattice-ast-to-css/emitter.go:698.20,700.20 2 1
github.com/adhithyan15/coding-adventures/code/packages/go/lattice-ast-to-css/emitter.go:701.20,702.28 1 1
github.com/adhithyan15/coding-adventures/code/packages/go/lattice-ast-to-css/emitter.go:703.18,704.24 1 1
github.com/adhithyan15/coding-adventures/code/packages/go/lattice-ast-to-css/emitter.go:706.24,707.37 1 1
github.com/adhithyan15/coding-adventures/code/packages/go/lattice-ast-to-css/emitter.go:707.37,709.5 1 1
github.com/adhithyan15/coding-adventures/code/packages/go/lattice-ast-to-css/emitter.go:719.82,723.38 3 1
github.com/adhithyan15/coding-adventures/code/packages/go/lattice-ast-to-css/emitter.go:723.38,725.10 2 1
github.com/adhithyan15/coding-adventures/code/packages/go/lattice-ast-to-css/emitter.go:725.10,726.12 1 0
github.com/adhithyan15/coding-adventures/code/packages/go/lattice-ast-to-css/emitter.go:728.3,728.37 1 1
github.com/adhithyan15/coding-adventures/code/packages/go/lattice-ast-to-css/emitter.go:728.37,729.33 1 1
github.com/adhithyan15/coding-adventures/code/packages/go/lattice-ast-to-css/emitter.go:729.33,732.5 2 1
github.com/adhithyan15/coding-adventures/code/packages/go/lattice-ast-to-css/emitter.go:732.10,733.43 1 1
github.com/adhithyan15/coding-adventures/code/packages/go/lattice-ast-to-css/emitter.go:733.43,734.47 1 1
github.com/adhithyan15/coding-adventures/code/packages/go/lattice-ast-to-css/emitter.go:734.47,736.21 2 1
github.com/adhithyan15/coding-adventures/code/packages/go/lattice-ast-to-css/emitter.go:736.21,738.8 1 1
github.com/adhithyan15/coding-adventures/code/packages/go/lattice-ast-to-css/emitter.go:744.2,744.22 1 1
github.com/adhithyan15/coding-adventures/code/packages/go/lattice-ast-to-css/emitter.go:744.22,746.3 1 1
github.com/adhithyan15/coding-adventures/code/packages/go/lattice-ast-to-css/emitter.go:748.2,749.14 2 1
github.com/adhithyan15/coding-adventures/code/packages/go/lattice-ast-to-css/emitter.go:749.14,751.3 1 0
github.com/adhithyan15/coding-adventures/code/packages/go/lattice-ast-to-css/emitter.go:753.2,754.27 2 1
github.com/adhithyan15/coding-adventures/code/packages/go/lattice-ast-to-css/emitter.go:754.27,756.3 1 1
github.com/adhithyan15/coding-adventures/code/packages/go/lattice-ast-to-css/emitter.go:757.2,757.46 1 1
github.com/adhithyan15/coding-adventures/code/packages/go/lattice-ast-to-css/emitter.go:761.68,762.29 1 1
github.com/adhithyan15/coding-adventures/code/packages/go/lattice-ast-to-css/emitter.go:762.29,763.52 1 1
github.com/adhithyan15/coding-adventures/code/packages/go/lattice-ast-to-css/emitter.go:763.52,765.4 1 1
github.com/adhithyan15/coding-adventures/code/packages/go/lattice-ast-to-css/emitter.go:767.2,767.14 1 0
github.com/adhithyan15/coding-adventures/code/packages/go/lattice-ast-to-css/emitter.go:779.61,781.18 2 1
github.com/adhithyan15/coding-adventures/code/packages/go/lattice-ast-to-css/emitter.go:782.45,783.12 1 0
github.com/adhithyan15/coding-adventures/code/packages/go/lattice-ast-to-css/emitter.go:784.26,785.12 1 0
github.com/adhithyan15/coding-adventures/code/packages/go/lattice-ast-to-css/emitter.go:786.19,787.12 1 0
github.com/adhithyan15/coding-adventures/code/packages/go/lattice-ast-to-css/emitter.go:788.15,789.13 1 0
github.com/adhithyan15/coding-adventures/code/packages/go/lattice-ast-to-css/emitter.go:790.15,791.13 1 0
github.com/adhithyan15/coding-adventures/code/packages/go/lattice-ast-to-css/emitter.go:792.16,793.33 1 1
github.com/adhithyan15/coding-adventures/code/packages/go/lattice-ast-to-css/emitter.go:795.2,795.18 1 1
github.com/adhithyan15/coding-adventures/code/packages/go/lattice-ast-to-css/emitter.go:804.92,805.38 1 0
github.com/adhithyan15/coding-adventures/code/packages/go/lattice-ast-to-css/emitter.go:805.38,806.28 1 0
github.com/adhithyan15/coding-adventures/code/packages/go/lattice-ast-to-css/emitter.go:807.24,808.27 1 0
github.com/adhithyan15/coding-adventures/code/packages/go/lattice-ast-to-css/emitter.go:809.20,811.18 2 0
github.com/adhithyan15/coding-adventures/code/packages/go/lattice-ast-to-css/emitter.go:811.18,813.5 1 0
github.com/adhithyan15/coding-adventures/code/packages/go/lattice-ast-to-css/emitter.go:824.66,825.14 1 1
github.com/adhithyan15/coding-adventures/code/packages/go/lattice-ast-to-css/emitter.go:825.14,827.3 1 1
github.com/adhithyan15/coding-adventures/code/packages/go/lattice-ast-to-css/emitter.go:828.2,828.29 1 1
github.com/adhithyan15/coding-adventures/code/packages/go/lattice-ast-to-css/emitter.go:828.29,830.3 1 1
github.com/adhithyan15/coding-adventures/code/packages/go/lattice-ast-to-css/errors.go:65.39,66.16 1 1
github.com/adhithyan15/coding-adventures/code/packages/go/lattice-ast-to-css/errors.go:66.16,68.3 1 1
github.com/adhithyan15/coding-adventures/code/packages/go/lattice-ast-to-css/errors.go:69.2,69.18 1 1
github.com/adhithyan15/coding-adventures/code/packages/go/lattice-ast-to-css/errors.go:85.84,94.2 1 1
github.com/adhithyan15/coding-adventures/code/packages/go/lattice-ast-to-css/errors.go:107.79,115.2 1 1
github.com/adhithyan15/coding-adventures/code/packages/go/lattice-ast-to-css/errors.go:132.84,141.2 1 1
github.com/adhithyan15/coding-adventures/code/packages/go/lattice-ast-to-css/errors.go:154.78,163.2 1 1
github.com/adhithyan15/coding-adventures/code/packages/go/lattice-ast-to-css/errors.go:179.84,188.2 1 1
github.com/adhithyan15/coding-adventures/code/packages/go/lattice-ast-to-css/errors.go:208.91,220.2 1 1
github.com/adhithyan15/coding-adventures/code/packages/go/lattice-ast-to-css/errors.go:238.100,240.29 2 1
github.com/adhithyan15/coding-adventures/code/packages/go/lattice-ast-to-css/errors.go:240.29,241.12 1 1
github.com/adhithyan15/coding-adventures/code/packages/go/lattice-ast-to-css/errors.go:241.12,243.4 1 1
github.com/adhithyan15/coding-adventures/code/packages/go/lattice-ast-to-css/errors.go:244.3,244.19 1 1
github.com/adhithyan15/coding-adventures/code/packages/go/lattice-ast-to-css/errors.go:246.2,254.3 1 1
github.com/adhithyan15/coding-adventures/code/packages/go/lattice-ast-to-css/errors.go:277.93,288.2 1 1
github.com/adhithyan15/coding-adventures/code/packages/go/lattice-ast-to-css/errors.go:307.89,317.2 1 1
github.com/adhithyan15/coding-adventures/code/packages/go/lattice-ast-to-css/errors.go:333.76,342.2 1 1
github.com/adhithyan15/coding-adventures/code/packages/go/lattice-ast-to-css/errors.go:372.76,381.2 1 1
github.com/adhithyan15/coding-adventures/code/packages/go/lattice-ast-to-css/errors.go:397.92,406.2 1 1
github.com/adhithyan15/coding-adventures/code/packages/go/lattice-ast-to-css/errors.go:419.63,427.2 1 1
github.com/adhithyan15/coding-adventures/code/packages/go/lattice-ast-to-css/errors.go:441.85,449.2 1 1
github.com/adhithyan15/coding-adventures/code/packages/go/lattice-ast-to-css/evaluator.go:97.40,97.41 0 1
github.com/adhithyan15/coding-adventures/code/packages/go/lattice-ast-to-css/evaluator.go:98.39,98.62 1 1
github.com/adhithyan15/coding-adventures/code/packages/go/lattice-ast-to-css/evaluator.go:99.40,101.40 1 1
github.com/adhithyan15/coding-adventures/code/packages/go/lattice-ast-to-css/evaluator.go:101.40,103.3 1 1
github.com/adhithyan15/coding-adventures/code/packages/go/lattice-ast-to-css/evaluator.go:104.2,104.50 1 1
github.com/adhithyan15/coding-adventures/code/packages/go/lattice-ast-to-css/evaluator.go:117.43,117.44 0 1
github.com/adhithyan15/coding-adventures/code/packages/go/lattice-ast-to-css/evaluator.go:118.42,118.57 1 1
github.com/adhithyan15/coding-adventures/code/packages/go/lattice-ast-to-css/evaluator.go:119.43,120.40 1 1
github.com/adhithyan15/coding-adventures/code/packages/go/lattice-ast-to-css/evaluator.go:120.40,122.3 1 1
github.com/adhithyan15/coding-adventures/code/packages/go/lattice-ast-to-css/evaluator.go:123.2,123.79 1 1
github.com/adhithyan15/coding-adventures/code/packages/go/lattice-ast-to-css/evaluator.go:134.44,134.45 0 1
github.com/adhithyan15/coding-adventures/code/packages/go/lattice-ast-to-css/evaluator.go:135.43,135.58 1 1
github.com/adhithyan15/coding-adventures/code/packages/go/lattice-ast-to-css/evaluator.go:136.44,137.40 1 1
github.com/adhithyan15/coding-adventures/code/packages/go/lattice-ast-to-css/evaluator.go:137.40,139.3 1 1
github.com/adhithyan15/coding-adventures/code/packages/go/lattice-ast-to-css/evaluator.go:140.2,140.71 1 1
github.com/adhithyan15/coding-adventures/code/packages/go/lattice-ast-to-css/evaluator.go:151.40,151.41 0 1
github.com/adhithyan15/coding-adventures/code/packages/go/lattice-ast-to-css/evaluator.go:152.39,152.54 1 1
github.com/adhithyan15/coding-adventures/code/packages/go/lattice-ast-to-css/evaluator.go:153.40,155.2 1 1
github.com/adhithyan15/coding-adventures/code/packages/go/lattice-ast-to-css/evaluator.go:165.39,165.40 0 1
github.com/adhithyan15/coding-adventures/code/packages/go/lattice-ast-to-css/evaluator.go:166.38,166.53 1 1
github.com/adhithyan15/coding-adventures/code/packages/go/lattice-ast-to-css/evaluator.go:167.39,167.57 1 1
github.com/adhithyan15/coding-adventures/code/packages/go/lattice-ast-to-css/evaluator.go:177.39,177.40 0 1
github.com/adhithyan15/coding-adventures/code/packages/go/lattice-ast-to-css/evaluator.go:178.38,178.53 1 1
github.com/adhithyan15/coding-adventures/code/packages/go/lattice-ast-to-css/evaluator.go:179.39,179.57 1 1
github.com/adhithyan15/coding-adventures/code/packages/go/lattice-ast-to-css/evaluator.go:189.38,189.39 0 1
github.com/adhithyan15/coding-adventures/code/packages/go/lattice-ast-to-css/evaluator.go:190.37,190.55 1 1
github.com/adhithyan15/coding-adventures/code/packages/go/lattice-ast-to-css/evaluator.go:191.38,192.13 1 1
github.com/adhithyan15/coding-adventures/code/packages/go/lattice-ast-to-css/evaluator.go:192.13,194.3 1 1
github.com/adhithyan15/coding-adventures/code/packages/go/lattice-ast-to-css/evaluator.go:195.2,195.16 1 1
github.com/adhithyan15/coding-adventures/code/packages/go/lattice-ast-to-css/evaluator.go:204.38,204.39 0 1
github.com/adhithyan15/coding-adventures/code/packages/go/lattice-ast-to-css/evaluator.go:205.37,205.53 1 1
github.com/adhithyan15/coding-adventures/code/packages/go/lattice-ast-to-css/evaluator.go:206.38,206.51 1 1
github.com/adhithyan15/coding-adventures/code/packages/go/lattice-ast-to-css/evaluator.go:216.38,216.39 0 1
github.com/adhithyan15/coding-adventures/code/packages/go/lattice-ast-to-css/evaluator.go:217.37,217.64 1 1
github.com/adhithyan15/coding-adventures/code/packages/go/lattice-ast-to-css/evaluator.go:218.38,220.31 2 1
github.com/adhithyan15/coding-adventures/code/packages/go/lattice-ast-to-css/evaluator.go:220.31,222.3 1 1
github.com/adhithyan15/coding-adventures/code/packages/go/lattice-ast-to-css/evaluator.go:223.2,223.34 1 1
github.com/adhithyan15/coding-adventures/code/packages/go/lattice-ast-to-css/evaluator.go:247.37,247.38 0 0
github.com/adhithyan15/coding-adventures/code/packages/go/lattice-ast-to-css/evaluator.go:248.36,248.51 1 1
github.com/adhithyan15/coding-adventures/code/packages/go/lattice-ast-to-css/evaluator.go:249.37,251.32 2 1
github.com/adhithyan15/coding-adventures/code/packages/go/lattice-ast-to-css/evaluator.go:251.32,253.3 1 1
github.com/adhithyan15/coding-adventures/code/packages/go/lattice-ast-to-css/evaluator.go:254.2,254.46 1 1
github.com/adhithyan15/coding-adventures/code/packages/go/lattice-ast-to-css/evaluator.go:258.61,259.32 1 1
github.com/adhithyan15/coding-adventures/code/packages/go/lattice-ast-to-css/evaluator.go:259.32,260.23 1 1
github.com/adhithyan15/coding-adventures/code/packages/go/lattice-ast-to-css/evaluator.go:260.23,262.4 1 1
github.com/adhithyan15/coding-adventures/code/packages/go/lattice-ast-to-css/evaluator.go:264.2,264.19 1 1
github.com/adhithyan15/coding-adventures/code/packages/go/lattice-ast-to-css/evaluator.go:268.40,270.32 2 1
github.com/adhithyan15/coding-adventures/code/packages/go/lattice-ast-to-css/evaluator.go:270.32,272.3 1 1
github.com/adhithyan15/coding-adventures/code/packages/go/lattice-ast-to-css/evaluator.go:273.2,273.13 1 1
github.com/adhithyan15/coding-adventures/code/packages/go/lattice-ast-to-css/evaluator.go:277.48,279.32 2 1
github.com/adhithyan15/coding-adventures/code/packages/go/lattice-ast-to-css/evaluator.go:279.32,281.3 1 1
github.com/adhithyan15/coding-adventures/code/packages/go/lattice-ast-to-css/evaluator.go:282.2,282.13 1 1
github.com/adhithyan15/coding-adventures/code/packages/go/lattice-ast-to-css/evaluator.go:286.48,287.32 1 1
github.com/adhithyan15/coding-adventures/code/packages/go/lattice-ast-to-css/evaluator.go:287.32,288.23 1 1
github.com/adhithyan15/coding-adventures/code/packages/go/lattice-ast-to-css/evaluator.go:288.23,290.4 1 1
github.com/adhithyan15/coding-adventures/code/packages/go/lattice-ast-to-css/evaluator.go:292.2,292.14 1 1
github.com/adhithyan15/coding-adventures/code/packages/go/lattice-ast-to-css/evaluator.go:302.54,304.16 2 1
github.com/adhithyan15/coding-adventures/code/packages/go/lattice-ast-to-css/evaluator.go:305.9,309.37 4 1
github.com/adhithyan15/coding-adventures/code/packages/go/lattice-ast-to-css/evaluator.go:310.9,314.37 4 1
github.com/adhithyan15/coding-adventures/code/packages/go/lattice-ast-to-css/evaluator.go:315.9,320.52 5 0
github.com/adhithyan15/coding-adventures/code/packages/go/lattice-ast-to-css/evaluator.go:322.2,322.21 1 0
github.com/adhithyan15/coding-adventures/code/packages/go/lattice-ast-to-css/evaluator.go:327.66,334.14 6 1
github.com/adhithyan15/coding-adventures/code/packages/go/lattice-ast-to-css/evaluator.go:334.14,336.3 1 1
github.com/adhithyan15/coding-adventures/code/packages/go/lattice-ast-to-css/evaluator.go:338.2,340.17 3 1
github.com/adhithyan15/coding-adventures/code/packages/go/lattice-ast-to-css/evaluator.go:340.17,342.3 1 0
github.com/adhithyan15/coding-adventures/code/packages/go/lattice-ast-to-css/evaluator.go:342.8,344.3 1 1
github.com/adhithyan15/coding-adventures/code/packages/go/lattice-ast-to-css/evaluator.go:346.2,347.9 2 1
github.com/adhithyan15/coding-adventures/code/packages/go/lattice-ast-to-css/evaluator.go:348.16,350.14 2 1
github.com/adhithyan15/coding-adventures/code/packages/go/lattice-ast-to-css/evaluator.go:350.14,352.4 1 0
github.com/adhithyan15/coding-adventures/code/packages/go/lattice-ast-to-css/evaluator.go:353.16,354.24 1 0
github.com/adhithyan15/coding-adventures/code/packages/go/lattice-ast-to-css/evaluator.go:355.10,356.24 1 0
github.com/adhithyan15/coding-adventures/code/packages/go/lattice-ast-to-css/evaluator.go:358.2,360.43 2 1
github.com/adhithyan15/coding-adventures/code/packages/go/lattice-ast-to-css/evaluator.go:365.50,370.14 5 1
github.com/adhithyan15/coding-adventures/code/packages/go/lattice-ast-to-css/evaluator.go:370.14,372.3 1 1
github.com/adhithyan15/coding-adventures/code/packages/go/lattice-ast-to-css/evaluator.go:373.2,374.39 1 1
github.com/adhithyan15/coding-adventures/code/packages/go/lattice-ast-to-css/evaluator.go:379.46,381.11 2 1
github.com/adhithyan15/coding-adventures/code/packages/go/lattice-ast-to-css/evaluator.go:381.11,383.3 1 0
github.com/adhithyan15/coding-adventures/code/packages/go/lattice-ast-to-css/evaluator.go:384.2,387.14 3 1
github.com/adhithyan15/coding-adventures/code/packages/go/lattice-ast-to-css/evaluator.go:387.14,390.3 2 1
github.com/adhithyan15/coding-adventures/code/packages/go/lattice-ast-to-css/evaluator.go:392.2,393.13 2 1
github.com/adhithyan15/coding-adventures/code/packages/go/lattice-ast-to-css/evaluator.go:393.13,395.3 1 0
github.com/adhithyan15/coding-adventures/code/packages/go/lattice-ast-to-css/evaluator.go:395.8,397.3 1 1
github.com/adhithyan15/coding-adventures/code/packages/go/lattice-ast-to-css/evaluator.go:398.2,405.36 6 1
github.com/adhithyan15/coding-adventures/code/packages/go/lattice-ast-to-css/evaluator.go:408.40,409.11 1 1
github.com/adhithyan15/coding-adventures/code/packages/go/lattice-ast-to-css/evaluator.go:409.11,411.3 1 1
github.com/adhithyan15/coding-adventures/code/packages/go/lattice-ast-to-css/evaluator.go:412.2,412.11 1 1
github.com/adhithyan15/coding-adventures/code/packages/go/lattice-ast-to-css/evaluator.go:412.11,414.3 1 0
github.com/adhithyan15/coding-adventures/code/packages/go/lattice-ast-to-css/evaluator.go:415.2,415.17 1 1
github.com/adhithyan15/coding-adventures/code/packages/go/lattice-ast-to-css/evaluator.go:415.17,417.3 1 1
github.com/adhithyan15/coding-adventures/code/packages/go/lattice-ast-to-css/evaluator.go:418.2,418.17 1 1
github.com/adhithyan15/coding-adventures/code/packages/go/lattice-ast-to-css/evaluator.go:418.17,420.3 1 1
github.com/adhithyan15/coding-adventures/code/packages/go/lattice-ast-to-css/evaluator.go:421.2,421.17 1 1
github.com/adhithyan15/coding-adventures/code/packages/go/lattice-ast-to-css/evaluator.go:421.17,423.3 1 1
github.com/adhithyan15/coding-adventures/code/packages/go/lattice-ast-to-css/evaluator.go:424.2,424.10 1 1
github.com/adhithyan15/coding-adventures/code/packages/go/lattice-ast-to-css/evaluator.go:427.34,428.12 1 1
github.com/adhithyan15/coding-adventures/code/packages/go/lattice-ast-to-css/evaluator.go:428.12,430.3 1 0
github.com/adhithyan15/coding-adventures/code/packages/go/lattice-ast-to-css/evaluator.go:431.2,431.12 1 1
github.com/adhithyan15/coding-adventures/code/packages/go/lattice-ast-to-css/evaluator.go:431.12,433.3 1 0
github.com/adhithyan15/coding-adventures/code/packages/go/lattice-ast-to-css/evaluator.go:434.2,434.10 1 1
github.com/adhithyan15/coding-adventures/code/packages/go/lattice-ast-to-css/evaluator.go:437.44,438.12 1 1
github.com/adhithyan15/coding-adventures/code/packages/go/lattice-ast-to-css/evaluator.go:438.12,440.3 1 0
github.com/adhithyan15/coding-adventures/code/packages/go/lattice-ast-to-css/evaluator.go:441.2,441.12 1 1
github.com/adhithyan15/coding-adventures/code/packages/go/lattice-ast-to-css/evaluator.go:441.12,443.3 1 0
github.com/adhithyan15/coding-adventures/code/packages/go/lattice-ast-to-css/evaluator.go:444.2,444.10 1 1
github.com/adhithyan15/coding-adventures/code/packages/go/lattice-ast-to-css/evaluator.go:501.46,504.2 2 1
github.com/adhithyan15/coding-adventures/code/packages/go/lattice-ast-to-css/evaluator.go:507.96,509.9 2 1
github.com/adhithyan15/coding-adventures/code/packages/go/lattice-ast-to-css/evaluator.go:509.9,511.3 1 1
github.com/adhithyan15/coding-adventures/code/packages/go/lattice-ast-to-css/evaluator.go:512.2,512.24 1 1
github.com/adhithyan15/coding-adventures/code/packages/go/lattice-ast-to-css/evaluator.go:516.40,517.18 1 1
github.com/adhithyan15/coding-adventures/code/packages/go/lattice-ast-to-css/evaluator.go:518.58,519.18 1 1
github.com/adhithyan15/coding-adventures/code/packages/go/lattice-ast-to-css/evaluator.go:520.35,521.18 1 1
github.com/adhithyan15/coding-adventures/code/packages/go/lattice-ast-to-css/evaluator.go:522.20,523.17 1 1
github.com/adhithyan15/coding-adventures/code/packages/go/lattice-ast-to-css/evaluator.go:524.19,525.16 1 1
github.com/adhithyan15/coding-adventures/code/packages/go/lattice-ast-to-css/evaluator.go:526.19,527.16 1 1
github.com/adhithyan15/coding-adventures/code/packages/go/lattice-ast-to-css/evaluator.go:528.19,529.16 1 1
github.com/adhithyan15/coding-adventures/code/packages/go/lattice-ast-to-css/evaluator.go:530.18,531.15 1 1
github.com/adhithyan15/coding-adventures/code/packages/go/lattice-ast-to-css/evaluator.go:533.2,533.18 1 0
github.com/adhithyan15/coding-adventures/code/packages/go/lattice-ast-to-css/evaluator.go:537.46,538.25 1 1
github.com/adhithyan15/coding-adventures/code/packages/go/lattice-ast-to-css/evaluator.go:539.21,540.19 1 1
github.com/adhithyan15/coding-adventures/code/packages/go/lattice-ast-to-css/evaluator.go:541.24,542.19 1 1
github.com/adhithyan15/coding-adventures/code/packages/go/lattice-ast-to-css/evaluator.go:543.25,544.19 1 1
github.com/adhithyan15/coding-adventures/code/packages/go/lattice-ast-to-css/evaluator.go:546.2,547.70 1 1
github.com/adhithyan15/coding-adventures/code/packages/go/lattice-ast-to-css/evaluator.go:551.47,552.35 1 1
github.com/adhithyan15/coding-adventures/code/packages/go/lattice-ast-to-css/evaluator.go:552.35,554.3 1 1
github.com/adhithyan15/coding-adventures/code/packages/go/lattice-ast-to-css/evaluator.go:555.2,556.69 1 1
github.com/adhithyan15/coding-adventures/code/packages/go/lattice-ast-to-css/evaluator.go:560.43,562.26 2 1
github.com/adhithyan15/coding-adventures/code/packages/go/lattice-ast-to-css/evaluator.go:562.26,563.67 1 1
github.com/adhithyan15/coding-adventures/code/packages/go/lattice-ast-to-css/evaluator.go:565.2,565.12 1 1
github.com/adhithyan15/coding-adventures/code/packages/go/lattice-ast-to-css/evaluator.go:570.73,571.19 1 1
github.com/adhithyan15/coding-adventures/code/packages/go/lattice-ast-to-css/evaluator.go:571.19,572.84 1 0
github.com/adhithyan15/coding-adventures/code/packages/go/lattice-ast-to-css/evaluator.go:574.2,575.9 2 1
github.com/adhithyan15/coding-adventures/code/packages/go/lattice-ast-to-css/evaluator.go:575.9,577.74 1 0
github.com/adhithyan15/coding-adventures/code/packages/go/lattice-ast-to-css/evaluator.go:579.2,580.38 2 1
github.com/adhithyan15/coding-adventures/code/packages/go/lattice-ast-to-css/evaluator.go:580.38,582.3 1 1
github.com/adhithyan15/coding-adventures/code/packages/go/lattice-ast-to-css/evaluator.go:583.2,583.22 1 1
github.com/adhithyan15/coding-adventures/code/packages/go/lattice-ast-to-css/evaluator.go:586.74,587.20 1 1
github.com/adhithyan15/coding-adventures/code/packages/go/lattice-ast-to-css/evaluator.go:587.20,588.84 1 0
github.com/adhithyan15/coding-adventures/code/packages/go/lattice-ast-to-css/evaluator.go:590.2,591.9 2 1
github.com/adhithyan15/coding-adventures/code/packages/go/lattice-ast-to-css/evaluator.go:591.9,593.74 1 0
github.com/adhithyan15/coding-adventures/code/packages/go/lattice-ast-to-css/evaluator.go:595.2,596.32 2 1
github.com/adhithyan15/coding-adventures/code/packages/go/lattice-ast-to-css/evaluator.go:596.32,598.3 1 1
github.com/adhithyan15/coding-adventures/code/packages/go/lattice-ast-to-css/evaluator.go:599.2,599.34 1 1
github.com/adhithyan15/coding-adventures/code/packages/go/lattice-ast-to-css/evaluator.go:602.76,603.20 1 1
github.com/adhithyan15/coding-adventures/code/packages/go/lattice-ast-to-css/evaluator.go:603.20,604.86 1 0
github.com/adhithyan15/coding-adventures/code/packages/go/lattice-ast-to-css/evaluator.go:606.2,607.9 2 1
github.com/adhithyan15/coding-adventures/code/packages/go/lattice-ast-to-css/evaluator.go:607.9,609.74 1 0
github.com/adhithyan15/coding-adventures/code/packages/go/lattice-ast-to-css/evaluator.go:611.2,611.42 1 1
github.com/adhithyan15/coding-adventures/code/packages/go/lattice-ast-to-css/evaluator.go:614.76,615.19 1 1
github.com/adhithyan15/coding-adventures/code/packages/go/lattice-ast-to-css/evaluator.go:615.19,616.88 1 0
github.com/adhithyan15/coding-adventures/code/packages/go/lattice-ast-to-css/evaluator.go:618.2,619.9 2 1
github.com/adhithyan15/coding-adventures/code/packages/go/lattice-ast-to-css/evaluator.go:619.9,621.74 1 0
github.com/adhithyan15/coding-adventures/code/packages/go/lattice-ast-to-css/evaluator.go:623.2,624.45 2 1
github.com/adhithyan15/coding-adventures/code/packages/go/lattice-ast-to-css/evaluator.go:627.75,628.19 1 1
github.com/adhithyan15/coding-adventures/code/packages/go/lattice-ast-to-css/evaluator.go:628.19,629.86 1 0
github.com/adhithyan15/coding-adventures/code/packages/go/lattice-ast-to-css/evaluator.go:631.2,633.18 3 1
github.com/adhithyan15/coding-adventures/code/packages/go/lattice-ast-to-css/evaluator.go:633.18,634.68 1 0
github.com/adhithyan15/coding-adventures/code/packages/go/lattice-ast-to-css/evaluator.go:637.2,639.29 3 1
github.com/adhithyan15/coding-adventures/code/packages/go/lattice-ast-to-css/evaluator.go:639.29,642.3 2 1
github.com/adhithyan15/coding-adventures/code/packages/go/lattice-ast-to-css/evaluator.go:643.2,643.29 1 1
github.com/adhithyan15/coding-adventures/code/packages/go/lattice-ast-to-css/evaluator.go:643.29,644.42 1 1
github.com/adhithyan15/coding-adventures/code/packages/go/lattice-ast-to-css/evaluator.go:644.42,646.4 1 1
github.com/adhithyan15/coding-adventures/code/packages/go/lattice-ast-to-css/evaluator.go:647.3,647.26 1 1
github.com/adhithyan15/coding-adventures/code/packages/go/lattice-ast-to-css/evaluator.go:649.2,650.26 2 1
github.com/adhithyan15/coding-adventures/code/packages/go/lattice-ast-to-css/evaluator.go:650.26,652.3 1 1
github.com/adhithyan15/coding-adventures/code/packages/go/lattice-ast-to-css/evaluator.go:653.2,653.33 1 1
github.com/adhithyan15/coding-adventures/code/packages/go/lattice-ast-to-css/evaluator.go:656.76,657.20 1 1
github.com/adhithyan15/coding-adventures/code/packages/go/lattice-ast-to-css/evaluator.go:657.20,658.95 1 0
github.com/adhithyan15/coding-adventures/code/packages/go/lattice-ast-to-css/evaluator.go:660.2,661.9 2 1
github.com/adhithyan15/coding-adventures/code/packages/go/lattice-ast-to-css/evaluator.go:661.9,663.74 1 0
github.com/adhithyan15/coding-adventures/code/packages/go/lattice-ast-to-css/evaluator.go:665.2,666.29 2 1
github.com/adhithyan15/coding-adventures/code/packages/go/lattice-ast-to-css/evaluator.go:666.29,668.3 1 1
github.com/adhithyan15/coding-adventures/code/packages/go/lattice-ast-to-css/evaluator.go:669.2,670.28 2 1
github.com/adhithyan15/coding-adventures/code/packages/go/lattice-ast-to-css/evaluator.go:670.28,671.23 1 1
github.com/adhithyan15/coding-adventures/code/packages/go/lattice-ast-to-css/evaluator.go:671.23,673.4 1 1
github.com/adhithyan15/coding-adventures/code/packages/go/lattice-ast-to-css/evaluator.go:675.2,675.33 1 1
github.com/adhithyan15/coding-adventures/code/packages/go/lattice-ast-to-css/evaluator.go:680.74,686.2 5 1
github.com/adhithyan15/coding-adventures/code/packages/go/lattice-ast-to-css/evaluator.go:688.73,694.2 5 1
github.com/adhithyan15/coding-adventures/code/packages/go/lattice-ast-to-css/evaluator.go:696.77,702.2 5 1
github.com/adhithyan15/coding-adventures/code/packages/go/lattice-ast-to-css/evaluator.go:704.77,710.2 5 1
github.com/adhithyan15/coding-adventures/code/packages/go/lattice-ast-to-css/evaluator.go:712.76,718.2 5 1
github.com/adhithyan15/coding-adventures/code/packages/go/lattice-ast-to-css/evaluator.go:720.77,725.2 4 1
github.com/adhithyan15/coding-adventures/code/packages/go/lattice-ast-to-css/evaluator.go:727.70,731.20 4 1
github.com/adhithyan15/coding-adventures/code/packages/go/lattice-ast-to-css/evaluator.go:731.20,733.3 1 1
github.com/adhithyan15/coding-adventures/code/packages/go/lattice-ast-to-css/evaluator.go:734.2,741.54 8 1
github.com/adhithyan15/coding-adventures/code/packages/go/lattice-ast-to-css/evaluator.go:744.71,745.20 1 1
github.com/adhithyan15/coding-adventures/code/packages/go/lattice-ast-to-css/evaluator.go:745.20,746.42 1 1
github.com/adhithyan15/coding-adventures/code/packages/go/lattice-ast-to-css/evaluator.go:746.42,750.4 3 1
github.com/adhithyan15/coding-adventures/code/packages/go/lattice-ast-to-css/evaluator.go:752.2,752.20 1 1
github.com/adhithyan15/coding-adventures/code/packages/go/lattice-ast-to-css/evaluator.go:752.20,758.3 5 1
github.com/adhithyan15/coding-adventures/code/packages/go/lattice-ast-to-css/evaluator.go:759.2,759.22 1 1
github.com/adhithyan15/coding-adventures/code/packages/go/lattice-ast-to-css/evaluator.go:762.70,766.2 3 1
github.com/adhithyan15/coding-adventures/code/packages/go/lattice-ast-to-css/evaluator.go:768.72,772.2 3 1
github.com/adhithyan15/coding-adventures/code/packages/go/lattice-ast-to-css/evaluator.go:774.71,778.2 3 1
github.com/adhithyan15/coding-adventures/code/packages/go/lattice-ast-to-css/evaluator.go:780.70,784.2 3 1
github.com/adhithyan15/coding-adventures/code/packages/go/lattice-ast-to-css/evaluator.go:786.77,790.2 3 1
github.com/adhithyan15/coding-adventures/code/packages/go/lattice-ast-to-css/evaluator.go:792.76,796.2 3 1
github.com/adhithyan15/coding-adventures/code/packages/go/lattice-ast-to-css/evaluator.go:800.70,801.19 1 1
github.com/adhithyan15/coding-adventures/code/packages/go/lattice-ast-to-css/evaluator.go:801.19,802.80 1 0
github.com/adhithyan15/coding-adventures/code/packages/go/lattice-ast-to-css/evaluator.go:804.2,805.11 2 1
github.com/adhithyan15/coding-adventures/code/packages/go/lattice-ast-to-css/evaluator.go:805.11,806.64 1 0
github.com/adhithyan15/coding-adventures/code/packages/go/lattice-ast-to-css/evaluator.go:808.2,808.42 1 1
github.com/adhithyan15/coding-adventures/code/packages/go/lattice-ast-to-css/evaluator.go:808.42,809.25 1 1
github.com/adhithyan15/coding-adventures/code/packages/go/lattice-ast-to-css/evaluator.go:809.25,811.91 1 1
github.com/adhithyan15/coding-adventures/code/packages/go/lattice-ast-to-css/evaluator.go:813.3,813.24 1 1
github.com/adhithyan15/coding-adventures/code/packages/go/lattice-ast-to-css/evaluator.go:815.2,815.12 1 1
github.com/adhithyan15/coding-adventures/code/packages/go/lattice-ast-to-css/evaluator.go:815.12,817.3 1 1
github.com/adhithyan15/coding-adventures/code/packages/go/lattice-ast-to-css/evaluator.go:818.2,818.91 1 0
github.com/adhithyan15/coding-adventures/code/packages/go/lattice-ast-to-css/evaluator.go:821.73,822.20 1 1
github.com/adhithyan15/coding-adventures/code/packages/go/lattice-ast-to-css/evaluator.go:822.20,823.82 1 0
github.com/adhithyan15/coding-adventures/code/packages/go/lattice-ast-to-css/evaluator.go:825.2,825.29 1 1
github.com/adhithyan15/coding-adventures/code/packages/go/lattice-ast-to-css/evaluator.go:826.19,827.53 1 1
github.com/adhithyan15/coding-adventures/code/packages/go/lattice-ast-to-css/evaluator.go:828.18,829.53 1 0
github.com/adhithyan15/coding-adventures/code/packages/go/lattice-ast-to-css/evaluator.go:831.2,831.34 1 0
github.com/adhithyan15/coding-adventures/code/packages/go/lattice-ast-to-css/evaluator.go:834.71,835.19 1 1
github.com/adhithyan15/coding-adventures/code/packages/go/lattice-ast-to-css/evaluator.go:835.19,836.90 1 0
github.com/adhithyan15/coding-adventures/code/packages/go/lattice-ast-to-css/evaluator.go:838.2,839.40 2 1
github.com/adhithyan15/coding-adventures/code/packages/go/lattice-ast-to-css/evaluator.go:839.40,841.3 1 1
github.com/adhithyan15/coding-adventures/code/packages/go/lattice-ast-to-css/evaluator.go:841.8,843.3 1 0
github.com/adhithyan15/coding-adventures/code/packages/go/lattice-ast-to-css/evaluator.go:844.2,844.40 1 1
github.com/adhithyan15/coding-adventures/code/packages/go/lattice-ast-to-css/evaluator.go:844.40,846.3 1 1
github.com/adhithyan15/coding-adventures/code/packages/go/lattice-ast-to-css/evaluator.go:846.8,848.3 1 0
github.com/adhithyan15/coding-adventures/code/packages/go/lattice-ast-to-css/evaluator.go:849.2,852.37 4 1
github.com/adhithyan15/coding-adventures/code/packages/go/lattice-ast-to-css/evaluator.go:855.73,856.19 1 1
github.com/adhithyan15/coding-adventures/code/packages/go/lattice-ast-to-css/evaluator.go:856.19,857.92 1 0
github.com/adhithyan15/coding-adventures/code/packages/go/lattice-ast-to-css/evaluator.go:859.2,860.40 2 1
github.com/adhithyan15/coding-adventures/code/packages/go/lattice-ast-to-css/evaluator.go:860.40,863.3 2 1
github.com/adhithyan15/coding-adventures/code/packages/go/lattice-ast-to-css/evaluator.go:863.8,865.3 1 0
github.com/adhithyan15/coding-adventures/code/packages/go/lattice-ast-to-css/evaluator.go:866.2,867.34 2 1
github.com/adhithyan15/coding-adventures/code/packages/go/lattice-ast-to-css/evaluator.go:870.72,871.19 1 1
github.com/adhithyan15/coding-adventures/code/packages/go/lattice-ast-to-css/evaluator.go:871.19,872.82 1 0
github.com/adhithyan15/coding-adventures/code/packages/go/lattice-ast-to-css/evaluator.go:874.2,875.40 2 1
github.com/adhithyan15/coding-adventures/code/packages/go/lattice-ast-to-css/evaluator.go:875.40,877.3 1 1
github.com/adhithyan15/coding-adventures/code/packages/go/lattice-ast-to-css/evaluator.go:877.8,879.3 1 0
github.com/adhithyan15/coding-adventures/code/packages/go/lattice-ast-to-css/evaluator.go:880.2,881.29 2 1
github.com/adhithyan15/coding-adventures/code/packages/go/lattice-ast-to-css/evaluator.go:881.29,882.30 1 1
github.com/adhithyan15/coding-adventures/code/packages/go/lattice-ast-to-css/evaluator.go:882.30,884.4 1 1
github.com/adhithyan15/coding-adventures/code/packages/go/lattice-ast-to-css/evaluator.go:886.2,886.22 1 1
github.com/adhithyan15/coding-adventures/code/packages/go/lattice-ast-to-css/evaluator.go:891.73,892.20 1 1
github.com/adhithyan15/coding-adventures/code/packages/go/lattice-ast-to-css/evaluator.go:892.20,893.83 1 0
github.com/adhithyan15/coding-adventures/code/packages/go/lattice-ast-to-css/evaluator.go:895.2,895.50 1 1
github.com/adhithyan15/coding-adventures/code/packages/go/lattice-ast-to-css/evaluator.go:898.71,899.20 1 1
github.com/adhithyan15/coding-adventures/code/packages/go/lattice-ast-to-css/evaluator.go:899.20,900.80 1 0
github.com/adhithyan15/coding-adventures/code/packages/go/lattice-ast-to-css/evaluator.go:902.2,902.29 1 1
github.com/adhithyan15/coding-adventures/code/packages/go/lattice-ast-to-css/evaluator.go:903.24,904.38 1 1
github.com/adhithyan15/coding-adventures/code/packages/go/lattice-ast-to-css/evaluator.go:905.25,906.35 1 0
github.com/adhithyan15/coding-adventures/code/packages/go/lattice-ast-to-css/evaluator.go:907.21,908.34 1 0
github.com/adhithyan15/coding-adventures/code/packages/go/lattice-ast-to-css/evaluator.go:910.2,911.76 1 0
github.com/adhithyan15/coding-adventures/code/packages/go/lattice-ast-to-css/evaluator.go:914.75,915.20 1 1
github.com/adhithyan15/coding-adventures/code/packages/go/lattice-ast-to-css/evaluator.go:915.20,916.84 1 0
github.com/adhithyan15/coding-adventures/code/packages/go/lattice-ast-to-css/evaluator.go:918.2,919.34 2 1
github.com/adhithyan15/coding-adventures/code/packages/go/lattice-ast-to-css/evaluator.go:922.77,923.19 1 1
github.com/adhithyan15/coding-adventures/code/packages/go/lattice-ast-to-css/evaluator.go:923.19,924.87 1 0
github.com/adhithyan15/coding-adventures/code/packages/go/lattice-ast-to-css/evaluator.go:926.2,927.24 2 1
github.com/adhithyan15/coding-adventures/code/packages/go/lattice-ast-to-css/evaluator.go:928.21,929.19 1 0
github.com/adhithyan15/coding-adventures/code/packages/go/lattice-ast-to-css/evaluator.go:930.59,931.35 1 0
github.com/adhithyan15/coding-adventures/code/packages/go/lattice-ast-to-css/evaluator.go:933.24,934.41 1 1
github.com/adhithyan15/coding-adventures/code/packages/go/lattice-ast-to-css/evaluator.go:934.41,936.4 1 1
github.com/adhithyan15/coding-adventures/code/packages/go/lattice-ast-to-css/evaluator.go:937.3,937.37 1 0
github.com/adhithyan15/coding-adventures/code/packages/go/lattice-ast-to-css/evaluator.go:937.37,939.4 1 0
github.com/adhithyan15/coding-adventures/code/packages/go/lattice-ast-to-css/evaluator.go:940.25,941.19 1 0
github.com/adhithyan15/coding-adventures/code/packages/go/lattice-ast-to-css/evaluator.go:942.41,943.35 1 0
github.com/adhithyan15/coding-adventures/code/packages/go/lattice-ast-to-css/evaluator.go:946.2,946.34 1 0
github.com/adhithyan15/coding-adventures/code/packages/go/lattice-ast-to-css/evaluator.go:951.74,952.19 1 1
github.com/adhithyan15/coding-adventures/code/packages/go/lattice-ast-to-css/evaluator.go:952.19,953.85 1 0
github.com/adhithyan15/coding-adventures/code/packages/go/lattice-ast-to-css/evaluator.go:955.2,956.15 2 1
github.com/adhithyan15/coding-adventures/code/packages/go/lattice-ast-to-css/evaluator.go:956.15,957.48 1 1
github.com/adhithyan15/coding-adventures/code/packages/go/lattice-ast-to-css/evaluator.go:959.2,960.46 2 1
github.com/adhithyan15/coding-adventures/code/packages/go/lattice-ast-to-css/evaluator.go:960.46,961.45 1 1
github.com/adhithyan15/coding-adventures/code/packages/go/lattice-ast-to-css/evaluator.go:961.45,963.4 1 1
github.com/adhithyan15/coding-adventures/code/packages/go/lattice-ast-to-css/evaluator.go:964.3,964.71 1 1
github.com/adhithyan15/coding-adventures/code/packages/go/lattice-ast-to-css/evaluator.go:964.71,966.4 1 1
github.com/adhithyan15/coding-adventures/code/packages/go/lattice-ast-to-css/evaluator.go:968.2,968.46 1 1
github.com/adhithyan15/coding-adventures/code/packages/go/lattice-ast-to-css/evaluator.go:968.46,969.45 1 1
github.com/adhithyan15/coding-adventures/code/packages/go/lattice-ast-to-css/evaluator.go:969.45,971.4 1 1
github.com/adhithyan15/coding-adventures/code/packages/go/lattice-ast-to-css/evaluator.go:973.2,973.42 1 1
github.com/adhithyan15/coding-adventures/code/packages/go/lattice-ast-to-css/evaluator.go:976.76,977.20 1 1
github.com/adhithyan15/coding-adventures/code/packages/go/lattice-ast-to-css/evaluator.go:977.20,978.86 1 0
github.com/adhithyan15/coding-adventures/code/packages/go/lattice-ast-to-css/evaluator.go:980.2,982.29 3 1
github.com/adhithyan15/coding-adventures/code/packages/go/lattice-ast-to-css/evaluator.go:983.24,984.55 1 1
github.com/adhithyan15/coding-adventures/code/packages/go/lattice-ast-to-css/evaluator.go:985.25,986.42 1 0
github.com/adhithyan15/coding-adventures/code/packages/go/lattice-ast-to-css/evaluator.go:988.2,988.37 1 1
github.com/adhithyan15/coding-adventures/code/packages/go/lattice-ast-to-css/evaluator.go:991.75,992.20 1 1
github.com/adhithyan15/coding-adventures/code/packages/go/lattice-ast-to-css/evaluator.go:992.20,993.85 1 0
github.com/adhithyan15/coding-adventures/code/packages/go/lattice-ast-to-css/evaluator.go:995.2,997.29 3 1
github.com/adhithyan15/coding-adventures/code/packages/go/lattice-ast-to-css/evaluator.go:998.24,999.55 1 0
github.com/adhithyan15/coding-adventures/code/packages/go/lattice-ast-to-css/evaluator.go:1000.25,1001.42 1 1
github.com/adhithyan15/coding-adventures/code/packages/go/lattice-ast-to-css/evaluator.go:1003.2,1003.37 1 1
github.com/adhithyan15/coding-adventures/code/packages/go/lattice-ast-to-css/evaluator.go:1006.76,1007.20 1 1
github.com/adhithyan15/coding-adventures/code/packages/go/lattice-ast-to-css/evaluator.go:1007.20,1008.86 1 0
github.com/adhithyan15/coding-adventures/code/packages/go/lattice-ast-to-css/evaluator.go:1010.2,1012.29 3 1
github.com/adhithyan15/coding-adventures/code/packages/go/lattice-ast-to-css/evaluator.go:1013.24,1014.55 1 0
github.com/adhithyan15/coding-adventures/code/packages/go/lattice-ast-to-css/evaluator.go:1015.25,1016.42 1 0
github.com/adhithyan15/coding-adventures/code/packages/go/lattice-ast-to-css/evaluator.go:1018.2,1018.37 1 1
github.com/adhithyan15/coding-adventures/code/packages/go/lattice-ast-to-css/evaluator.go:1021.74,1022.20 1 1
github.com/adhithyan15/coding-adventures/code/packages/go/lattice-ast-to-css/evaluator.go:1022.20,1023.84 1 0
github.com/adhithyan15/coding-adventures/code/packages/go/lattice-ast-to-css/evaluator.go:1025.2,1027.29 3 1
github.com/adhithyan15/coding-adventures/code/packages/go/lattice-ast-to-css/evaluator.go:1028.24,1029.55 1 0
github.com/adhithyan15/coding-adventures/code/packages/go/lattice-ast-to-css/evaluator.go:1030.25,1031.42 1 0
github.com/adhithyan15/coding-adventures/code/packages/go/lattice-ast-to-css/evaluator.go:1033.2,1033.37 1 1
github.com/adhithyan15/coding-adventures/code/packages/go/lattice-ast-to-css/evaluator.go:1036.74,1037.20 1 1
github.com/adhithyan15/coding-adventures/code/packages/go/lattice-ast-to-css/evaluator.go:1037.20,1038.93 1 0
github.com/adhithyan15/coding-adventures/code/packages/go/lattice-ast-to-css/evaluator.go:1040.2,1042.31 3 1
github.com/adhithyan15/coding-adventures/code/packages/go/lattice-ast-to-css/evaluator.go:1042.31,1044.20 2 1
github.com/adhithyan15/coding-adventures/code/packages/go/lattice-ast-to-css/evaluator.go:1044.20,1047.4 2 1
github.com/adhithyan15/coding-adventures/code/packages/go/lattice-ast-to-css/evaluator.go:1049.2,1049.13 1 1
github.com/adhithyan15/coding-adventures/code/packages/go/lattice-ast-to-css/evaluator.go:1052.74,1053.20 1 1
github.com/adhithyan15/coding-adventures/code/packages/go/lattice-ast-to-css/evaluator.go:1053.20,1054.93 1 0
github.com/adhithyan15/coding-adventures/code/packages/go/lattice-ast-to-css/evaluator.go:1056.2,1058.31 3 1
github.com/adhithyan15/coding-adventures/code/packages/go/lattice-ast-to-css/evaluator.go:1058.31,1060.20 2 1
github.com/adhithyan15/coding-adventures/code/packages/go/lattice-ast-to-css/evaluator.go:1060.20,1063.4 2 1
github.com/adhithyan15/coding-adventures/code/packages/go/lattice-ast-to-css/evaluator.go:1065.2,1065.13 1 1
github.com/adhithyan15/coding-adventures/code/packages/go/lattice-ast-to-css/evaluator.go:1077.44,1078.24 1 1
github.com/adhithyan15/coding-adventures/code/packages/go/lattice-ast-to-css/evaluator.go:1078.24,1080.3 1 1
github.com/adhithyan15/coding-adventures/code/packages/go/lattice-ast-to-css/evaluator.go:1081.2,1081.26 1 1
github.com/adhithyan15/coding-adventures/code/packages/go/lattice-ast-to-css/evaluator.go:1098.49,1102.18 3 1
github.com/adhithyan15/coding-adventures/code/packages/go/lattice-ast-to-css/evaluator.go:1103.16,1105.17 2 1
github.com/adhithyan15/coding-adventures/code/packages/go/lattice-ast-to-css/evaluator.go:1105.17,1107.4 1 0
github.com/adhithyan15/coding-adventures/code/packages/go/lattice-ast-to-css/evaluator.go:1108.3,1108.33 1 1
github.com/adhithyan15/coding-adventures/code/packages/go/lattice-ast-to-css/evaluator.go:1110.19,1114.36 2 1
github.com/adhithyan15/coding-adventures/code/packages/go/lattice-ast-to-css/evaluator.go:1114.36,1116.4 1 0
github.com/adhithyan15/coding-adventures/code/packages/go/lattice-ast-to-css/evaluator.go:1117.3,1117.75 1 1
github.com/adhithyan15/coding-adventures/code/packages/go/lattice-ast-to-css/evaluator.go:1117.75,1119.4 1 1
github.com/adhithyan15/coding-adventures/code/packages/go/lattice-ast-to-css/evaluator.go:1121.3,1121.55 1 1
github.com/adhithyan15/coding-adventures/code/packages/go/lattice-ast-to-css/evaluator.go:1121.55,1123.56 2 0
github.com/adhithyan15/coding-adventures/code/packages/go/lattice-ast-to-css/evaluator.go:1123.56,1125.5 1 0
github.com/adhithyan15/coding-adventures/code/packages/go/lattice-ast-to-css/evaluator.go:1126.4,1126.55 1 0
github.com/adhithyan15/coding-adventures/code/packages/go/lattice-ast-to-css/evaluator.go:1126.55,1128.5 1 0
github.com/adhithyan15/coding-adventures/code/packages/go/lattice-ast-to-css/evaluator.go:1130.3,1133.17 4 1
github.com/adhithyan15/coding-adventures/code/packages/go/lattice-ast-to-css/evaluator.go:1133.17,1135.4 1 0
github.com/adhithyan15/coding-adventures/code/packages/go/lattice-ast-to-css/evaluator.go:1136.3,1136.48 1 1
github.com/adhithyan15/coding-adventures/code/packages/go/lattice-ast-to-css/evaluator.go:1138.20,1142.17 3 1
github.com/adhithyan15/coding-adventures/code/packages/go/lattice-ast-to-css/evaluator.go:1142.17,1144.4 1 0
github.com/adhithyan15/coding-adventures/code/packages/go/lattice-ast-to-css/evaluator.go:1145.3,1145.37 1 1
github.com/adhithyan15/coding-adventures/code/packages/go/lattice-ast-to-css/evaluator.go:1147.16,1149.35 1 1
github.com/adhithyan15/coding-adventures/code/packages/go/lattice-ast-to-css/evaluator.go:1151.14,1152.34 1 1
github.com/adhithyan15/coding-adventures/code/packages/go/lattice-ast-to-css/evaluator.go:1154.15,1156.14 1 1
github.com/adhithyan15/coding-adventures/code/packages/go/lattice-ast-to-css/evaluator.go:1157.15,1158.35 1 1
github.com/adhithyan15/coding-adventures/code/packages/go/lattice-ast-to-css/evaluator.go:1159.16,1160.36 1 1
github.com/adhithyan15/coding-adventures/code/packages/go/lattice-ast-to-css/evaluator.go:1161.15,1162.24 1 1
github.com/adhithyan15/coding-adventures/code/packages/go/lattice-ast-to-css/evaluator.go:1164.3,1164.34 1 1
github.com/adhithyan15/coding-adventures/code/packages/go/lattice-ast-to-css/evaluator.go:1168.2,1168.33 1 1
github.com/adhithyan15/coding-adventures/code/packages/go/lattice-ast-to-css/evaluator.go:1175.46,1177.2 1 1
github.com/adhithyan15/coding-adventures/code/packages/go/lattice-ast-to-css/evaluator.go:1203.69,1205.2 1 1
github.com/adhithyan15/coding-adventures/code/packages/go/lattice-ast-to-css/evaluator.go:1211.71,1213.39 1 1
github.com/adhithyan15/coding-adventures/code/packages/go/lattice-ast-to-css/evaluator.go:1213.39,1215.3 1 1
github.com/adhithyan15/coding-adventures/code/packages/go/lattice-ast-to-css/evaluator.go:1217.2,1218.23 2 1
github.com/adhithyan15/coding-adventures/code/packages/go/lattice-ast-to-css/evaluator.go:1218.23,1220.3 1 0
github.com/adhithyan15/coding-adventures/code/packages/go/lattice-ast-to-css/evaluator.go:1223.2,1223.22 1 1
github.com/adhithyan15/coding-adventures/code/packages/go/lattice-ast-to-css/evaluator.go:1224.28,1225.31 1 1
github.com/adhithyan15/coding-adventures/code/packages/go/lattice-ast-to-css/evaluator.go:1226.25,1227.23 1 1
github.com/adhithyan15/coding-adventures/code/packages/go/lattice-ast-to-css/evaluator.go:1228.26,1229.24 1 1
github.com/adhithyan15/coding-adventures/code/packages/go/lattice-ast-to-css/evaluator.go:1230.28,1231.31 1 1
github.com/adhithyan15/coding-adventures/code/packages/go/lattice-ast-to-css/evaluator.go:1232.23,1234.28 1 0
github.com/adhithyan15/coding-adventures/code/packages/go/lattice-ast-to-css/evaluator.go:1234.28,1236.4 1 0
github.com/adhithyan15/coding-adventures/code/packages/go/lattice-ast-to-css/evaluator.go:1237.3,1237.23 1 0
github.com/adhithyan15/coding-adventures/code/packages/go/lattice-ast-to-css/evaluator.go:1238.26,1239.29 1 1
github.com/adhithyan15/coding-adventures/code/packages/go/lattice-ast-to-css/evaluator.go:1240.32,1241.35 1 1
github.com/adhithyan15/coding-adventures/code/packages/go/lattice-ast-to-css/evaluator.go:1242.23,1243.26 1 1
github.com/adhithyan15/coding-adventures/code/packages/go/lattice-ast-to-css/evaluator.go:1244.25,1245.28 1 1
github.com/adhithyan15/coding-adventures/code/packages/go/lattice-ast-to-css/evaluator.go:1249.2,1249.28 1 1
github.com/adhithyan15/coding-adventures/code/packages/go/lattice-ast-to-css/evaluator.go:1249.28,1251.3 1 1
github.com/adhithyan15/coding-adventures/code/packages/go/lattice-ast-to-css/evaluator.go:1254.2,1254.37 1 0
github.com/adhithyan15/coding-adventures/code/packages/go/lattice-ast-to-css/evaluator.go:1254.37,1255.23 1 0
github.com/adhithyan15/coding-adventures/code/packages/go/lattice-ast-to-css/evaluator.go:1256.37,1257.28 1 0
github.com/adhithyan15/coding-adventures/code/packages/go/lattice-ast-to-css/evaluator.go:1261.2,1261.22 1 0
github.com/adhithyan15/coding-adventures/code/packages/go/lattice-ast-to-css/evaluator.go:1265.81,1266.28 1 1
github.com/adhithyan15/coding-adventures/code/packages/go/lattice-ast-to-css/evaluator.go:1266.28,1268.3 1 1
github.com/adhithyan15/coding-adventures/code/packages/go/lattice-ast-to-css/evaluator.go:1269.2,1269.22 1 0
github.com/adhithyan15/coding-adventures/code/packages/go/lattice-ast-to-css/evaluator.go:1276.73,1279.29 3 1
github.com/adhithyan15/coding-adventures/code/packages/go/lattice-ast-to-css/evaluator.go:1279.29,1281.73 1 1
github.com/adhithyan15/coding-adventures/code/packages/go/lattice-ast-to-css/evaluator.go:1281.73,1283.12 2 1
github.com/adhithyan15/coding-adventures/code/packages/go/lattice-ast-to-css/evaluator.go:1285.3,1285.22 1 1
github.com/adhithyan15/coding-adventures/code/packages/go/lattice-ast-to-css/evaluator.go:1285.22,1287.4 1 1
github.com/adhithyan15/coding-adventures/code/packages/go/lattice-ast-to-css/evaluator.go:1288.3,1289.6 2 1
github.com/adhithyan15/coding-adventures/code/packages/go/lattice-ast-to-css/evaluator.go:1291.2,1291.15 1 1
github.com/adhithyan15/coding-adventures/code/packages/go/lattice-ast-to-css/evaluator.go:1297.74,1300.29 3 1
github.com/adhithyan15/coding-adventures/code/packages/go/lattice-ast-to-css/evaluator.go:1300.29,1301.74 1 1
github.com/adhithyan15/coding-adventures/code/packages/go/lattice-ast-to-css/evaluator.go:1301.74,1303.12 2 1
github.com/adhithyan15/coding-adventures/code/packages/go/lattice-ast-to-css/evaluator.go:1305.3,1305.23 1 1
github.com/adhithyan15/coding-adventures/code/packages/go/lattice-ast-to-css/evaluator.go:1305.23,1307.4 1 0
github.com/adhithyan15/coding-adventures/code/packages/go/lattice-ast-to-css/evaluator.go:1308.3,1309.6 2 1
github.com/adhithyan15/coding-adventures/code/packages/go/lattice-ast-to-css/evaluator.go:1311.2,1311.15 1 1
github.com/adhithyan15/coding-adventures/code/packages/go/lattice-ast-to-css/evaluator.go:1315.81,1317.29 2 1
github.com/adhithyan15/coding-adventures/code/packages/go/lattice-ast-to-css/evaluator.go:1317.29,1319.3 1 1
github.com/adhithyan15/coding-adventures/code/packages/go/lattice-ast-to-css/evaluator.go:1322.2,1324.42 3 1
github.com/adhithyan15/coding-adventures/code/packages/go/lattice-ast-to-css/evaluator.go:1324.42,1325.80 1 1
github.com/adhithyan15/coding-adventures/code/packages/go/lattice-ast-to-css/evaluator.go:1325.80,1327.32 2 1
github.com/adhithyan15/coding-adventures/code/packages/go/lattice-ast-to-css/evaluator.go:1327.32,1329.5 1 1
github.com/adhithyan15/coding-adventures/code/packages/go/lattice-ast-to-css/evaluator.go:1330.4,1330.9 1 1
github.com/adhithyan15/coding-adventures/code/packages/go/lattice-ast-to-css/evaluator.go:1334.2,1334.39 1 1
github.com/adhithyan15/coding-adventures/code/packages/go/lattice-ast-to-css/evaluator.go:1334.39,1336.3 1 0
github.com/adhithyan15/coding-adventures/code/packages/go/lattice-ast-to-css/evaluator.go:1338.2,1341.31 2 1
github.com/adhithyan15/coding-adventures/code/packages/go/lattice-ast-to-css/evaluator.go:1341.31,1343.3 1 0
github.com/adhithyan15/coding-adventures/code/packages/go/lattice-ast-to-css/evaluator.go:1344.2,1345.9 2 1
github.com/adhithyan15/coding-adventures/code/packages/go/lattice-ast-to-css/evaluator.go:1345.9,1347.3 1 0
github.com/adhithyan15/coding-adventures/code/packages/go/lattice-ast-to-css/evaluator.go:1349.2,1349.53 1 1
github.com/adhithyan15/coding-adventures/code/packages/go/lattice-ast-to-css/evaluator.go:1357.92,1359.26 1 1
github.com/adhithyan15/coding-adventures/code/packages/go/lattice-ast-to-css/evaluator.go:1360.21,1361.41 1 1
github.com/adhithyan15/coding-adventures/code/packages/go/lattice-ast-to-css/evaluator.go:1361.41,1363.4 1 1
github.com/adhithyan15/coding-adventures/code/packages/go/lattice-ast-to-css/evaluator.go:1364.24,1365.44 1 1
github.com/adhithyan15/coding-adventures/code/packages/go/lattice-ast-to-css/evaluator.go:1365.44,1366.24 1 1
github.com/adhithyan15/coding-adventures/code/packages/go/lattice-ast-to-css/evaluator.go:1366.24,1368.5 1 1
github.com/adhithyan15/coding-adventures/code/packages/go/lattice-ast-to-css/evaluator.go:1370.4,1370.18 1 0
github.com/adhithyan15/coding-adventures/code/packages/go/lattice-ast-to-css/evaluator.go:1371.25,1372.37 1 0
github.com/adhithyan15/coding-adventures/code/packages/go/lattice-ast-to-css/evaluator.go:1373.22,1374.36 1 0
github.com/adhithyan15/coding-adventures/code/packages/go/lattice-ast-to-css/evaluator.go:1375.12,1376.37 1 0
github.com/adhithyan15/coding-adventures/code/packages/go/lattice-ast-to-css/evaluator.go:1379.25,1380.45 1 0
github.com/adhithyan15/coding-adventures/code/packages/go/lattice-ast-to-css/evaluator.go:1380.45,1382.4 1 0
github.com/adhithyan15/coding-adventures/code/packages/go/lattice-ast-to-css/evaluator.go:1386.2,1386.16 1 1
github.com/adhithyan15/coding-adventures/code/packages/go/lattice-ast-to-css/evaluator.go:1387.23,1388.61 1 1
github.com/adhithyan15/coding-adventures/code/packages/go/lattice-ast-to-css/evaluator.go:1389.20,1390.61 1 0
github.com/adhithyan15/coding-adventures/code/packages/go/lattice-ast-to-css/evaluator.go:1392.2,1392.34 1 0
github.com/adhithyan15/coding-adventures/code/packages/go/lattice-ast-to-css/evaluator.go:1396.53,1397.16 1 1
github.com/adhithyan15/coding-adventures/code/packages/go/lattice-ast-to-css/evaluator.go:1398.23,1399.18 1 1
github.com/adhithyan15/coding-adventures/code/packages/go/lattice-ast-to-css/evaluator.go:1400.20,1401.18 1 1
github.com/adhithyan15/coding-adventures/code/packages/go/lattice-ast-to-css/evaluator.go:1402.17,1403.17 1 1
github.com/adhithyan15/coding-adventures/code/packages/go/lattice-ast-to-css/evaluator.go:1404.24,1405.18 1 1
github.com/adhithyan15/coding-adventures/code/packages/go/lattice-ast-to-css/evaluator.go:1406.21,1407.18 1 1
github.com/adhithyan15/coding-adventures/code/packages/go/lattice-ast-to-css/evaluator.go:1409.2,1409.14 1 0
github.com/adhithyan15/coding-adventures/code/packages/go/lattice-ast-to-css/evaluator.go:1415.79,1418.29 3 1
github.com/adhithyan15/coding-adventures/code/packages/go/lattice-ast-to-css/evaluator.go:1418.29,1420.10 2 1
github.com/adhithyan15/coding-adventures/code/packages/go/lattice-ast-to-css/evaluator.go:1420.10,1422.12 2 0
github.com/adhithyan15/coding-adventures/code/packages/go/lattice-ast-to-css/evaluator.go:1424.3,1425.29 2 1
github.com/adhithyan15/coding-adventures/code/packages/go/lattice-ast-to-css/evaluator.go:1425.29,1427.12 2 0
github.com/adhithyan15/coding-adventures/code/packages/go/lattice-ast-to-css/evaluator.go:1429.3,1430.30 2 1
github.com/adhithyan15/coding-adventures/code/packages/go/lattice-ast-to-css/evaluator.go:1430.30,1431.9 1 0
github.com/adhithyan15/coding-adventures/code/packages/go/lattice-ast-to-css/evaluator.go:1433.3,1434.16 2 1
github.com/adhithyan15/coding-adventures/code/packages/go/lattice-ast-to-css/evaluator.go:1434.16,1436.4 1 1
github.com/adhithyan15/coding-adventures/code/packages/go/lattice-ast-to-css/evaluator.go:1436.9,1438.4 1 1
github.com/adhithyan15/coding-adventures/code/packages/go/lattice-ast-to-css/evaluator.go:1439.3,1439.6 1 1
github.com/adhithyan15/coding-adventures/code/packages/go/lattice-ast-to-css/evaluator.go:1441.2,1441.15 1 1
github.com/adhithyan15/coding-adventures/code/packages/go/lattice-ast-to-css/evaluator.go:1445.74,1446.26 1 1
github.com/adhithyan15/coding-adventures/code/packages/go/lattice-ast-to-css/evaluator.go:1447.21,1448.41 1 0
github.com/adhithyan15/coding-adventures/code/packages/go/lattice-ast-to-css/evaluator.go:1448.41,1450.4 1 0
github.com/adhithyan15/coding-adventures/code/packages/go/lattice-ast-to-css/evaluator.go:1451.24,1452.44 1 1
github.com/adhithyan15/coding-adventures/code/packages/go/lattice-ast-to-css/evaluator.go:1452.44,1453.24 1 1
github.com/adhithyan15/coding-adventures/code/packages/go/lattice-ast-to-css/evaluator.go:1453.24,1455.5 1 1
github.com/adhithyan15/coding-adventures/code/packages/go/lattice-ast-to-css/evaluator.go:1456.4,1456.79 1 0
github.com/adhithyan15/coding-adventures/code/packages/go/lattice-ast-to-css/evaluator.go:1458.25,1459.45 1 1
github.com/adhithyan15/coding-adventures/code/packages/go/lattice-ast-to-css/evaluator.go:1459.45,1461.4 1 1
github.com/adhithyan15/coding-adventures/code/packages/go/lattice-ast-to-css/evaluator.go:1462.21,1463.41 1 0
github.com/adhithyan15/coding-adventures/code/packages/go/lattice-ast-to-css/evaluator.go:1463.41,1465.4 1 0
github.com/adhithyan15/coding-adventures/code/packages/go/lattice-ast-to-css/evaluator.go:1467.2,1467.77 1 1
github.com/adhithyan15/coding-adventures/code/packages/go/lattice-ast-to-css/evaluator.go:1471.79,1472.26 1 1
github.com/adhithyan15/coding-adventures/code/packages/go/lattice-ast-to-css/evaluator.go:1473.21,1474.41 1 1
github.com/adhithyan15/coding-adventures/code/packages/go/lattice-ast-to-css/evaluator.go:1474.41,1476.4 1 1
github.com/adhithyan15/coding-adventures/code/packages/go/lattice-ast-to-css/evaluator.go:1477.24,1478.44 1 1
github.com/adhithyan15/coding-adventures/code/packages/go/lattice-ast-to-css/evaluator.go:1478.44,1479.24 1 1
github.com/adhithyan15/coding-adventures/code/packages/go/lattice-ast-to-css/evaluator.go:1479.24,1481.5 1 1
github.com/adhithyan15/coding-adventures/code/packages/go/lattice-ast-to-css/evaluator.go:1482.4,1482.84 1 0
github.com/adhithyan15/coding-adventures/code/packages/go/lattice-ast-to-css/evaluator.go:1484.25,1485.45 1 0
github.com/adhithyan15/coding-adventures/code/packages/go/lattice-ast-to-css/evaluator.go:1485.45,1487.4 1 0
github.com/adhithyan15/coding-adventures/code/packages/go/lattice-ast-to-css/evaluator.go:1489.2,1489.82 1 0
github.com/adhithyan15/coding-adventures/code/packages/go/lattice-ast-to-css/evaluator.go:1495.85,1498.29 3 1
github.com/adhithyan15/coding-adventures/code/packages/go/lattice-ast-to-css/evaluator.go:1498.29,1500.30 2 1
github.com/adhithyan15/coding-adventures/code/packages/go/lattice-ast-to-css/evaluator.go:1500.30,1502.12 2 0
github.com/adhithyan15/coding-adventures/code/packages/go/lattice-ast-to-css/evaluator.go:1504.3,1505.30 2 1
github.com/adhithyan15/coding-adventures/code/packages/go/lattice-ast-to-css/evaluator.go:1505.30,1506.9 1 0
github.com/adhithyan15/coding-adventures/code/packages/go/lattice-ast-to-css/evaluator.go:1508.3,1510.6 3 1
github.com/adhithyan15/coding-adventures/code/packages/go/lattice-ast-to-css/evaluator.go:1512.2,1512.15 1 1
github.com/adhithyan15/coding-adventures/code/packages/go/lattice-ast-to-css/evaluator.go:1523.79,1524.26 1 1
github.com/adhithyan15/coding-adventures/code/packages/go/lattice-ast-to-css/evaluator.go:1525.21,1526.28 1 1
github.com/adhithyan15/coding-adventures/code/packages/go/lattice-ast-to-css/evaluator.go:1527.22,1528.50 1 1
github.com/adhithyan15/coding-adventures/code/packages/go/lattice-ast-to-css/evaluator.go:1529.25,1530.67 1 1
github.com/adhithyan15/coding-adventures/code/packages/go/lattice-ast-to-css/evaluator.go:1531.26,1532.54 1 0
github.com/adhithyan15/coding-adventures/code/packages/go/lattice-ast-to-css/evaluator.go:1534.24,1535.41 1 1
github.com/adhithyan15/coding-adventures/code/packages/go/lattice-ast-to-css/evaluator.go:1535.41,1537.4 1 1
github.com/adhithyan15/coding-adventures/code/packages/go/lattice-ast-to-css/evaluator.go:1538.25,1539.41 1 1
github.com/adhithyan15/coding-adventures/code/packages/go/lattice-ast-to-css/evaluator.go:1539.41,1541.4 1 1
github.com/adhithyan15/coding-adventures/code/packages/go/lattice-ast-to-css/evaluator.go:1543.2,1543.82 1 0
github.com/adhithyan15/coding-adventures/code/packages/go/lattice-ast-to-css/evaluator.go:1547.76,1548.28 1 1
github.com/adhithyan15/coding-adventures/code/packages/go/lattice-ast-to-css/evaluator.go:1548.28,1549.30 1 1
github.com/adhithyan15/coding-adventures/code/packages/go/lattice-ast-to-css/evaluator.go:1549.30,1551.4 1 1
github.com/adhithyan15/coding-adventures/code/packages/go/lattice-ast-to-css/evaluator.go:1552.3,1552.23 1 0
github.com/adhithyan15/coding-adventures/code/packages/go/lattice-ast-to-css/evaluator.go:1556.2,1556.71 1 1
github.com/adhithyan15/coding-adventures/code/packages/go/lattice-ast-to-css/evaluator.go:1556.71,1559.3 2 1
github.com/adhithyan15/coding-adventures/code/packages/go/lattice-ast-to-css/evaluator.go:1561.2,1561.37 1 0
github.com/adhithyan15/coding-adventures/code/packages/go/lattice-ast-to-css/evaluator.go:1565.69,1566.25 1 1
github.com/adhithyan15/coding-adventures/code/packages/go/lattice-ast-to-css/evaluator.go:1567.21,1568.40 1 1
github.com/adhithyan15/coding-adventures/code/packages/go/lattice-ast-to-css/evaluator.go:1569.24,1570.57 1 1
github.com/adhithyan15/coding-adventures/code/packages/go/lattice-ast-to-css/evaluator.go:1571.25,1572.44 1 1
github.com/adhithyan15/coding-adventures/code/packages/go/lattice-ast-to-css/evaluator.go:1574.2,1574.67 1 0
github.com/adhithyan15/coding-adventures/code/packages/go/lattice-ast-to-css/evaluator.go:1584.78,1585.38 1 1
github.com/adhithyan15/coding-adventures/code/packages/go/lattice-ast-to-css/evaluator.go:1585.38,1586.28 1 1
github.com/adhithyan15/coding-adventures/code/packages/go/lattice-ast-to-css/evaluator.go:1587.20,1590.52 2 1
github.com/adhithyan15/coding-adventures/code/packages/go/lattice-ast-to-css/evaluator.go:1590.52,1591.13 1 0
github.com/adhithyan15/coding-adventures/code/packages/go/lattice-ast-to-css/evaluator.go:1594.4,1594.30 1 1
github.com/adhithyan15/coding-adventures/code/packages/go/lattice-ast-to-css/evaluator.go:1594.30,1597.12 2 1
github.com/adhithyan15/coding-adventures/code/packages/go/lattice-ast-to-css/evaluator.go:1597.12,1600.6 1 0
github.com/adhithyan15/coding-adventures/code/packages/go/lattice-ast-to-css/evaluator.go:1601.5,1601.41 1 1
github.com/adhithyan15/coding-adventures/code/packages/go/lattice-ast-to-css/evaluator.go:1601.41,1603.6 1 0
github.com/adhithyan15/coding-adventures/code/packages/go/lattice-ast-to-css/evaluator.go:1605.5,1605.45 1 1
github.com/adhithyan15/coding-adventures/code/packages/go/lattice-ast-to-css/evaluator.go:1605.45,1607.6 1 1
github.com/adhithyan15/coding-adventures/code/packages/go/lattice-ast-to-css/evaluator.go:1609.5,1609.41 1 0
github.com/adhithyan15/coding-adventures/code/packages/go/lattice-ast-to-css/evaluator.go:1609.41,1611.6 1 0
github.com/adhithyan15/coding-adventures/code/packages/go/lattice-ast-to-css/evaluator.go:1612.5,1612.40 1 0
github.com/adhithyan15/coding-adventures/code/packages/go/lattice-ast-to-css/evaluator.go:1615.4,1615.26 1 1
github.com/adhithyan15/coding-adventures/code/packages/go/lattice-ast-to-css/evaluator.go:1617.24,1619.42 1 0
github.com/adhithyan15/coding-adventures/code/packages/go/lattice-ast-to-css/evaluator.go:1619.42,1621.5 1 0
github.com/adhithyan15/coding-adventures/code/packages/go/lattice-ast-to-css/evaluator.go:1623.4,1623.24 1 0
github.com/adhithyan15/coding-adventures/code/packages/go/lattice-ast-to-css/evaluator.go:1626.2,1626.22 1 0
github.com/adhithyan15/coding-adventures/code/packages/go/lattice-ast-to-css/evaluator.go:1637.86,1638.38 1 1
github.com/adhithyan15/coding-adventures/code/packages/go/lattice-ast-to-css/evaluator.go:1638.38,1639.28 1 1
github.com/adhithyan15/coding-adventures/code/packages/go/lattice-ast-to-css/evaluator.go:1640.20,1641.26 1 1
github.com/adhithyan15/coding-adventures/code/packages/go/lattice-ast-to-css/evaluator.go:1642.24,1644.50 2 1
github.com/adhithyan15/coding-adventures/code/packages/go/lattice-ast-to-css/evaluator.go:1644.50,1646.5 1 1
github.com/adhithyan15/coding-adventures/code/packages/go/lattice-ast-to-css/evaluator.go:1649.2,1649.22 1 0
github.com/adhithyan15/coding-adventures/code/packages/go/lattice-ast-to-css/lattice_ast_to_css.go:84.94,87.15 1 1
github.com/adhithyan15/coding-adventures/code/packages/go/lattice-ast-to-css/lattice_ast_to_css.go:87.15,88.31 1 1
github.com/adhithyan15/coding-adventures/code/packages/go/lattice-ast-to-css/lattice_ast_to_css.go:88.31,90.31 1 1
github.com/adhithyan15/coding-adventures/code/packages/go/lattice-ast-to-css/lattice_ast_to_css.go:90.31,93.5 2 1
github.com/adhithyan15/coding-adventures/code/packages/go/lattice-ast-to-css/lattice_ast_to_css.go:94.4,94.73 1 0
github.com/adhithyan15/coding-adventures/code/packages/go/lattice-ast-to-css/lattice_ast_to_css.go:99.2,100.19 2 1
github.com/adhithyan15/coding-adventures/code/packages/go/lattice-ast-to-css/lattice_ast_to_css.go:100.19,102.3 1 0
github.com/adhithyan15/coding-adventures/code/packages/go/lattice-ast-to-css/lattice_ast_to_css.go:103.2,107.21 3 1
github.com/adhithyan15/coding-adventures/code/packages/go/lattice-ast-to-css/lattice_ast_to_css.go:107.21,109.3 1 0
github.com/adhithyan15/coding-adventures/code/packages/go/lattice-ast-to-css/lattice_ast_to_css.go:112.2,114.25 3 1
github.com/adhithyan15/coding-adventures/code/packages/go/lattice-ast-to-css/lattice_ast_to_css.go:114.25,116.3 1 0
github.com/adhithyan15/coding-adventures/code/packages/go/lattice-ast-to-css/lattice_ast_to_css.go:119.2,122.17 3 1
[...]
github.com/adhithyan15/coding-adventures/code/packages/go/lattice-ast-to-css/transformer.go:1764.4,1764.12 1 1
github.com/adhithyan15/coding-adventures/code/packages/go/lattice-ast-to-css/transformer.go:1766.3,1766.6 1 0
github.com/adhithyan15/coding-adventures/code/packages/go/lattice-ast-to-css/transformer.go:1769.2,1770.29 2 1
github.com/adhithyan15/coding-adventures/code/packages/go/lattice-ast-to-css/transformer.go:1770.29,1771.64 1 1
github.com/adhithyan15/coding-adventures/code/packages/go/lattice-ast-to-css/transformer.go:1771.64,1774.4 2 1
github.com/adhithyan15/coding-adventures/code/packages/go/lattice-ast-to-css/transformer.go:1784.96,1785.18 1 1
github.com/adhithyan15/coding-adventures/code/packages/go/lattice-ast-to-css/transformer.go:1785.18,1787.3 1 0
github.com/adhithyan15/coding-adventures/code/packages/go/lattice-ast-to-css/transformer.go:1789.2,1789.39 1 1
github.com/adhithyan15/coding-adventures/code/packages/go/lattice-ast-to-css/transformer.go:1789.39,1791.10 2 1
github.com/adhithyan15/coding-adventures/code/packages/go/lattice-ast-to-css/transformer.go:1791.10,1792.12 1 1
github.com/adhithyan15/coding-adventures/code/packages/go/lattice-ast-to-css/transformer.go:1795.3,1795.23 1 1
github.com/adhithyan15/coding-adventures/code/packages/go/lattice-ast-to-css/transformer.go:1796.25,1797.41 1 1
github.com/adhithyan15/coding-adventures/code/packages/go/lattice-ast-to-css/transformer.go:1798.21,1799.30 1 1
github.com/adhithyan15/coding-adventures/code/packages/go/lattice-ast-to-css/transformer.go:1799.30,1800.13 1 0
github.com/adhithyan15/coding-adventures/code/packages/go/lattice-ast-to-css/transformer.go:1802.4,1803.11 2 1
github.com/adhithyan15/coding-adventures/code/packages/go/lattice-ast-to-css/transformer.go:1803.11,1804.13 1 0
github.com/adhithyan15/coding-adventures/code/packages/go/lattice-ast-to-css/transformer.go:1806.4,1806.26 1 1
github.com/adhithyan15/coding-adventures/code/packages/go/lattice-ast-to-css/transformer.go:1807.19,1808.46 1 1
github.com/adhithyan15/coding-adventures/code/packages/go/lattice-ast-to-css/transformer.go:1809.30,1810.40 1 0
github.com/adhithyan15/coding-adventures/code/packages/go/lattice-ast-to-css/transformer.go:1810.40,1811.49 1 0
github.com/adhithyan15/coding-adventures/code/packages/go/lattice-ast-to-css/transformer.go:1811.49,1812.52 1 0
github.com/adhithyan15/coding-adventures/code/packages/go/lattice-ast-to-css/transformer.go:1812.52,1814.8 1 0
github.com/adhithyan15/coding-adventures/code/packages/go/lattice-ast-to-css/transformer.go:1828.97,1829.38 1 1
github.com/adhithyan15/coding-adventures/code/packages/go/lattice-ast-to-css/transformer.go:1829.38,1831.10 2 1
github.com/adhithyan15/coding-adventures/code/packages/go/lattice-ast-to-css/transformer.go:1831.10,1832.12 1 0
github.com/adhithyan15/coding-adventures/code/packages/go/lattice-ast-to-css/transformer.go:1834.3,1834.67 1 1
github.com/adhithyan15/coding-adventures/code/packages/go/lattice-ast-to-css/transformer.go:1834.67,1836.40 1 1
github.com/adhithyan15/coding-adventures/code/packages/go/lattice-ast-to-css/transformer.go:1836.40,1837.79 1 1
github.com/adhithyan15/coding-adventures/code/packages/go/lattice-ast-to-css/transformer.go:1837.79,1840.40 3 1
github.com/adhithyan15/coding-adventures/code/packages/go/lattice-ast-to-css/transformer.go:1852.88,1857.38 3 1
github.com/adhithyan15/coding-adventures/code/packages/go/lattice-ast-to-css/transformer.go:1857.38,1859.10 2 1
github.com/adhithyan15/coding-adventures/code/packages/go/lattice-ast-to-css/transformer.go:1859.10,1860.12 1 0
github.com/adhithyan15/coding-adventures/code/packages/go/lattice-ast-to-css/transformer.go:1862.3,1862.37 1 1
github.com/adhithyan15/coding-adventures/code/packages/go/lattice-ast-to-css/transformer.go:1862.37,1863.33 1 1
github.com/adhithyan15/coding-adventures/code/packages/go/lattice-ast-to-css/transformer.go:1863.33,1864.30 1 1
github.com/adhithyan15/coding-adventures/code/packages/go/lattice-ast-to-css/transformer.go:1864.30,1867.6 2 1
github.com/adhithyan15/coding-adventures/code/packages/go/lattice-ast-to-css/transformer.go:1868.10,1870.5 1 1
github.com/adhithyan15/coding-adventures/code/packages/go/lattice-ast-to-css/transformer.go:1874.2,1874.27 1 1
github.com/adhithyan15/coding-adventures/code/packages/go/lattice-ast-to-css/transformer.go:1874.27,1876.3 1 1
github.com/adhithyan15/coding-adventures/code/packages/go/lattice-ast-to-css/transformer.go:1878.2,1878.13 1 1
github.com/adhithyan15/coding-adventures/code/packages/go/lattice-ast-to-css/transformer.go:1882.76,1883.29 1 1
github.com/adhithyan15/coding-adventures/code/packages/go/lattice-ast-to-css/transformer.go:1883.29,1884.52 1 1
github.com/adhithyan15/coding-adventures/code/packages/go/lattice-ast-to-css/transformer.go:1884.52,1886.4 1 1
github.com/adhithyan15/coding-adventures/code/packages/go/lattice-ast-to-css/transformer.go:1888.2,1888.14 1 0
github.com/adhithyan15/coding-adventures/code/packages/go/lattice-ast-to-css/transformer.go:1892.90,1894.29 2 1
github.com/adhithyan15/coding-adventures/code/packages/go/lattice-ast-to-css/transformer.go:1894.29,1895.44 1 1
github.com/adhithyan15/coding-adventures/code/packages/go/lattice-ast-to-css/transformer.go:1895.44,1902.4 2 1
github.com/adhithyan15/coding-adventures/code/packages/go/lattice-ast-to-css/transformer.go:1904.2,1907.3 1 1
github.com/adhithyan15/coding-adventures/code/packages/go/lattice-ast-to-css/transformer.go:1922.97,1926.38 3 0
github.com/adhithyan15/coding-adventures/code/packages/go/lattice-ast-to-css/transformer.go:1926.38,1927.45 1 0
github.com/adhithyan15/coding-adventures/code/packages/go/lattice-ast-to-css/transformer.go:1927.45,1928.24 1 0
github.com/adhithyan15/coding-adventures/code/packages/go/lattice-ast-to-css/transformer.go:1929.30,1930.20 1 0
github.com/adhithyan15/coding-adventures/code/packages/go/lattice-ast-to-css/transformer.go:1931.17,1932.16 1 0
github.com/adhithyan15/coding-adventures/code/packages/go/lattice-ast-to-css/transformer.go:1937.2,1937.38 1 0
github.com/adhithyan15/coding-adventures/code/packages/go/lattice-ast-to-css/transformer.go:1937.38,1939.3 1 0
github.com/adhithyan15/coding-adventures/code/packages/go/lattice-ast-to-css/transformer.go:1941.2,1944.6 3 0
github.com/adhithyan15/coding-adventures/code/packages/go/lattice-ast-to-css/transformer.go:1944.6,1948.26 3 0
github.com/adhithyan15/coding-adventures/code/packages/go/lattice-ast-to-css/transformer.go:1948.26,1949.9 1 0
github.com/adhithyan15/coding-adventures/code/packages/go/lattice-ast-to-css/transformer.go:1952.3,1953.39 2 0
github.com/adhithyan15/coding-adventures/code/packages/go/lattice-ast-to-css/transformer.go:1953.39,1954.59 1 0
github.com/adhithyan15/coding-adventures/code/packages/go/lattice-ast-to-css/transformer.go:1957.3,1958.39 2 0
github.com/adhithyan15/coding-adventures/code/packages/go/lattice-ast-to-css/transformer.go:1961.2,1961.15 1 0
github.com/adhithyan15/coding-adventures/code/packages/go/lattice-ast-to-css/transformer.go:1973.110,1976.38 2 1
github.com/adhithyan15/coding-adventures/code/packages/go/lattice-ast-to-css/transformer.go:1976.38,1977.28 1 1
github.com/adhithyan15/coding-adventures/code/packages/go/lattice-ast-to-css/transformer.go:1978.20,1979.38 1 1
github.com/adhithyan15/coding-adventures/code/packages/go/lattice-ast-to-css/transformer.go:1979.38,1981.12 2 0
github.com/adhithyan15/coding-adventures/code/packages/go/lattice-ast-to-css/transformer.go:1981.12,1982.65 1 0
github.com/adhithyan15/coding-adventures/code/packages/go/lattice-ast-to-css/transformer.go:1984.5,1985.41 2 0
github.com/adhithyan15/coding-adventures/code/packages/go/lattice-ast-to-css/transformer.go:1985.41,1987.6 1 0
github.com/adhithyan15/coding-adventures/code/packages/go/lattice-ast-to-css/transformer.go:1987.11,1987.52 1 0
github.com/adhithyan15/coding-adventures/code/packages/go/lattice-ast-to-css/transformer.go:1987.52,1991.6 3 0
github.com/adhithyan15/coding-adventures/code/packages/go/lattice-ast-to-css/transformer.go:1991.11,1993.6 1 0
github.com/adhithyan15/coding-adventures/code/packages/go/lattice-ast-to-css/transformer.go:1995.5,1996.70 2 0
github.com/adhithyan15/coding-adventures/code/packages/go/lattice-ast-to-css/transformer.go:1997.10,1999.5 1 1
github.com/adhithyan15/coding-adventures/code/packages/go/lattice-ast-to-css/transformer.go:2000.24,2001.61 1 1
github.com/adhithyan15/coding-adventures/code/packages/go/lattice-ast-to-css/transformer.go:2002.11,2003.44 1 0
github.com/adhithyan15/coding-adventures/code/packages/go/lattice-ast-to-css/transformer.go:2007.2,2008.13 2 1
github.com/adhithyan15/coding-adventures/code/packages/go/lattice-ast-to-css/transformer.go:2020.99,2021.35 1 0
github.com/adhithyan15/coding-adventures/code/packages/go/lattice-ast-to-css/transformer.go:2021.35,2023.3 1 0
github.com/adhithyan15/coding-adventures/code/packages/go/lattice-ast-to-css/transformer.go:2025.2,2026.25 2 0
github.com/adhithyan15/coding-adventures/code/packages/go/lattice-ast-to-css/transformer.go:2026.25,2028.3 1 0
github.com/adhithyan15/coding-adventures/code/packages/go/lattice-ast-to-css/transformer.go:2031.2,2032.34 2 0
github.com/adhithyan15/coding-adventures/code/packages/go/lattice-ast-to-css/transformer.go:2032.34,2034.3 1 0
github.com/adhithyan15/coding-adventures/code/packages/go/lattice-ast-to-css/transformer.go:2036.2,2036.70 1 0
github.com/adhithyan15/coding-adventures/code/packages/go/lattice-ast-to-css/transformer.go:2047.96,2051.38 3 0
github.com/adhithyan15/coding-adventures/code/packages/go/lattice-ast-to-css/transformer.go:2051.38,2052.45 1 0
github.com/adhithyan15/coding-adventures/code/packages/go/lattice-ast-to-css/transformer.go:2052.45,2053.24 1 0
github.com/adhithyan15/coding-adventures/code/packages/go/lattice-ast-to-css/transformer.go:2054.17,2055.16 1 0
github.com/adhithyan15/coding-adventures/code/packages/go/lattice-ast-to-css/transformer.go:2056.25,2057.23 1 0
github.com/adhithyan15/coding-adventures/code/packages/go/lattice-ast-to-css/transformer.go:2062.2,2062.18 1 0
github.com/adhithyan15/coding-adventures/code/packages/go/lattice-ast-to-css/transformer.go:2062.18,2064.3 1 0
github.com/adhithyan15/coding-adventures/code/packages/go/lattice-ast-to-css/transformer.go:2066.2,2066.25 1 0
github.com/adhithyan15/coding-adventures/code/packages/go/lattice-ast-to-css/transformer.go:2066.25,2072.3 4 0
github.com/adhithyan15/coding-adventures/code/packages/go/lattice-ast-to-css/transformer.go:2072.8,2076.3 2 0
github.com/adhithyan15/coding-adventures/code/packages/go/lattice-ast-to-css/transformer.go:2078.2,2078.12 1 0
github.com/adhithyan15/coding-adventures/code/packages/go/lattice-ast-to-css/transformer.go:2082.69,2087.2 1 0
github.com/adhithyan15/coding-adventures/code/packages/go/lattice-ast-to-css/transformer.go:2094.85,2097.38 2 0
github.com/adhithyan15/coding-adventures/code/packages/go/lattice-ast-to-css/transformer.go:2097.38,2098.80 1 0
github.com/adhithyan15/coding-adventures/code/packages/go/lattice-ast-to-css/transformer.go:2098.80,2100.4 1 0
github.com/adhithyan15/coding-adventures/code/packages/go/lattice-ast-to-css/transformer.go:2103.2,2103.18 1 0
github.com/adhithyan15/coding-adventures/code/packages/go/lattice-ast-to-css/transformer.go:2103.18,2104.48 1 0
github.com/adhithyan15/coding-adventures/code/packages/go/lattice-ast-to-css/transformer.go:2104.48,2106.4 1 0
github.com/adhithyan15/coding-adventures/code/packages/go/lattice-ast-to-css/transformer.go:2111.55,2113.38 2 1
github.com/adhithyan15/coding-adventures/code/packages/go/lattice-ast-to-css/transformer.go:2113.38,2114.41 1 1
github.com/adhithyan15/coding-adventures/code/packages/go/lattice-ast-to-css/transformer.go:2114.41,2116.4 1 1
github.com/adhithyan15/coding-adventures/code/packages/go/lattice-ast-to-css/transformer.go:2118.2,2118.32 1 1
github.com/adhithyan15/coding-adventures/code/packages/go/lattice-ast-to-css/transformer.go:2130.128,2134.38 2 0
github.com/adhithyan15/coding-adventures/code/packages/go/lattice-ast-to-css/transformer.go:2134.38,2135.80 1 0
github.com/adhithyan15/coding-adventures/code/packages/go/lattice-ast-to-css/transformer.go:2135.80,2138.9 3 0
github.com/adhithyan15/coding-adventures/code/packages/go/lattice-ast-to-css/transformer.go:2142.2,2144.47 2 0
github.com/adhithyan15/coding-adventures/code/packages/go/lattice-ast-to-css/transformer.go:2144.47,2147.3 1 0
github.com/adhithyan15/coding-adventures/code/packages/go/lattice-ast-to-css/transformer.go:2149.2,2150.37 2 0
github.com/adhithyan15/coding-adventures/code/packages/go/lattice-ast-to-css/transformer.go:2154.88,2158.38 3 0
github.com/adhithyan15/coding-adventures/code/packages/go/lattice-ast-to-css/transformer.go:2158.38,2159.79 1 0
github.com/adhithyan15/coding-adventures/code/packages/go/lattice-ast-to-css/transformer.go:2159.79,2160.36 1 0
github.com/adhithyan15/coding-adventures/code/packages/go/lattice-ast-to-css/transformer.go:2160.36,2161.40 1 0
github.com/adhithyan15/coding-adventures/code/packages/go/lattice-ast-to-css/transformer.go:2161.40,2162.39 1 0
github.com/adhithyan15/coding-adventures/code/packages/go/lattice-ast-to-css/transformer.go:2162.39,2163.33 1 0
github.com/adhithyan15/coding-adventures/code/packages/go/lattice-ast-to-css/transformer.go:2163.33,2166.8 2 0
github.com/adhithyan15/coding-adventures/code/packages/go/lattice-ast-to-css/transformer.go:2167.7,2167.15 1 0
github.com/adhithyan15/coding-adventures/code/packages/go/lattice-ast-to-css/transformer.go:2169.6,2169.47 1 0
github.com/adhithyan15/coding-adventures/code/packages/go/lattice-ast-to-css/transformer.go:2170.11,2170.56 1 0
github.com/adhithyan15/coding-adventures/code/packages/go/lattice-ast-to-css/transformer.go:2170.56,2174.6 2 0
github.com/adhithyan15/coding-adventures/code/packages/go/lattice-ast-to-css/transformer.go:2179.2,2179.28 1 0
github.com/adhithyan15/coding-adventures/code/packages/go/lattice-ast-to-css/transformer.go:2179.28,2181.3 1 0
github.com/adhithyan15/coding-adventures/code/packages/go/lattice-ast-to-css/transformer.go:2183.2,2183.13 1 0
github.com/adhithyan15/coding-adventures/code/packages/go/lattice-ast-to-css/transformer.go:2187.80,2188.22 1 0
github.com/adhithyan15/coding-adventures/code/packages/go/lattice-ast-to-css/transformer.go:2188.22,2189.45 1 0
github.com/adhithyan15/coding-adventures/code/packages/go/lattice-ast-to-css/transformer.go:2189.45,2190.40 1 0
github.com/adhithyan15/coding-adventures/code/packages/go/lattice-ast-to-css/transformer.go:2190.40,2192.11 2 0
github.com/adhithyan15/coding-adventures/code/packages/go/lattice-ast-to-css/transformer.go:2192.11,2193.42 1 0
github.com/adhithyan15/coding-adventures/code/packages/go/lattice-ast-to-css/transformer.go:2193.42,2195.7 1 0
github.com/adhithyan15/coding-adventures/code/packages/go/lattice-ast-to-css/transformer.go:2196.6,2196.46 1 0
github.com/adhithyan15/coding-adventures/code/packages/go/lattice-ast-to-css/transformer.go:2196.46,2198.7 1 0
github.com/adhithyan15/coding-adventures/code/packages/go/lattice-ast-to-css/transformer.go:2201.4,2201.28 1 0
github.com/adhithyan15/coding-adventures/code/packages/go/lattice-ast-to-css/transformer.go:2204.2,2204.21 1 0
github.com/adhithyan15/coding-adventures/code/packages/go/lattice-ast-to-css/transformer.go:2204.21,2205.45 1 0
github.com/adhithyan15/coding-adventures/code/packages/go/lattice-ast-to-css/transformer.go:2205.45,2207.4 1 0
github.com/adhithyan15/coding-adventures/code/packages/go/lattice-ast-to-css/transformer.go:2209.2,2209.22 1 0
github.com/adhithyan15/coding-adventures/code/packages/go/lattice-ast-to-css/transformer.go:2221.60,2222.17 1 1
github.com/adhithyan15/coding-adventures/code/packages/go/lattice-ast-to-css/transformer.go:2222.17,2224.3 1 0
github.com/adhithyan15/coding-adventures/code/packages/go/lattice-ast-to-css/transformer.go:2226.2,2227.38 2 1
github.com/adhithyan15/coding-adventures/code/packages/go/lattice-ast-to-css/transformer.go:2227.38,2228.45 1 1
github.com/adhithyan15/coding-adventures/code/packages/go/lattice-ast-to-css/transformer.go:2228.45,2231.56 2 1
github.com/adhithyan15/coding-adventures/code/packages/go/lattice-ast-to-css/transformer.go:2231.56,2232.13 1 0
github.com/adhithyan15/coding-adventures/code/packages/go/lattice-ast-to-css/transformer.go:2235.3,2235.43 1 1
github.com/adhithyan15/coding-adventures/code/packages/go/lattice-ast-to-css/transformer.go:2237.2,2237.29 1 1
github.com/adhithyan15/coding-adventures/code/packages/go/lattice-ast-to-css/transformer.go:2246.41,2247.38 1 1
github.com/adhithyan15/coding-adventures/code/packages/go/lattice-ast-to-css/transformer.go:2247.38,2249.3 1 1
github.com/adhithyan15/coding-adventures/code/packages/go/lattice-ast-to-css/transformer.go:2250.2,2250.10 1 0
github.com/adhithyan15/coding-adventures/code/packages/go/lattice-ast-to-css/transformer.go:2254.49,2257.2 2 1
github.com/adhithyan15/coding-adventures/code/packages/go/lattice-ast-to-css/transformer.go:2260.42,2261.25 1 1
github.com/adhithyan15/coding-adventures/code/packages/go/lattice-ast-to-css/transformer.go:2262.21,2263.17 1 1
github.com/adhithyan15/coding-adventures/code/packages/go/lattice-ast-to-css/transformer.go:2264.24,2265.17 1 0
github.com/adhithyan15/coding-adventures/code/packages/go/lattice-ast-to-css/transformer.go:2266.25,2267.17 1 0
github.com/adhithyan15/coding-adventures/code/packages/go/lattice-ast-to-css/transformer.go:2269.2,2269.10 1 0
github.com/adhithyan15/coding-adventures/code/packages/go/lattice-ast-to-css/transformer.go:2273.54,2275.9 2 1
github.com/adhithyan15/coding-adventures/code/packages/go/lattice-ast-to-css/transformer.go:2275.9,2277.3 1 0
github.com/adhithyan15/coding-adventures/code/packages/go/lattice-ast-to-css/transformer.go:2278.2,2278.28 1 1
github.com/adhithyan15/coding-adventures/code/packages/go/lattice-ast-to-css/transformer.go:2278.28,2280.41 2 1
github.com/adhithyan15/coding-adventures/code/packages/go/lattice-ast-to-css/transformer.go:2280.41,2282.4 1 1
github.com/adhithyan15/coding-adventures/code/packages/go/lattice-ast-to-css/transformer.go:2283.3,2283.15 1 0
github.com/adhithyan15/coding-adventures/code/packages/go/lattice-ast-to-css/transformer.go:2285.2,2285.13 1 0
github.com/adhithyan15/coding-adventures/code/packages/go/lattice-ast-to-css/transformer.go:2290.68,2297.2 1 1
github.com/adhithyan15/coding-adventures/code/packages/go/lattice-ast-to-css/transformer.go:2301.71,2304.17 2 1
github.com/adhithyan15/coding-adventures/code/packages/go/lattice-ast-to-css/transformer.go:2304.17,2306.3 1 1
github.com/adhithyan15/coding-adventures/code/packages/go/lattice-ast-to-css/transformer.go:2306.8,2308.3 1 0
github.com/adhithyan15/coding-adventures/code/packages/go/lattice-ast-to-css/transformer.go:2309.2,2312.3 1 1
github.com/adhithyan15/coding-adventures/code/packages/go/lattice-ast-to-css/transformer.go:2324.57,2325.17 1 1
github.com/adhithyan15/coding-adventures/code/packages/go/lattice-ast-to-css/transformer.go:2325.17,2327.3 1 0
github.com/adhithyan15/coding-adventures/code/packages/go/lattice-ast-to-css/transformer.go:2328.2,2332.38 2 1
github.com/adhithyan15/coding-adventures/code/packages/go/lattice-ast-to-css/transformer.go:2332.38,2333.28 1 1
github.com/adhithyan15/coding-adventures/code/packages/go/lattice-ast-to-css/transformer.go:2334.24,2335.40 1 1
github.com/adhithyan15/coding-adventures/code/packages/go/lattice-ast-to-css/transformer.go:2336.20,2337.26 1 1
github.com/adhithyan15/coding-adventures/code/packages/go/lattice-ast-to-css/transformer.go:2338.11,2339.30 1 0
github.com/adhithyan15/coding-adventures/code/packages/go/lattice-ast-to-css/transformer.go:2342.2,2342.15 1 1
github.com/adhithyan15/coding-adventures/code/packages/go/lattice-ast-to-css/transformer.go:2346.48,2347.42 1 1
github.com/adhithyan15/coding-adventures/code/packages/go/lattice-ast-to-css/transformer.go:2347.42,2349.3 1 1
github.com/adhithyan15/coding-adventures/code/packages/go/lattice-ast-to-css/transformer.go:2350.2,2350.12 1 0
