mode: set
github.com/adhithyan15/coding-adventures/code/packages/go/lattice-ast-to-css/emitter.go:100.60,101.18 1 1
github.com/adhithyan15/coding-adventures/code/packages/go/lattice-ast-to-css/emitter.go:101.18,103.3 1 1
github.com/adhithyan15/coding-adventures/code/packages/go/lattice-ast-to-css/emitter.go:104.2,107.3 1 1
github.com/adhithyan15/coding-adventures/code/packages/go/lattice-ast-to-css/emitter.go:114.56,115.17 1 1
github.com/adhithyan15/coding-adventures/code/packages/go/lattice-ast-to-css/emitter.go:115.17,117.3 1 1
github.com/adhithyan15/coding-adventures/code/packages/go/lattice-ast-to-css/emitter.go:118.2,121.18 4 1
github.com/adhithyan15/coding-adventures/code/packages/go/lattice-ast-to-css/emitter.go:121.18,123.3 1 0
github.com/adhithyan15/coding-adventures/code/packages/go/lattice-ast-to-css/emitter.go:124.2,124.15 1 1
github.com/adhithyan15/coding-adventures/code/packages/go/lattice-ast-to-css/emitter.go:124.15,126.3 1 1
github.com/adhithyan15/coding-adventures/code/packages/go/lattice-ast-to-css/emitter.go:127.2,127.15 1 1
github.com/adhithyan15/coding-adventures/code/packages/go/lattice-ast-to-css/emitter.go:135.91,137.38 2 1
github.com/adhithyan15/coding-adventures/code/packages/go/lattice-ast-to-css/emitter.go:137.38,139.10 2 1
github.com/adhithyan15/coding-adventures/code/packages/go/lattice-ast-to-css/emitter.go:139.10,140.12 1 0
github.com/adhithyan15/coding-adventures/code/packages/go/lattice-ast-to-css/emitter.go:143.3,143.23 1 1
github.com/adhithyan15/coding-adventures/code/packages/go/lattice-ast-to-css/emitter.go:144.15,146.26 1 1
github.com/adhithyan15/coding-adventures/code/packages/go/lattice-ast-to-css/emitter.go:146.26,147.13 1 0
github.com/adhithyan15/coding-adventures/code/packages/go/lattice-ast-to-css/emitter.go:149.4,149.27 1 1
github.com/adhithyan15/coding-adventures/code/packages/go/lattice-ast-to-css/emitter.go:149.27,151.5 1 1
github.com/adhithyan15/coding-adventures/code/packages/go/lattice-ast-to-css/emitter.go:152.4,153.17 2 1
github.com/adhithyan15/coding-adventures/code/packages/go/lattice-ast-to-css/emitter.go:154.11,156.27 1 0
github.com/adhithyan15/coding-adventures/code/packages/go/lattice-ast-to-css/emitter.go:156.27,157.28 1 0
github.com/adhithyan15/coding-adventures/code/packages/go/lattice-ast-to-css/emitter.go:157.28,159.6 1 0
github.com/adhithyan15/coding-adventures/code/packages/go/lattice-ast-to-css/emitter.go:160.5,161.18 2 0
github.com/adhithyan15/coding-adventures/code/packages/go/lattice-ast-to-css/emitter.go:171.61,172.44 1 1
github.com/adhithyan15/coding-adventures/code/packages/go/lattice-ast-to-css/emitter.go:172.44,174.3 1 0
github.com/adhithyan15/coding-adventures/code/packages/go/lattice-ast-to-css/emitter.go:175.2,175.14 1 1
github.com/adhithyan15/coding-adventures/code/packages/go/lattice-ast-to-css/emitter.go:185.85,186.38 1 1
github.com/adhithyan15/coding-adventures/code/packages/go/lattice-ast-to-css/emitter.go:186.38,187.45 1 1
github.com/adhithyan15/coding-adventures/code/packages/go/lattice-ast-to-css/emitter.go:187.45,189.4 1 1
github.com/adhithyan15/coding-adventures/code/packages/go/lattice-ast-to-css/emitter.go:194.84,195.17 1 1
github.com/adhithyan15/coding-adventures/code/packages/go/lattice-ast-to-css/emitter.go:195.17,197.3 1 0
github.com/adhithyan15/coding-adventures/code/packages/go/lattice-ast-to-css/emitter.go:198.2,198.23 1 1
github.com/adhithyan15/coding-adventures/code/packages/go/lattice-ast-to-css/emitter.go:199.24,200.39 1 1
github.com/adhithyan15/coding-adventures/code/packages/go/lattice-ast-to-css/emitter.go:201.17,202.32 1 1
github.com/adhithyan15/coding-adventures/code/packages/go/lattice-ast-to-css/emitter.go:203.15,204.31 1 0
github.com/adhithyan15/coding-adventures/code/packages/go/lattice-ast-to-css/emitter.go:205.24,206.39 1 0
github.com/adhithyan15/coding-adventures/code/packages/go/lattice-ast-to-css/emitter.go:207.20,208.35 1 0
github.com/adhithyan15/coding-adventures/code/packages/go/lattice-ast-to-css/emitter.go:209.31,210.45 1 0
github.com/adhithyan15/coding-adventures/code/packages/go/lattice-ast-to-css/emitter.go:211.21,212.37 1 0
github.com/adhithyan15/coding-adventures/code/packages/go/lattice-ast-to-css/emitter.go:213.10,215.37 1 0
github.com/adhithyan15/coding-adventures/code/packages/go/lattice-ast-to-css/emitter.go:243.94,250.38 4 1
github.com/adhithyan15/coding-adventures/code/packages/go/lattice-ast-to-css/emitter.go:250.38,252.10 2 1
github.com/adhithyan15/coding-adventures/code/packages/go/lattice-ast-to-css/emitter.go:252.10,253.12 1 0
github.com/adhithyan15/coding-adventures/code/packages/go/lattice-ast-to-css/emitter.go:255.3,255.23 1 1
github.com/adhithyan15/coding-adventures/code/packages/go/lattice-ast-to-css/emitter.go:256.35,257.22 1 1
github.com/adhithyan15/coding-adventures/code/packages/go/lattice-ast-to-css/emitter.go:258.16,259.19 1 1
github.com/adhithyan15/coding-adventures/code/packages/go/lattice-ast-to-css/emitter.go:264.2,264.25 1 1
github.com/adhithyan15/coding-adventures/code/packages/go/lattice-ast-to-css/emitter.go:264.25,266.16 2 1
github.com/adhithyan15/coding-adventures/code/packages/go/lattice-ast-to-css/emitter.go:266.16,268.4 1 1
github.com/adhithyan15/coding-adventures/code/packages/go/lattice-ast-to-css/emitter.go:272.2,272.22 1 1
github.com/adhithyan15/coding-adventures/code/packages/go/lattice-ast-to-css/emitter.go:272.22,274.3 1 1
github.com/adhithyan15/coding-adventures/code/packages/go/lattice-ast-to-css/emitter.go:274.8,276.3 1 0
github.com/adhithyan15/coding-adventures/code/packages/go/lattice-ast-to-css/emitter.go:278.2,278.15 1 1
github.com/adhithyan15/coding-adventures/code/packages/go/lattice-ast-to-css/emitter.go:278.15,280.3 1 1
github.com/adhithyan15/coding-adventures/code/packages/go/lattice-ast-to-css/emitter.go:290.84,293.2 2 1
github.com/adhithyan15/coding-adventures/code/packages/go/lattice-ast-to-css/emitter.go:300.75,302.38 2 1
github.com/adhithyan15/coding-adventures/code/packages/go/lattice-ast-to-css/emitter.go:302.38,303.28 1 1
github.com/adhithyan15/coding-adventures/code/packages/go/lattice-ast-to-css/emitter.go:304.20,306.20 2 1
github.com/adhithyan15/coding-adventures/code/packages/go/lattice-ast-to-css/emitter.go:307.41,307.41 0 0
github.com/adhithyan15/coding-adventures/code/packages/go/lattice-ast-to-css/emitter.go:309.22,311.23 1 0
github.com/adhithyan15/coding-adventures/code/packages/go/lattice-ast-to-css/emitter.go:311.23,313.6 1 0
github.com/adhithyan15/coding-adventures/code/packages/go/lattice-ast-to-css/emitter.go:314.12,316.19 2 1
github.com/adhithyan15/coding-adventures/code/packages/go/lattice-ast-to-css/emitter.go:316.19,318.6 1 1
github.com/adhithyan15/coding-adventures/code/packages/go/lattice-ast-to-css/emitter.go:320.24,322.33 2 1
github.com/adhithyan15/coding-adventures/code/packages/go/lattice-ast-to-css/emitter.go:325.2,325.14 1 1
github.com/adhithyan15/coding-adventures/code/packages/go/lattice-ast-to-css/emitter.go:349.87,353.38 3 1
github.com/adhithyan15/coding-adventures/code/packages/go/lattice-ast-to-css/emitter.go:353.38,354.28 1 1
github.com/adhithyan15/coding-adventures/code/packages/go/lattice-ast-to-css/emitter.go:355.20,357.20 2 1
github.com/adhithyan15/coding-adventures/code/packages/go/lattice-ast-to-css/emitter.go:358.22,360.24 2 1
github.com/adhithyan15/coding-adventures/code/packages/go/lattice-ast-to-css/emitter.go:361.21,362.24 1 0
github.com/adhithyan15/coding-adventures/code/packages/go/lattice-ast-to-css/emitter.go:364.24,365.22 1 1
github.com/adhithyan15/coding-adventures/code/packages/go/lattice-ast-to-css/emitter.go:366.22,368.18 2 1
github.com/adhithyan15/coding-adventures/code/packages/go/lattice-ast-to-css/emitter.go:368.18,370.6 1 1
github.com/adhithyan15/coding-adventures/code/packages/go/lattice-ast-to-css/emitter.go:371.17,373.18 2 1
github.com/adhithyan15/coding-adventures/code/packages/go/lattice-ast-to-css/emitter.go:373.18,375.6 1 1
github.com/adhithyan15/coding-adventures/code/packages/go/lattice-ast-to-css/emitter.go:380.2,380.18 1 1
github.com/adhithyan15/coding-adventures/code/packages/go/lattice-ast-to-css/emitter.go:380.18,382.16 2 0
github.com/adhithyan15/coding-adventures/code/packages/go/lattice-ast-to-css/emitter.go:382.16,384.4 1 0
github.com/adhithyan15/coding-adventures/code/packages/go/lattice-ast-to-css/emitter.go:392.79,396.2 2 1
github.com/adhithyan15/coding-adventures/code/packages/go/lattice-ast-to-css/emitter.go:399.76,401.38 2 1
github.com/adhithyan15/coding-adventures/code/packages/go/lattice-ast-to-css/emitter.go:401.38,402.28 1 1
github.com/adhithyan15/coding-adventures/code/packages/go/lattice-ast-to-css/emitter.go:403.20,405.20 2 1
github.com/adhithyan15/coding-adventures/code/packages/go/lattice-ast-to-css/emitter.go:406.33,406.33 0 0
github.com/adhithyan15/coding-adventures/code/packages/go/lattice-ast-to-css/emitter.go:408.18,409.45 1 0
github.com/adhithyan15/coding-adventures/code/packages/go/lattice-ast-to-css/emitter.go:410.17,413.23 1 1
github.com/adhithyan15/coding-adventures/code/packages/go/lattice-ast-to-css/emitter.go:413.23,415.6 1 0
github.com/adhithyan15/coding-adventures/code/packages/go/lattice-ast-to-css/emitter.go:415.11,417.6 1 1
github.com/adhithyan15/coding-adventures/code/packages/go/lattice-ast-to-css/emitter.go:418.12,419.22 1 1
github.com/adhithyan15/coding-adventures/code/packages/go/lattice-ast-to-css/emitter.go:419.22,421.6 1 1
github.com/adhithyan15/coding-adventures/code/packages/go/lattice-ast-to-css/emitter.go:423.24,425.33 2 1
github.com/adhithyan15/coding-adventures/code/packages/go/lattice-ast-to-css/emitter.go:428.2,428.14 1 1
github.com/adhithyan15/coding-adventures/code/packages/go/lattice-ast-to-css/emitter.go:449.86,451.15 2 1
github.com/adhithyan15/coding-adventures/code/packages/go/lattice-ast-to-css/emitter.go:451.15,453.3 1 1
github.com/adhithyan15/coding-adventures/code/packages/go/lattice-ast-to-css/emitter.go:455.2,455.38 1 1
github.com/adhithyan15/coding-adventures/code/packages/go/lattice-ast-to-css/emitter.go:455.38,456.28 1 1
github.com/adhithyan15/coding-adventures/code/packages/go/lattice-ast-to-css/emitter.go:457.20,457.20 0 1
github.com/adhithyan15/coding-adventures/code/packages/go/lattice-ast-to-css/emitter.go:459.24,460.22 1 1
github.com/adhithyan15/coding-adventures/code/packages/go/lattice-ast-to-css/emitter.go:461.26,462.40 1 1
github.com/adhithyan15/coding-adventures/code/packages/go/lattice-ast-to-css/emitter.go:463.12,464.30 1 0
github.com/adhithyan15/coding-adventures/code/packages/go/lattice-ast-to-css/emitter.go:469.2,470.21 2 1
github.com/adhithyan15/coding-adventures/code/packages/go/lattice-ast-to-css/emitter.go:483.94,484.38 1 1
github.com/adhithyan15/coding-adventures/code/packages/go/lattice-ast-to-css/emitter.go:484.38,486.10 2 1
github.com/adhithyan15/coding-adventures/code/packages/go/lattice-ast-to-css/emitter.go:486.10,487.12 1 0
github.com/adhithyan15/coding-adventures/code/packages/go/lattice-ast-to-css/emitter.go:489.3,489.34 1 1
github.com/adhithyan15/coding-adventures/code/packages/go/lattice-ast-to-css/emitter.go:494.90,496.38 1 1
github.com/adhithyan15/coding-adventures/code/packages/go/lattice-ast-to-css/emitter.go:496.38,498.10 2 1
github.com/adhithyan15/coding-adventures/code/packages/go/lattice-ast-to-css/emitter.go:498.10,499.12 1 0
github.com/adhithyan15/coding-adventures/code/packages/go/lattice-ast-to-css/emitter.go:501.3,501.23 1 1
github.com/adhithyan15/coding-adventures/code/packages/go/lattice-ast-to-css/emitter.go:502.32,503.45 1 1
github.com/adhithyan15/coding-adventures/code/packages/go/lattice-ast-to-css/emitter.go:504.22,506.37 2 0
github.com/adhithyan15/coding-adventures/code/packages/go/lattice-ast-to-css/emitter.go:507.25,508.39 1 0
github.com/adhithyan15/coding-adventures/code/packages/go/lattice-ast-to-css/emitter.go:509.18,510.32 1 0
github.com/adhithyan15/coding-adventures/code/packages/go/lattice-ast-to-css/emitter.go:511.11,512.29 1 0
github.com/adhithyan15/coding-adventures/code/packages/go/lattice-ast-to-css/emitter.go:521.100,522.38 1 1
github.com/adhithyan15/coding-adventures/code/packages/go/lattice-ast-to-css/emitter.go:522.38,524.10 2 1
github.com/adhithyan15/coding-adventures/code/packages/go/lattice-ast-to-css/emitter.go:524.10,525.12 1 0
github.com/adhithyan15/coding-adventures/code/packages/go/lattice-ast-to-css/emitter.go:527.3,527.23 1 1
github.com/adhithyan15/coding-adventures/code/packages/go/lattice-ast-to-css/emitter.go:528.22,530.37 2 1
github.com/adhithyan15/coding-adventures/code/packages/go/lattice-ast-to-css/emitter.go:531.25,532.39 1 1
github.com/adhithyan15/coding-adventures/code/packages/go/lattice-ast-to-css/emitter.go:533.11,534.29 1 0
github.com/adhithyan15/coding-adventures/code/packages/go/lattice-ast-to-css/emitter.go:558.92,562.38 3 1
github.com/adhithyan15/coding-adventures/code/packages/go/lattice-ast-to-css/emitter.go:562.38,563.28 1 1
github.com/adhithyan15/coding-adventures/code/packages/go/lattice-ast-to-css/emitter.go:564.20,567.45 2 1
github.com/adhithyan15/coding-adventures/code/packages/go/lattice-ast-to-css/emitter.go:567.45,569.5 1 0
github.com/adhithyan15/coding-adventures/code/packages/go/lattice-ast-to-css/emitter.go:570.24,571.22 1 1
github.com/adhithyan15/coding-adventures/code/packages/go/lattice-ast-to-css/emitter.go:572.20,574.38 1 1
github.com/adhithyan15/coding-adventures/code/packages/go/lattice-ast-to-css/emitter.go:575.22,576.18 1 1
github.com/adhithyan15/coding-adventures/code/packages/go/lattice-ast-to-css/emitter.go:581.2,581.20 1 1
github.com/adhithyan15/coding-adventures/code/packages/go/lattice-ast-to-css/emitter.go:581.20,583.3 1 0
github.com/adhithyan15/coding-adventures/code/packages/go/lattice-ast-to-css/emitter.go:585.2,587.15 3 1
github.com/adhithyan15/coding-adventures/code/packages/go/lattice-ast-to-css/emitter.go:587.15,589.3 1 1
github.com/adhithyan15/coding-adventures/code/packages/go/lattice-ast-to-css/emitter.go:591.2,591.22 1 1
github.com/adhithyan15/coding-adventures/code/packages/go/lattice-ast-to-css/emitter.go:591.22,593.3 1 1
github.com/adhithyan15/coding-adventures/code/packages/go/lattice-ast-to-css/emitter.go:594.2,595.15 2 1
github.com/adhithyan15/coding-adventures/code/packages/go/lattice-ast-to-css/emitter.go:595.15,597.3 1 1
github.com/adhithyan15/coding-adventures/code/packages/go/lattice-ast-to-css/emitter.go:601.69,602.38 1 1
github.com/adhithyan15/coding-adventures/code/packages/go/lattice-ast-to-css/emitter.go:602.38,603.28 1 1
github.com/adhithyan15/coding-adventures/code/packages/go/lattice-ast-to-css/emitter.go:604.20,605.35 1 1
github.com/adhithyan15/coding-adventures/code/packages/go/lattice-ast-to-css/emitter.go:605.35,607.5 1 1
github.com/adhithyan15/coding-adventures/code/packages/go/lattice-ast-to-css/emitter.go:608.24,609.44 1 0
github.com/adhithyan15/coding-adventures/code/packages/go/lattice-ast-to-css/emitter.go:609.44,611.5 1 0
github.com/adhithyan15/coding-adventures/code/packages/go/lattice-ast-to-css/emitter.go:614.2,614.11 1 0
github.com/adhithyan15/coding-adventures/code/packages/go/lattice-ast-to-css/emitter.go:634.79,637.2 2 1
github.com/adhithyan15/coding-adventures/code/packages/go/lattice-ast-to-css/emitter.go:643.71,645.38 2 1
github.com/adhithyan15/coding-adventures/code/packages/go/lattice-ast-to-css/emitter.go:645.38,646.28 1 1
github.com/adhithyan15/coding-adventures/code/packages/go/lattice-ast-to-css/emitter.go:647.20,649.19 2 1
github.com/adhithyan15/coding-adventures/code/packages/go/lattice-ast-to-css/emitter.go:649.19,651.23 1 0
github.com/adhithyan15/coding-adventures/code/packages/go/lattice-ast-to-css/emitter.go:651.23,653.6 1 0
github.com/adhithyan15/coding-adventures/code/packages/go/lattice-ast-to-css/emitter.go:653.11,655.6 1 0
github.com/adhithyan15/coding-adventures/code/packages/go/lattice-ast-to-css/emitter.go:656.10,656.25 1 1
github.com/adhithyan15/coding-adventures/code/packages/go/lattice-ast-to-css/emitter.go:656.25,658.5 1 1
github.com/adhithyan15/coding-adventures/code/packages/go/lattice-ast-to-css/emitter.go:659.24,660.22 1 1
github.com/adhithyan15/coding-adventures/code/packages/go/lattice-ast-to-css/emitter.go:661.17,665.21 2 1
github.com/adhithyan15/coding-adventures/code/packages/go/lattice-ast-to-css/emitter.go:665.21,667.6 1 1
github.com/adhithyan15/coding-adventures/code/packages/go/lattice-ast-to-css/emitter.go:668.25,671.38 3 1
github.com/adhithyan15/coding-adventures/code/packages/go/lattice-ast-to-css/emitter.go:671.38,673.6 1 1
github.com/adhithyan15/coding-adventures/code/packages/go/lattice-ast-to-css/emitter.go:674.12,676.34 2 0
github.com/adhithyan15/coding-adventures/code/packages/go/lattice-ast-to-css/emitter.go:680.2,680.14 1 1
github.com/adhithyan15/coding-adventures/code/packages/go/lattice-ast-to-css/emitter.go:695.82,696.38 1 1
github.com/adhithyan15/coding-adventures/code/packages/go/lattice-ast-to-css/emitter.go:696.38,697.28 1 1
github.com/adhithyan15/coding-adventures/code/packages/go/lattice-ast-to-css/emitter.go:698.20,700.20 2 1
github.com/adhithyan15/coding-adventures/code/packages/go/lattice-ast-to-css/emitter.go:701.20,702.28 1 1
github.com/adhithyan15/coding-adventures/code/packages/go/lattice-ast-to-css/emitter.go:703.18,704.24 1 1
github.com/adhithyan15/coding-adventures/code/packages/go/lattice-ast-to-css/emitter.go:706.24,707.37 1 1
github.com/adhithyan15/coding-adventures/code/packages/go/lattice-ast-to-css/emitter.go:707.37,709.5 1 1
github.com/adhithyan15/coding-adventures/code/packages/go/lattice-ast-to-css/emitter.go:719.82,723.38 3 1
github.com/adhithyan15/coding-adventures/code/packages/go/lattice-ast-to-css/emitter.go:723.38,725.10 2 1
github.com/adhithyan15/coding-adventures/code/packages/go/lattice-ast-to-css/emitter.go:725.10,726.12 1 0
github.com/adhithyan15/coding-adventures/code/packages/go/lattice-ast-to-css/emitter.go:728.3,728.37 1 1
github.com/adhithyan15/coding-adventures/code/packages/go/lattice-ast-to-css/emitter.go:728.37,729.33 1 1
github.com/adhithyan15/coding-adventures/code/packages/go/lattice-ast-to-css/emitter.go:729.33,732.5 2 1
github.com/adhithyan15/coding-adventures/code/packages/go/lattice-ast-to-css/emitter.go:732.10,733.43 1 1
github.com/adhithyan15/coding-adventures/code/packages/go/lattice-ast-to-css/emitter.go:733.43,734.47 1 1
github.com/adhithyan15/coding-adventures/code/packages/go/lattice-ast-to-css/emitter.go:734.47,736.21 2 1
github.com/adhithyan15/coding-adventures/code/packages/go/lattice-ast-to-css/emitter.go:736.21,738.8 1 1
github.com/adhithyan15/coding-adventures/code/packages/go/lattice-ast-to-css/emitter.go:744.2,744.22 1 1
github.com/adhithyan15/coding-adventures/code/packages/go/lattice-ast-to-css/emitter.go:744.22,746.3 1 1
github.com/adhithyan15/coding-adventures/code/packages/go/lattice-ast-to-css/emitter.go:748.2,749.14 2 1
github.com/adhithyan15/coding-adventures/code/packages/go/lattice-ast-to-css/emitter.go:749.14,751.3 1 0
github.com/adhithyan15/coding-adventures/code/packages/go/lattice-ast-to-css/emitter.go:753.2,754.27 2 1
github.com/adhithyan15/coding-adventures/code/packages/go/lattice-ast-to-css/emitter.go:754.27,756.3 1 1
github.com/adhithyan15/coding-adventures/code/packages/go/lattice-ast-to-css/emitter.go:757.2,757.46 1 1
github.com/adhithyan15/coding-adventures/code/packages/go/lattice-ast-to-css/emitter.go:761.68,762.29 1 1
github.com/adhithyan15/coding-adventures/code/packages/go/lattice-ast-to-css/emitter.go:762.29,763.52 1 1
github.com/adhithyan15/coding-adventures/code/packages/go/lattice-ast-to-css/emitter.go:763.52,765.4 1 1
github.com/adhithyan15/coding-adventures/code/packages/go/lattice-ast-to-css/emitter.go:767.2,767.14 1 0
github.com/adhithyan15/coding-adventures/code/packages/go/lattice-ast-to-css/emitter.go:779.61,781.18 2 1
github.com/adhithyan15/coding-adventures/code/packages/go/lattice-ast-to-css/emitter.go:782.45,783.12 1 0
github.com/adhithyan15/coding-adventures/code/packages/go/lattice-ast-to-css/emitter.go:784.26,785.12 1 0
github.com/adhithyan15/coding-adventures/code/packages/go/lattice-ast-to-css/emitter.go:786.19,787.12 1 0
github.com/adhithyan15/coding-adventures/code/packages/go/lattice-ast-to-css/emitter.go:788.15,789.13 1 0
github.com/adhithyan15/coding-adventures/code/packages/go/lattice-ast-to-css/emitter.go:790.15,791.13 1 0
github.com/adhithyan15/coding-adventures/code/packages/go/lattice-ast-to-css/emitter.go:792.16,793.33 1 0
github.com/adhithyan15/coding-adventures/code/packages/go/lattice-ast-to-css/emitter.go:795.2,795.18 1 1
github.com/adhithyan15/coding-adventures/code/packages/go/lattice-ast-to-css/emitter.go:804.92,805.38 1 0
github.com/adhithyan15/coding-adventures/code/packages/go/lattice-ast-to-css/emitter.go:805.38,806.28 1 0
github.com/adhithyan15/coding-adventures/code/packages/go/lattice-ast-to-css/emitter.go:807.24,808.27 1 0
github.com/adhithyan15/coding-adventures/code/packages/go/lattice-ast-to-css/emitter.go:809.20,811.18 2 0
github.com/adhithyan15/coding-adventures/code/packages/go/lattice-ast-to-css/emitter.go:811.18,813.5 1 0
github.com/adhithyan15/coding-adventures/code/packages/go/lattice-ast-to-css/emitter.go:824.66,825.14 1 1
github.com/adhithyan15/coding-adventures/code/packages/go/lattice-ast-to-css/emitter.go:825.14,827.3 1 1
github.com/adhithyan15/coding-adventures/code/packages/go/lattice-ast-to-css/emitter.go:828.2,828.29 1 1
github.com/adhithyan15/coding-adventures/code/packages/go/lattice-ast-to-css/emitter.go:828.29,830.3 1 1
github.com/adhithyan15/coding-adventures/code/packages/go/lattice-ast-to-css/errors.go:65.39,66.16 1 1
github.com/adhithyan15/coding-adventures/code/packages/go/lattice-ast-to-css/errors.go:66.16,68.3 1 1
github.com/adhithyan15/coding-adventures/code/packages/go/lattice-ast-to-css/errors.go:69.2,69.18 1 1
github.com/adhithyan15/coding-adventures/code/packages/go/lattice-ast-to-css/errors.go:85.84,94.2 1 1
github.com/adhithyan15/coding-adventures/code/packages/go/lattice-ast-to-css/errors.go:107.79,115.2 1 1
github.com/adhithyan15/coding-adventures/code/packages/go/lattice-ast-to-css/errors.go:132.84,141.2 1 1
github.com/adhithyan15/coding-adventures/code/packages/go/lattice-ast-to-css/errors.go:154.78,163.2 1 1
github.com/adhithyan15/coding-adventures/code/packages/go/lattice-ast-to-css/errors.go:179.84,188.2 1 1
github.com/adhithyan15/coding-adventures/code/packages/go/lattice-ast-to-css/errors.go:208.91,220.2 1 1
github.com/adhithyan15/coding-adventures/code/packages/go/lattice-ast-to-css/errors.go:238.100,240.29 2 1
github.com/adhithyan15/coding-adventures/code/packages/go/lattice-ast-to-css/errors.go:240.29,241.12 1 1
github.com/adhithyan15/coding-adventures/code/packages/go/lattice-ast-to-css/errors.go:241.12,243.4 1 1
github.com/adhithyan15/coding-adventures/code/packages/go/lattice-ast-to-css/errors.go:244.3,244.19 1 1
github.com/adhithyan15/coding-adventures/code/packages/go/lattice-ast-to-css/errors.go:246.2,254.3 1 1
github.com/adhithyan15/coding-adventures/code/packages/go/lattice-ast-to-css/errors.go:277.93,288.2 1 1
github.com/adhithyan15/coding-adventures/code/packages/go/lattice-ast-to-css/errors.go:307.89,317.2 1 1
github.com/adhithyan15/coding-adventures/code/packages/go/lattice-ast-to-css/errors.go:333.76,342.2 1 1
github.com/adhithyan15/coding-adventures/code/packages/go/lattice-ast-to-css/evaluator.go:96.40,96.41 0 1
github.com/adhithyan15/coding-adventures/code/packages/go/lattice-ast-to-css/evaluator.go:97.39,97.62 1 1
github.com/adhithyan15/coding-adventures/code/packages/go/lattice-ast-to-css/evaluator.go:98.40,100.40 1 1
github.com/adhithyan15/coding-adventures/code/packages/go/lattice-ast-to-css/evaluator.go:100.40,102.3 1 1
github.com/adhithyan15/coding-adventures/code/packages/go/lattice-ast-to-css/evaluator.go:103.2,103.50 1 1
github.com/adhithyan15/coding-adventures/code/packages/go/lattice-ast-to-css/evaluator.go:116.43,116.44 0 1
github.com/adhithyan15/coding-adventures/code/packages/go/lattice-ast-to-css/evaluator.go:117.42,117.57 1 1
github.com/adhithyan15/coding-adventures/code/packages/go/lattice-ast-to-css/evaluator.go:118.43,119.40 1 1
github.com/adhithyan15/coding-adventures/code/packages/go/lattice-ast-to-css/evaluator.go:119.40,121.3 1 1
github.com/adhithyan15/coding-adventures/code/packages/go/lattice-ast-to-css/evaluator.go:122.2,122.79 1 1
github.com/adhithyan15/coding-adventures/code/packages/go/lattice-ast-to-css/evaluator.go:133.44,133.45 0 1
github.com/adhithyan15/coding-adventures/code/packages/go/lattice-ast-to-css/evaluator.go:134.43,134.58 1 1
github.com/adhithyan15/coding-adventures/code/packages/go/lattice-ast-to-css/evaluator.go:135.44,136.40 1 1
github.com/adhithyan15/coding-adventures/code/packages/go/lattice-ast-to-css/evaluator.go:136.40,138.3 1 1
github.com/adhithyan15/coding-adventures/code/packages/go/lattice-ast-to-css/evaluator.go:139.2,139.71 1 1
github.com/adhithyan15/coding-adventures/code/packages/go/lattice-ast-to-css/evaluator.go:150.40,150.41 0 1
github.com/adhithyan15/coding-adventures/code/packages/go/lattice-ast-to-css/evaluator.go:151.39,151.54 1 1
github.com/adhithyan15/coding-adventures/code/packages/go/lattice-ast-to-css/evaluator.go:152.40,154.2 1 1
github.com/adhithyan15/coding-adventures/code/packages/go/lattice-ast-to-css/evaluator.go:164.39,164.40 0 1
github.com/adhithyan15/coding-adventures/code/packages/go/lattice-ast-to-css/evaluator.go:165.38,165.53 1 1
github.com/adhithyan15/coding-adventures/code/packages/go/lattice-ast-to-css/evaluator.go:166.39,166.57 1 1
github.com/adhithyan15/coding-adventures/code/packages/go/lattice-ast-to-css/evaluator.go:176.39,176.40 0 1
github.com/adhithyan15/coding-adventures/code/packages/go/lattice-ast-to-css/evaluator.go:177.38,177.53 1 1
github.com/adhithyan15/coding-adventures/code/packages/go/lattice-ast-to-css/evaluator.go:178.39,178.57 1 1
github.com/adhithyan15/coding-adventures/code/packages/go/lattice-ast-to-css/evaluator.go:188.38,188.39 0 1
github.com/adhithyan15/coding-adventures/code/packages/go/lattice-ast-to-css/evaluator.go:189.37,189.55 1 1
github.com/adhithyan15/coding-adventures/code/packages/go/lattice-ast-to-css/evaluator.go:190.38,191.13 1 1
github.com/adhithyan15/coding-adventures/code/packages/go/lattice-ast-to-css/evaluator.go:191.13,193.3 1 1
github.com/adhithyan15/coding-adventures/code/packages/go/lattice-ast-to-css/evaluator.go:194.2,194.16 1 1
github.com/adhithyan15/coding-adventures/code/packages/go/lattice-ast-to-css/evaluator.go:203.38,203.39 0 1
github.com/adhithyan15/coding-adventures/code/packages/go/lattice-ast-to-css/evaluator.go:204.37,204.53 1 1
github.com/adhithyan15/coding-adventures/code/packages/go/lattice-ast-to-css/evaluator.go:205.38,205.51 1 1
github.com/adhithyan15/coding-adventures/code/packages/go/lattice-ast-to-css/evaluator.go:215.38,215.39 0 1
github.com/adhithyan15/coding-adventures/code/packages/go/lattice-ast-to-css/evaluator.go:216.37,216.64 1 1
github.com/adhithyan15/coding-adventures/code/packages/go/lattice-ast-to-css/evaluator.go:217.38,219.31 2 1
github.com/adhithyan15/coding-adventures/code/packages/go/lattice-ast-to-css/evaluator.go:219.31,221.3 1 1
github.com/adhithyan15/coding-adventures/code/packages/go/lattice-ast-to-css/evaluator.go:222.2,222.34 1 1
github.com/adhithyan15/coding-adventures/code/packages/go/lattice-ast-to-css/evaluator.go:234.44,235.24 1 1
github.com/adhithyan15/coding-adventures/code/packages/go/lattice-ast-to-css/evaluator.go:235.24,237.3 1 1
github.com/adhithyan15/coding-adventures/code/packages/go/lattice-ast-to-css/evaluator.go:238.2,238.26 1 0
github.com/adhithyan15/coding-adventures/code/packages/go/lattice-ast-to-css/evaluator.go:255.49,259.18 3 1
github.com/adhithyan15/coding-adventures/code/packages/go/lattice-ast-to-css/evaluator.go:260.16,262.17 2 1
github.com/adhithyan15/coding-adventures/code/packages/go/lattice-ast-to-css/evaluator.go:262.17,264.4 1 0
github.com/adhithyan15/coding-adventures/code/packages/go/lattice-ast-to-css/evaluator.go:265.3,265.33 1 1
github.com/adhithyan15/coding-adventures/code/packages/go/lattice-ast-to-css/evaluator.go:267.19,271.36 2 1
github.com/adhithyan15/coding-adventures/code/packages/go/lattice-ast-to-css/evaluator.go:271.36,273.4 1 0
github.com/adhithyan15/coding-adventures/code/packages/go/lattice-ast-to-css/evaluator.go:274.3,274.75 1 1
github.com/adhithyan15/coding-adventures/code/packages/go/lattice-ast-to-css/evaluator.go:274.75,276.4 1 1
github.com/adhithyan15/coding-adventures/code/packages/go/lattice-ast-to-css/evaluator.go:278.3,278.55 1 1
github.com/adhithyan15/coding-adventures/code/packages/go/lattice-ast-to-css/evaluator.go:278.55,280.56 2 0
github.com/adhithyan15/coding-adventures/code/packages/go/lattice-ast-to-css/evaluator.go:280.56,282.5 1 0
github.com/adhithyan15/coding-adventures/code/packages/go/lattice-ast-to-css/evaluator.go:283.4,283.55 1 0
github.com/adhithyan15/coding-adventures/code/packages/go/lattice-ast-to-css/evaluator.go:283.55,285.5 1 0
github.com/adhithyan15/coding-adventures/code/packages/go/lattice-ast-to-css/evaluator.go:287.3,290.17 4 1
github.com/adhithyan15/coding-adventures/code/packages/go/lattice-ast-to-css/evaluator.go:290.17,292.4 1 0
github.com/adhithyan15/coding-adventures/code/packages/go/lattice-ast-to-css/evaluator.go:293.3,293.48 1 1
github.com/adhithyan15/coding-adventures/code/packages/go/lattice-ast-to-css/evaluator.go:295.20,299.17 3 0
github.com/adhithyan15/coding-adventures/code/packages/go/lattice-ast-to-css/evaluator.go:299.17,301.4 1 0
github.com/adhithyan15/coding-adventures/code/packages/go/lattice-ast-to-css/evaluator.go:302.3,302.37 1 0
github.com/adhithyan15/coding-adventures/code/packages/go/lattice-ast-to-css/evaluator.go:304.16,306.35 1 0
github.com/adhithyan15/coding-adventures/code/packages/go/lattice-ast-to-css/evaluator.go:308.14,309.34 1 0
github.com/adhithyan15/coding-adventures/code/packages/go/lattice-ast-to-css/evaluator.go:311.15,313.14 1 1
github.com/adhithyan15/coding-adventures/code/packages/go/lattice-ast-to-css/evaluator.go:314.15,315.35 1 0
github.com/adhithyan15/coding-adventures/code/packages/go/lattice-ast-to-css/evaluator.go:316.16,317.36 1 0
github.com/adhithyan15/coding-adventures/code/packages/go/lattice-ast-to-css/evaluator.go:318.15,319.24 1 0
github.com/adhithyan15/coding-adventures/code/packages/go/lattice-ast-to-css/evaluator.go:321.3,321.34 1 1
github.com/adhithyan15/coding-adventures/code/packages/go/lattice-ast-to-css/evaluator.go:325.2,325.33 1 1
github.com/adhithyan15/coding-adventures/code/packages/go/lattice-ast-to-css/evaluator.go:332.46,334.2 1 1
github.com/adhithyan15/coding-adventures/code/packages/go/lattice-ast-to-css/evaluator.go:360.69,362.2 1 1
github.com/adhithyan15/coding-adventures/code/packages/go/lattice-ast-to-css/evaluator.go:368.71,370.39 1 1
github.com/adhithyan15/coding-adventures/code/packages/go/lattice-ast-to-css/evaluator.go:370.39,372.3 1 1
github.com/adhithyan15/coding-adventures/code/packages/go/lattice-ast-to-css/evaluator.go:374.2,375.23 2 1
github.com/adhithyan15/coding-adventures/code/packages/go/lattice-ast-to-css/evaluator.go:375.23,377.3 1 0
github.com/adhithyan15/coding-adventures/code/packages/go/lattice-ast-to-css/evaluator.go:380.2,380.22 1 1
github.com/adhithyan15/coding-adventures/code/packages/go/lattice-ast-to-css/evaluator.go:381.28,382.31 1 1
github.com/adhithyan15/coding-adventures/code/packages/go/lattice-ast-to-css/evaluator.go:383.25,384.23 1 1
github.com/adhithyan15/coding-adventures/code/packages/go/lattice-ast-to-css/evaluator.go:385.26,386.24 1 1
github.com/adhithyan15/coding-adventures/code/packages/go/lattice-ast-to-css/evaluator.go:387.28,388.31 1 1
github.com/adhithyan15/coding-adventures/code/packages/go/lattice-ast-to-css/evaluator.go:389.23,391.28 1 0
github.com/adhithyan15/coding-adventures/code/packages/go/lattice-ast-to-css/evaluator.go:391.28,393.4 1 0
github.com/adhithyan15/coding-adventures/code/packages/go/lattice-ast-to-css/evaluator.go:394.3,394.23 1 0
github.com/adhithyan15/coding-adventures/code/packages/go/lattice-ast-to-css/evaluator.go:395.26,396.29 1 1
github.com/adhithyan15/coding-adventures/code/packages/go/lattice-ast-to-css/evaluator.go:397.32,398.35 1 1
github.com/adhithyan15/coding-adventures/code/packages/go/lattice-ast-to-css/evaluator.go:399.23,400.26 1 1
github.com/adhithyan15/coding-adventures/code/packages/go/lattice-ast-to-css/evaluator.go:401.25,402.28 1 1
github.com/adhithyan15/coding-adventures/code/packages/go/lattice-ast-to-css/evaluator.go:406.2,406.28 1 1
github.com/adhithyan15/coding-adventures/code/packages/go/lattice-ast-to-css/evaluator.go:406.28,408.3 1 1
github.com/adhithyan15/coding-adventures/code/packages/go/lattice-ast-to-css/evaluator.go:411.2,411.37 1 0
github.com/adhithyan15/coding-adventures/code/packages/go/lattice-ast-to-css/evaluator.go:411.37,412.23 1 0
github.com/adhithyan15/coding-adventures/code/packages/go/lattice-ast-to-css/evaluator.go:413.37,414.28 1 0
github.com/adhithyan15/coding-adventures/code/packages/go/lattice-ast-to-css/evaluator.go:418.2,418.22 1 0
github.com/adhithyan15/coding-adventures/code/packages/go/lattice-ast-to-css/evaluator.go:422.81,423.28 1 1
github.com/adhithyan15/coding-adventures/code/packages/go/lattice-ast-to-css/evaluator.go:423.28,425.3 1 1
github.com/adhithyan15/coding-adventures/code/packages/go/lattice-ast-to-css/evaluator.go:426.2,426.22 1 0
github.com/adhithyan15/coding-adventures/code/packages/go/lattice-ast-to-css/evaluator.go:433.73,436.29 3 1
github.com/adhithyan15/coding-adventures/code/packages/go/lattice-ast-to-css/evaluator.go:436.29,438.73 1 1
github.com/adhithyan15/coding-adventures/code/packages/go/lattice-ast-to-css/evaluator.go:438.73,440.12 2 1
github.com/adhithyan15/coding-adventures/code/packages/go/lattice-ast-to-css/evaluator.go:442.3,442.22 1 1
github.com/adhithyan15/coding-adventures/code/packages/go/lattice-ast-to-css/evaluator.go:442.22,444.4 1 1
github.com/adhithyan15/coding-adventures/code/packages/go/lattice-ast-to-css/evaluator.go:445.3,446.6 2 1
github.com/adhithyan15/coding-adventures/code/packages/go/lattice-ast-to-css/evaluator.go:448.2,448.15 1 1
github.com/adhithyan15/coding-adventures/code/packages/go/lattice-ast-to-css/evaluator.go:454.74,457.29 3 1
github.com/adhithyan15/coding-adventures/code/packages/go/lattice-ast-to-css/evaluator.go:457.29,458.74 1 1
github.com/adhithyan15/coding-adventures/code/packages/go/lattice-ast-to-css/evaluator.go:458.74,460.12 2 1
github.com/adhithyan15/coding-adventures/code/packages/go/lattice-ast-to-css/evaluator.go:462.3,462.23 1 1
github.com/adhithyan15/coding-adventures/code/packages/go/lattice-ast-to-css/evaluator.go:462.23,464.4 1 0
github.com/adhithyan15/coding-adventures/code/packages/go/lattice-ast-to-css/evaluator.go:465.3,466.6 2 1
github.com/adhithyan15/coding-adventures/code/packages/go/lattice-ast-to-css/evaluator.go:468.2,468.15 1 1
github.com/adhithyan15/coding-adventures/code/packages/go/lattice-ast-to-css/evaluator.go:472.81,474.29 2 1
github.com/adhithyan15/coding-adventures/code/packages/go/lattice-ast-to-css/evaluator.go:474.29,476.3 1 1
github.com/adhithyan15/coding-adventures/code/packages/go/lattice-ast-to-css/evaluator.go:479.2,481.42 3 1
github.com/adhithyan15/coding-adventures/code/packages/go/lattice-ast-to-css/evaluator.go:481.42,482.80 1 1
github.com/adhithyan15/coding-adventures/code/packages/go/lattice-ast-to-css/evaluator.go:482.80,484.32 2 1
github.com/adhithyan15/coding-adventures/code/packages/go/lattice-ast-to-css/evaluator.go:484.32,486.5 1 1
github.com/adhithyan15/coding-adventures/code/packages/go/lattice-ast-to-css/evaluator.go:487.4,487.9 1 1
github.com/adhithyan15/coding-adventures/code/packages/go/lattice-ast-to-css/evaluator.go:491.2,491.39 1 1
github.com/adhithyan15/coding-adventures/code/packages/go/lattice-ast-to-css/evaluator.go:491.39,493.3 1 0
github.com/adhithyan15/coding-adventures/code/packages/go/lattice-ast-to-css/evaluator.go:495.2,498.31 2 1
github.com/adhithyan15/coding-adventures/code/packages/go/lattice-ast-to-css/evaluator.go:498.31,500.3 1 0
github.com/adhithyan15/coding-adventures/code/packages/go/lattice-ast-to-css/evaluator.go:501.2,502.9 2 1
github.com/adhithyan15/coding-adventures/code/packages/go/lattice-ast-to-css/evaluator.go:502.9,504.3 1 0
github.com/adhithyan15/coding-adventures/code/packages/go/lattice-ast-to-css/evaluator.go:506.2,506.53 1 1
github.com/adhithyan15/coding-adventures/code/packages/go/lattice-ast-to-css/evaluator.go:514.92,516.26 1 1
github.com/adhithyan15/coding-adventures/code/packages/go/lattice-ast-to-css/evaluator.go:517.21,518.41 1 1
github.com/adhithyan15/coding-adventures/code/packages/go/lattice-ast-to-css/evaluator.go:518.41,520.4 1 1
github.com/adhithyan15/coding-adventures/code/packages/go/lattice-ast-to-css/evaluator.go:521.24,522.44 1 1
github.com/adhithyan15/coding-adventures/code/packages/go/lattice-ast-to-css/evaluator.go:522.44,523.24 1 1
github.com/adhithyan15/coding-adventures/code/packages/go/lattice-ast-to-css/evaluator.go:523.24,525.5 1 1
github.com/adhithyan15/coding-adventures/code/packages/go/lattice-ast-to-css/evaluator.go:527.4,527.18 1 0
github.com/adhithyan15/coding-adventures/code/packages/go/lattice-ast-to-css/evaluator.go:528.25,529.37 1 0
github.com/adhithyan15/coding-adventures/code/packages/go/lattice-ast-to-css/evaluator.go:530.22,531.36 1 0
github.com/adhithyan15/coding-adventures/code/packages/go/lattice-ast-to-css/evaluator.go:532.12,533.37 1 0
github.com/adhithyan15/coding-adventures/code/packages/go/lattice-ast-to-css/evaluator.go:536.25,537.45 1 0
github.com/adhithyan15/coding-adventures/code/packages/go/lattice-ast-to-css/evaluator.go:537.45,539.4 1 0
github.com/adhithyan15/coding-adventures/code/packages/go/lattice-ast-to-css/evaluator.go:543.2,543.16 1 1
github.com/adhithyan15/coding-adventures/code/packages/go/lattice-ast-to-css/evaluator.go:544.23,545.61 1 1
github.com/adhithyan15/coding-adventures/code/packages/go/lattice-ast-to-css/evaluator.go:546.20,547.61 1 0
github.com/adhithyan15/coding-adventures/code/packages/go/lattice-ast-to-css/evaluator.go:549.2,549.34 1 0
github.com/adhithyan15/coding-adventures/code/packages/go/lattice-ast-to-css/evaluator.go:553.53,554.16 1 1
github.com/adhithyan15/coding-adventures/code/packages/go/lattice-ast-to-css/evaluator.go:555.23,556.18 1 0
github.com/adhithyan15/coding-adventures/code/packages/go/lattice-ast-to-css/evaluator.go:557.20,558.18 1 0
github.com/adhithyan15/coding-adventures/code/packages/go/lattice-ast-to-css/evaluator.go:559.17,560.17 1 1
github.com/adhithyan15/coding-adventures/code/packages/go/lattice-ast-to-css/evaluator.go:561.24,562.18 1 1
github.com/adhithyan15/coding-adventures/code/packages/go/lattice-ast-to-css/evaluator.go:563.21,564.18 1 0
github.com/adhithyan15/coding-adventures/code/packages/go/lattice-ast-to-css/evaluator.go:566.2,566.14 1 0
github.com/adhithyan15/coding-adventures/code/packages/go/lattice-ast-to-css/evaluator.go:572.79,575.29 3 1
github.com/adhithyan15/coding-adventures/code/packages/go/lattice-ast-to-css/evaluator.go:575.29,577.10 2 1
github.com/adhithyan15/coding-adventures/code/packages/go/lattice-ast-to-css/evaluator.go:577.10,579.12 2 0
github.com/adhithyan15/coding-adventures/code/packages/go/lattice-ast-to-css/evaluator.go:581.3,582.29 2 1
github.com/adhithyan15/coding-adventures/code/packages/go/lattice-ast-to-css/evaluator.go:582.29,584.12 2 0
github.com/adhithyan15/coding-adventures/code/packages/go/lattice-ast-to-css/evaluator.go:586.3,587.30 2 1
github.com/adhithyan15/coding-adventures/code/packages/go/lattice-ast-to-css/evaluator.go:587.30,588.9 1 0
github.com/adhithyan15/coding-adventures/code/packages/go/lattice-ast-to-css/evaluator.go:590.3,591.16 2 1
github.com/adhithyan15/coding-adventures/code/packages/go/lattice-ast-to-css/evaluator.go:591.16,593.4 1 1
github.com/adhithyan15/coding-adventures/code/packages/go/lattice-ast-to-css/evaluator.go:593.9,595.4 1 1
github.com/adhithyan15/coding-adventures/code/packages/go/lattice-ast-to-css/evaluator.go:596.3,596.6 1 1
github.com/adhithyan15/coding-adventures/code/packages/go/lattice-ast-to-css/evaluator.go:598.2,598.15 1 1
github.com/adhithyan15/coding-adventures/code/packages/go/lattice-ast-to-css/evaluator.go:602.74,603.26 1 1
github.com/adhithyan15/coding-adventures/code/packages/go/lattice-ast-to-css/evaluator.go:604.21,605.41 1 0
github.com/adhithyan15/coding-adventures/code/packages/go/lattice-ast-to-css/evaluator.go:605.41,607.4 1 0
github.com/adhithyan15/coding-adventures/code/packages/go/lattice-ast-to-css/evaluator.go:608.24,609.44 1 1
github.com/adhithyan15/coding-adventures/code/packages/go/lattice-ast-to-css/evaluator.go:609.44,610.24 1 1
github.com/adhithyan15/coding-adventures/code/packages/go/lattice-ast-to-css/evaluator.go:610.24,612.5 1 1
github.com/adhithyan15/coding-adventures/code/packages/go/lattice-ast-to-css/evaluator.go:613.4,613.79 1 0
github.com/adhithyan15/coding-adventures/code/packages/go/lattice-ast-to-css/evaluator.go:615.25,616.45 1 0
github.com/adhithyan15/coding-adventures/code/packages/go/lattice-ast-to-css/evaluator.go:616.45,618.4 1 0
github.com/adhithyan15/coding-adventures/code/packages/go/lattice-ast-to-css/evaluator.go:619.21,620.41 1 0
github.com/adhithyan15/coding-adventures/code/packages/go/lattice-ast-to-css/evaluator.go:620.41,622.4 1 0
github.com/adhithyan15/coding-adventures/code/packages/go/lattice-ast-to-css/evaluator.go:624.2,624.77 1 1
github.com/adhithyan15/coding-adventures/code/packages/go/lattice-ast-to-css/evaluator.go:628.79,629.26 1 1
github.com/adhithyan15/coding-adventures/code/packages/go/lattice-ast-to-css/evaluator.go:630.21,631.41 1 0
github.com/adhithyan15/coding-adventures/code/packages/go/lattice-ast-to-css/evaluator.go:631.41,633.4 1 0
github.com/adhithyan15/coding-adventures/code/packages/go/lattice-ast-to-css/evaluator.go:634.24,635.44 1 1
github.com/adhithyan15/coding-adventures/code/packages/go/lattice-ast-to-css/evaluator.go:635.44,636.24 1 1
github.com/adhithyan15/coding-adventures/code/packages/go/lattice-ast-to-css/evaluator.go:636.24,638.5 1 1
github.com/adhithyan15/coding-adventures/code/packages/go/lattice-ast-to-css/evaluator.go:639.4,639.84 1 0
github.com/adhithyan15/coding-adventures/code/packages/go/lattice-ast-to-css/evaluator.go:641.25,642.45 1 0
github.com/adhithyan15/coding-adventures/code/packages/go/lattice-ast-to-css/evaluator.go:642.45,644.4 1 0
github.com/adhithyan15/coding-adventures/code/packages/go/lattice-ast-to-css/evaluator.go:646.2,646.82 1 0
github.com/adhithyan15/coding-adventures/code/packages/go/lattice-ast-to-css/evaluator.go:652.85,655.29 3 1
github.com/adhithyan15/coding-adventures/code/packages/go/lattice-ast-to-css/evaluator.go:655.29,657.30 2 1
github.com/adhithyan15/coding-adventures/code/packages/go/lattice-ast-to-css/evaluator.go:657.30,659.12 2 0
github.com/adhithyan15/coding-adventures/code/packages/go/lattice-ast-to-css/evaluator.go:661.3,662.30 2 1
github.com/adhithyan15/coding-adventures/code/packages/go/lattice-ast-to-css/evaluator.go:662.30,663.9 1 0
github.com/adhithyan15/coding-adventures/code/packages/go/lattice-ast-to-css/evaluator.go:665.3,667.6 3 1
github.com/adhithyan15/coding-adventures/code/packages/go/lattice-ast-to-css/evaluator.go:669.2,669.15 1 1
github.com/adhithyan15/coding-adventures/code/packages/go/lattice-ast-to-css/evaluator.go:680.79,681.26 1 1
github.com/adhithyan15/coding-adventures/code/packages/go/lattice-ast-to-css/evaluator.go:682.21,683.28 1 1
github.com/adhithyan15/coding-adventures/code/packages/go/lattice-ast-to-css/evaluator.go:684.22,685.50 1 0
github.com/adhithyan15/coding-adventures/code/packages/go/lattice-ast-to-css/evaluator.go:686.25,687.67 1 1
github.com/adhithyan15/coding-adventures/code/packages/go/lattice-ast-to-css/evaluator.go:688.26,689.54 1 0
github.com/adhithyan15/coding-adventures/code/packages/go/lattice-ast-to-css/evaluator.go:691.24,692.41 1 1
github.com/adhithyan15/coding-adventures/code/packages/go/lattice-ast-to-css/evaluator.go:692.41,694.4 1 1
github.com/adhithyan15/coding-adventures/code/packages/go/lattice-ast-to-css/evaluator.go:695.25,696.41 1 0
github.com/adhithyan15/coding-adventures/code/packages/go/lattice-ast-to-css/evaluator.go:696.41,698.4 1 0
github.com/adhithyan15/coding-adventures/code/packages/go/lattice-ast-to-css/evaluator.go:700.2,700.82 1 0
github.com/adhithyan15/coding-adventures/code/packages/go/lattice-ast-to-css/evaluator.go:704.76,705.28 1 1
github.com/adhithyan15/coding-adventures/code/packages/go/lattice-ast-to-css/evaluator.go:705.28,706.30 1 1
github.com/adhithyan15/coding-adventures/code/packages/go/lattice-ast-to-css/evaluator.go:706.30,708.4 1 1
github.com/adhithyan15/coding-adventures/code/packages/go/lattice-ast-to-css/evaluator.go:709.3,709.23 1 0
github.com/adhithyan15/coding-adventures/code/packages/go/lattice-ast-to-css/evaluator.go:713.2,713.71 1 1
github.com/adhithyan15/coding-adventures/code/packages/go/lattice-ast-to-css/evaluator.go:713.71,716.3 2 1
github.com/adhithyan15/coding-adventures/code/packages/go/lattice-ast-to-css/evaluator.go:718.2,718.37 1 0
github.com/adhithyan15/coding-adventures/code/packages/go/lattice-ast-to-css/evaluator.go:722.69,723.25 1 1
github.com/adhithyan15/coding-adventures/code/packages/go/lattice-ast-to-css/evaluator.go:724.21,725.40 1 0
github.com/adhithyan15/coding-adventures/code/packages/go/lattice-ast-to-css/evaluator.go:726.24,727.57 1 1
github.com/adhithyan15/coding-adventures/code/packages/go/lattice-ast-to-css/evaluator.go:728.25,729.44 1 0
github.com/adhithyan15/coding-adventures/code/packages/go/lattice-ast-to-css/evaluator.go:731.2,731.67 1 0
github.com/adhithyan15/coding-adventures/code/packages/go/lattice-ast-to-css/evaluator.go:741.78,742.38 1 1
github.com/adhithyan15/coding-adventures/code/packages/go/lattice-ast-to-css/evaluator.go:742.38,743.28 1 1
github.com/adhithyan15/coding-adventures/code/packages/go/lattice-ast-to-css/evaluator.go:744.20,747.52 2 1
github.com/adhithyan15/coding-adventures/code/packages/go/lattice-ast-to-css/evaluator.go:747.52,748.13 1 0
github.com/adhithyan15/coding-adventures/code/packages/go/lattice-ast-to-css/evaluator.go:751.4,751.30 1 1
github.com/adhithyan15/coding-adventures/code/packages/go/lattice-ast-to-css/evaluator.go:751.30,754.12 2 1
github.com/adhithyan15/coding-adventures/code/packages/go/lattice-ast-to-css/evaluator.go:754.12,757.6 1 0
github.com/adhithyan15/coding-adventures/code/packages/go/lattice-ast-to-css/evaluator.go:758.5,758.41 1 1
github.com/adhithyan15/coding-adventures/code/packages/go/lattice-ast-to-css/evaluator.go:758.41,760.6 1 0
github.com/adhithyan15/coding-adventures/code/packages/go/lattice-ast-to-css/evaluator.go:762.5,762.45 1 1
github.com/adhithyan15/coding-adventures/code/packages/go/lattice-ast-to-css/evaluator.go:762.45,764.6 1 1
github.com/adhithyan15/coding-adventures/code/packages/go/lattice-ast-to-css/evaluator.go:766.5,766.41 1 0
github.com/adhithyan15/coding-adventures/code/packages/go/lattice-ast-to-css/evaluator.go:766.41,768.6 1 0
github.com/adhithyan15/coding-adventures/code/packages/go/lattice-ast-to-css/evaluator.go:769.5,769.40 1 0
github.com/adhithyan15/coding-adventures/code/packages/go/lattice-ast-to-css/evaluator.go:772.4,772.26 1 1
github.com/adhithyan15/coding-adventures/code/packages/go/lattice-ast-to-css/evaluator.go:774.24,776.42 1 0
github.com/adhithyan15/coding-adventures/code/packages/go/lattice-ast-to-css/evaluator.go:776.42,778.5 1 0
github.com/adhithyan15/coding-adventures/code/packages/go/lattice-ast-to-css/evaluator.go:780.4,780.24 1 0
github.com/adhithyan15/coding-adventures/code/packages/go/lattice-ast-to-css/evaluator.go:783.2,783.22 1 0
github.com/adhithyan15/coding-adventures/code/packages/go/lattice-ast-to-css/evaluator.go:794.86,795.38 1 1
github.com/adhithyan15/coding-adventures/code/packages/go/lattice-ast-to-css/evaluator.go:795.38,796.28 1 1
github.com/adhithyan15/coding-adventures/code/packages/go/lattice-ast-to-css/evaluator.go:797.20,798.26 1 1
github.com/adhithyan15/coding-adventures/code/packages/go/lattice-ast-to-css/evaluator.go:799.24,801.50 2 1
github.com/adhithyan15/coding-adventures/code/packages/go/lattice-ast-to-css/evaluator.go:801.50,803.5 1 1
github.com/adhithyan15/coding-adventures/code/packages/go/lattice-ast-to-css/evaluator.go:806.2,806.22 1 0
github.com/adhithyan15/coding-adventures/code/packages/go/lattice-ast-to-css/lattice_ast_to_css.go:84.94,87.15 1 1
github.com/adhithyan15/coding-adventures/code/packages/go/lattice-ast-to-css/lattice_ast_to_css.go:87.15,88.31 1 1
github.com/adhithyan15/coding-adventures/code/packages/go/lattice-ast-to-css/lattice_ast_to_css.go:88.31,90.31 1 1
github.com/adhithyan15/coding-adventures/code/packages/go/lattice-ast-to-css/lattice_ast_to_css.go:90.31,93.5 2 1
github.com/adhithyan15/coding-adventures/code/packages/go/lattice-ast-to-css/lattice_ast_to_css.go:94.4,94.73 1 0
github.com/adhithyan15/coding-adventures/code/packages/go/lattice-ast-to-css/lattice_ast_to_css.go:99.2,100.19 2 1
github.com/adhithyan15/coding-adventures/code/packages/go/lattice-ast-to-css/lattice_ast_to_css.go:100.19,102.3 1 0
github.com/adhithyan15/coding-adventures/code/packages/go/lattice-ast-to-css/lattice_ast_to_css.go:103.2,107.21 3 1
github.com/adhithyan15/coding-adventures/code/packages/go/lattice-ast-to-css/lattice_ast_to_css.go:107.21,109.3 1 0
github.com/adhithyan15/coding-adventures/code/packages/go/lattice-ast-to-css/lattice_ast_to_css.go:112.2,114.25 3 1
github.com/adhithyan15/coding-adventures/code/packages/go/lattice-ast-to-css/lattice_ast_to_css.go:114.25,116.3 1 0
github.com/adhithyan15/coding-adventures/code/packages/go/lattice-ast-to-css/lattice_ast_to_css.go:119.2,122.17 3 1
github.com/adhithyan15/coding-adventures/code/packages/go/lattice-ast-to-css/lattice_ast_to_css.go:132.54,134.2 1 1
github.com/adhithyan15/coding-adventures/code/packages/go/lattice-ast-to-css/lattice_ast_to_css.go:142.62,144.2 1 1
github.com/adhithyan15/coding-adventures/code/packages/go/lattice-ast-to-css/lattice_ast_to_css.go:162.72,165.2 2 1
github.com/adhithyan15/coding-adventures/code/packages/go/lattice-ast-to-css/lattice_ast_to_css.go:175.42,178.2 2 1
github.com/adhithyan15/coding-adventures/code/packages/go/lattice-ast-to-css/lattice_ast_to_css.go:187.50,190.2 2 1
github.com/adhithyan15/coding-adventures/code/packages/go/lattice-ast-to-css/scope.go:62.52,67.2 1 1
github.com/adhithyan15/coding-adventures/code/packages/go/lattice-ast-to-css/scope.go:81.59,82.37 1 1
github.com/adhithyan15/coding-adventures/code/packages/go/lattice-ast-to-css/scope.go:82.37,84.3 1 1
github.com/adhithyan15/coding-adventures/code/packages/go/lattice-ast-to-css/scope.go:85.2,85.21 1 1
github.com/adhithyan15/coding-adventures/code/packages/go/lattice-ast-to-css/scope.go:85.21,87.3 1 1
github.com/adhithyan15/coding-adventures/code/packages/go/lattice-ast-to-css/scope.go:88.2,88.19 1 1
github.com/adhithyan15/coding-adventures/code/packages/go/lattice-ast-to-css/scope.go:101.58,103.2 1 1
github.com/adhithyan15/coding-adventures/code/packages/go/lattice-ast-to-css/scope.go:109.44,112.2 2 1
github.com/adhithyan15/coding-adventures/code/packages/go/lattice-ast-to-css/scope.go:117.49,120.2 2 1
github.com/adhithyan15/coding-adventures/code/packages/go/lattice-ast-to-css/scope.go:130.42,132.2 1 1
github.com/adhithyan15/coding-adventures/code/packages/go/lattice-ast-to-css/scope.go:139.34,140.21 1 1
github.com/adhithyan15/coding-adventures/code/packages/go/lattice-ast-to-css/scope.go:140.21,142.3 1 1
github.com/adhithyan15/coding-adventures/code/packages/go/lattice-ast-to-css/scope.go:143.2,143.29 1 1
github.com/adhithyan15/coding-adventures/code/packages/go/lattice-ast-to-css/transformer.go:152.38,154.50 2 1
github.com/adhithyan15/coding-adventures/code/packages/go/lattice-ast-to-css/transformer.go:154.50,156.3 1 1
github.com/adhithyan15/coding-adventures/code/packages/go/lattice-ast-to-css/transformer.go:157.2,157.28 1 1
github.com/adhithyan15/coding-adventures/code/packages/go/lattice-ast-to-css/transformer.go:180.50,186.2 1 1
github.com/adhithyan15/coding-adventures/code/packages/go/lattice-ast-to-css/transformer.go:194.86,201.9 4 1
github.com/adhithyan15/coding-adventures/code/packages/go/lattice-ast-to-css/transformer.go:201.9,203.3 1 0
github.com/adhithyan15/coding-adventures/code/packages/go/lattice-ast-to-css/transformer.go:206.2,208.24 2 1
github.com/adhithyan15/coding-adventures/code/packages/go/lattice-ast-to-css/transformer.go:220.66,221.16 1 1
github.com/adhithyan15/coding-adventures/code/packages/go/lattice-ast-to-css/transformer.go:221.16,223.3 1 0
github.com/adhithyan15/coding-adventures/code/packages/go/lattice-ast-to-css/transformer.go:225.2,227.37 2 1
github.com/adhithyan15/coding-adventures/code/packages/go/lattice-ast-to-css/transformer.go:227.37,229.10 2 1
github.com/adhithyan15/coding-adventures/code/packages/go/lattice-ast-to-css/transformer.go:229.10,231.12 2 0
github.com/adhithyan15/coding-adventures/code/packages/go/lattice-ast-to-css/transformer.go:234.3,234.34 1 1
github.com/adhithyan15/coding-adventures/code/packages/go/lattice-ast-to-css/transformer.go:234.34,236.12 2 0
github.com/adhithyan15/coding-adventures/code/packages/go/lattice-ast-to-css/transformer.go:240.3,240.34 1 1
github.com/adhithyan15/coding-adventures/code/packages/go/lattice-ast-to-css/transformer.go:240.34,242.12 2 0
github.com/adhithyan15/coding-adventures/code/packages/go/lattice-ast-to-css/transformer.go:245.3,246.10 2 1
github.com/adhithyan15/coding-adventures/code/packages/go/lattice-ast-to-css/transformer.go:246.10,248.12 2 0
github.com/adhithyan15/coding-adventures/code/packages/go/lattice-ast-to-css/transformer.go:252.3,252.39 1 1
github.com/adhithyan15/coding-adventures/code/packages/go/lattice-ast-to-css/transformer.go:252.39,253.32 1 1
github.com/adhithyan15/coding-adventures/code/packages/go/lattice-ast-to-css/transformer.go:253.32,254.13 1 0
github.com/adhithyan15/coding-adventures/code/packages/go/lattice-ast-to-css/transformer.go:256.4,257.11 2 1
github.com/adhithyan15/coding-adventures/code/packages/go/lattice-ast-to-css/transformer.go:257.11,258.13 1 0
github.com/adhithyan15/coding-adventures/code/packages/go/lattice-ast-to-css/transformer.go:260.4,260.33 1 1
github.com/adhithyan15/coding-adventures/code/packages/go/lattice-ast-to-css/transformer.go:261.32,262.36 1 1
github.com/adhithyan15/coding-adventures/code/packages/go/lattice-ast-to-css/transformer.go:263.28,264.33 1 1
github.com/adhithyan15/coding-adventures/code/packages/go/lattice-ast-to-css/transformer.go:265.31,266.36 1 1
github.com/adhithyan15/coding-adventures/code/packages/go/lattice-ast-to-css/transformer.go:267.25,267.25 0 0
github.com/adhithyan15/coding-adventures/code/packages/go/lattice-ast-to-css/transformer.go:269.12,270.45 1 0
github.com/adhithyan15/coding-adventures/code/packages/go/lattice-ast-to-css/transformer.go:272.4,272.12 1 1
github.com/adhithyan15/coding-adventures/code/packages/go/lattice-ast-to-css/transformer.go:278.3,278.34 1 1
github.com/adhithyan15/coding-adventures/code/packages/go/lattice-ast-to-css/transformer.go:278.34,280.19 2 1
github.com/adhithyan15/coding-adventures/code/packages/go/lattice-ast-to-css/transformer.go:281.18,284.13 2 1
github.com/adhithyan15/coding-adventures/code/packages/go/lattice-ast-to-css/transformer.go:285.21,288.13 2 0
github.com/adhithyan15/coding-adventures/code/packages/go/lattice-ast-to-css/transformer.go:289.16,291.13 1 0
github.com/adhithyan15/coding-adventures/code/packages/go/lattice-ast-to-css/transformer.go:295.3,295.43 1 1
github.com/adhithyan15/coding-adventures/code/packages/go/lattice-ast-to-css/transformer.go:298.2,298.28 1 1
github.com/adhithyan15/coding-adventures/code/packages/go/lattice-ast-to-css/transformer.go:305.68,309.38 3 1
github.com/adhithyan15/coding-adventures/code/packages/go/lattice-ast-to-css/transformer.go:309.38,310.28 1 1
github.com/adhithyan15/coding-adventures/code/packages/go/lattice-ast-to-css/transformer.go:311.20,312.38 1 1
github.com/adhithyan15/coding-adventures/code/packages/go/lattice-ast-to-css/transformer.go:312.38,314.5 1 1
github.com/adhithyan15/coding-adventures/code/packages/go/lattice-ast-to-css/transformer.go:315.24,316.34 1 1
github.com/adhithyan15/coding-adventures/code/packages/go/lattice-ast-to-css/transformer.go:316.34,318.5 1 1
github.com/adhithyan15/coding-adventures/code/packages/go/lattice-ast-to-css/transformer.go:322.2,322.36 1 1
github.com/adhithyan15/coding-adventures/code/packages/go/lattice-ast-to-css/transformer.go:322.36,324.3 1 1
github.com/adhithyan15/coding-adventures/code/packages/go/lattice-ast-to-css/transformer.go:333.65,339.38 5 1
github.com/adhithyan15/coding-adventures/code/packages/go/lattice-ast-to-css/transformer.go:339.38,340.28 1 1
github.com/adhithyan15/coding-adventures/code/packages/go/lattice-ast-to-css/transformer.go:341.20,342.38 1 1
github.com/adhithyan15/coding-adventures/code/packages/go/lattice-ast-to-css/transformer.go:342.38,345.5 1 1
github.com/adhithyan15/coding-adventures/code/packages/go/lattice-ast-to-css/transformer.go:346.24,347.22 1 1
github.com/adhithyan15/coding-adventures/code/packages/go/lattice-ast-to-css/transformer.go:348.24,349.40 1 1
github.com/adhithyan15/coding-adventures/code/packages/go/lattice-ast-to-css/transformer.go:350.17,351.13 1 1
github.com/adhithyan15/coding-adventures/code/packages/go/lattice-ast-to-css/transformer.go:356.2,356.31 1 1
github.com/adhithyan15/coding-adventures/code/packages/go/lattice-ast-to-css/transformer.go:356.31,363.3 1 1
github.com/adhithyan15/coding-adventures/code/packages/go/lattice-ast-to-css/transformer.go:369.68,375.38 5 1
github.com/adhithyan15/coding-adventures/code/packages/go/lattice-ast-to-css/transformer.go:375.38,376.28 1 1
github.com/adhithyan15/coding-adventures/code/packages/go/lattice-ast-to-css/transformer.go:377.20,378.38 1 1
github.com/adhithyan15/coding-adventures/code/packages/go/lattice-ast-to-css/transformer.go:378.38,380.5 1 1
github.com/adhithyan15/coding-adventures/code/packages/go/lattice-ast-to-css/transformer.go:381.24,382.22 1 1
github.com/adhithyan15/coding-adventures/code/packages/go/lattice-ast-to-css/transformer.go:383.24,384.40 1 1
github.com/adhithyan15/coding-adventures/code/packages/go/lattice-ast-to-css/transformer.go:385.25,386.13 1 1
github.com/adhithyan15/coding-adventures/code/packages/go/lattice-ast-to-css/transformer.go:391.2,391.31 1 1
github.com/adhithyan15/coding-adventures/code/packages/go/lattice-ast-to-css/transformer.go:391.31,398.3 1 1
github.com/adhithyan15/coding-adventures/code/packages/go/lattice-ast-to-css/transformer.go:408.77,412.38 3 1
github.com/adhithyan15/coding-adventures/code/packages/go/lattice-ast-to-css/transformer.go:412.38,414.45 2 1
github.com/adhithyan15/coding-adventures/code/packages/go/lattice-ast-to-css/transformer.go:414.45,415.12 1 1
github.com/adhithyan15/coding-adventures/code/packages/go/lattice-ast-to-css/transformer.go:418.3,421.37 3 1
github.com/adhithyan15/coding-adventures/code/packages/go/lattice-ast-to-css/transformer.go:421.37,422.26 1 1
github.com/adhithyan15/coding-adventures/code/packages/go/lattice-ast-to-css/transformer.go:423.21,424.39 1 1
github.com/adhithyan15/coding-adventures/code/packages/go/lattice-ast-to-css/transformer.go:424.39,426.6 1 1
github.com/adhithyan15/coding-adventures/code/packages/go/lattice-ast-to-css/transformer.go:427.25,428.35 1 0
github.com/adhithyan15/coding-adventures/code/packages/go/lattice-ast-to-css/transformer.go:428.35,430.6 1 0
github.com/adhithyan15/coding-adventures/code/packages/go/lattice-ast-to-css/transformer.go:434.3,434.22 1 1
github.com/adhithyan15/coding-adventures/code/packages/go/lattice-ast-to-css/transformer.go:434.22,436.25 2 1
github.com/adhithyan15/coding-adventures/code/packages/go/lattice-ast-to-css/transformer.go:436.25,438.5 1 0
github.com/adhithyan15/coding-adventures/code/packages/go/lattice-ast-to-css/transformer.go:442.2,442.25 1 1
github.com/adhithyan15/coding-adventures/code/packages/go/lattice-ast-to-css/transformer.go:446.73,447.38 1 1
github.com/adhithyan15/coding-adventures/code/packages/go/lattice-ast-to-css/transformer.go:447.38,448.79 1 1
github.com/adhithyan15/coding-adventures/code/packages/go/lattice-ast-to-css/transformer.go:448.79,450.4 1 1
github.com/adhithyan15/coding-adventures/code/packages/go/lattice-ast-to-css/transformer.go:452.2,452.11 1 0
github.com/adhithyan15/coding-adventures/code/packages/go/lattice-ast-to-css/transformer.go:471.75,473.31 2 1
github.com/adhithyan15/coding-adventures/code/packages/go/lattice-ast-to-css/transformer.go:473.31,480.3 1 1
github.com/adhithyan15/coding-adventures/code/packages/go/lattice-ast-to-css/transformer.go:484.78,486.31 2 0
github.com/adhithyan15/coding-adventures/code/packages/go/lattice-ast-to-css/transformer.go:486.31,493.3 1 0
github.com/adhithyan15/coding-adventures/code/packages/go/lattice-ast-to-css/transformer.go:502.138,508.38 5 1
github.com/adhithyan15/coding-adventures/code/packages/go/lattice-ast-to-css/transformer.go:508.38,509.28 1 1
github.com/adhithyan15/coding-adventures/code/packages/go/lattice-ast-to-css/transformer.go:510.24,511.22 1 1
github.com/adhithyan15/coding-adventures/code/packages/go/lattice-ast-to-css/transformer.go:512.22,513.59 1 1
github.com/adhithyan15/coding-adventures/code/packages/go/lattice-ast-to-css/transformer.go:514.17,515.13 1 1
github.com/adhithyan15/coding-adventures/code/packages/go/lattice-ast-to-css/transformer.go:516.25,518.13 1 0
github.com/adhithyan15/coding-adventures/code/packages/go/lattice-ast-to-css/transformer.go:523.2,523.37 1 1
github.com/adhithyan15/coding-adventures/code/packages/go/lattice-ast-to-css/transformer.go:535.120,541.16 4 1
github.com/adhithyan15/coding-adventures/code/packages/go/lattice-ast-to-css/transformer.go:541.16,543.3 1 0
github.com/adhithyan15/coding-adventures/code/packages/go/lattice-ast-to-css/transformer.go:545.2,546.31 2 1
github.com/adhithyan15/coding-adventures/code/packages/go/lattice-ast-to-css/transformer.go:551.114,552.38 1 1
github.com/adhithyan15/coding-adventures/code/packages/go/lattice-ast-to-css/transformer.go:552.38,553.28 1 1
github.com/adhithyan15/coding-adventures/code/packages/go/lattice-ast-to-css/transformer.go:554.20,556.30 2 1
github.com/adhithyan15/coding-adventures/code/packages/go/lattice-ast-to-css/transformer.go:556.30,558.5 1 1
github.com/adhithyan15/coding-adventures/code/packages/go/lattice-ast-to-css/transformer.go:558.10,558.63 1 1
github.com/adhithyan15/coding-adventures/code/packages/go/lattice-ast-to-css/transformer.go:558.63,560.5 1 1
github.com/adhithyan15/coding-adventures/code/packages/go/lattice-ast-to-css/transformer.go:561.24,562.47 1 1
github.com/adhithyan15/coding-adventures/code/packages/go/lattice-ast-to-css/transformer.go:577.104,582.22 4 1
github.com/adhithyan15/coding-adventures/code/packages/go/lattice-ast-to-css/transformer.go:582.22,586.26 3 1
github.com/adhithyan15/coding-adventures/code/packages/go/lattice-ast-to-css/transformer.go:586.26,588.12 2 1
github.com/adhithyan15/coding-adventures/code/packages/go/lattice-ast-to-css/transformer.go:591.3,591.29 1 1
github.com/adhithyan15/coding-adventures/code/packages/go/lattice-ast-to-css/transformer.go:591.29,594.66 2 1
github.com/adhithyan15/coding-adventures/code/packages/go/lattice-ast-to-css/transformer.go:594.66,596.26 1 1
github.com/adhithyan15/coding-adventures/code/packages/go/lattice-ast-to-css/transformer.go:596.26,611.14 6 1
github.com/adhithyan15/coding-adventures/code/packages/go/lattice-ast-to-css/transformer.go:614.4,616.12 3 0
github.com/adhithyan15/coding-adventures/code/packages/go/lattice-ast-to-css/transformer.go:619.3,619.6 1 0
github.com/adhithyan15/coding-adventures/code/packages/go/lattice-ast-to-css/transformer.go:622.2,622.25 1 1
github.com/adhithyan15/coding-adventures/code/packages/go/lattice-ast-to-css/transformer.go:634.90,635.26 1 1
github.com/adhithyan15/coding-adventures/code/packages/go/lattice-ast-to-css/transformer.go:636.19,638.37 1 1
github.com/adhithyan15/coding-adventures/code/packages/go/lattice-ast-to-css/transformer.go:638.37,640.4 1 0
github.com/adhithyan15/coding-adventures/code/packages/go/lattice-ast-to-css/transformer.go:641.3,641.14 1 1
github.com/adhithyan15/coding-adventures/code/packages/go/lattice-ast-to-css/transformer.go:643.23,644.15 1 1
github.com/adhithyan15/coding-adventures/code/packages/go/lattice-ast-to-css/transformer.go:644.15,646.4 1 0
github.com/adhithyan15/coding-adventures/code/packages/go/lattice-ast-to-css/transformer.go:648.3,648.21 1 1
github.com/adhithyan15/coding-adventures/code/packages/go/lattice-ast-to-css/transformer.go:649.16,650.34 1 1
github.com/adhithyan15/coding-adventures/code/packages/go/lattice-ast-to-css/transformer.go:651.25,652.42 1 1
github.com/adhithyan15/coding-adventures/code/packages/go/lattice-ast-to-css/transformer.go:653.21,654.38 1 0
github.com/adhithyan15/coding-adventures/code/packages/go/lattice-ast-to-css/transformer.go:655.21,656.38 1 1
github.com/adhithyan15/coding-adventures/code/packages/go/lattice-ast-to-css/transformer.go:657.16,658.34 1 1
github.com/adhithyan15/coding-adventures/code/packages/go/lattice-ast-to-css/transformer.go:659.24,660.41 1 1
github.com/adhithyan15/coding-adventures/code/packages/go/lattice-ast-to-css/transformer.go:661.24,662.37 1 1
github.com/adhithyan15/coding-adventures/code/packages/go/lattice-ast-to-css/transformer.go:663.23,664.37 1 1
github.com/adhithyan15/coding-adventures/code/packages/go/lattice-ast-to-css/transformer.go:668.3,668.36 1 1
github.com/adhithyan15/coding-adventures/code/packages/go/lattice-ast-to-css/transformer.go:671.2,671.13 1 0
github.com/adhithyan15/coding-adventures/code/packages/go/lattice-ast-to-css/transformer.go:675.102,676.17 1 1
github.com/adhithyan15/coding-adventures/code/packages/go/lattice-ast-to-css/transformer.go:676.17,678.3 1 0
github.com/adhithyan15/coding-adventures/code/packages/go/lattice-ast-to-css/transformer.go:680.2,681.38 2 1
github.com/adhithyan15/coding-adventures/code/packages/go/lattice-ast-to-css/transformer.go:681.38,683.22 2 1
github.com/adhithyan15/coding-adventures/code/packages/go/lattice-ast-to-css/transformer.go:683.22,685.4 1 1
github.com/adhithyan15/coding-adventures/code/packages/go/lattice-ast-to-css/transformer.go:687.2,688.13 2 1
github.com/adhithyan15/coding-adventures/code/packages/go/lattice-ast-to-css/transformer.go:696.97,699.9 3 1
github.com/adhithyan15/coding-adventures/code/packages/go/lattice-ast-to-css/transformer.go:699.9,700.63 1 1
github.com/adhithyan15/coding-adventures/code/packages/go/lattice-ast-to-css/transformer.go:704.2,704.42 1 1
github.com/adhithyan15/coding-adventures/code/packages/go/lattice-ast-to-css/transformer.go:704.42,707.3 2 1
github.com/adhithyan15/coding-adventures/code/packages/go/lattice-ast-to-css/transformer.go:710.2,710.38 1 1
github.com/adhithyan15/coding-adventures/code/packages/go/lattice-ast-to-css/transformer.go:710.38,713.3 2 1
github.com/adhithyan15/coding-adventures/code/packages/go/lattice-ast-to-css/transformer.go:716.2,716.41 1 0
github.com/adhithyan15/coding-adventures/code/packages/go/lattice-ast-to-css/transformer.go:716.41,718.3 1 0
github.com/adhithyan15/coding-adventures/code/packages/go/lattice-ast-to-css/transformer.go:720.2,720.12 1 0
github.com/adhithyan15/coding-adventures/code/packages/go/lattice-ast-to-css/transformer.go:727.99,730.2 2 1
github.com/adhithyan15/coding-adventures/code/packages/go/lattice-ast-to-css/transformer.go:739.107,742.38 2 1
github.com/adhithyan15/coding-adventures/code/packages/go/lattice-ast-to-css/transformer.go:742.38,744.31 2 1
github.com/adhithyan15/coding-adventures/code/packages/go/lattice-ast-to-css/transformer.go:745.22,746.43 1 1
github.com/adhithyan15/coding-adventures/code/packages/go/lattice-ast-to-css/transformer.go:747.12,747.12 0 1
github.com/adhithyan15/coding-adventures/code/packages/go/lattice-ast-to-css/transformer.go:749.11,750.23 1 1
github.com/adhithyan15/coding-adventures/code/packages/go/lattice-ast-to-css/transformer.go:750.23,752.5 1 1
github.com/adhithyan15/coding-adventures/code/packages/go/lattice-ast-to-css/transformer.go:756.2,757.13 2 1
github.com/adhithyan15/coding-adventures/code/packages/go/lattice-ast-to-css/transformer.go:771.101,773.9 2 1
github.com/adhithyan15/coding-adventures/code/packages/go/lattice-ast-to-css/transformer.go:773.9,775.3 1 0
github.com/adhithyan15/coding-adventures/code/packages/go/lattice-ast-to-css/transformer.go:777.2,777.34 1 1
github.com/adhithyan15/coding-adventures/code/packages/go/lattice-ast-to-css/transformer.go:777.34,779.3 1 0
github.com/adhithyan15/coding-adventures/code/packages/go/lattice-ast-to-css/transformer.go:782.2,782.28 1 1
github.com/adhithyan15/coding-adventures/code/packages/go/lattice-ast-to-css/transformer.go:782.28,784.3 1 0
github.com/adhithyan15/coding-adventures/code/packages/go/lattice-ast-to-css/transformer.go:786.2,787.9 2 1
github.com/adhithyan15/coding-adventures/code/packages/go/lattice-ast-to-css/transformer.go:787.9,789.3 1 0
github.com/adhithyan15/coding-adventures/code/packages/go/lattice-ast-to-css/transformer.go:792.2,792.44 1 1
github.com/adhithyan15/coding-adventures/code/packages/go/lattice-ast-to-css/transformer.go:792.44,794.29 2 1
github.com/adhithyan15/coding-adventures/code/packages/go/lattice-ast-to-css/transformer.go:795.12,796.14 1 1
github.com/adhithyan15/coding-adventures/code/packages/go/lattice-ast-to-css/transformer.go:797.22,798.12 1 1
github.com/adhithyan15/coding-adventures/code/packages/go/lattice-ast-to-css/transformer.go:799.11,802.14 3 0
github.com/adhithyan15/coding-adventures/code/packages/go/lattice-ast-to-css/transformer.go:808.2,808.33 1 1
github.com/adhithyan15/coding-adventures/code/packages/go/lattice-ast-to-css/transformer.go:808.33,810.20 2 0
github.com/adhithyan15/coding-adventures/code/packages/go/lattice-ast-to-css/transformer.go:810.20,812.4 1 0
github.com/adhithyan15/coding-adventures/code/packages/go/lattice-ast-to-css/transformer.go:815.2,815.37 1 1
github.com/adhithyan15/coding-adventures/code/packages/go/lattice-ast-to-css/transformer.go:819.99,820.29 1 0
github.com/adhithyan15/coding-adventures/code/packages/go/lattice-ast-to-css/transformer.go:820.29,822.3 1 0
github.com/adhithyan15/coding-adventures/code/packages/go/lattice-ast-to-css/transformer.go:824.2,825.9 2 0
github.com/adhithyan15/coding-adventures/code/packages/go/lattice-ast-to-css/transformer.go:825.9,827.3 1 0
github.com/adhithyan15/coding-adventures/code/packages/go/lattice-ast-to-css/transformer.go:829.2,829.44 1 0
github.com/adhithyan15/coding-adventures/code/packages/go/lattice-ast-to-css/transformer.go:829.44,831.29 2 0
github.com/adhithyan15/coding-adventures/code/packages/go/lattice-ast-to-css/transformer.go:832.12,833.14 1 0
github.com/adhithyan15/coding-adventures/code/packages/go/lattice-ast-to-css/transformer.go:834.22,835.12 1 0
github.com/adhithyan15/coding-adventures/code/packages/go/lattice-ast-to-css/transformer.go:836.11,839.15 3 0
github.com/adhithyan15/coding-adventures/code/packages/go/lattice-ast-to-css/transformer.go:843.2,843.38 1 0
github.com/adhithyan15/coding-adventures/code/packages/go/lattice-ast-to-css/transformer.go:853.103,856.38 2 0
github.com/adhithyan15/coding-adventures/code/packages/go/lattice-ast-to-css/transformer.go:856.38,857.79 1 0
github.com/adhithyan15/coding-adventures/code/packages/go/lattice-ast-to-css/transformer.go:857.79,859.9 2 0
github.com/adhithyan15/coding-adventures/code/packages/go/lattice-ast-to-css/transformer.go:863.2,863.17 1 0
github.com/adhithyan15/coding-adventures/code/packages/go/lattice-ast-to-css/transformer.go:864.18,865.48 1 0
github.com/adhithyan15/coding-adventures/code/packages/go/lattice-ast-to-css/transformer.go:866.13,867.43 1 0
github.com/adhithyan15/coding-adventures/code/packages/go/lattice-ast-to-css/transformer.go:868.14,869.44 1 0
github.com/adhithyan15/coding-adventures/code/packages/go/lattice-ast-to-css/transformer.go:870.15,871.45 1 0
github.com/adhithyan15/coding-adventures/code/packages/go/lattice-ast-to-css/transformer.go:873.2,873.12 1 0
github.com/adhithyan15/coding-adventures/code/packages/go/lattice-ast-to-css/transformer.go:901.107,906.38 3 0
github.com/adhithyan15/coding-adventures/code/packages/go/lattice-ast-to-css/transformer.go:906.38,907.77 1 0
github.com/adhithyan15/coding-adventures/code/packages/go/lattice-ast-to-css/transformer.go:907.77,909.9 2 0
github.com/adhithyan15/coding-adventures/code/packages/go/lattice-ast-to-css/transformer.go:913.2,913.21 1 0
github.com/adhithyan15/coding-adventures/code/packages/go/lattice-ast-to-css/transformer.go:913.21,915.3 1 0
github.com/adhithyan15/coding-adventures/code/packages/go/lattice-ast-to-css/transformer.go:917.2,918.9 2 0
github.com/adhithyan15/coding-adventures/code/packages/go/lattice-ast-to-css/transformer.go:918.9,919.49 1 0
github.com/adhithyan15/coding-adventures/code/packages/go/lattice-ast-to-css/transformer.go:923.2,923.36 1 0
github.com/adhithyan15/coding-adventures/code/packages/go/lattice-ast-to-css/transformer.go:923.36,924.24 1 0
github.com/adhithyan15/coding-adventures/code/packages/go/lattice-ast-to-css/transformer.go:924.24,926.58 2 0
github.com/adhithyan15/coding-adventures/code/packages/go/lattice-ast-to-css/transformer.go:931.2,935.62 3 0
github.com/adhithyan15/coding-adventures/code/packages/go/lattice-ast-to-css/transformer.go:935.62,936.87 1 0
github.com/adhithyan15/coding-adventures/code/packages/go/lattice-ast-to-css/transformer.go:940.2,941.44 2 0
github.com/adhithyan15/coding-adventures/code/packages/go/lattice-ast-to-css/transformer.go:941.44,942.20 1 0
github.com/adhithyan15/coding-adventures/code/packages/go/lattice-ast-to-css/transformer.go:942.20,944.4 1 0
github.com/adhithyan15/coding-adventures/code/packages/go/lattice-ast-to-css/transformer.go:944.9,944.60 1 0
github.com/adhithyan15/coding-adventures/code/packages/go/lattice-ast-to-css/transformer.go:944.60,946.4 1 0
github.com/adhithyan15/coding-adventures/code/packages/go/lattice-ast-to-css/transformer.go:950.2,951.15 2 0
github.com/adhithyan15/coding-adventures/code/packages/go/lattice-ast-to-css/transformer.go:951.15,951.68 1 0
github.com/adhithyan15/coding-adventures/code/packages/go/lattice-ast-to-css/transformer.go:953.2,957.50 3 0
github.com/adhithyan15/coding-adventures/code/packages/go/lattice-ast-to-css/transformer.go:957.50,958.41 1 0
github.com/adhithyan15/coding-adventures/code/packages/go/lattice-ast-to-css/transformer.go:958.41,959.82 1 0
github.com/adhithyan15/coding-adventures/code/packages/go/lattice-ast-to-css/transformer.go:959.82,961.36 2 0
github.com/adhithyan15/coding-adventures/code/packages/go/lattice-ast-to-css/transformer.go:961.36,962.18 1 0
github.com/adhithyan15/coding-adventures/code/packages/go/lattice-ast-to-css/transformer.go:962.18,964.7 1 0
github.com/adhithyan15/coding-adventures/code/packages/go/lattice-ast-to-css/transformer.go:966.5,966.18 1 0
github.com/adhithyan15/coding-adventures/code/packages/go/lattice-ast-to-css/transformer.go:971.2,971.12 1 0
github.com/adhithyan15/coding-adventures/code/packages/go/lattice-ast-to-css/transformer.go:976.98,982.2 4 0
github.com/adhithyan15/coding-adventures/code/packages/go/lattice-ast-to-css/transformer.go:985.109,986.38 1 0
github.com/adhithyan15/coding-adventures/code/packages/go/lattice-ast-to-css/transformer.go:986.38,987.28 1 0
github.com/adhithyan15/coding-adventures/code/packages/go/lattice-ast-to-css/transformer.go:988.20,990.20 2 0
github.com/adhithyan15/coding-adventures/code/packages/go/lattice-ast-to-css/transformer.go:991.20,993.44 1 0
github.com/adhithyan15/coding-adventures/code/packages/go/lattice-ast-to-css/transformer.go:994.17,995.25 1 0
github.com/adhithyan15/coding-adventures/code/packages/go/lattice-ast-to-css/transformer.go:995.25,997.6 1 0
github.com/adhithyan15/coding-adventures/code/packages/go/lattice-ast-to-css/transformer.go:997.11,1000.6 1 0
github.com/adhithyan15/coding-adventures/code/packages/go/lattice-ast-to-css/transformer.go:1001.65,1001.65 0 0
github.com/adhithyan15/coding-adventures/code/packages/go/lattice-ast-to-css/transformer.go:1003.12,1004.25 1 0
github.com/adhithyan15/coding-adventures/code/packages/go/lattice-ast-to-css/transformer.go:1004.25,1007.6 1 0
github.com/adhithyan15/coding-adventures/code/packages/go/lattice-ast-to-css/transformer.go:1009.24,1010.42 1 0
github.com/adhithyan15/coding-adventures/code/packages/go/lattice-ast-to-css/transformer.go:1019.84,1020.22 1 0
github.com/adhithyan15/coding-adventures/code/packages/go/lattice-ast-to-css/transformer.go:1020.22,1022.3 1 0
github.com/adhithyan15/coding-adventures/code/packages/go/lattice-ast-to-css/transformer.go:1025.2,1027.29 3 0
github.com/adhithyan15/coding-adventures/code/packages/go/lattice-ast-to-css/transformer.go:1027.29,1028.36 1 0
github.com/adhithyan15/coding-adventures/code/packages/go/lattice-ast-to-css/transformer.go:1028.36,1029.24 1 0
github.com/adhithyan15/coding-adventures/code/packages/go/lattice-ast-to-css/transformer.go:1029.24,1032.5 2 0
github.com/adhithyan15/coding-adventures/code/packages/go/lattice-ast-to-css/transformer.go:1033.9,1035.4 1 0
github.com/adhithyan15/coding-adventures/code/packages/go/lattice-ast-to-css/transformer.go:1037.2,1037.22 1 0
github.com/adhithyan15/coding-adventures/code/packages/go/lattice-ast-to-css/transformer.go:1037.22,1039.3 1 0
github.com/adhithyan15/coding-adventures/code/packages/go/lattice-ast-to-css/transformer.go:1042.2,1043.31 2 0
github.com/adhithyan15/coding-adventures/code/packages/go/lattice-ast-to-css/transformer.go:1043.31,1044.22 1 0
github.com/adhithyan15/coding-adventures/code/packages/go/lattice-ast-to-css/transformer.go:1044.22,1045.12 1 0
github.com/adhithyan15/coding-adventures/code/packages/go/lattice-ast-to-css/transformer.go:1048.3,1049.29 2 0
github.com/adhithyan15/coding-adventures/code/packages/go/lattice-ast-to-css/transformer.go:1049.29,1054.4 1 0
github.com/adhithyan15/coding-adventures/code/packages/go/lattice-ast-to-css/transformer.go:1055.3,1058.5 1 0
github.com/adhithyan15/coding-adventures/code/packages/go/lattice-ast-to-css/transformer.go:1060.2,1060.15 1 0
github.com/adhithyan15/coding-adventures/code/packages/go/lattice-ast-to-css/transformer.go:1065.102,1072.38 3 0
github.com/adhithyan15/coding-adventures/code/packages/go/lattice-ast-to-css/transformer.go:1072.38,1074.10 2 0
github.com/adhithyan15/coding-adventures/code/packages/go/lattice-ast-to-css/transformer.go:1074.10,1075.12 1 0
github.com/adhithyan15/coding-adventures/code/packages/go/lattice-ast-to-css/transformer.go:1077.3,1077.23 1 0
github.com/adhithyan15/coding-adventures/code/packages/go/lattice-ast-to-css/transformer.go:1078.21,1079.21 1 0
github.com/adhithyan15/coding-adventures/code/packages/go/lattice-ast-to-css/transformer.go:1080.16,1081.19 1 0
github.com/adhithyan15/coding-adventures/code/packages/go/lattice-ast-to-css/transformer.go:1085.2,1085.22 1 0
github.com/adhithyan15/coding-adventures/code/packages/go/lattice-ast-to-css/transformer.go:1085.22,1087.3 1 0
github.com/adhithyan15/coding-adventures/code/packages/go/lattice-ast-to-css/transformer.go:1090.2,1091.24 2 0
github.com/adhithyan15/coding-adventures/code/packages/go/lattice-ast-to-css/transformer.go:1091.24,1095.3 3 0
github.com/adhithyan15/coding-adventures/code/packages/go/lattice-ast-to-css/transformer.go:1097.2,1097.16 1 0
github.com/adhithyan15/coding-adventures/code/packages/go/lattice-ast-to-css/transformer.go:1097.16,1099.3 1 0
github.com/adhithyan15/coding-adventures/code/packages/go/lattice-ast-to-css/transformer.go:1100.2,1100.12 1 0
github.com/adhithyan15/coding-adventures/code/packages/go/lattice-ast-to-css/transformer.go:1105.96,1110.2 1 0
github.com/adhithyan15/coding-adventures/code/packages/go/lattice-ast-to-css/transformer.go:1113.97,1115.2 1 0
github.com/adhithyan15/coding-adventures/code/packages/go/lattice-ast-to-css/transformer.go:1120.106,1121.29 1 1
github.com/adhithyan15/coding-adventures/code/packages/go/lattice-ast-to-css/transformer.go:1121.29,1123.3 1 0
[...]
github.com/adhithyan15/coding-adventures/code/packages/go/lattice-ast-to-css/transformer.go:1616.39,1621.3 4 1
github.com/adhithyan15/coding-adventures/code/packages/go/lattice-ast-to-css/transformer.go:1623.2,1623.15 1 1
github.com/adhithyan15/coding-adventures/code/packages/go/lattice-ast-to-css/transformer.go:1632.96,1637.38 4 1
github.com/adhithyan15/coding-adventures/code/packages/go/lattice-ast-to-css/transformer.go:1637.38,1638.28 1 1
github.com/adhithyan15/coding-adventures/code/packages/go/lattice-ast-to-css/transformer.go:1639.20,1640.38 1 1
github.com/adhithyan15/coding-adventures/code/packages/go/lattice-ast-to-css/transformer.go:1640.38,1642.5 1 1
github.com/adhithyan15/coding-adventures/code/packages/go/lattice-ast-to-css/transformer.go:1643.24,1644.22 1 1
github.com/adhithyan15/coding-adventures/code/packages/go/lattice-ast-to-css/transformer.go:1645.21,1646.21 1 1
github.com/adhithyan15/coding-adventures/code/packages/go/lattice-ast-to-css/transformer.go:1647.17,1648.14 1 1
github.com/adhithyan15/coding-adventures/code/packages/go/lattice-ast-to-css/transformer.go:1653.2,1653.63 1 1
github.com/adhithyan15/coding-adventures/code/packages/go/lattice-ast-to-css/transformer.go:1653.63,1655.3 1 0
github.com/adhithyan15/coding-adventures/code/packages/go/lattice-ast-to-css/transformer.go:1658.2,1659.46 2 1
github.com/adhithyan15/coding-adventures/code/packages/go/lattice-ast-to-css/transformer.go:1659.46,1660.72 1 1
github.com/adhithyan15/coding-adventures/code/packages/go/lattice-ast-to-css/transformer.go:1660.72,1662.4 1 1
github.com/adhithyan15/coding-adventures/code/packages/go/lattice-ast-to-css/transformer.go:1665.2,1666.29 2 1
github.com/adhithyan15/coding-adventures/code/packages/go/lattice-ast-to-css/transformer.go:1666.29,1668.24 2 1
github.com/adhithyan15/coding-adventures/code/packages/go/lattice-ast-to-css/transformer.go:1668.24,1672.4 2 1
github.com/adhithyan15/coding-adventures/code/packages/go/lattice-ast-to-css/transformer.go:1673.3,1674.39 2 1
github.com/adhithyan15/coding-adventures/code/packages/go/lattice-ast-to-css/transformer.go:1677.2,1677.15 1 1
github.com/adhithyan15/coding-adventures/code/packages/go/lattice-ast-to-css/transformer.go:1683.105,1685.50 2 1
github.com/adhithyan15/coding-adventures/code/packages/go/lattice-ast-to-css/transformer.go:1685.50,1686.41 1 1
github.com/adhithyan15/coding-adventures/code/packages/go/lattice-ast-to-css/transformer.go:1686.41,1687.82 1 1
github.com/adhithyan15/coding-adventures/code/packages/go/lattice-ast-to-css/transformer.go:1687.82,1689.36 2 1
github.com/adhithyan15/coding-adventures/code/packages/go/lattice-ast-to-css/transformer.go:1689.36,1690.18 1 1
github.com/adhithyan15/coding-adventures/code/packages/go/lattice-ast-to-css/transformer.go:1690.18,1692.7 1 1
github.com/adhithyan15/coding-adventures/code/packages/go/lattice-ast-to-css/transformer.go:1694.5,1694.18 1 1
github.com/adhithyan15/coding-adventures/code/packages/go/lattice-ast-to-css/transformer.go:1698.2,1698.12 1 0
github.com/adhithyan15/coding-adventures/code/packages/go/lattice-ast-to-css/transformer.go:1710.121,1715.38 3 1
github.com/adhithyan15/coding-adventures/code/packages/go/lattice-ast-to-css/transformer.go:1715.38,1716.80 1 1
github.com/adhithyan15/coding-adventures/code/packages/go/lattice-ast-to-css/transformer.go:1716.80,1718.9 2 1
github.com/adhithyan15/coding-adventures/code/packages/go/lattice-ast-to-css/transformer.go:1723.2,1724.61 2 1
github.com/adhithyan15/coding-adventures/code/packages/go/lattice-ast-to-css/transformer.go:1724.61,1725.88 1 0
github.com/adhithyan15/coding-adventures/code/packages/go/lattice-ast-to-css/transformer.go:1729.2,1729.39 1 1
github.com/adhithyan15/coding-adventures/code/packages/go/lattice-ast-to-css/transformer.go:1729.39,1730.23 1 0
github.com/adhithyan15/coding-adventures/code/packages/go/lattice-ast-to-css/transformer.go:1730.23,1732.61 2 0
github.com/adhithyan15/coding-adventures/code/packages/go/lattice-ast-to-css/transformer.go:1737.2,1738.43 2 1
github.com/adhithyan15/coding-adventures/code/packages/go/lattice-ast-to-css/transformer.go:1738.43,1739.20 1 1
github.com/adhithyan15/coding-adventures/code/packages/go/lattice-ast-to-css/transformer.go:1739.20,1741.4 1 1
github.com/adhithyan15/coding-adventures/code/packages/go/lattice-ast-to-css/transformer.go:1741.9,1741.59 1 0
github.com/adhithyan15/coding-adventures/code/packages/go/lattice-ast-to-css/transformer.go:1741.59,1743.4 1 0
github.com/adhithyan15/coding-adventures/code/packages/go/lattice-ast-to-css/transformer.go:1747.2,1748.15 2 1
github.com/adhithyan15/coding-adventures/code/packages/go/lattice-ast-to-css/transformer.go:1748.15,1748.77 1 1
github.com/adhithyan15/coding-adventures/code/packages/go/lattice-ast-to-css/transformer.go:1750.2,1751.9 2 1
github.com/adhithyan15/coding-adventures/code/packages/go/lattice-ast-to-css/transformer.go:1751.9,1752.16 1 1
github.com/adhithyan15/coding-adventures/code/packages/go/lattice-ast-to-css/transformer.go:1752.16,1753.32 1 1
github.com/adhithyan15/coding-adventures/code/packages/go/lattice-ast-to-css/transformer.go:1753.32,1754.40 1 1
github.com/adhithyan15/coding-adventures/code/packages/go/lattice-ast-to-css/transformer.go:1754.40,1756.6 1 1
github.com/adhithyan15/coding-adventures/code/packages/go/lattice-ast-to-css/transformer.go:1756.11,1757.14 1 1
github.com/adhithyan15/coding-adventures/code/packages/go/lattice-ast-to-css/transformer.go:1761.3,1762.47 2 1
github.com/adhithyan15/coding-adventures/code/packages/go/lattice-ast-to-css/transformer.go:1765.2,1765.24 1 1
github.com/adhithyan15/coding-adventures/code/packages/go/lattice-ast-to-css/transformer.go:1765.24,1766.47 1 1
github.com/adhithyan15/coding-adventures/code/packages/go/lattice-ast-to-css/transformer.go:1770.2,1771.37 2 1
github.com/adhithyan15/coding-adventures/code/packages/go/lattice-ast-to-css/transformer.go:1782.92,1783.17 1 1
github.com/adhithyan15/coding-adventures/code/packages/go/lattice-ast-to-css/transformer.go:1783.17,1785.3 1 0
github.com/adhithyan15/coding-adventures/code/packages/go/lattice-ast-to-css/transformer.go:1787.2,1787.38 1 1
github.com/adhithyan15/coding-adventures/code/packages/go/lattice-ast-to-css/transformer.go:1787.38,1789.10 2 1
github.com/adhithyan15/coding-adventures/code/packages/go/lattice-ast-to-css/transformer.go:1789.10,1790.12 1 1
github.com/adhithyan15/coding-adventures/code/packages/go/lattice-ast-to-css/transformer.go:1793.3,1793.43 1 1
github.com/adhithyan15/coding-adventures/code/packages/go/lattice-ast-to-css/transformer.go:1793.43,1794.30 1 1
github.com/adhithyan15/coding-adventures/code/packages/go/lattice-ast-to-css/transformer.go:1794.30,1795.13 1 0
github.com/adhithyan15/coding-adventures/code/packages/go/lattice-ast-to-css/transformer.go:1797.4,1798.11 2 1
github.com/adhithyan15/coding-adventures/code/packages/go/lattice-ast-to-css/transformer.go:1798.11,1799.13 1 0
github.com/adhithyan15/coding-adventures/code/packages/go/lattice-ast-to-css/transformer.go:1802.4,1802.26 1 1
github.com/adhithyan15/coding-adventures/code/packages/go/lattice-ast-to-css/transformer.go:1803.32,1804.46 1 1
github.com/adhithyan15/coding-adventures/code/packages/go/lattice-ast-to-css/transformer.go:1805.28,1806.35 1 1
github.com/adhithyan15/coding-adventures/code/packages/go/lattice-ast-to-css/transformer.go:1807.27,1808.46 1 1
github.com/adhithyan15/coding-adventures/code/packages/go/lattice-ast-to-css/transformer.go:1817.86,1818.38 1 1
github.com/adhithyan15/coding-adventures/code/packages/go/lattice-ast-to-css/transformer.go:1818.38,1819.85 1 1
github.com/adhithyan15/coding-adventures/code/packages/go/lattice-ast-to-css/transformer.go:1819.85,1822.38 3 1
github.com/adhithyan15/coding-adventures/code/packages/go/lattice-ast-to-css/transformer.go:1831.97,1832.29 1 1
github.com/adhithyan15/coding-adventures/code/packages/go/lattice-ast-to-css/transformer.go:1832.29,1834.3 1 0
github.com/adhithyan15/coding-adventures/code/packages/go/lattice-ast-to-css/transformer.go:1835.2,1836.9 2 1
github.com/adhithyan15/coding-adventures/code/packages/go/lattice-ast-to-css/transformer.go:1836.9,1838.3 1 0
github.com/adhithyan15/coding-adventures/code/packages/go/lattice-ast-to-css/transformer.go:1839.2,1839.38 1 1
github.com/adhithyan15/coding-adventures/code/packages/go/lattice-ast-to-css/transformer.go:1839.38,1841.3 1 1
github.com/adhithyan15/coding-adventures/code/packages/go/lattice-ast-to-css/transformer.go:1845.92,1854.24 5 1
github.com/adhithyan15/coding-adventures/code/packages/go/lattice-ast-to-css/transformer.go:1854.24,1857.34 3 1
github.com/adhithyan15/coding-adventures/code/packages/go/lattice-ast-to-css/transformer.go:1857.34,1858.27 1 1
github.com/adhithyan15/coding-adventures/code/packages/go/lattice-ast-to-css/transformer.go:1858.27,1861.5 2 1
github.com/adhithyan15/coding-adventures/code/packages/go/lattice-ast-to-css/transformer.go:1861.10,1863.5 1 0
github.com/adhithyan15/coding-adventures/code/packages/go/lattice-ast-to-css/transformer.go:1864.4,1864.12 1 1
github.com/adhithyan15/coding-adventures/code/packages/go/lattice-ast-to-css/transformer.go:1866.3,1866.36 1 1
github.com/adhithyan15/coding-adventures/code/packages/go/lattice-ast-to-css/transformer.go:1866.36,1867.27 1 1
github.com/adhithyan15/coding-adventures/code/packages/go/lattice-ast-to-css/transformer.go:1867.27,1869.43 2 1
github.com/adhithyan15/coding-adventures/code/packages/go/lattice-ast-to-css/transformer.go:1869.43,1870.29 1 0
github.com/adhithyan15/coding-adventures/code/packages/go/lattice-ast-to-css/transformer.go:1870.29,1873.7 2 0
github.com/adhithyan15/coding-adventures/code/packages/go/lattice-ast-to-css/transformer.go:1873.12,1875.7 1 0
github.com/adhithyan15/coding-adventures/code/packages/go/lattice-ast-to-css/transformer.go:1876.6,1876.14 1 0
github.com/adhithyan15/coding-adventures/code/packages/go/lattice-ast-to-css/transformer.go:1879.4,1879.27 1 1
github.com/adhithyan15/coding-adventures/code/packages/go/lattice-ast-to-css/transformer.go:1879.27,1882.5 2 1
github.com/adhithyan15/coding-adventures/code/packages/go/lattice-ast-to-css/transformer.go:1882.10,1884.5 1 0
github.com/adhithyan15/coding-adventures/code/packages/go/lattice-ast-to-css/transformer.go:1885.4,1885.12 1 1
github.com/adhithyan15/coding-adventures/code/packages/go/lattice-ast-to-css/transformer.go:1887.3,1887.6 1 0
github.com/adhithyan15/coding-adventures/code/packages/go/lattice-ast-to-css/transformer.go:1890.2,1891.29 2 1
github.com/adhithyan15/coding-adventures/code/packages/go/lattice-ast-to-css/transformer.go:1891.29,1892.64 1 1
github.com/adhithyan15/coding-adventures/code/packages/go/lattice-ast-to-css/transformer.go:1892.64,1895.4 2 1
github.com/adhithyan15/coding-adventures/code/packages/go/lattice-ast-to-css/transformer.go:1905.96,1906.18 1 1
github.com/adhithyan15/coding-adventures/code/packages/go/lattice-ast-to-css/transformer.go:1906.18,1908.3 1 0
github.com/adhithyan15/coding-adventures/code/packages/go/lattice-ast-to-css/transformer.go:1910.2,1910.39 1 1
github.com/adhithyan15/coding-adventures/code/packages/go/lattice-ast-to-css/transformer.go:1910.39,1912.10 2 1
github.com/adhithyan15/coding-adventures/code/packages/go/lattice-ast-to-css/transformer.go:1912.10,1913.12 1 1
github.com/adhithyan15/coding-adventures/code/packages/go/lattice-ast-to-css/transformer.go:1916.3,1916.23 1 1
github.com/adhithyan15/coding-adventures/code/packages/go/lattice-ast-to-css/transformer.go:1917.25,1918.41 1 1
github.com/adhithyan15/coding-adventures/code/packages/go/lattice-ast-to-css/transformer.go:1919.21,1920.30 1 1
github.com/adhithyan15/coding-adventures/code/packages/go/lattice-ast-to-css/transformer.go:1920.30,1921.13 1 0
github.com/adhithyan15/coding-adventures/code/packages/go/lattice-ast-to-css/transformer.go:1923.4,1924.11 2 1
github.com/adhithyan15/coding-adventures/code/packages/go/lattice-ast-to-css/transformer.go:1924.11,1925.13 1 0
github.com/adhithyan15/coding-adventures/code/packages/go/lattice-ast-to-css/transformer.go:1927.4,1927.26 1 1
github.com/adhithyan15/coding-adventures/code/packages/go/lattice-ast-to-css/transformer.go:1928.19,1929.46 1 1
github.com/adhithyan15/coding-adventures/code/packages/go/lattice-ast-to-css/transformer.go:1930.30,1931.40 1 0
github.com/adhithyan15/coding-adventures/code/packages/go/lattice-ast-to-css/transformer.go:1931.40,1932.49 1 0
github.com/adhithyan15/coding-adventures/code/packages/go/lattice-ast-to-css/transformer.go:1932.49,1933.52 1 0
github.com/adhithyan15/coding-adventures/code/packages/go/lattice-ast-to-css/transformer.go:1933.52,1935.8 1 0
github.com/adhithyan15/coding-adventures/code/packages/go/lattice-ast-to-css/transformer.go:1949.97,1950.38 1 1
github.com/adhithyan15/coding-adventures/code/packages/go/lattice-ast-to-css/transformer.go:1950.38,1952.10 2 1
github.com/adhithyan15/coding-adventures/code/packages/go/lattice-ast-to-css/transformer.go:1952.10,1953.12 1 0
github.com/adhithyan15/coding-adventures/code/packages/go/lattice-ast-to-css/transformer.go:1955.3,1955.67 1 1
github.com/adhithyan15/coding-adventures/code/packages/go/lattice-ast-to-css/transformer.go:1955.67,1957.40 1 1
github.com/adhithyan15/coding-adventures/code/packages/go/lattice-ast-to-css/transformer.go:1957.40,1958.79 1 1
github.com/adhithyan15/coding-adventures/code/packages/go/lattice-ast-to-css/transformer.go:1958.79,1961.40 3 1
github.com/adhithyan15/coding-adventures/code/packages/go/lattice-ast-to-css/transformer.go:1973.88,1978.38 3 1
github.com/adhithyan15/coding-adventures/code/packages/go/lattice-ast-to-css/transformer.go:1978.38,1980.10 2 1
github.com/adhithyan15/coding-adventures/code/packages/go/lattice-ast-to-css/transformer.go:1980.10,1981.12 1 0
github.com/adhithyan15/coding-adventures/code/packages/go/lattice-ast-to-css/transformer.go:1983.3,1983.37 1 1
github.com/adhithyan15/coding-adventures/code/packages/go/lattice-ast-to-css/transformer.go:1983.37,1984.33 1 1
github.com/adhithyan15/coding-adventures/code/packages/go/lattice-ast-to-css/transformer.go:1984.33,1985.30 1 1
github.com/adhithyan15/coding-adventures/code/packages/go/lattice-ast-to-css/transformer.go:1985.30,1988.6 2 1
github.com/adhithyan15/coding-adventures/code/packages/go/lattice-ast-to-css/transformer.go:1989.10,1991.5 1 1
github.com/adhithyan15/coding-adventures/code/packages/go/lattice-ast-to-css/transformer.go:1995.2,1995.27 1 1
github.com/adhithyan15/coding-adventures/code/packages/go/lattice-ast-to-css/transformer.go:1995.27,1997.3 1 1
github.com/adhithyan15/coding-adventures/code/packages/go/lattice-ast-to-css/transformer.go:1999.2,1999.13 1 1
github.com/adhithyan15/coding-adventures/code/packages/go/lattice-ast-to-css/transformer.go:2003.76,2004.29 1 1
github.com/adhithyan15/coding-adventures/code/packages/go/lattice-ast-to-css/transformer.go:2004.29,2005.52 1 1
github.com/adhithyan15/coding-adventures/code/packages/go/lattice-ast-to-css/transformer.go:2005.52,2007.4 1 1
github.com/adhithyan15/coding-adventures/code/packages/go/lattice-ast-to-css/transformer.go:2009.2,2009.14 1 0
github.com/adhithyan15/coding-adventures/code/packages/go/lattice-ast-to-css/transformer.go:2013.90,2015.29 2 1
github.com/adhithyan15/coding-adventures/code/packages/go/lattice-ast-to-css/transformer.go:2015.29,2016.44 1 1
github.com/adhithyan15/coding-adventures/code/packages/go/lattice-ast-to-css/transformer.go:2016.44,2023.4 2 1
github.com/adhithyan15/coding-adventures/code/packages/go/lattice-ast-to-css/transformer.go:2025.2,2028.3 1 1
github.com/adhithyan15/coding-adventures/code/packages/go/lattice-ast-to-css/transformer.go:2040.60,2041.17 1 1
github.com/adhithyan15/coding-adventures/code/packages/go/lattice-ast-to-css/transformer.go:2041.17,2043.3 1 0
github.com/adhithyan15/coding-adventures/code/packages/go/lattice-ast-to-css/transformer.go:2045.2,2046.38 2 1
github.com/adhithyan15/coding-adventures/code/packages/go/lattice-ast-to-css/transformer.go:2046.38,2047.45 1 1
github.com/adhithyan15/coding-adventures/code/packages/go/lattice-ast-to-css/transformer.go:2047.45,2050.56 2 1
github.com/adhithyan15/coding-adventures/code/packages/go/lattice-ast-to-css/transformer.go:2050.56,2051.13 1 0
github.com/adhithyan15/coding-adventures/code/packages/go/lattice-ast-to-css/transformer.go:2054.3,2054.43 1 1
github.com/adhithyan15/coding-adventures/code/packages/go/lattice-ast-to-css/transformer.go:2056.2,2056.29 1 1
github.com/adhithyan15/coding-adventures/code/packages/go/lattice-ast-to-css/transformer.go:2065.41,2066.38 1 1
github.com/adhithyan15/coding-adventures/code/packages/go/lattice-ast-to-css/transformer.go:2066.38,2068.3 1 1
github.com/adhithyan15/coding-adventures/code/packages/go/lattice-ast-to-css/transformer.go:2069.2,2069.10 1 0
github.com/adhithyan15/coding-adventures/code/packages/go/lattice-ast-to-css/transformer.go:2073.49,2076.2 2 1
github.com/adhithyan15/coding-adventures/code/packages/go/lattice-ast-to-css/transformer.go:2079.42,2080.25 1 1
github.com/adhithyan15/coding-adventures/code/packages/go/lattice-ast-to-css/transformer.go:2081.21,2082.17 1 1
github.com/adhithyan15/coding-adventures/code/packages/go/lattice-ast-to-css/transformer.go:2083.24,2084.17 1 0
github.com/adhithyan15/coding-adventures/code/packages/go/lattice-ast-to-css/transformer.go:2085.25,2086.17 1 0
github.com/adhithyan15/coding-adventures/code/packages/go/lattice-ast-to-css/transformer.go:2088.2,2088.10 1 0
github.com/adhithyan15/coding-adventures/code/packages/go/lattice-ast-to-css/transformer.go:2092.54,2094.9 2 1
github.com/adhithyan15/coding-adventures/code/packages/go/lattice-ast-to-css/transformer.go:2094.9,2096.3 1 0
github.com/adhithyan15/coding-adventures/code/packages/go/lattice-ast-to-css/transformer.go:2097.2,2097.28 1 1
github.com/adhithyan15/coding-adventures/code/packages/go/lattice-ast-to-css/transformer.go:2097.28,2099.41 2 1
github.com/adhithyan15/coding-adventures/code/packages/go/lattice-ast-to-css/transformer.go:2099.41,2101.4 1 1
github.com/adhithyan15/coding-adventures/code/packages/go/lattice-ast-to-css/transformer.go:2102.3,2102.15 1 0
github.com/adhithyan15/coding-adventures/code/packages/go/lattice-ast-to-css/transformer.go:2104.2,2104.13 1 0
github.com/adhithyan15/coding-adventures/code/packages/go/lattice-ast-to-css/transformer.go:2109.68,2116.2 1 1
github.com/adhithyan15/coding-adventures/code/packages/go/lattice-ast-to-css/transformer.go:2120.71,2123.17 2 1
github.com/adhithyan15/coding-adventures/code/packages/go/lattice-ast-to-css/transformer.go:2123.17,2125.3 1 1
github.com/adhithyan15/coding-adventures/code/packages/go/lattice-ast-to-css/transformer.go:2125.8,2127.3 1 0
github.com/adhithyan15/coding-adventures/code/packages/go/lattice-ast-to-css/transformer.go:2128.2,2131.3 1 1
github.com/adhithyan15/coding-adventures/code/packages/go/lattice-ast-to-css/transformer.go:2143.57,2144.17 1 1
github.com/adhithyan15/coding-adventures/code/packages/go/lattice-ast-to-css/transformer.go:2144.17,2146.3 1 0
github.com/adhithyan15/coding-adventures/code/packages/go/lattice-ast-to-css/transformer.go:2147.2,2151.38 2 1
github.com/adhithyan15/coding-adventures/code/packages/go/lattice-ast-to-css/transformer.go:2151.38,2152.28 1 1
github.com/adhithyan15/coding-adventures/code/packages/go/lattice-ast-to-css/transformer.go:2153.24,2154.40 1 1
github.com/adhithyan15/coding-adventures/code/packages/go/lattice-ast-to-css/transformer.go:2155.20,2156.26 1 1
github.com/adhithyan15/coding-adventures/code/packages/go/lattice-ast-to-css/transformer.go:2157.11,2158.30 1 0
github.com/adhithyan15/coding-adventures/code/packages/go/lattice-ast-to-css/transformer.go:2161.2,2161.15 1 1
github.com/adhithyan15/coding-adventures/code/packages/go/lattice-ast-to-css/transformer.go:2165.48,2166.42 1 1
github.com/adhithyan15/coding-adventures/code/packages/go/lattice-ast-to-css/transformer.go:2166.42,2168.3 1 1
github.com/adhithyan15/coding-adventures/code/packages/go/lattice-ast-to-css/transformer.go:2169.2,2169.12 1 0
