mode: set
github.com/adhithyan15/coding-adventures/code/packages/go/vendor-api-simulators/base.go:98.91,106.36 4 1
github.com/adhithyan15/coding-adventures/code/packages/go/vendor-api-simulators/base.go:106.36,108.3 1 0
github.com/adhithyan15/coding-adventures/code/packages/go/vendor-api-simulators/base.go:111.2,118.74 4 1
github.com/adhithyan15/coding-adventures/code/packages/go/vendor-api-simulators/base.go:118.74,120.3 1 1
github.com/adhithyan15/coding-adventures/code/packages/go/vendor-api-simulators/base.go:120.8,122.3 1 0
github.com/adhithyan15/coding-adventures/code/packages/go/vendor-api-simulators/base.go:125.2,127.18 2 1
github.com/adhithyan15/coding-adventures/code/packages/go/vendor-api-simulators/base.go:149.22,151.43 1 1
github.com/adhithyan15/coding-adventures/code/packages/go/vendor-api-simulators/base.go:151.43,152.31 1 1
github.com/adhithyan15/coding-adventures/code/packages/go/vendor-api-simulators/base.go:152.31,153.69 1 1
github.com/adhithyan15/coding-adventures/code/packages/go/vendor-api-simulators/base.go:153.69,155.5 1 1
github.com/adhithyan15/coding-adventures/code/packages/go/vendor-api-simulators/base.go:160.2,160.22 1 1
github.com/adhithyan15/coding-adventures/code/packages/go/vendor-api-simulators/base.go:160.22,161.31 1 1
github.com/adhithyan15/coding-adventures/code/packages/go/vendor-api-simulators/base.go:161.31,162.34 1 1
github.com/adhithyan15/coding-adventures/code/packages/go/vendor-api-simulators/base.go:162.34,164.5 1 1
github.com/adhithyan15/coding-adventures/code/packages/go/vendor-api-simulators/base.go:169.2,169.23 1 1
github.com/adhithyan15/coding-adventures/code/packages/go/vendor-api-simulators/base.go:169.23,170.31 1 1
github.com/adhithyan15/coding-adventures/code/packages/go/vendor-api-simulators/base.go:170.31,171.39 1 1
github.com/adhithyan15/coding-adventures/code/packages/go/vendor-api-simulators/base.go:171.39,173.5 1 1
github.com/adhithyan15/coding-adventures/code/packages/go/vendor-api-simulators/base.go:178.2,178.19 1 1
github.com/adhithyan15/coding-adventures/code/packages/go/vendor-api-simulators/base.go:205.30,207.24 2 1
github.com/adhithyan15/coding-adventures/code/packages/go/vendor-api-simulators/base.go:207.24,209.3 1 1
github.com/adhithyan15/coding-adventures/code/packages/go/vendor-api-simulators/base.go:212.2,213.35 2 1
github.com/adhithyan15/coding-adventures/code/packages/go/vendor-api-simulators/base.go:213.35,215.3 1 0
github.com/adhithyan15/coding-adventures/code/packages/go/vendor-api-simulators/base.go:218.2,218.37 1 1
github.com/adhithyan15/coding-adventures/code/packages/go/vendor-api-simulators/base.go:218.37,220.3 1 0
github.com/adhithyan15/coding-adventures/code/packages/go/vendor-api-simulators/base.go:223.2,223.33 1 1
github.com/adhithyan15/coding-adventures/code/packages/go/vendor-api-simulators/base.go:223.33,225.3 1 0
github.com/adhithyan15/coding-adventures/code/packages/go/vendor-api-simulators/base.go:227.2,229.16 3 1
github.com/adhithyan15/coding-adventures/code/packages/go/vendor-api-simulators/base.go:229.16,231.3 1 0
github.com/adhithyan15/coding-adventures/code/packages/go/vendor-api-simulators/base.go:232.2,234.16 2 1
github.com/adhithyan15/coding-adventures/code/packages/go/vendor-api-simulators/base.go:242.37,244.2 1 1
github.com/adhithyan15/coding-adventures/code/packages/go/vendor-api-simulators/base.go:251.36,253.2 1 1
github.com/adhithyan15/coding-adventures/code/packages/go/vendor-api-simulators/cuda.go:71.32,73.2 1 1
github.com/adhithyan15/coding-adventures/code/packages/go/vendor-api-simulators/cuda.go:184.45,186.16 2 1
github.com/adhithyan15/coding-adventures/code/packages/go/vendor-api-simulators/cuda.go:186.16,188.3 1 0
github.com/adhithyan15/coding-adventures/code/packages/go/vendor-api-simulators/cuda.go:189.2,191.8 1 1
github.com/adhithyan15/coding-adventures/code/packages/go/vendor-api-simulators/cuda.go:202.53,203.56 1 1
github.com/adhithyan15/coding-adventures/code/packages/go/vendor-api-simulators/cuda.go:203.56,208.3 1 1
github.com/adhithyan15/coding-adventures/code/packages/go/vendor-api-simulators/cuda.go:209.2,210.12 2 1
github.com/adhithyan15/coding-adventures/code/packages/go/vendor-api-simulators/cuda.go:214.39,216.2 1 1
github.com/adhithyan15/coding-adventures/code/packages/go/vendor-api-simulators/cuda.go:219.66,222.45 3 1
github.com/adhithyan15/coding-adventures/code/packages/go/vendor-api-simulators/cuda.go:222.45,224.3 1 1
github.com/adhithyan15/coding-adventures/code/packages/go/vendor-api-simulators/cuda.go:225.2,233.3 1 1
github.com/adhithyan15/coding-adventures/code/packages/go/vendor-api-simulators/cuda.go:240.43,242.2 1 1
github.com/adhithyan15/coding-adventures/code/packages/go/vendor-api-simulators/cuda.go:247.37,251.2 3 1
github.com/adhithyan15/coding-adventures/code/packages/go/vendor-api-simulators/cuda.go:261.64,263.16 2 1
github.com/adhithyan15/coding-adventures/code/packages/go/vendor-api-simulators/cuda.go:263.16,265.3 1 0
github.com/adhithyan15/coding-adventures/code/packages/go/vendor-api-simulators/cuda.go:266.2,270.8 1 1
github.com/adhithyan15/coding-adventures/code/packages/go/vendor-api-simulators/cuda.go:277.71,279.16 2 1
github.com/adhithyan15/coding-adventures/code/packages/go/vendor-api-simulators/cuda.go:279.16,281.3 1 0
github.com/adhithyan15/coding-adventures/code/packages/go/vendor-api-simulators/cuda.go:282.2,286.8 1 1
github.com/adhithyan15/coding-adventures/code/packages/go/vendor-api-simulators/cuda.go:290.54,292.2 1 1
github.com/adhithyan15/coding-adventures/code/packages/go/vendor-api-simulators/cuda.go:317.9,318.14 1 1
github.com/adhithyan15/coding-adventures/code/packages/go/vendor-api-simulators/cuda.go:319.30,320.20 1 1
github.com/adhithyan15/coding-adventures/code/packages/go/vendor-api-simulators/cuda.go:320.20,322.4 1 1
github.com/adhithyan15/coding-adventures/code/packages/go/vendor-api-simulators/cuda.go:323.3,323.17 1 1
github.com/adhithyan15/coding-adventures/code/packages/go/vendor-api-simulators/cuda.go:323.17,325.4 1 1
github.com/adhithyan15/coding-adventures/code/packages/go/vendor-api-simulators/cuda.go:326.3,327.17 2 1
github.com/adhithyan15/coding-adventures/code/packages/go/vendor-api-simulators/cuda.go:327.17,329.4 1 0
github.com/adhithyan15/coding-adventures/code/packages/go/vendor-api-simulators/cuda.go:330.3,331.25 2 1
github.com/adhithyan15/coding-adventures/code/packages/go/vendor-api-simulators/cuda.go:331.25,333.4 1 0
github.com/adhithyan15/coding-adventures/code/packages/go/vendor-api-simulators/cuda.go:334.3,334.56 1 1
github.com/adhithyan15/coding-adventures/code/packages/go/vendor-api-simulators/cuda.go:334.56,336.4 1 0
github.com/adhithyan15/coding-adventures/code/packages/go/vendor-api-simulators/cuda.go:337.3,337.46 1 1
github.com/adhithyan15/coding-adventures/code/packages/go/vendor-api-simulators/cuda.go:339.30,340.20 1 1
github.com/adhithyan15/coding-adventures/code/packages/go/vendor-api-simulators/cuda.go:340.20,342.4 1 1
github.com/adhithyan15/coding-adventures/code/packages/go/vendor-api-simulators/cuda.go:343.3,343.20 1 1
github.com/adhithyan15/coding-adventures/code/packages/go/vendor-api-simulators/cuda.go:343.20,345.4 1 1
github.com/adhithyan15/coding-adventures/code/packages/go/vendor-api-simulators/cuda.go:346.3,346.73 1 1
github.com/adhithyan15/coding-adventures/code/packages/go/vendor-api-simulators/cuda.go:346.73,348.4 1 0
github.com/adhithyan15/coding-adventures/code/packages/go/vendor-api-simulators/cuda.go:349.3,350.17 2 1
github.com/adhithyan15/coding-adventures/code/packages/go/vendor-api-simulators/cuda.go:350.17,352.4 1 0
github.com/adhithyan15/coding-adventures/code/packages/go/vendor-api-simulators/cuda.go:353.3,354.17 2 1
github.com/adhithyan15/coding-adventures/code/packages/go/vendor-api-simulators/cuda.go:354.17,356.4 1 0
github.com/adhithyan15/coding-adventures/code/packages/go/vendor-api-simulators/cuda.go:357.3,357.62 1 1
github.com/adhithyan15/coding-adventures/code/packages/go/vendor-api-simulators/cuda.go:357.62,359.4 1 0
github.com/adhithyan15/coding-adventures/code/packages/go/vendor-api-simulators/cuda.go:360.3,361.13 2 1
github.com/adhithyan15/coding-adventures/code/packages/go/vendor-api-simulators/cuda.go:363.32,364.37 1 1
github.com/adhithyan15/coding-adventures/code/packages/go/vendor-api-simulators/cuda.go:364.37,366.4 1 0
github.com/adhithyan15/coding-adventures/code/packages/go/vendor-api-simulators/cuda.go:367.3,367.66 1 1
github.com/adhithyan15/coding-adventures/code/packages/go/vendor-api-simulators/cuda.go:367.66,369.4 1 1
github.com/adhithyan15/coding-adventures/code/packages/go/vendor-api-simulators/cuda.go:370.3,370.13 1 1
github.com/adhithyan15/coding-adventures/code/packages/go/vendor-api-simulators/cuda.go:372.28,373.34 1 1
github.com/adhithyan15/coding-adventures/code/packages/go/vendor-api-simulators/cuda.go:373.34,375.4 1 0
github.com/adhithyan15/coding-adventures/code/packages/go/vendor-api-simulators/cuda.go:376.3,377.13 2 1
github.com/adhithyan15/coding-adventures/code/packages/go/vendor-api-simulators/cuda.go:379.10,380.53 1 0
github.com/adhithyan15/coding-adventures/code/packages/go/vendor-api-simulators/cuda.go:387.77,388.65 1 1
github.com/adhithyan15/coding-adventures/code/packages/go/vendor-api-simulators/cuda.go:388.65,390.3 1 1
github.com/adhithyan15/coding-adventures/code/packages/go/vendor-api-simulators/cuda.go:391.2,391.12 1 1
github.com/adhithyan15/coding-adventures/code/packages/go/vendor-api-simulators/cuda.go:420.9,431.22 4 1
github.com/adhithyan15/coding-adventures/code/packages/go/vendor-api-simulators/cuda.go:431.22,433.3 1 1
github.com/adhithyan15/coding-adventures/code/packages/go/vendor-api-simulators/cuda.go:434.2,442.27 5 1
github.com/adhithyan15/coding-adventures/code/packages/go/vendor-api-simulators/cuda.go:442.27,443.49 1 1
github.com/adhithyan15/coding-adventures/code/packages/go/vendor-api-simulators/cuda.go:443.49,445.4 1 0
github.com/adhithyan15/coding-adventures/code/packages/go/vendor-api-simulators/cuda.go:449.2,450.19 2 1
github.com/adhithyan15/coding-adventures/code/packages/go/vendor-api-simulators/cuda.go:450.19,452.3 1 1
github.com/adhithyan15/coding-adventures/code/packages/go/vendor-api-simulators/cuda.go:453.2,453.65 1 1
github.com/adhithyan15/coding-adventures/code/packages/go/vendor-api-simulators/cuda.go:453.65,454.54 1 1
github.com/adhithyan15/coding-adventures/code/packages/go/vendor-api-simulators/cuda.go:454.54,456.4 1 0
github.com/adhithyan15/coding-adventures/code/packages/go/vendor-api-simulators/cuda.go:457.3,457.53 1 1
github.com/adhithyan15/coding-adventures/code/packages/go/vendor-api-simulators/cuda.go:457.53,459.4 1 0
github.com/adhithyan15/coding-adventures/code/packages/go/vendor-api-simulators/cuda.go:460.3,460.48 1 1
github.com/adhithyan15/coding-adventures/code/packages/go/vendor-api-simulators/cuda.go:462.2,462.12 1 1
github.com/adhithyan15/coding-adventures/code/packages/go/vendor-api-simulators/cuda.go:473.50,477.2 3 1
github.com/adhithyan15/coding-adventures/code/packages/go/vendor-api-simulators/cuda.go:480.63,481.30 1 1
github.com/adhithyan15/coding-adventures/code/packages/go/vendor-api-simulators/cuda.go:481.30,482.18 1 1
github.com/adhithyan15/coding-adventures/code/packages/go/vendor-api-simulators/cuda.go:482.18,485.4 2 1
github.com/adhithyan15/coding-adventures/code/packages/go/vendor-api-simulators/cuda.go:487.2,487.60 1 1
github.com/adhithyan15/coding-adventures/code/packages/go/vendor-api-simulators/cuda.go:491.61,492.32 1 1
github.com/adhithyan15/coding-adventures/code/packages/go/vendor-api-simulators/cuda.go:492.32,494.3 1 0
github.com/adhithyan15/coding-adventures/code/packages/go/vendor-api-simulators/cuda.go:502.48,507.2 4 1
github.com/adhithyan15/coding-adventures/code/packages/go/vendor-api-simulators/cuda.go:512.73,514.19 2 1
github.com/adhithyan15/coding-adventures/code/packages/go/vendor-api-simulators/cuda.go:514.19,516.3 1 1
github.com/adhithyan15/coding-adventures/code/packages/go/vendor-api-simulators/cuda.go:517.2,519.23 3 1
github.com/adhithyan15/coding-adventures/code/packages/go/vendor-api-simulators/cuda.go:523.64,524.21 1 1
github.com/adhithyan15/coding-adventures/code/packages/go/vendor-api-simulators/cuda.go:524.21,526.3 1 1
github.com/adhithyan15/coding-adventures/code/packages/go/vendor-api-simulators/cuda.go:527.2,528.12 2 1
github.com/adhithyan15/coding-adventures/code/packages/go/vendor-api-simulators/cuda.go:534.75,535.21 1 1
github.com/adhithyan15/coding-adventures/code/packages/go/vendor-api-simulators/cuda.go:535.21,537.3 1 1
github.com/adhithyan15/coding-adventures/code/packages/go/vendor-api-simulators/cuda.go:538.2,538.19 1 1
github.com/adhithyan15/coding-adventures/code/packages/go/vendor-api-simulators/cuda.go:538.19,540.3 1 1
github.com/adhithyan15/coding-adventures/code/packages/go/vendor-api-simulators/cuda.go:541.2,543.43 2 1
github.com/adhithyan15/coding-adventures/code/packages/go/vendor-api-simulators/cuda.go:547.41,549.2 1 1
github.com/adhithyan15/coding-adventures/code/packages/go/vendor-api-simulators/metal.go:61.38,63.2 1 1
github.com/adhithyan15/coding-adventures/code/packages/go/vendor-api-simulators/metal.go:110.34,110.53 1 1
github.com/adhithyan15/coding-adventures/code/packages/go/vendor-api-simulators/metal.go:115.48,116.56 1 1
github.com/adhithyan15/coding-adventures/code/packages/go/vendor-api-simulators/metal.go:116.56,118.3 1 0
github.com/adhithyan15/coding-adventures/code/packages/go/vendor-api-simulators/metal.go:119.2,119.51 1 1
github.com/adhithyan15/coding-adventures/code/packages/go/vendor-api-simulators/metal.go:123.63,125.16 2 1
github.com/adhithyan15/coding-adventures/code/packages/go/vendor-api-simulators/metal.go:125.16,127.3 1 0
github.com/adhithyan15/coding-adventures/code/packages/go/vendor-api-simulators/metal.go:128.2,128.51 1 1
github.com/adhithyan15/coding-adventures/code/packages/go/vendor-api-simulators/metal.go:128.51,130.3 1 0
github.com/adhithyan15/coding-adventures/code/packages/go/vendor-api-simulators/metal.go:131.2,131.29 1 1
github.com/adhithyan15/coding-adventures/code/packages/go/vendor-api-simulators/metal.go:145.37,145.54 1 1
github.com/adhithyan15/coding-adventures/code/packages/go/vendor-api-simulators/metal.go:154.61,157.2 2 1
github.com/adhithyan15/coding-adventures/code/packages/go/vendor-api-simulators/metal.go:171.73,173.2 1 1
github.com/adhithyan15/coding-adventures/code/packages/go/vendor-api-simulators/metal.go:199.90,201.2 1 1
github.com/adhithyan15/coding-adventures/code/packages/go/vendor-api-simulators/metal.go:204.88,206.2 1 1
github.com/adhithyan15/coding-adventures/code/packages/go/vendor-api-simulators/metal.go:209.69,211.2 1 1
github.com/adhithyan15/coding-adventures/code/packages/go/vendor-api-simulators/metal.go:217.9,218.28 1 1
github.com/adhithyan15/coding-adventures/code/packages/go/vendor-api-simulators/metal.go:218.28,220.3 1 1
github.com/adhithyan15/coding-adventures/code/packages/go/vendor-api-simulators/metal.go:222.2,239.37 7 1
github.com/adhithyan15/coding-adventures/code/packages/go/vendor-api-simulators/metal.go:239.37,241.3 1 1
github.com/adhithyan15/coding-adventures/code/packages/go/vendor-api-simulators/metal.go:242.2,247.37 5 1
github.com/adhithyan15/coding-adventures/code/packages/go/vendor-api-simulators/metal.go:247.37,248.58 1 1
github.com/adhithyan15/coding-adventures/code/packages/go/vendor-api-simulators/metal.go:248.58,250.4 1 0
github.com/adhithyan15/coding-adventures/code/packages/go/vendor-api-simulators/metal.go:254.2,254.53 1 1
github.com/adhithyan15/coding-adventures/code/packages/go/vendor-api-simulators/metal.go:254.53,256.3 1 0
github.com/adhithyan15/coding-adventures/code/packages/go/vendor-api-simulators/metal.go:257.2,257.52 1 1
github.com/adhithyan15/coding-adventures/code/packages/go/vendor-api-simulators/metal.go:257.52,259.3 1 0
github.com/adhithyan15/coding-adventures/code/packages/go/vendor-api-simulators/metal.go:260.2,264.3 1 1
github.com/adhithyan15/coding-adventures/code/packages/go/vendor-api-simulators/metal.go:271.9,278.2 2 1
github.com/adhithyan15/coding-adventures/code/packages/go/vendor-api-simulators/metal.go:281.50,283.2 1 1
github.com/adhithyan15/coding-adventures/code/packages/go/vendor-api-simulators/metal.go:303.9,306.2 2 1
github.com/adhithyan15/coding-adventures/code/packages/go/vendor-api-simulators/metal.go:309.95,312.2 2 1
github.com/adhithyan15/coding-adventures/code/packages/go/vendor-api-simulators/metal.go:315.47,317.2 1 1
github.com/adhithyan15/coding-adventures/code/packages/go/vendor-api-simulators/metal.go:333.62,335.2 1 1
github.com/adhithyan15/coding-adventures/code/packages/go/vendor-api-simulators/metal.go:338.84,344.2 1 1
github.com/adhithyan15/coding-adventures/code/packages/go/vendor-api-simulators/metal.go:347.78,349.2 1 1
github.com/adhithyan15/coding-adventures/code/packages/go/vendor-api-simulators/metal.go:352.45,353.37 1 1
github.com/adhithyan15/coding-adventures/code/packages/go/vendor-api-simulators/metal.go:353.37,355.3 1 0
github.com/adhithyan15/coding-adventures/code/packages/go/vendor-api-simulators/metal.go:356.2,361.16 3 1
github.com/adhithyan15/coding-adventures/code/packages/go/vendor-api-simulators/metal.go:361.16,364.3 2 0
github.com/adhithyan15/coding-adventures/code/packages/go/vendor-api-simulators/metal.go:365.2,366.12 2 1
github.com/adhithyan15/coding-adventures/code/packages/go/vendor-api-simulators/metal.go:370.51,372.2 1 1
github.com/adhithyan15/coding-adventures/code/packages/go/vendor-api-simulators/metal.go:385.74,388.35 3 1
github.com/adhithyan15/coding-adventures/code/packages/go/vendor-api-simulators/metal.go:388.35,390.3 1 0
github.com/adhithyan15/coding-adventures/code/packages/go/vendor-api-simulators/metal.go:391.2,398.8 2 1
github.com/adhithyan15/coding-adventures/code/packages/go/vendor-api-simulators/metal.go:418.41,420.16 2 1
github.com/adhithyan15/coding-adventures/code/packages/go/vendor-api-simulators/metal.go:420.16,422.3 1 0
github.com/adhithyan15/coding-adventures/code/packages/go/vendor-api-simulators/metal.go:423.2,423.51 1 1
github.com/adhithyan15/coding-adventures/code/packages/go/vendor-api-simulators/metal.go:427.35,429.2 1 1
github.com/adhithyan15/coding-adventures/code/packages/go/vendor-api-simulators/metal.go:432.57,434.2 1 1
github.com/adhithyan15/coding-adventures/code/packages/go/vendor-api-simulators/metal.go:439.92,441.16 2 1
github.com/adhithyan15/coding-adventures/code/packages/go/vendor-api-simulators/metal.go:441.16,443.3 1 0
github.com/adhithyan15/coding-adventures/code/packages/go/vendor-api-simulators/metal.go:444.2,444.74 1 1
github.com/adhithyan15/coding-adventures/code/packages/go/vendor-api-simulators/metal.go:448.60,450.2 1 1
github.com/adhithyan15/coding-adventures/code/packages/go/vendor-api-simulators/metal.go:453.94,464.2 6 1
github.com/adhithyan15/coding-adventures/code/packages/go/vendor-api-simulators/metal.go:467.54,469.19 2 1
github.com/adhithyan15/coding-adventures/code/packages/go/vendor-api-simulators/metal.go:469.19,471.3 1 1
github.com/adhithyan15/coding-adventures/code/packages/go/vendor-api-simulators/metal.go:472.2,472.33 1 1
github.com/adhithyan15/coding-adventures/code/packages/go/vendor-api-simulators/metal.go:472.33,473.49 1 1
github.com/adhithyan15/coding-adventures/code/packages/go/vendor-api-simulators/metal.go:473.49,475.4 1 0
github.com/adhithyan15/coding-adventures/code/packages/go/vendor-api-simulators/metal.go:477.2,477.13 1 1
github.com/adhithyan15/coding-adventures/code/packages/go/vendor-api-simulators/opencl.go:119.26,121.2 1 1
github.com/adhithyan15/coding-adventures/code/packages/go/vendor-api-simulators/opencl.go:124.42,125.24 1 1
github.com/adhithyan15/coding-adventures/code/packages/go/vendor-api-simulators/opencl.go:125.24,127.3 1 1
github.com/adhithyan15/coding-adventures/code/packages/go/vendor-api-simulators/opencl.go:128.2,128.22 1 0
github.com/adhithyan15/coding-adventures/code/packages/go/vendor-api-simulators/opencl.go:141.34,141.62 1 1
github.com/adhithyan15/coding-adventures/code/packages/go/vendor-api-simulators/opencl.go:144.46,146.12 2 1
github.com/adhithyan15/coding-adventures/code/packages/go/vendor-api-simulators/opencl.go:147.13,148.25 1 1
github.com/adhithyan15/coding-adventures/code/packages/go/vendor-api-simulators/opencl.go:149.20,150.33 1 1
github.com/adhithyan15/coding-adventures/code/packages/go/vendor-api-simulators/opencl.go:151.10,152.25 1 0
github.com/adhithyan15/coding-adventures/code/packages/go/vendor-api-simulators/opencl.go:157.42,157.54 1 1
github.com/adhithyan15/coding-adventures/code/packages/go/vendor-api-simulators/opencl.go:160.43,162.2 1 1
github.com/adhithyan15/coding-adventures/code/packages/go/vendor-api-simulators/opencl.go:165.40,167.53 2 1
github.com/adhithyan15/coding-adventures/code/packages/go/vendor-api-simulators/opencl.go:167.53,169.3 1 1
github.com/adhithyan15/coding-adventures/code/packages/go/vendor-api-simulators/opencl.go:170.2,170.14 1 1
github.com/adhithyan15/coding-adventures/code/packages/go/vendor-api-simulators/opencl.go:174.60,175.15 1 1
github.com/adhithyan15/coding-adventures/code/packages/go/vendor-api-simulators/opencl.go:176.24,177.18 1 1
github.com/adhithyan15/coding-adventures/code/packages/go/vendor-api-simulators/opencl.go:178.24,179.24 1 1
github.com/adhithyan15/coding-adventures/code/packages/go/vendor-api-simulators/opencl.go:180.35,181.29 1 1
github.com/adhithyan15/coding-adventures/code/packages/go/vendor-api-simulators/opencl.go:182.36,183.30 1 1
github.com/adhithyan15/coding-adventures/code/packages/go/vendor-api-simulators/opencl.go:184.33,185.27 1 1
github.com/adhithyan15/coding-adventures/code/packages/go/vendor-api-simulators/opencl.go:186.10,187.13 1 0
github.com/adhithyan15/coding-adventures/code/packages/go/vendor-api-simulators/opencl.go:203.31,203.48 1 1
github.com/adhithyan15/coding-adventures/code/packages/go/vendor-api-simulators/opencl.go:206.39,206.57 1 1
github.com/adhithyan15/coding-adventures/code/packages/go/vendor-api-simulators/opencl.go:222.34,222.51 1 1
github.com/adhithyan15/coding-adventures/code/packages/go/vendor-api-simulators/opencl.go:230.57,232.2 1 1
github.com/adhithyan15/coding-adventures/code/packages/go/vendor-api-simulators/opencl.go:250.49,250.73 1 1
github.com/adhithyan15/coding-adventures/code/packages/go/vendor-api-simulators/opencl.go:253.64,255.2 1 1
github.com/adhithyan15/coding-adventures/code/packages/go/vendor-api-simulators/opencl.go:258.66,259.37 1 1
github.com/adhithyan15/coding-adventures/code/packages/go/vendor-api-simulators/opencl.go:259.37,261.3 1 1
github.com/adhithyan15/coding-adventures/code/packages/go/vendor-api-simulators/opencl.go:262.2,267.8 2 1
github.com/adhithyan15/coding-adventures/code/packages/go/vendor-api-simulators/opencl.go:290.21,292.33 1 1
github.com/adhithyan15/coding-adventures/code/packages/go/vendor-api-simulators/opencl.go:292.33,294.3 1 0
github.com/adhithyan15/coding-adventures/code/packages/go/vendor-api-simulators/opencl.go:296.2,300.22 3 1
github.com/adhithyan15/coding-adventures/code/packages/go/vendor-api-simulators/opencl.go:300.22,302.25 2 1
github.com/adhithyan15/coding-adventures/code/packages/go/vendor-api-simulators/opencl.go:302.25,304.4 1 1
github.com/adhithyan15/coding-adventures/code/packages/go/vendor-api-simulators/opencl.go:305.3,305.25 1 1
github.com/adhithyan15/coding-adventures/code/packages/go/vendor-api-simulators/opencl.go:305.25,307.4 1 1
github.com/adhithyan15/coding-adventures/code/packages/go/vendor-api-simulators/opencl.go:311.2,313.25 3 1
github.com/adhithyan15/coding-adventures/code/packages/go/vendor-api-simulators/opencl.go:313.25,315.3 1 1
github.com/adhithyan15/coding-adventures/code/packages/go/vendor-api-simulators/opencl.go:316.2,317.25 2 1
github.com/adhithyan15/coding-adventures/code/packages/go/vendor-api-simulators/opencl.go:317.25,319.3 1 1
github.com/adhithyan15/coding-adventures/code/packages/go/vendor-api-simulators/opencl.go:322.2,329.34 3 1
github.com/adhithyan15/coding-adventures/code/packages/go/vendor-api-simulators/opencl.go:329.34,330.37 1 1
github.com/adhithyan15/coding-adventures/code/packages/go/vendor-api-simulators/opencl.go:330.37,332.4 1 1
github.com/adhithyan15/coding-adventures/code/packages/go/vendor-api-simulators/opencl.go:334.2,336.34 3 1
github.com/adhithyan15/coding-adventures/code/packages/go/vendor-api-simulators/opencl.go:336.34,338.3 1 1
github.com/adhithyan15/coding-adventures/code/packages/go/vendor-api-simulators/opencl.go:339.2,344.34 5 1
github.com/adhithyan15/coding-adventures/code/packages/go/vendor-api-simulators/opencl.go:344.34,345.59 1 1
github.com/adhithyan15/coding-adventures/code/packages/go/vendor-api-simulators/opencl.go:345.59,347.4 1 0
github.com/adhithyan15/coding-adventures/code/packages/go/vendor-api-simulators/opencl.go:351.2,353.35 3 1
github.com/adhithyan15/coding-adventures/code/packages/go/vendor-api-simulators/opencl.go:353.35,355.3 1 0
github.com/adhithyan15/coding-adventures/code/packages/go/vendor-api-simulators/opencl.go:356.2,356.53 1 1
github.com/adhithyan15/coding-adventures/code/packages/go/vendor-api-simulators/opencl.go:356.53,358.3 1 0
github.com/adhithyan15/coding-adventures/code/packages/go/vendor-api-simulators/opencl.go:359.2,359.52 1 1
github.com/adhithyan15/coding-adventures/code/packages/go/vendor-api-simulators/opencl.go:359.52,361.3 1 0
github.com/adhithyan15/coding-adventures/code/packages/go/vendor-api-simulators/opencl.go:362.2,362.60 1 1
github.com/adhithyan15/coding-adventures/code/packages/go/vendor-api-simulators/opencl.go:362.60,364.3 1 0
github.com/adhithyan15/coding-adventures/code/packages/go/vendor-api-simulators/opencl.go:365.2,365.33 1 1
github.com/adhithyan15/coding-adventures/code/packages/go/vendor-api-simulators/opencl.go:365.33,367.3 1 0
github.com/adhithyan15/coding-adventures/code/packages/go/vendor-api-simulators/opencl.go:369.2,371.16 3 1
github.com/adhithyan15/coding-adventures/code/packages/go/vendor-api-simulators/opencl.go:371.16,373.3 1 0
github.com/adhithyan15/coding-adventures/code/packages/go/vendor-api-simulators/opencl.go:374.2,376.36 2 1
github.com/adhithyan15/coding-adventures/code/packages/go/vendor-api-simulators/opencl.go:386.21,387.33 1 1
github.com/adhithyan15/coding-adventures/code/packages/go/vendor-api-simulators/opencl.go:387.33,389.3 1 0
github.com/adhithyan15/coding-adventures/code/packages/go/vendor-api-simulators/opencl.go:391.2,393.16 3 1
github.com/adhithyan15/coding-adventures/code/packages/go/vendor-api-simulators/opencl.go:393.16,395.3 1 0
github.com/adhithyan15/coding-adventures/code/packages/go/vendor-api-simulators/opencl.go:396.2,397.28 2 1
github.com/adhithyan15/coding-adventures/code/packages/go/vendor-api-simulators/opencl.go:397.28,399.3 1 0
github.com/adhithyan15/coding-adventures/code/packages/go/vendor-api-simulators/opencl.go:400.2,400.64 1 1
github.com/adhithyan15/coding-adventures/code/packages/go/vendor-api-simulators/opencl.go:400.64,402.3 1 0
github.com/adhithyan15/coding-adventures/code/packages/go/vendor-api-simulators/opencl.go:403.2,403.48 1 1
github.com/adhithyan15/coding-adventures/code/packages/go/vendor-api-simulators/opencl.go:403.48,405.3 1 0
github.com/adhithyan15/coding-adventures/code/packages/go/vendor-api-simulators/opencl.go:407.2,408.36 2 1
github.com/adhithyan15/coding-adventures/code/packages/go/vendor-api-simulators/opencl.go:418.21,419.33 1 1
github.com/adhithyan15/coding-adventures/code/packages/go/vendor-api-simulators/opencl.go:419.33,421.3 1 1
github.com/adhithyan15/coding-adventures/code/packages/go/vendor-api-simulators/opencl.go:423.2,424.59 2 1
github.com/adhithyan15/coding-adventures/code/packages/go/vendor-api-simulators/opencl.go:424.59,426.3 1 0
github.com/adhithyan15/coding-adventures/code/packages/go/vendor-api-simulators/opencl.go:427.2,428.16 2 1
github.com/adhithyan15/coding-adventures/code/packages/go/vendor-api-simulators/opencl.go:428.16,430.3 1 0
github.com/adhithyan15/coding-adventures/code/packages/go/vendor-api-simulators/opencl.go:431.2,432.16 2 1
github.com/adhithyan15/coding-adventures/code/packages/go/vendor-api-simulators/opencl.go:432.16,434.3 1 0
github.com/adhithyan15/coding-adventures/code/packages/go/vendor-api-simulators/opencl.go:435.2,435.48 1 1
github.com/adhithyan15/coding-adventures/code/packages/go/vendor-api-simulators/opencl.go:435.48,437.3 1 0
github.com/adhithyan15/coding-adventures/code/packages/go/vendor-api-simulators/opencl.go:438.2,441.36 3 1
github.com/adhithyan15/coding-adventures/code/packages/go/vendor-api-simulators/opencl.go:449.21,450.33 1 1
github.com/adhithyan15/coding-adventures/code/packages/go/vendor-api-simulators/opencl.go:450.33,452.3 1 0
github.com/adhithyan15/coding-adventures/code/packages/go/vendor-api-simulators/opencl.go:454.2,457.35 4 1
github.com/adhithyan15/coding-adventures/code/packages/go/vendor-api-simulators/opencl.go:457.35,459.3 1 0
github.com/adhithyan15/coding-adventures/code/packages/go/vendor-api-simulators/opencl.go:460.2,460.77 1 1
github.com/adhithyan15/coding-adventures/code/packages/go/vendor-api-simulators/opencl.go:460.77,462.3 1 0
github.com/adhithyan15/coding-adventures/code/packages/go/vendor-api-simulators/opencl.go:463.2,463.33 1 1
github.com/adhithyan15/coding-adventures/code/packages/go/vendor-api-simulators/opencl.go:463.33,465.3 1 0
github.com/adhithyan15/coding-adventures/code/packages/go/vendor-api-simulators/opencl.go:466.2,467.16 2 1
github.com/adhithyan15/coding-adventures/code/packages/go/vendor-api-simulators/opencl.go:467.16,469.3 1 0
github.com/adhithyan15/coding-adventures/code/packages/go/vendor-api-simulators/opencl.go:470.2,471.36 2 1
github.com/adhithyan15/coding-adventures/code/packages/go/vendor-api-simulators/opencl.go:479.21,483.35 4 1
github.com/adhithyan15/coding-adventures/code/packages/go/vendor-api-simulators/opencl.go:483.35,485.3 1 0
github.com/adhithyan15/coding-adventures/code/packages/go/vendor-api-simulators/opencl.go:486.2,487.22 2 1
github.com/adhithyan15/coding-adventures/code/packages/go/vendor-api-simulators/opencl.go:487.22,489.3 1 1
github.com/adhithyan15/coding-adventures/code/packages/go/vendor-api-simulators/opencl.go:490.2,490.77 1 1
github.com/adhithyan15/coding-adventures/code/packages/go/vendor-api-simulators/opencl.go:490.77,492.3 1 0
github.com/adhithyan15/coding-adventures/code/packages/go/vendor-api-simulators/opencl.go:493.2,493.33 1 1
github.com/adhithyan15/coding-adventures/code/packages/go/vendor-api-simulators/opencl.go:493.33,495.3 1 0
github.com/adhithyan15/coding-adventures/code/packages/go/vendor-api-simulators/opencl.go:496.2,497.16 2 1
github.com/adhithyan15/coding-adventures/code/packages/go/vendor-api-simulators/opencl.go:497.16,499.3 1 0
github.com/adhithyan15/coding-adventures/code/packages/go/vendor-api-simulators/opencl.go:500.2,501.36 2 1
github.com/adhithyan15/coding-adventures/code/packages/go/vendor-api-simulators/opencl.go:505.35,507.2 1 1
github.com/adhithyan15/coding-adventures/code/packages/go/vendor-api-simulators/opencl.go:511.35,511.36 0 1
github.com/adhithyan15/coding-adventures/code/packages/go/vendor-api-simulators/opencl.go:524.60,526.22 2 1
github.com/adhithyan15/coding-adventures/code/packages/go/vendor-api-simulators/opencl.go:526.22,528.3 1 1
github.com/adhithyan15/coding-adventures/code/packages/go/vendor-api-simulators/opencl.go:529.2,530.16 2 1
github.com/adhithyan15/coding-adventures/code/packages/go/vendor-api-simulators/opencl.go:530.16,532.3 1 0
github.com/adhithyan15/coding-adventures/code/packages/go/vendor-api-simulators/opencl.go:534.2,535.22 2 1
github.com/adhithyan15/coding-adventures/code/packages/go/vendor-api-simulators/opencl.go:535.22,537.3 1 1
github.com/adhithyan15/coding-adventures/code/packages/go/vendor-api-simulators/opencl.go:537.8,538.43 1 1
github.com/adhithyan15/coding-adventures/code/packages/go/vendor-api-simulators/opencl.go:538.43,540.4 1 1
github.com/adhithyan15/coding-adventures/code/packages/go/vendor-api-simulators/opencl.go:542.2,542.17 1 1
github.com/adhithyan15/coding-adventures/code/packages/go/vendor-api-simulators/opencl.go:546.43,546.63 1 1
github.com/adhithyan15/coding-adventures/code/packages/go/vendor-api-simulators/opencl.go:549.97,551.16 2 1
github.com/adhithyan15/coding-adventures/code/packages/go/vendor-api-simulators/opencl.go:551.16,553.3 1 0
github.com/adhithyan15/coding-adventures/code/packages/go/vendor-api-simulators/opencl.go:554.2,557.51 2 1
github.com/adhithyan15/coding-adventures/code/packages/go/vendor-api-simulators/opencl.go:557.51,559.17 2 1
github.com/adhithyan15/coding-adventures/code/packages/go/vendor-api-simulators/opencl.go:559.17,561.4 1 0
github.com/adhithyan15/coding-adventures/code/packages/go/vendor-api-simulators/opencl.go:562.3,563.29 2 1
github.com/adhithyan15/coding-adventures/code/packages/go/vendor-api-simulators/opencl.go:563.29,565.4 1 0
github.com/adhithyan15/coding-adventures/code/packages/go/vendor-api-simulators/opencl.go:566.3,566.60 1 1
github.com/adhithyan15/coding-adventures/code/packages/go/vendor-api-simulators/opencl.go:566.60,568.4 1 0
github.com/adhithyan15/coding-adventures/code/packages/go/vendor-api-simulators/opencl.go:569.3,569.52 1 1
github.com/adhithyan15/coding-adventures/code/packages/go/vendor-api-simulators/opencl.go:569.52,571.4 1 0
github.com/adhithyan15/coding-adventures/code/packages/go/vendor-api-simulators/opencl.go:574.2,574.19 1 1
github.com/adhithyan15/coding-adventures/code/packages/go/vendor-api-simulators/opencl.go:578.71,585.2 1 1
github.com/adhithyan15/coding-adventures/code/packages/go/vendor-api-simulators/opencl.go:588.74,590.38 2 1
github.com/adhithyan15/coding-adventures/code/packages/go/vendor-api-simulators/opencl.go:590.38,592.3 1 1
github.com/adhithyan15/coding-adventures/code/packages/go/vendor-api-simulators/opencl.go:593.2,593.49 1 1
github.com/adhithyan15/coding-adventures/code/packages/go/vendor-api-simulators/opencl.go:609.43,611.16 2 1
github.com/adhithyan15/coding-adventures/code/packages/go/vendor-api-simulators/opencl.go:611.16,613.3 1 0
github.com/adhithyan15/coding-adventures/code/packages/go/vendor-api-simulators/opencl.go:614.2,619.8 1 1
github.com/adhithyan15/coding-adventures/code/packages/go/vendor-api-simulators/opencl.go:623.44,625.16 2 1
github.com/adhithyan15/coding-adventures/code/packages/go/vendor-api-simulators/opencl.go:625.16,627.3 1 0
github.com/adhithyan15/coding-adventures/code/packages/go/vendor-api-simulators/opencl.go:628.2,628.30 1 1
github.com/adhithyan15/coding-adventures/code/packages/go/vendor-api-simulators/opencl.go:632.36,632.53 1 1
github.com/adhithyan15/coding-adventures/code/packages/go/vendor-api-simulators/opencl.go:635.38,635.57 1 1
github.com/adhithyan15/coding-adventures/code/packages/go/vendor-api-simulators/opencl.go:638.39,638.59 1 1
github.com/adhithyan15/coding-adventures/code/packages/go/vendor-api-simulators/opencl.go:641.70,643.44 2 1
github.com/adhithyan15/coding-adventures/code/packages/go/vendor-api-simulators/opencl.go:643.44,645.70 2 1
github.com/adhithyan15/coding-adventures/code/packages/go/vendor-api-simulators/opencl.go:645.70,647.4 1 1
github.com/adhithyan15/coding-adventures/code/packages/go/vendor-api-simulators/opencl.go:649.2,649.16 1 1
github.com/adhithyan15/coding-adventures/code/packages/go/vendor-api-simulators/opencl.go:653.44,655.19 2 1
github.com/adhithyan15/coding-adventures/code/packages/go/vendor-api-simulators/opencl.go:655.19,657.3 1 1
github.com/adhithyan15/coding-adventures/code/packages/go/vendor-api-simulators/opencl.go:659.2,659.33 1 1
github.com/adhithyan15/coding-adventures/code/packages/go/vendor-api-simulators/opencl.go:659.33,660.49 1 0
github.com/adhithyan15/coding-adventures/code/packages/go/vendor-api-simulators/opencl.go:660.49,662.4 1 0
github.com/adhithyan15/coding-adventures/code/packages/go/vendor-api-simulators/opencl.go:664.2,664.13 1 1
github.com/adhithyan15/coding-adventures/code/packages/go/vendor-api-simulators/opencl.go:667.24,668.11 1 1
github.com/adhithyan15/coding-adventures/code/packages/go/vendor-api-simulators/opencl.go:668.11,670.3 1 0
github.com/adhithyan15/coding-adventures/code/packages/go/vendor-api-simulators/opencl.go:671.2,671.10 1 1
github.com/adhithyan15/coding-adventures/code/packages/go/vendor-api-simulators/opengl.go:120.41,122.16 2 1
github.com/adhithyan15/coding-adventures/code/packages/go/vendor-api-simulators/opengl.go:122.16,124.3 1 0
github.com/adhithyan15/coding-adventures/code/packages/go/vendor-api-simulators/opengl.go:125.2,135.8 1 1
github.com/adhithyan15/coding-adventures/code/packages/go/vendor-api-simulators/opengl.go:138.34,142.2 3 1
github.com/adhithyan15/coding-adventures/code/packages/go/vendor-api-simulators/opengl.go:149.64,150.37 1 1
github.com/adhithyan15/coding-adventures/code/packages/go/vendor-api-simulators/opengl.go:150.37,155.3 1 1
github.com/adhithyan15/coding-adventures/code/packages/go/vendor-api-simulators/opengl.go:156.2,163.20 3 1
github.com/adhithyan15/coding-adventures/code/packages/go/vendor-api-simulators/opengl.go:167.68,168.38 1 1
github.com/adhithyan15/coding-adventures/code/packages/go/vendor-api-simulators/opengl.go:168.38,170.3 1 1
github.com/adhithyan15/coding-adventures/code/packages/go/vendor-api-simulators/opengl.go:171.2,172.12 2 1
github.com/adhithyan15/coding-adventures/code/packages/go/vendor-api-simulators/opengl.go:176.54,177.38 1 1
github.com/adhithyan15/coding-adventures/code/packages/go/vendor-api-simulators/opengl.go:177.38,179.3 1 1
github.com/adhithyan15/coding-adventures/code/packages/go/vendor-api-simulators/opengl.go:180.2,181.12 2 1
github.com/adhithyan15/coding-adventures/code/packages/go/vendor-api-simulators/opengl.go:185.47,187.2 1 1
github.com/adhithyan15/coding-adventures/code/packages/go/vendor-api-simulators/opengl.go:194.42,203.2 3 1
github.com/adhithyan15/coding-adventures/code/packages/go/vendor-api-simulators/opengl.go:206.62,207.40 1 1
github.com/adhithyan15/coding-adventures/code/packages/go/vendor-api-simulators/opengl.go:207.40,209.3 1 1
github.com/adhithyan15/coding-adventures/code/packages/go/vendor-api-simulators/opengl.go:210.2,210.38 1 1
github.com/adhithyan15/coding-adventures/code/packages/go/vendor-api-simulators/opengl.go:210.38,212.3 1 1
github.com/adhithyan15/coding-adventures/code/packages/go/vendor-api-simulators/opengl.go:213.2,215.12 3 1
github.com/adhithyan15/coding-adventures/code/packages/go/vendor-api-simulators/opengl.go:219.53,221.9 2 1
github.com/adhithyan15/coding-adventures/code/packages/go/vendor-api-simulators/opengl.go:221.9,223.3 1 1
github.com/adhithyan15/coding-adventures/code/packages/go/vendor-api-simulators/opengl.go:224.2,225.23 2 1
github.com/adhithyan15/coding-adventures/code/packages/go/vendor-api-simulators/opengl.go:225.23,227.3 1 1
github.com/adhithyan15/coding-adventures/code/packages/go/vendor-api-simulators/opengl.go:230.2,233.61 4 1
github.com/adhithyan15/coding-adventures/code/packages/go/vendor-api-simulators/opengl.go:233.61,235.3 1 0
github.com/adhithyan15/coding-adventures/code/packages/go/vendor-api-simulators/opengl.go:238.2,247.12 9 1
github.com/adhithyan15/coding-adventures/code/packages/go/vendor-api-simulators/opengl.go:251.52,252.18 1 1
github.com/adhithyan15/coding-adventures/code/packages/go/vendor-api-simulators/opengl.go:252.18,255.3 2 1
github.com/adhithyan15/coding-adventures/code/packages/go/vendor-api-simulators/opengl.go:256.2,257.9 2 1
github.com/adhithyan15/coding-adventures/code/packages/go/vendor-api-simulators/opengl.go:257.9,259.3 1 1
github.com/adhithyan15/coding-adventures/code/packages/go/vendor-api-simulators/opengl.go:260.2,260.28 1 1
github.com/adhithyan15/coding-adventures/code/packages/go/vendor-api-simulators/opengl.go:260.28,262.3 1 1
github.com/adhithyan15/coding-adventures/code/packages/go/vendor-api-simulators/opengl.go:263.2,264.12 2 1
github.com/adhithyan15/coding-adventures/code/packages/go/vendor-api-simulators/opengl.go:268.49,269.34 1 1
github.com/adhithyan15/coding-adventures/code/packages/go/vendor-api-simulators/opengl.go:269.34,271.3 1 1
github.com/adhithyan15/coding-adventures/code/packages/go/vendor-api-simulators/opengl.go:272.2,272.30 1 1
github.com/adhithyan15/coding-adventures/code/packages/go/vendor-api-simulators/opengl.go:280.50,282.29 2 1
github.com/adhithyan15/coding-adventures/code/packages/go/vendor-api-simulators/opengl.go:282.29,286.3 3 1
github.com/adhithyan15/coding-adventures/code/packages/go/vendor-api-simulators/opengl.go:287.2,287.16 1 1
github.com/adhithyan15/coding-adventures/code/packages/go/vendor-api-simulators/opengl.go:291.57,292.39 1 1
github.com/adhithyan15/coding-adventures/code/packages/go/vendor-api-simulators/opengl.go:292.39,293.54 1 1
github.com/adhithyan15/coding-adventures/code/packages/go/vendor-api-simulators/opengl.go:293.54,294.18 1 1
github.com/adhithyan15/coding-adventures/code/packages/go/vendor-api-simulators/opengl.go:294.18,296.5 1 1
github.com/adhithyan15/coding-adventures/code/packages/go/vendor-api-simulators/opengl.go:298.3,300.37 2 1
github.com/adhithyan15/coding-adventures/code/packages/go/vendor-api-simulators/opengl.go:300.37,301.19 1 1
github.com/adhithyan15/coding-adventures/code/packages/go/vendor-api-simulators/opengl.go:301.19,303.5 1 1
github.com/adhithyan15/coding-adventures/code/packages/go/vendor-api-simulators/opengl.go:305.3,305.38 1 1
github.com/adhithyan15/coding-adventures/code/packages/go/vendor-api-simulators/opengl.go:305.38,306.19 1 1
github.com/adhithyan15/coding-adventures/code/packages/go/vendor-api-simulators/opengl.go:306.19,308.5 1 1
github.com/adhithyan15/coding-adventures/code/packages/go/vendor-api-simulators/opengl.go:314.59,315.17 1 1
github.com/adhithyan15/coding-adventures/code/packages/go/vendor-api-simulators/opengl.go:315.17,318.3 2 1
github.com/adhithyan15/coding-adventures/code/packages/go/vendor-api-simulators/opengl.go:319.2,319.38 1 1
github.com/adhithyan15/coding-adventures/code/packages/go/vendor-api-simulators/opengl.go:319.38,321.3 1 1
github.com/adhithyan15/coding-adventures/code/packages/go/vendor-api-simulators/opengl.go:322.2,323.12 2 1
github.com/adhithyan15/coding-adventures/code/packages/go/vendor-api-simulators/opengl.go:327.81,329.9 2 1
github.com/adhithyan15/coding-adventures/code/packages/go/vendor-api-simulators/opengl.go:329.9,331.3 1 1
github.com/adhithyan15/coding-adventures/code/packages/go/vendor-api-simulators/opengl.go:334.2,334.31 1 1
github.com/adhithyan15/coding-adventures/code/packages/go/vendor-api-simulators/opengl.go:334.31,336.20 2 1
github.com/adhithyan15/coding-adventures/code/packages/go/vendor-api-simulators/opengl.go:336.20,338.4 1 1
github.com/adhithyan15/coding-adventures/code/packages/go/vendor-api-simulators/opengl.go:342.2,343.16 2 1
github.com/adhithyan15/coding-adventures/code/packages/go/vendor-api-simulators/opengl.go:343.16,345.3 1 0
github.com/adhithyan15/coding-adventures/code/packages/go/vendor-api-simulators/opengl.go:346.2,349.17 2 1
github.com/adhithyan15/coding-adventures/code/packages/go/vendor-api-simulators/opengl.go:349.17,351.17 2 1
github.com/adhithyan15/coding-adventures/code/packages/go/vendor-api-simulators/opengl.go:351.17,353.4 1 0
github.com/adhithyan15/coding-adventures/code/packages/go/vendor-api-simulators/opengl.go:354.3,355.26 2 1
github.com/adhithyan15/coding-adventures/code/packages/go/vendor-api-simulators/opengl.go:355.26,357.4 1 1
github.com/adhithyan15/coding-adventures/code/packages/go/vendor-api-simulators/opengl.go:358.3,358.57 1 1
github.com/adhithyan15/coding-adventures/code/packages/go/vendor-api-simulators/opengl.go:358.57,360.4 1 0
github.com/adhithyan15/coding-adventures/code/packages/go/vendor-api-simulators/opengl.go:361.3,361.53 1 1
github.com/adhithyan15/coding-adventures/code/packages/go/vendor-api-simulators/opengl.go:361.53,363.4 1 0
github.com/adhithyan15/coding-adventures/code/packages/go/vendor-api-simulators/opengl.go:365.2,365.12 1 1
github.com/adhithyan15/coding-adventures/code/packages/go/vendor-api-simulators/opengl.go:369.75,371.9 2 1
github.com/adhithyan15/coding-adventures/code/packages/go/vendor-api-simulators/opengl.go:371.9,373.3 1 1
github.com/adhithyan15/coding-adventures/code/packages/go/vendor-api-simulators/opengl.go:374.2,375.16 2 1
github.com/adhithyan15/coding-adventures/code/packages/go/vendor-api-simulators/opengl.go:375.16,377.3 1 1
github.com/adhithyan15/coding-adventures/code/packages/go/vendor-api-simulators/opengl.go:378.2,379.16 2 1
github.com/adhithyan15/coding-adventures/code/packages/go/vendor-api-simulators/opengl.go:379.16,381.3 1 0
github.com/adhithyan15/coding-adventures/code/packages/go/vendor-api-simulators/opengl.go:382.2,382.51 1 1
github.com/adhithyan15/coding-adventures/code/packages/go/vendor-api-simulators/opengl.go:382.51,384.3 1 0
github.com/adhithyan15/coding-adventures/code/packages/go/vendor-api-simulators/opengl.go:385.2,385.36 1 1
github.com/adhithyan15/coding-adventures/code/packages/go/vendor-api-simulators/opengl.go:389.70,390.38 1 1
github.com/adhithyan15/coding-adventures/code/packages/go/vendor-api-simulators/opengl.go:390.38,392.3 1 1
github.com/adhithyan15/coding-adventures/code/packages/go/vendor-api-simulators/opengl.go:393.2,394.12 2 1
github.com/adhithyan15/coding-adventures/code/packages/go/vendor-api-simulators/opengl.go:398.89,400.9 2 1
github.com/adhithyan15/coding-adventures/code/packages/go/vendor-api-simulators/opengl.go:400.9,402.3 1 1
github.com/adhithyan15/coding-adventures/code/packages/go/vendor-api-simulators/opengl.go:403.2,404.16 2 1
github.com/adhithyan15/coding-adventures/code/packages/go/vendor-api-simulators/opengl.go:404.16,406.3 1 1
github.com/adhithyan15/coding-adventures/code/packages/go/vendor-api-simulators/opengl.go:408.2,408.63 1 1
github.com/adhithyan15/coding-adventures/code/packages/go/vendor-api-simulators/opengl.go:408.63,410.3 1 0
github.com/adhithyan15/coding-adventures/code/packages/go/vendor-api-simulators/opengl.go:411.2,413.21 3 1
github.com/adhithyan15/coding-adventures/code/packages/go/vendor-api-simulators/opengl.go:413.21,415.3 1 0
github.com/adhithyan15/coding-adventures/code/packages/go/vendor-api-simulators/opengl.go:416.2,418.20 3 1
github.com/adhithyan15/coding-adventures/code/packages/go/vendor-api-simulators/opengl.go:422.51,424.2 1 1
github.com/adhithyan15/coding-adventures/code/packages/go/vendor-api-simulators/opengl.go:433.84,434.28 1 1
github.com/adhithyan15/coding-adventures/code/packages/go/vendor-api-simulators/opengl.go:434.28,436.3 1 1
github.com/adhithyan15/coding-adventures/code/packages/go/vendor-api-simulators/opengl.go:438.2,444.22 5 1
github.com/adhithyan15/coding-adventures/code/packages/go/vendor-api-simulators/opengl.go:444.22,446.47 2 1
github.com/adhithyan15/coding-adventures/code/packages/go/vendor-api-simulators/opengl.go:446.47,447.57 1 1
github.com/adhithyan15/coding-adventures/code/packages/go/vendor-api-simulators/opengl.go:447.57,449.5 1 0
github.com/adhithyan15/coding-adventures/code/packages/go/vendor-api-simulators/opengl.go:454.2,455.43 2 1
github.com/adhithyan15/coding-adventures/code/packages/go/vendor-api-simulators/opengl.go:455.43,458.41 3 1
github.com/adhithyan15/coding-adventures/code/packages/go/vendor-api-simulators/opengl.go:458.41,459.55 1 1
github.com/adhithyan15/coding-adventures/code/packages/go/vendor-api-simulators/opengl.go:459.55,461.5 1 1
github.com/adhithyan15/coding-adventures/code/packages/go/vendor-api-simulators/opengl.go:466.2,471.38 4 1
github.com/adhithyan15/coding-adventures/code/packages/go/vendor-api-simulators/opengl.go:471.38,473.3 1 1
github.com/adhithyan15/coding-adventures/code/packages/go/vendor-api-simulators/opengl.go:474.2,479.38 5 1
github.com/adhithyan15/coding-adventures/code/packages/go/vendor-api-simulators/opengl.go:479.38,480.54 1 1
github.com/adhithyan15/coding-adventures/code/packages/go/vendor-api-simulators/opengl.go:480.54,482.4 1 0
github.com/adhithyan15/coding-adventures/code/packages/go/vendor-api-simulators/opengl.go:486.2,486.66 1 1
github.com/adhithyan15/coding-adventures/code/packages/go/vendor-api-simulators/opengl.go:486.66,487.54 1 1
github.com/adhithyan15/coding-adventures/code/packages/go/vendor-api-simulators/opengl.go:487.54,489.4 1 0
github.com/adhithyan15/coding-adventures/code/packages/go/vendor-api-simulators/opengl.go:490.3,490.53 1 1
github.com/adhithyan15/coding-adventures/code/packages/go/vendor-api-simulators/opengl.go:490.53,492.4 1 0
github.com/adhithyan15/coding-adventures/code/packages/go/vendor-api-simulators/opengl.go:493.3,493.60 1 1
github.com/adhithyan15/coding-adventures/code/packages/go/vendor-api-simulators/opengl.go:495.2,495.12 1 1
github.com/adhithyan15/coding-adventures/code/packages/go/vendor-api-simulators/opengl.go:504.51,504.52 0 1
github.com/adhithyan15/coding-adventures/code/packages/go/vendor-api-simulators/opengl.go:507.38,512.2 4 1
github.com/adhithyan15/coding-adventures/code/packages/go/vendor-api-simulators/opengl.go:515.67,517.9 2 1
github.com/adhithyan15/coding-adventures/code/packages/go/vendor-api-simulators/opengl.go:517.9,519.3 1 1
github.com/adhithyan15/coding-adventures/code/packages/go/vendor-api-simulators/opengl.go:520.2,520.22 1 1
github.com/adhithyan15/coding-adventures/code/packages/go/vendor-api-simulators/opengl.go:520.22,522.3 1 1
github.com/adhithyan15/coding-adventures/code/packages/go/vendor-api-simulators/opengl.go:523.2,524.12 2 0
github.com/adhithyan15/coding-adventures/code/packages/go/vendor-api-simulators/opengl.go:524.12,526.3 1 0
github.com/adhithyan15/coding-adventures/code/packages/go/vendor-api-simulators/opengl.go:527.2,527.27 1 0
github.com/adhithyan15/coding-adventures/code/packages/go/vendor-api-simulators/opengl.go:531.43,533.2 1 1
github.com/adhithyan15/coding-adventures/code/packages/go/vendor-api-simulators/opengl.go:536.31,538.2 1 1
github.com/adhithyan15/coding-adventures/code/packages/go/vendor-api-simulators/opengl.go:545.80,546.40 1 1
github.com/adhithyan15/coding-adventures/code/packages/go/vendor-api-simulators/opengl.go:546.40,548.3 1 1
github.com/adhithyan15/coding-adventures/code/packages/go/vendor-api-simulators/opengl.go:550.2,551.25 2 1
github.com/adhithyan15/coding-adventures/code/packages/go/vendor-api-simulators/opengl.go:551.25,553.3 1 1
github.com/adhithyan15/coding-adventures/code/packages/go/vendor-api-simulators/opengl.go:554.2,554.28 1 1
github.com/adhithyan15/coding-adventures/code/packages/go/vendor-api-simulators/opengl.go:558.61,559.28 1 1
github.com/adhithyan15/coding-adventures/code/packages/go/vendor-api-simulators/opengl.go:559.28,561.3 1 1
github.com/adhithyan15/coding-adventures/code/packages/go/vendor-api-simulators/opengl.go:565.57,566.28 1 1
github.com/adhithyan15/coding-adventures/code/packages/go/vendor-api-simulators/opengl.go:566.28,568.3 1 1
github.com/adhithyan15/coding-adventures/code/packages/go/vendor-api-simulators/opengl.go:572.48,574.19 2 1
github.com/adhithyan15/coding-adventures/code/packages/go/vendor-api-simulators/opengl.go:574.19,576.3 1 1
github.com/adhithyan15/coding-adventures/code/packages/go/vendor-api-simulators/opengl.go:577.2,577.33 1 1
github.com/adhithyan15/coding-adventures/code/packages/go/vendor-api-simulators/opengl.go:577.33,578.49 1 1
github.com/adhithyan15/coding-adventures/code/packages/go/vendor-api-simulators/opengl.go:578.49,580.4 1 1
github.com/adhithyan15/coding-adventures/code/packages/go/vendor-api-simulators/opengl.go:582.2,582.13 1 1
github.com/adhithyan15/coding-adventures/code/packages/go/vendor-api-simulators/vulkan_sim.go:199.84,205.2 1 1
github.com/adhithyan15/coding-adventures/code/packages/go/vendor-api-simulators/vulkan_sim.go:208.90,211.29 3 1
github.com/adhithyan15/coding-adventures/code/packages/go/vendor-api-simulators/vulkan_sim.go:211.29,216.3 1 1
github.com/adhithyan15/coding-adventures/code/packages/go/vendor-api-simulators/vulkan_sim.go:217.2,221.3 1 1
github.com/adhithyan15/coding-adventures/code/packages/go/vendor-api-simulators/vulkan_sim.go:225.97,227.49 2 1
github.com/adhithyan15/coding-adventures/code/packages/go/vendor-api-simulators/vulkan_sim.go:227.49,232.3 1 1
github.com/adhithyan15/coding-adventures/code/packages/go/vendor-api-simulators/vulkan_sim.go:233.2,233.15 1 1
github.com/adhithyan15/coding-adventures/code/packages/go/vendor-api-simulators/vulkan_sim.go:242.31,242.55 1 1
github.com/adhithyan15/coding-adventures/code/packages/go/vendor-api-simulators/vulkan_sim.go:281.35,281.64 1 1
github.com/adhithyan15/coding-adventures/code/packages/go/vendor-api-simulators/vulkan_sim.go:296.80,298.29 2 1
github.com/adhithyan15/coding-adventures/code/packages/go/vendor-api-simulators/vulkan_sim.go:298.29,303.3 4 1
github.com/adhithyan15/coding-adventures/code/packages/go/vendor-api-simulators/vulkan_sim.go:304.2,304.12 1 1
github.com/adhithyan15/coding-adventures/code/packages/go/vendor-api-simulators/vulkan_sim.go:308.46,309.40 1 1
github.com/adhithyan15/coding-adventures/code/packages/go/vendor-api-simulators/vulkan_sim.go:309.40,311.3 1 1
github.com/adhithyan15/coding-adventures/code/packages/go/vendor-api-simulators/vulkan_sim.go:315.74,316.30 1 1
github.com/adhithyan15/coding-adventures/code/packages/go/vendor-api-simulators/vulkan_sim.go:316.30,317.45 1 1
github.com/adhithyan15/coding-adventures/code/packages/go/vendor-api-simulators/vulkan_sim.go:317.45,318.23 1 1
github.com/adhithyan15/coding-adventures/code/packages/go/vendor-api-simulators/vulkan_sim.go:318.23,320.10 2 1
github.com/adhithyan15/coding-adventures/code/packages/go/vendor-api-simulators/vulkan_sim.go:332.67,334.2 1 1
github.com/adhithyan15/coding-adventures/code/packages/go/vendor-api-simulators/vulkan_sim.go:337.56,339.2 1 1
github.com/adhithyan15/coding-adventures/code/packages/go/vendor-api-simulators/vulkan_sim.go:342.106,344.2 1 1
github.com/adhithyan15/coding-adventures/code/packages/go/vendor-api-simulators/vulkan_sim.go:351.9,352.36 1 1
github.com/adhithyan15/coding-adventures/code/packages/go/vendor-api-simulators/vulkan_sim.go:352.36,353.60 1 1
github.com/adhithyan15/coding-adventures/code/packages/go/vendor-api-simulators/vulkan_sim.go:353.60,355.4 1 0
github.com/adhithyan15/coding-adventures/code/packages/go/vendor-api-simulators/vulkan_sim.go:357.2,357.12 1 1
github.com/adhithyan15/coding-adventures/code/packages/go/vendor-api-simulators/vulkan_sim.go:361.105,363.2 1 1
github.com/adhithyan15/coding-adventures/code/packages/go/vendor-api-simulators/vulkan_sim.go:366.62,368.2 1 1
github.com/adhithyan15/coding-adventures/code/packages/go/vendor-api-simulators/vulkan_sim.go:371.95,372.33 1 1
github.com/adhithyan15/coding-adventures/code/packages/go/vendor-api-simulators/vulkan_sim.go:372.33,376.17 1 1
github.com/adhithyan15/coding-adventures/code/packages/go/vendor-api-simulators/vulkan_sim.go:376.17,378.4 1 0
github.com/adhithyan15/coding-adventures/code/packages/go/vendor-api-simulators/vulkan_sim.go:380.2,380.12 1 1
github.com/adhithyan15/coding-adventures/code/packages/go/vendor-api-simulators/vulkan_sim.go:384.93,386.2 1 1
github.com/adhithyan15/coding-adventures/code/packages/go/vendor-api-simulators/vulkan_sim.go:389.83,394.2 1 1
github.com/adhithyan15/coding-adventures/code/packages/go/vendor-api-simulators/vulkan_sim.go:397.52,398.11 1 1
github.com/adhithyan15/coding-adventures/code/packages/go/vendor-api-simulators/vulkan_sim.go:399.17,400.33 1 1
github.com/adhithyan15/coding-adventures/code/packages/go/vendor-api-simulators/vulkan_sim.go:401.18,402.34 1 1
github.com/adhithyan15/coding-adventures/code/packages/go/vendor-api-simulators/vulkan_sim.go:403.14,404.30 1 1
github.com/adhithyan15/coding-adventures/code/packages/go/vendor-api-simulators/vulkan_sim.go:405.21,406.35 1 1
github.com/adhithyan15/coding-adventures/code/packages/go/vendor-api-simulators/vulkan_sim.go:407.24,408.38 1 1
github.com/adhithyan15/coding-adventures/code/packages/go/vendor-api-simulators/vulkan_sim.go:409.10,410.35 1 1
github.com/adhithyan15/coding-adventures/code/packages/go/vendor-api-simulators/vulkan_sim.go:424.82,425.33 1 1
github.com/adhithyan15/coding-adventures/code/packages/go/vendor-api-simulators/vulkan_sim.go:425.33,427.46 2 1
github.com/adhithyan15/coding-adventures/code/packages/go/vendor-api-simulators/vulkan_sim.go:427.46,429.4 1 1
github.com/adhithyan15/coding-adventures/code/packages/go/vendor-api-simulators/vulkan_sim.go:430.3,431.43 2 1
github.com/adhithyan15/coding-adventures/code/packages/go/vendor-api-simulators/vulkan_sim.go:431.43,433.4 1 0
github.com/adhithyan15/coding-adventures/code/packages/go/vendor-api-simulators/vulkan_sim.go:434.3,435.45 2 1
github.com/adhithyan15/coding-adventures/code/packages/go/vendor-api-simulators/vulkan_sim.go:435.45,437.4 1 1
github.com/adhithyan15/coding-adventures/code/packages/go/vendor-api-simulators/vulkan_sim.go:439.3,440.24 2 1
github.com/adhithyan15/coding-adventures/code/packages/go/vendor-api-simulators/vulkan_sim.go:440.24,442.4 1 0
github.com/adhithyan15/coding-adventures/code/packages/go/vendor-api-simulators/vulkan_sim.go:443.3,443.26 1 1
github.com/adhithyan15/coding-adventures/code/packages/go/vendor-api-simulators/vulkan_sim.go:443.26,445.4 1 1
github.com/adhithyan15/coding-adventures/code/packages/go/vendor-api-simulators/vulkan_sim.go:446.3,446.19 1 1
github.com/adhithyan15/coding-adventures/code/packages/go/vendor-api-simulators/vulkan_sim.go:446.19,448.4 1 1
github.com/adhithyan15/coding-adventures/code/packages/go/vendor-api-simulators/vulkan_sim.go:450.3,451.17 2 1
github.com/adhithyan15/coding-adventures/code/packages/go/vendor-api-simulators/vulkan_sim.go:451.17,453.4 1 0
github.com/adhithyan15/coding-adventures/code/packages/go/vendor-api-simulators/vulkan_sim.go:455.2,455.18 1 1
github.com/adhithyan15/coding-adventures/code/packages/go/vendor-api-simulators/vulkan_sim.go:459.37,461.2 1 1
github.com/adhithyan15/coding-adventures/code/packages/go/vendor-api-simulators/vulkan_sim.go:473.75,475.22 2 1
github.com/adhithyan15/coding-adventures/code/packages/go/vendor-api-simulators/vulkan_sim.go:475.22,477.3 1 1
github.com/adhithyan15/coding-adventures/code/packages/go/vendor-api-simulators/vulkan_sim.go:478.2,479.76 2 1
github.com/adhithyan15/coding-adventures/code/packages/go/vendor-api-simulators/vulkan_sim.go:479.76,481.3 1 1
github.com/adhithyan15/coding-adventures/code/packages/go/vendor-api-simulators/vulkan_sim.go:482.2,482.46 1 1
github.com/adhithyan15/coding-adventures/code/packages/go/vendor-api-simulators/vulkan_sim.go:486.91,488.2 1 1
github.com/adhithyan15/coding-adventures/code/packages/go/vendor-api-simulators/vulkan_sim.go:491.94,493.36 2 1
github.com/adhithyan15/coding-adventures/code/packages/go/vendor-api-simulators/vulkan_sim.go:493.36,495.3 1 1
github.com/adhithyan15/coding-adventures/code/packages/go/vendor-api-simulators/vulkan_sim.go:496.2,497.16 2 1
github.com/adhithyan15/coding-adventures/code/packages/go/vendor-api-simulators/vulkan_sim.go:497.16,499.3 1 0
github.com/adhithyan15/coding-adventures/code/packages/go/vendor-api-simulators/vulkan_sim.go:500.2,500.73 1 1
github.com/adhithyan15/coding-adventures/code/packages/go/vendor-api-simulators/vulkan_sim.go:504.85,506.16 2 1
github.com/adhithyan15/coding-adventures/code/packages/go/vendor-api-simulators/vulkan_sim.go:506.16,508.3 1 0
github.com/adhithyan15/coding-adventures/code/packages/go/vendor-api-simulators/vulkan_sim.go:509.2,509.36 1 1
github.com/adhithyan15/coding-adventures/code/packages/go/vendor-api-simulators/vulkan_sim.go:513.94,513.95 0 1
github.com/adhithyan15/coding-adventures/code/packages/go/vendor-api-simulators/vulkan_sim.go:516.90,518.16 2 1
github.com/adhithyan15/coding-adventures/code/packages/go/vendor-api-simulators/vulkan_sim.go:518.16,520.3 1 0
github.com/adhithyan15/coding-adventures/code/packages/go/vendor-api-simulators/vulkan_sim.go:521.2,521.30 1 1
github.com/adhithyan15/coding-adventures/code/packages/go/vendor-api-simulators/vulkan_sim.go:525.64,526.26 1 1
github.com/adhithyan15/coding-adventures/code/packages/go/vendor-api-simulators/vulkan_sim.go:526.26,528.3 1 1
github.com/adhithyan15/coding-adventures/code/packages/go/vendor-api-simulators/vulkan_sim.go:529.2,529.12 1 0
github.com/adhithyan15/coding-adventures/code/packages/go/vendor-api-simulators/vulkan_sim.go:533.94,536.2 2 1
github.com/adhithyan15/coding-adventures/code/packages/go/vendor-api-simulators/vulkan_sim.go:539.115,541.40 2 1
github.com/adhithyan15/coding-adventures/code/packages/go/vendor-api-simulators/vulkan_sim.go:541.40,543.17 2 1
github.com/adhithyan15/coding-adventures/code/packages/go/vendor-api-simulators/vulkan_sim.go:543.17,545.4 1 1
github.com/adhithyan15/coding-adventures/code/packages/go/vendor-api-simulators/vulkan_sim.go:546.3,550.4 1 1
github.com/adhithyan15/coding-adventures/code/packages/go/vendor-api-simulators/vulkan_sim.go:552.2,553.47 2 1
github.com/adhithyan15/coding-adventures/code/packages/go/vendor-api-simulators/vulkan_sim.go:557.100,559.43 2 1
github.com/adhithyan15/coding-adventures/code/packages/go/vendor-api-simulators/vulkan_sim.go:559.43,561.3 1 1
github.com/adhithyan15/coding-adventures/code/packages/go/vendor-api-simulators/vulkan_sim.go:562.2,563.38 2 1
github.com/adhithyan15/coding-adventures/code/packages/go/vendor-api-simulators/vulkan_sim.go:567.102,569.33 2 1
github.com/adhithyan15/coding-adventures/code/packages/go/vendor-api-simulators/vulkan_sim.go:569.33,570.80 1 1
github.com/adhithyan15/coding-adventures/code/packages/go/vendor-api-simulators/vulkan_sim.go:570.80,573.4 2 1
github.com/adhithyan15/coding-adventures/code/packages/go/vendor-api-simulators/vulkan_sim.go:575.2,575.18 1 1
github.com/adhithyan15/coding-adventures/code/packages/go/vendor-api-simulators/vulkan_sim.go:579.103,581.42 2 1
github.com/adhithyan15/coding-adventures/code/packages/go/vendor-api-simulators/vulkan_sim.go:581.42,584.3 2 1
github.com/adhithyan15/coding-adventures/code/packages/go/vendor-api-simulators/vulkan_sim.go:585.2,585.13 1 1
github.com/adhithyan15/coding-adventures/code/packages/go/vendor-api-simulators/vulkan_sim.go:589.74,590.31 1 1
github.com/adhithyan15/coding-adventures/code/packages/go/vendor-api-simulators/vulkan_sim.go:590.31,591.87 1 1
github.com/adhithyan15/coding-adventures/code/packages/go/vendor-api-simulators/vulkan_sim.go:591.87,593.4 1 1
github.com/adhithyan15/coding-adventures/code/packages/go/vendor-api-simulators/vulkan_sim.go:598.54,602.2 3 1
github.com/adhithyan15/coding-adventures/code/packages/go/vendor-api-simulators/vulkan_sim.go:605.53,608.2 2 1
github.com/adhithyan15/coding-adventures/code/packages/go/vendor-api-simulators/vulkan_sim.go:611.91,612.27 1 1
github.com/adhithyan15/coding-adventures/code/packages/go/vendor-api-simulators/vulkan_sim.go:612.27,613.25 1 1
github.com/adhithyan15/coding-adventures/code/packages/go/vendor-api-simulators/vulkan_sim.go:613.25,614.16 1 1
github.com/adhithyan15/coding-adventures/code/packages/go/vendor-api-simulators/vulkan_sim.go:614.16,616.5 1 1
github.com/adhithyan15/coding-adventures/code/packages/go/vendor-api-simulators/vulkan_sim.go:617.9,617.21 1 1
github.com/adhithyan15/coding-adventures/code/packages/go/vendor-api-simulators/vulkan_sim.go:617.21,619.4 1 1
github.com/adhithyan15/coding-adventures/code/packages/go/vendor-api-simulators/vulkan_sim.go:621.2,621.18 1 1
github.com/adhithyan15/coding-adventures/code/packages/go/vendor-api-simulators/vulkan_sim.go:625.53,626.27 1 1
github.com/adhithyan15/coding-adventures/code/packages/go/vendor-api-simulators/vulkan_sim.go:626.27,628.3 1 1
github.com/adhithyan15/coding-adventures/code/packages/go/vendor-api-simulators/vulkan_sim.go:632.39,634.2 1 1
github.com/adhithyan15/coding-adventures/code/packages/go/vendor-api-simulators/vulkan_sim.go:646.43,648.16 2 1
github.com/adhithyan15/coding-adventures/code/packages/go/vendor-api-simulators/vulkan_sim.go:648.16,650.3 1 0
github.com/adhithyan15/coding-adventures/code/packages/go/vendor-api-simulators/vulkan_sim.go:651.2,651.52 1 1
github.com/adhithyan15/coding-adventures/code/packages/go/vendor-api-simulators/vulkan_sim.go:655.72,657.40 2 1
github.com/adhithyan15/coding-adventures/code/packages/go/vendor-api-simulators/vulkan_sim.go:657.40,659.3 1 1
github.com/adhithyan15/coding-adventures/code/packages/go/vendor-api-simulators/vulkan_sim.go:660.2,660.15 1 1
github.com/adhithyan15/coding-adventures/code/packages/go/vendor-api-simulators/vulkan_sim.go:664.82,667.2 2 1
github.com/adhithyan15/coding-adventures/code/packages/go/vendor-api-simulators/webgpu.go:167.32,167.49 1 1
github.com/adhithyan15/coding-adventures/code/packages/go/vendor-api-simulators/webgpu.go:170.44,170.62 1 1
github.com/adhithyan15/coding-adventures/code/packages/go/vendor-api-simulators/webgpu.go:173.71,174.17 1 1
github.com/adhithyan15/coding-adventures/code/packages/go/vendor-api-simulators/webgpu.go:174.17,176.3 1 1
github.com/adhithyan15/coding-adventures/code/packages/go/vendor-api-simulators/webgpu.go:177.2,178.21 2 1
github.com/adhithyan15/coding-adventures/code/packages/go/vendor-api-simulators/webgpu.go:178.21,180.3 1 1
github.com/adhithyan15/coding-adventures/code/packages/go/vendor-api-simulators/webgpu.go:181.2,181.56 1 1
github.com/adhithyan15/coding-adventures/code/packages/go/vendor-api-simulators/webgpu.go:181.56,183.3 1 0
github.com/adhithyan15/coding-adventures/code/packages/go/vendor-api-simulators/webgpu.go:184.2,186.21 3 1
github.com/adhithyan15/coding-adventures/code/packages/go/vendor-api-simulators/webgpu.go:186.21,188.3 1 0
github.com/adhithyan15/coding-adventures/code/packages/go/vendor-api-simulators/webgpu.go:189.2,192.12 4 1
github.com/adhithyan15/coding-adventures/code/packages/go/vendor-api-simulators/webgpu.go:196.70,197.38 1 1
github.com/adhithyan15/coding-adventures/code/packages/go/vendor-api-simulators/webgpu.go:197.38,199.3 1 1
github.com/adhithyan15/coding-adventures/code/packages/go/vendor-api-simulators/webgpu.go:200.2,201.21 2 1
github.com/adhithyan15/coding-adventures/code/packages/go/vendor-api-simulators/webgpu.go:201.21,203.3 1 0
github.com/adhithyan15/coding-adventures/code/packages/go/vendor-api-simulators/webgpu.go:204.2,205.29 2 1
github.com/adhithyan15/coding-adventures/code/packages/go/vendor-api-simulators/webgpu.go:205.29,207.3 1 0
github.com/adhithyan15/coding-adventures/code/packages/go/vendor-api-simulators/webgpu.go:208.2,208.38 1 1
github.com/adhithyan15/coding-adventures/code/packages/go/vendor-api-simulators/webgpu.go:212.35,213.15 1 1
github.com/adhithyan15/coding-adventures/code/packages/go/vendor-api-simulators/webgpu.go:213.15,215.3 1 1
github.com/adhithyan15/coding-adventures/code/packages/go/vendor-api-simulators/webgpu.go:216.2,216.25 1 1
github.com/adhithyan15/coding-adventures/code/packages/go/vendor-api-simulators/webgpu.go:216.25,218.17 2 1
github.com/adhithyan15/coding-adventures/code/packages/go/vendor-api-simulators/webgpu.go:218.17,220.4 1 0
github.com/adhithyan15/coding-adventures/code/packages/go/vendor-api-simulators/webgpu.go:221.3,221.55 1 1
github.com/adhithyan15/coding-adventures/code/packages/go/vendor-api-simulators/webgpu.go:221.55,223.4 1 0
github.com/adhithyan15/coding-adventures/code/packages/go/vendor-api-simulators/webgpu.go:224.3,224.46 1 1
github.com/adhithyan15/coding-adventures/code/packages/go/vendor-api-simulators/webgpu.go:224.46,226.4 1 0
github.com/adhithyan15/coding-adventures/code/packages/go/vendor-api-simulators/webgpu.go:228.2,230.12 3 1
github.com/adhithyan15/coding-adventures/code/packages/go/vendor-api-simulators/webgpu.go:234.37,235.18 1 1
github.com/adhithyan15/coding-adventures/code/packages/go/vendor-api-simulators/webgpu.go:235.18,238.3 2 1
github.com/adhithyan15/coding-adventures/code/packages/go/vendor-api-simulators/webgpu.go:239.2,239.12 1 1
github.com/adhithyan15/coding-adventures/code/packages/go/vendor-api-simulators/webgpu.go:264.89,265.37 1 1
github.com/adhithyan15/coding-adventures/code/packages/go/vendor-api-simulators/webgpu.go:265.37,267.3 1 1
github.com/adhithyan15/coding-adventures/code/packages/go/vendor-api-simulators/webgpu.go:268.2,268.74 1 1
github.com/adhithyan15/coding-adventures/code/packages/go/vendor-api-simulators/webgpu.go:293.75,295.2 1 1
github.com/adhithyan15/coding-adventures/code/packages/go/vendor-api-simulators/webgpu.go:298.82,300.2 1 1
github.com/adhithyan15/coding-adventures/code/packages/go/vendor-api-simulators/webgpu.go:303.71,304.23 1 1
github.com/adhithyan15/coding-adventures/code/packages/go/vendor-api-simulators/webgpu.go:304.23,306.3 1 1
github.com/adhithyan15/coding-adventures/code/packages/go/vendor-api-simulators/webgpu.go:307.2,308.64 2 1
github.com/adhithyan15/coding-adventures/code/packages/go/vendor-api-simulators/webgpu.go:308.64,310.3 1 0
github.com/adhithyan15/coding-adventures/code/packages/go/vendor-api-simulators/webgpu.go:312.2,312.41 1 1
github.com/adhithyan15/coding-adventures/code/packages/go/vendor-api-simulators/webgpu.go:312.41,313.36 1 1
github.com/adhithyan15/coding-adventures/code/packages/go/vendor-api-simulators/webgpu.go:313.36,314.57 1 1
github.com/adhithyan15/coding-adventures/code/packages/go/vendor-api-simulators/webgpu.go:314.57,316.5 1 0
github.com/adhithyan15/coding-adventures/code/packages/go/vendor-api-simulators/webgpu.go:319.2,319.32 1 1
github.com/adhithyan15/coding-adventures/code/packages/go/vendor-api-simulators/webgpu.go:323.40,323.41 0 1
github.com/adhithyan15/coding-adventures/code/packages/go/vendor-api-simulators/webgpu.go:336.71,341.2 1 1
github.com/adhithyan15/coding-adventures/code/packages/go/vendor-api-simulators/webgpu.go:348.9,353.2 1 1
github.com/adhithyan15/coding-adventures/code/packages/go/vendor-api-simulators/webgpu.go:356.65,357.35 1 1
github.com/adhithyan15/coding-adventures/code/packages/go/vendor-api-simulators/webgpu.go:357.35,359.3 1 0
github.com/adhithyan15/coding-adventures/code/packages/go/vendor-api-simulators/webgpu.go:360.2,360.41 1 1
github.com/adhithyan15/coding-adventures/code/packages/go/vendor-api-simulators/webgpu.go:373.69,375.39 2 1
github.com/adhithyan15/coding-adventures/code/packages/go/vendor-api-simulators/webgpu.go:375.39,378.17 3 1
github.com/adhithyan15/coding-adventures/code/packages/go/vendor-api-simulators/webgpu.go:378.17,380.4 1 0
github.com/adhithyan15/coding-adventures/code/packages/go/vendor-api-simulators/webgpu.go:381.3,381.18 1 1
github.com/adhithyan15/coding-adventures/code/packages/go/vendor-api-simulators/webgpu.go:383.2,383.12 1 1
github.com/adhithyan15/coding-adventures/code/packages/go/vendor-api-simulators/webgpu.go:387.88,390.16 3 1
github.com/adhithyan15/coding-adventures/code/packages/go/vendor-api-simulators/webgpu.go:390.16,392.3 1 0
github.com/adhithyan15/coding-adventures/code/packages/go/vendor-api-simulators/webgpu.go:393.2,393.57 1 1
github.com/adhithyan15/coding-adventures/code/packages/go/vendor-api-simulators/webgpu.go:393.57,395.3 1 0
github.com/adhithyan15/coding-adventures/code/packages/go/vendor-api-simulators/webgpu.go:396.2,396.32 1 1
github.com/adhithyan15/coding-adventures/code/packages/go/vendor-api-simulators/webgpu.go:412.58,414.16 2 1
github.com/adhithyan15/coding-adventures/code/packages/go/vendor-api-simulators/webgpu.go:414.16,416.3 1 0
github.com/adhithyan15/coding-adventures/code/packages/go/vendor-api-simulators/webgpu.go:417.2,426.17 3 1
github.com/adhithyan15/coding-adventures/code/packages/go/vendor-api-simulators/webgpu.go:430.86,432.16 2 1
github.com/adhithyan15/coding-adventures/code/packages/go/vendor-api-simulators/webgpu.go:432.16,434.3 1 0
github.com/adhithyan15/coding-adventures/code/packages/go/vendor-api-simulators/webgpu.go:435.2,441.33 2 1
github.com/adhithyan15/coding-adventures/code/packages/go/vendor-api-simulators/webgpu.go:441.33,442.64 1 1
github.com/adhithyan15/coding-adventures/code/packages/go/vendor-api-simulators/webgpu.go:442.64,444.4 1 0
github.com/adhithyan15/coding-adventures/code/packages/go/vendor-api-simulators/webgpu.go:446.2,446.20 1 1
github.com/adhithyan15/coding-adventures/code/packages/go/vendor-api-simulators/webgpu.go:450.95,452.63 2 1
github.com/adhithyan15/coding-adventures/code/packages/go/vendor-api-simulators/webgpu.go:452.63,454.3 1 1
github.com/adhithyan15/coding-adventures/code/packages/go/vendor-api-simulators/webgpu.go:455.2,456.41 2 1
github.com/adhithyan15/coding-adventures/code/packages/go/vendor-api-simulators/webgpu.go:460.104,462.67 2 1
github.com/adhithyan15/coding-adventures/code/packages/go/vendor-api-simulators/webgpu.go:462.67,464.3 1 1
github.com/adhithyan15/coding-adventures/code/packages/go/vendor-api-simulators/webgpu.go:464.8,466.3 1 1
github.com/adhithyan15/coding-adventures/code/packages/go/vendor-api-simulators/webgpu.go:468.2,473.99 5 1
github.com/adhithyan15/coding-adventures/code/packages/go/vendor-api-simulators/webgpu.go:477.104,479.39 2 1
github.com/adhithyan15/coding-adventures/code/packages/go/vendor-api-simulators/webgpu.go:479.39,481.20 2 1
github.com/adhithyan15/coding-adventures/code/packages/go/vendor-api-simulators/webgpu.go:481.20,483.4 1 1
github.com/adhithyan15/coding-adventures/code/packages/go/vendor-api-simulators/webgpu.go:484.3,484.82 1 1
github.com/adhithyan15/coding-adventures/code/packages/go/vendor-api-simulators/webgpu.go:486.2,487.44 2 1
github.com/adhithyan15/coding-adventures/code/packages/go/vendor-api-simulators/webgpu.go:491.101,493.49 2 1
github.com/adhithyan15/coding-adventures/code/packages/go/vendor-api-simulators/webgpu.go:493.49,495.3 1 1
github.com/adhithyan15/coding-adventures/code/packages/go/vendor-api-simulators/webgpu.go:496.2,497.39 2 1
github.com/adhithyan15/coding-adventures/code/packages/go/vendor-api-simulators/webgpu.go:501.86,503.30 2 1
github.com/adhithyan15/coding-adventures/code/packages/go/vendor-api-simulators/webgpu.go:503.30,505.3 1 1
github.com/adhithyan15/coding-adventures/code/packages/go/vendor-api-simulators/webgpu.go:505.8,507.3 1 1
github.com/adhithyan15/coding-adventures/code/packages/go/vendor-api-simulators/webgpu.go:508.2,509.43 2 1
github.com/adhithyan15/coding-adventures/code/packages/go/vendor-api-simulators/webgpu.go:509.43,510.28 1 1
github.com/adhithyan15/coding-adventures/code/packages/go/vendor-api-simulators/webgpu.go:510.28,512.4 1 1
github.com/adhithyan15/coding-adventures/code/packages/go/vendor-api-simulators/webgpu.go:514.2,514.30 1 1
github.com/adhithyan15/coding-adventures/code/packages/go/vendor-api-simulators/webgpu.go:518.72,520.35 2 1
github.com/adhithyan15/coding-adventures/code/packages/go/vendor-api-simulators/webgpu.go:520.35,522.3 1 0
github.com/adhithyan15/coding-adventures/code/packages/go/vendor-api-simulators/webgpu.go:523.2,523.51 1 1
github.com/adhithyan15/coding-adventures/code/packages/go/vendor-api-simulators/webgpu.go:527.37,529.2 1 1
github.com/adhithyan15/coding-adventures/code/packages/go/vendor-api-simulators/webgpu.go:543.36,543.64 1 1
github.com/adhithyan15/coding-adventures/code/packages/go/vendor-api-simulators/webgpu.go:546.58,548.2 1 1
github.com/adhithyan15/coding-adventures/code/packages/go/vendor-api-simulators/webgpu.go:561.29,564.23 3 1
github.com/adhithyan15/coding-adventures/code/packages/go/vendor-api-simulators/webgpu.go:564.23,566.3 1 0
github.com/adhithyan15/coding-adventures/code/packages/go/vendor-api-simulators/webgpu.go:567.2,567.64 1 1
github.com/adhithyan15/coding-adventures/code/packages/go/vendor-api-simulators/webgpu.go:571.86,572.33 1 1
github.com/adhithyan15/coding-adventures/code/packages/go/vendor-api-simulators/webgpu.go:572.33,574.3 1 0
github.com/adhithyan15/coding-adventures/code/packages/go/vendor-api-simulators/webgpu.go:577.2,577.62 1 1
github.com/adhithyan15/coding-adventures/code/packages/go/vendor-api-simulators/webgpu.go:577.62,578.40 1 1
github.com/adhithyan15/coding-adventures/code/packages/go/vendor-api-simulators/webgpu.go:578.40,579.36 1 1
github.com/adhithyan15/coding-adventures/code/packages/go/vendor-api-simulators/webgpu.go:579.36,588.5 1 1
github.com/adhithyan15/coding-adventures/code/packages/go/vendor-api-simulators/webgpu.go:592.2,599.8 1 1
