<?xml version="1.0" encoding="UTF-8"?>
<coverage generated="1773940354313" clover="3.2.0">
  <project timestamp="1773940354313" name="All files">
    <metrics statements="307" coveredstatements="301" conditionals="101" coveredconditionals="97" methods="30" coveredmethods="30" elements="438" coveredelements="428" complexity="0" loc="307" ncloc="307" packages="1" files="2" classes="2"/>
    <file name="graph.ts" path="C:\Users\adhit\Downloads\coding-adventures\.claude\worktrees\pensive-ptolemy\code\packages\typescript\directed-graph\src\graph.ts">
      <metrics statements="306" coveredstatements="301" conditionals="100" coveredconditionals="96" methods="29" coveredmethods="29"/>
      <line num="65" count="1" type="cond" truecount="1" falsecount="0"/>
      <line num="66" count="2" type="stmt"/>
      <line num="68" count="2" type="cond" truecount="1" falsecount="0"/>
      <line num="69" count="2" type="stmt"/>
      <line num="70" count="2" type="stmt"/>
      <line num="71" count="2" type="stmt"/>
      <line num="72" count="2" type="stmt"/>
      <line num="73" count="2" type="stmt"/>
      <line num="80" count="1" type="cond" truecount="1" falsecount="0"/>
      <line num="81" count="6" type="stmt"/>
      <line num="83" count="6" type="cond" truecount="1" falsecount="0"/>
      <line num="84" count="6" type="stmt"/>
      <line num="85" count="6" type="stmt"/>
      <line num="86" count="6" type="stmt"/>
      <line num="87" count="6" type="stmt"/>
      <line num="88" count="6" type="stmt"/>
      <line num="95" count="1" type="cond" truecount="1" falsecount="0"/>
      <line num="96" count="2" type="stmt"/>
      <line num="97" count="2" type="stmt"/>
      <line num="99" count="2" type="cond" truecount="1" falsecount="0"/>
      <line num="100" count="2" type="stmt"/>
      <line num="101" count="2" type="stmt"/>
      <line num="102" count="2" type="stmt"/>
      <line num="103" count="2" type="stmt"/>
      <line num="104" count="2" type="stmt"/>
      <line num="105" count="2" type="stmt"/>
      <line num="127" count="1" type="cond" truecount="1" falsecount="0"/>
      <line num="134" count="70" type="stmt"/>
      <line num="135" count="70" type="stmt"/>
      <line num="147" count="70" type="cond" truecount="1" falsecount="0"/>
      <line num="148" count="709" type="cond" truecount="1" falsecount="0"/>
      <line num="149" count="314" type="stmt"/>
      <line num="150" count="314" type="stmt"/>
      <line num="151" count="314" type="stmt"/>
      <line num="152" count="709" type="stmt"/>
      <line num="162" count="70" type="cond" truecount="1" falsecount="0"/>
      <line num="163" count="5" type="cond" truecount="1" falsecount="0"/>
      <line num="164" count="2" type="stmt"/>
      <line num="165" count="2" type="cond" truecount="1" falsecount="0"/>
      <line num="169" count="5" type="cond" truecount="1" falsecount="0"/>
      <line num="170" count="2" type="stmt"/>
      <line num="171" count="2" type="cond" truecount="1" falsecount="0"/>
      <line num="175" count="3" type="stmt"/>
      <line num="176" count="3" type="stmt"/>
      <line num="177" count="3" type="stmt"/>
      <line num="180" count="3" type="stmt"/>
      <line num="181" count="3" type="stmt"/>
      <line num="182" count="5" type="stmt"/>
      <line num="187" count="70" type="cond" truecount="1" falsecount="0"/>
      <line num="188" count="10" type="stmt"/>
      <line num="189" count="10" type="stmt"/>
      <line num="196" count="70" type="cond" truecount="1" falsecount="0"/>
      <line num="197" count="4" type="stmt"/>
      <line num="198" count="4" type="stmt"/>
      <line num="216" count="70" type="cond" truecount="1" falsecount="0"/>
      <line num="217" count="346" type="cond" truecount="1" falsecount="0"/>
      <line num="218" count="1" type="stmt"/>
      <line num="219" count="1" type="stmt"/>
      <line num="220" count="1" type="stmt"/>
      <line num="221" count="1" type="cond" truecount="1" falsecount="0"/>
      <line num="224" count="345" type="stmt"/>
      <line num="225" count="345" type="stmt"/>
      <line num="228" count="345" type="stmt"/>
      <line num="229" count="345" type="stmt"/>
      <line num="230" count="346" type="stmt"/>
      <line num="238" count="70" type="cond" truecount="1" falsecount="0"/>
      <line num="239" count="3" type="stmt"/>
      <line num="240" count="3" type="cond" truecount="1" falsecount="0"/>
      <line num="241" count="2" type="stmt"/>
      <line num="242" count="3" type="cond" truecount="1" falsecount="0"/>
      <line num="243" count="2" type="stmt"/>
      <line num="244" count="2" type="cond" truecount="1" falsecount="0"/>
      <line num="246" count="1" type="stmt"/>
      <line num="247" count="1" type="stmt"/>
      <line num="248" count="3" type="stmt"/>
      <line num="253" count="70" type="cond" truecount="1" falsecount="0"/>
      <line num="254" count="4" type="stmt"/>
      <line num="255" count="4" type="cond" truecount="1" falsecount="0"/>
      <line num="256" count="3" type="stmt"/>
      <line num="258" count="4" type="stmt"/>
      <line num="265" count="70" type="cond" truecount="1" falsecount="0"/>
      <line num="266" count="7" type="stmt"/>
      <line num="267" count="7" type="cond" truecount="1" falsecount="0"/>
      <line num="268" count="32" type="stmt"/>
      <line num="269" count="32" type="stmt"/>
      <line num="270" count="32" type="stmt"/>
      <line num="271" count="32" type="stmt"/>
      <line num="272" count="7" type="stmt"/>
      <line num="273" count="7" type="stmt"/>
      <line num="285" count="70" type="cond" truecount="1" falsecount="0"/>
      <line num="286" count="5" type="cond" truecount="1" falsecount="0"/>
      <line num="287" count="1" type="stmt"/>
      <line num="288" count="1" type="cond" truecount="1" falsecount="0"/>
      <line num="289" count="4" type="stmt"/>
      <line num="290" count="5" type="stmt"/>
      <line num="298" count="70" type="cond" truecount="1" falsecount="0"/>
      <line num="299" count="5" type="cond" truecount="1" falsecount="0"/>
      <line num="300" count="1" type="stmt"/>
      <line num="301" count="1" type="cond" truecount="1" falsecount="0"/>
      <line num="302" count="4" type="stmt"/>
      <line num="303" count="5" type="stmt"/>
      <line num="312" count="70" type="cond" truecount="1" falsecount="0"/>
      <line num="313" count="8" type="stmt"/>
      <line num="314" count="8" type="stmt"/>
      <line num="319" count="70" type="cond" truecount="1" falsecount="0"/>
      <line num="320" count="1" type="stmt"/>
      <line num="321" count="1" type="stmt"/>
      <line num="357" count="70" type="cond" truecount="1" falsecount="0"/>
      <line num="362" count="7" type="stmt"/>
      <line num="363" count="7" type="cond" truecount="1" falsecount="0"/>
      <line num="364" count="37" type="stmt"/>
      <line num="365" count="37" type="stmt"/>
      <line num="368" count="7" type="stmt"/>
      <line num="369" count="7" type="cond" truecount="1" falsecount="0"/>
      <line num="370" count="37" type="cond" truecount="1" falsecount="0"/>
      <line num="371" count="14" type="stmt"/>
      <line num="372" count="14" type="stmt"/>
      <line num="373" count="37" type="stmt"/>
      <line num="375" count="7" type="stmt"/>
      <line num="377" count="7" type="cond" truecount="1" falsecount="0"/>
      <line num="380" count="34" type="stmt"/>
      <line num="381" count="34" type="stmt"/>
      <line num="386" count="34" type="stmt"/>
      <line num="387" count="34" type="cond" truecount="1" falsecount="0"/>
      <line num="388" count="38" type="stmt"/>
      <line num="389" count="38" type="cond" truecount="1" falsecount="0"/>
      <line num="390" count="20" type="stmt"/>
      <line num="391" count="20" type="stmt"/>
      <line num="392" count="38" type="stmt"/>
      <line num="393" count="34" type="stmt"/>
      <line num="397" count="7" type="cond" truecount="1" falsecount="0"/>
      <line num="398" count="1" type="stmt"/>
      <line num="399" count="1" type="stmt"/>
      <line num="400" count="1" type="stmt"/>
      <line num="401" count="1" type="stmt"/>
      <line num="402" count="1" type="stmt"/>
      <line num="403" count="1" type="cond" truecount="1" falsecount="0"/>
      <line num="405" count="6" type="stmt"/>
      <line num="406" count="7" type="stmt"/>
      <line num="420" count="70" type="stmt"/>
      <line num="421" count="70" type="stmt"/>
      <line num="422" count="70" type="cond" truecount="1" falsecount="0"/>
      <line num="429" count="70" type="cond" truecount="1" falsecount="0"/>
      <line num="430" count="6" type="stmt"/>
      <line num="431" count="6" type="cond" truecount="1" falsecount="0"/>
      <line num="432" count="36" type="stmt"/>
      <line num="433" count="36" type="stmt"/>
      <line num="435" count="6" type="cond" truecount="1" falsecount="0"/>
      <line num="437" count="36" type="stmt"/>
      <line num="439" count="36" type="cond" truecount="1" falsecount="0"/>
      <line num="440" count="43" type="cond" truecount="1" falsecount="0"/>
      <line num="442" count="2" type="stmt"/>
      <line num="443" count="2" type="cond" truecount="1" falsecount="0"/>
      <line num="444" count="43" type="cond" truecount="2" falsecount="0"/>
      <line num="445" count="5" type="stmt"/>
      <line num="446" count="5" type="stmt"/>
      <line num="447" count="43" type="cond" truecount="1" falsecount="0"/>
      <line num="449" count="29" type="stmt"/>
      <line num="450" count="29" type="stmt"/>
      <line num="451" count="36" type="stmt"/>
      <line num="455" count="6" type="cond" truecount="1" falsecount="0"/>
      <line num="456" count="31" type="cond" truecount="1" falsecount="0"/>
      <line num="457" count="23" type="cond" truecount="1" falsecount="0"/>
      <line num="458" count="2" type="stmt"/>
      <line num="459" count="2" type="stmt"/>
      <line num="460" count="23" type="stmt"/>
      <line num="461" count="31" type="cond" truecount="1" falsecount="0"/>
      <line num="463" count="4" type="stmt"/>
      <line num="464" count="6" type="stmt"/>
      <line num="473" count="70" type="cond" truecount="1" falsecount="0"/>
      <line num="474" count="2" type="stmt"/>
      <line num="475" count="2" type="stmt"/>
      <line num="476" count="2" type="cond" truecount="1" falsecount="0"/>
      <line num="477" count="6" type="stmt"/>
      <line num="478" count="6" type="stmt"/>
      <line num="479" count="6" type="stmt"/>
      <line num="481" count="2" type="cond" truecount="1" falsecount="0"/>
      <line num="482" count="6" type="stmt"/>
      <line num="484" count="6" type="stmt"/>
      <line num="485" count="6" type="stmt"/>
      <line num="486" count="6" type="cond" truecount="1" falsecount="0"/>
      <line num="488" count="2" type="stmt"/>
      <line num="489" count="2" type="stmt"/>
      <line num="490" count="2" type="cond" truecount="1" falsecount="0"/>
      <line num="491" count="4" type="cond" truecount="0" falsecount="1"/>
      <line num="492" count="4" type="cond" truecount="0" falsecount="1"/>
      <line num="493" count="0" type="stmt"/>
      <line num="494" count="0" type="stmt"/>
      <line num="495" count="4" type="stmt"/>
      <line num="496" count="4" type="stmt"/>
      <line num="497" count="2" type="stmt"/>
      <line num="498" count="2" type="stmt"/>
      <line num="499" count="2" type="stmt"/>
      <line num="500" count="2" type="cond" truecount="1" falsecount="0"/>
      <line num="501" count="4" type="stmt"/>
      <line num="502" count="4" type="stmt"/>
      <line num="503" count="4" type="stmt"/>
      <line num="504" count="4" type="stmt"/>
      <line num="505" count="4" type="stmt"/>
      <line num="506" count="4" type="stmt"/>
      <line num="507" count="4" type="stmt"/>
      <line num="508" count="6" type="cond" truecount="0" falsecount="1"/>
      <line num="510" count="0" type="stmt"/>
      <line num="511" count="0" type="stmt"/>
      <line num="512" count="6" type="stmt"/>
      <line num="514" count="2" type="stmt"/>
      <line num="515" count="2" type="stmt"/>
      <line num="516" count="2" type="stmt"/>
      <line num="517" count="2" type="stmt"/>
      <line num="518" count="2" type="stmt"/>
      <line num="519" count="2" type="stmt"/>
      <line num="520" count="2" type="stmt"/>
      <line num="521" count="2" type="stmt"/>
      <line num="522" count="2" type="cond" truecount="0" falsecount="1"/>
      <line num="524" count="0" type="stmt"/>
      <line num="525" count="2" type="stmt"/>
      <line num="543" count="70" type="cond" truecount="1" falsecount="0"/>
      <line num="544" count="8" type="cond" truecount="1" falsecount="0"/>
      <line num="545" count="1" type="stmt"/>
      <line num="546" count="1" type="cond" truecount="1" falsecount="0"/>
      <line num="548" count="7" type="stmt"/>
      <line num="549" count="7" type="stmt"/>
      <line num="550" count="8" type="cond" truecount="1" falsecount="0"/>
      <line num="551" count="5" type="stmt"/>
      <line num="552" count="5" type="cond" truecount="1" falsecount="0"/>
      <line num="554" count="8" type="cond" truecount="1" falsecount="0"/>
      <line num="555" count="9" type="stmt"/>
      <line num="556" count="9" type="cond" truecount="1" falsecount="0"/>
      <line num="557" count="5" type="cond" truecount="1" falsecount="0"/>
      <line num="558" count="4" type="stmt"/>
      <line num="559" count="4" type="stmt"/>
      <line num="560" count="4" type="stmt"/>
      <line num="561" count="5" type="stmt"/>
      <line num="562" count="9" type="cond" truecount="1" falsecount="0"/>
      <line num="564" count="7" type="stmt"/>
      <line num="565" count="8" type="stmt"/>
      <line num="585" count="70" type="cond" truecount="1" falsecount="0"/>
      <line num="586" count="15" type="cond" truecount="1" falsecount="0"/>
      <line num="587" count="1" type="stmt"/>
      <line num="588" count="1" type="cond" truecount="1" falsecount="0"/>
      <line num="590" count="14" type="stmt"/>
      <line num="591" count="14" type="stmt"/>
      <line num="592" count="15" type="cond" truecount="1" falsecount="0"/>
      <line num="593" count="16" type="stmt"/>
      <line num="594" count="16" type="cond" truecount="1" falsecount="0"/>
      <line num="596" count="15" type="cond" truecount="1" falsecount="0"/>
      <line num="597" count="36" type="stmt"/>
      <line num="598" count="36" type="cond" truecount="1" falsecount="0"/>
      <line num="599" count="30" type="cond" truecount="1" falsecount="0"/>
      <line num="600" count="20" type="stmt"/>
      <line num="601" count="20" type="stmt"/>
      <line num="602" count="20" type="stmt"/>
      <line num="603" count="30" type="stmt"/>
      <line num="604" count="36" type="cond" truecount="1" falsecount="0"/>
      <line num="606" count="14" type="stmt"/>
      <line num="607" count="15" type="stmt"/>
      <line num="633" count="70" type="cond" truecount="1" falsecount="0"/>
      <line num="634" count="8" type="stmt"/>
      <line num="635" count="8" type="cond" truecount="1" falsecount="0"/>
      <line num="636" count="43" type="stmt"/>
      <line num="637" count="43" type="stmt"/>
      <line num="640" count="8" type="stmt"/>
      <line num="641" count="8" type="cond" truecount="1" falsecount="0"/>
      <line num="642" count="43" type="cond" truecount="1" falsecount="0"/>
      <line num="643" count="15" type="stmt"/>
      <line num="644" count="15" type="stmt"/>
      <line num="645" count="43" type="stmt"/>
      <line num="646" count="8" type="stmt"/>
      <line num="648" count="8" type="stmt"/>
      <line num="649" count="8" type="stmt"/>
      <line num="651" count="8" type="cond" truecount="1" falsecount="0"/>
      <line num="652" count="18" type="stmt"/>
      <line num="653" count="18" type="stmt"/>
      <line num="655" count="18" type="stmt"/>
      <line num="656" count="18" type="cond" truecount="1" falsecount="0"/>
      <line num="657" count="40" type="cond" truecount="1" falsecount="0"/>
      <line num="658" count="43" type="stmt"/>
      <line num="659" count="43" type="cond" truecount="1" falsecount="0"/>
      <line num="660" count="25" type="stmt"/>
      <line num="661" count="25" type="stmt"/>
      <line num="662" count="43" type="stmt"/>
      <line num="663" count="40" type="stmt"/>
      <line num="665" count="18" type="stmt"/>
      <line num="666" count="18" type="stmt"/>
      <line num="668" count="8" type="cond" truecount="1" falsecount="0"/>
      <line num="669" count="1" type="stmt"/>
      <line num="670" count="1" type="stmt"/>
      <line num="671" count="1" type="stmt"/>
      <line num="672" count="1" type="stmt"/>
      <line num="673" count="1" type="stmt"/>
      <line num="674" count="1" type="cond" truecount="1" falsecount="0"/>
      <line num="676" count="7" type="stmt"/>
      <line num="677" count="8" type="stmt"/>
      <line num="697" count="70" type="cond" truecount="1" falsecount="0"/>
      <line num="698" count="9" type="stmt"/>
      <line num="700" count="9" type="cond" truecount="1" falsecount="0"/>
      <line num="701" count="11" type="cond" truecount="1" falsecount="0"/>
      <line num="702" count="9" type="stmt"/>
      <line num="703" count="9" type="cond" truecount="1" falsecount="0"/>
      <line num="704" count="18" type="stmt"/>
      <line num="705" count="18" type="stmt"/>
      <line num="706" count="9" type="stmt"/>
      <line num="707" count="11" type="stmt"/>
      <line num="709" count="9" type="stmt"/>
      <line num="710" count="9" type="stmt"/>
      <line num="711" count="70" type="stmt"/>
    </file>
    <file name="index.ts" path="C:\Users\adhit\Downloads\coding-adventures\.claude\worktrees\pensive-ptolemy\code\packages\typescript\directed-graph\src\index.ts">
      <metrics statements="1" coveredstatements="0" conditionals="1" coveredconditionals="1" methods="1" coveredmethods="1"/>
      <line num="30" count="0" type="stmt"/>
    </file>
  </project>
</coverage>
