{"C:\\Users\\adhit\\Downloads\\coding-adventures\\.claude\\worktrees\\pensive-ptolemy\\code\\packages\\typescript\\directed-graph\\src\\graph.ts": {"path":"C:\\Users\\adhit\\Downloads\\coding-adventures\\.claude\\worktrees\\pensive-ptolemy\\code\\packages\\typescript\\directed-graph\\src\\graph.ts","all":false,"statementMap":{"64":{"start":{"line":65,"column":0},"end":{"line":65,"column":39}},"65":{"start":{"line":66,"column":0},"end":{"line":66,"column":34}},"67":{"start":{"line":68,"column":0},"end":{"line":68,"column":49}},"68":{"start":{"line":69,"column":0},"end":{"line":69,"column":19}},"69":{"start":{"line":70,"column":0},"end":{"line":70,"column":29}},"70":{"start":{"line":71,"column":0},"end":{"line":71,"column":23}},"71":{"start":{"line":72,"column":0},"end":{"line":72,"column":3}},"72":{"start":{"line":73,"column":0},"end":{"line":73,"column":1}},"79":{"start":{"line":80,"column":0},"end":{"line":80,"column":46}},"80":{"start":{"line":81,"column":0},"end":{"line":81,"column":31}},"82":{"start":{"line":83,"column":0},"end":{"line":83,"column":29}},"83":{"start":{"line":84,"column":0},"end":{"line":84,"column":39}},"84":{"start":{"line":85,"column":0},"end":{"line":85,"column":36}},"85":{"start":{"line":86,"column":0},"end":{"line":86,"column":21}},"86":{"start":{"line":87,"column":0},"end":{"line":87,"column":3}},"87":{"start":{"line":88,"column":0},"end":{"line":88,"column":1}},"94":{"start":{"line":95,"column":0},"end":{"line":95,"column":46}},"95":{"start":{"line":96,"column":0},"end":{"line":96,"column":35}},"96":{"start":{"line":97,"column":0},"end":{"line":97,"column":33}},"98":{"start":{"line":99,"column":0},"end":{"line":99,"column":49}},"99":{"start":{"line":100,"column":0},"end":{"line":100,"column":58}},"100":{"start":{"line":101,"column":0},"end":{"line":101,"column":36}},"101":{"start":{"line":102,"column":0},"end":{"line":102,"column":29}},"102":{"start":{"line":103,"column":0},"end":{"line":103,"column":25}},"103":{"start":{"line":104,"column":0},"end":{"line":104,"column":3}},"104":{"start":{"line":105,"column":0},"end":{"line":105,"column":1}},"126":{"start":{"line":127,"column":0},"end":{"line":127,"column":20}},"133":{"start":{"line":134,"column":0},"end":{"line":134,"column":66}},"134":{"start":{"line":135,"column":0},"end":{"line":135,"column":66}},"146":{"start":{"line":147,"column":0},"end":{"line":147,"column":31}},"147":{"start":{"line":148,"column":0},"end":{"line":148,"column":35}},"148":{"start":{"line":149,"column":0},"end":{"line":149,"column":41}},"149":{"start":{"line":150,"column":0},"end":{"line":150,"column":41}},"150":{"start":{"line":151,"column":0},"end":{"line":151,"column":5}},"151":{"start":{"line":152,"column":0},"end":{"line":152,"column":3}},"161":{"start":{"line":162,"column":0},"end":{"line":162,"column":34}},"162":{"start":{"line":163,"column":0},"end":{"line":163,"column":35}},"163":{"start":{"line":164,"column":0},"end":{"line":164,"column":40}},"164":{"start":{"line":165,"column":0},"end":{"line":165,"column":5}},"168":{"start":{"line":169,"column":0},"end":{"line":169,"column":55}},"169":{"start":{"line":170,"column":0},"end":{"line":170,"column":49}},"170":{"start":{"line":171,"column":0},"end":{"line":171,"column":5}},"174":{"start":{"line":175,"column":0},"end":{"line":175,"column":57}},"175":{"start":{"line":176,"column":0},"end":{"line":176,"column":51}},"176":{"start":{"line":177,"column":0},"end":{"line":177,"column":5}},"179":{"start":{"line":180,"column":0},"end":{"line":180,"column":31}},"180":{"start":{"line":181,"column":0},"end":{"line":181,"column":31}},"181":{"start":{"line":182,"column":0},"end":{"line":182,"column":3}},"186":{"start":{"line":187,"column":0},"end":{"line":187,"column":34}},"187":{"start":{"line":188,"column":0},"end":{"line":188,"column":35}},"188":{"start":{"line":189,"column":0},"end":{"line":189,"column":3}},"195":{"start":{"line":196,"column":0},"end":{"line":196,"column":21}},"196":{"start":{"line":197,"column":0},"end":{"line":197,"column":44}},"197":{"start":{"line":198,"column":0},"end":{"line":198,"column":3}},"215":{"start":{"line":216,"column":0},"end":{"line":216,"column":51}},"216":{"start":{"line":217,"column":0},"end":{"line":217,"column":30}},"217":{"start":{"line":218,"column":0},"end":{"line":218,"column":22}},"218":{"start":{"line":219,"column":0},"end":{"line":219,"column":66}},"219":{"start":{"line":220,"column":0},"end":{"line":220,"column":8}},"220":{"start":{"line":221,"column":0},"end":{"line":221,"column":5}},"223":{"start":{"line":224,"column":0},"end":{"line":224,"column":27}},"224":{"start":{"line":225,"column":0},"end":{"line":225,"column":25}},"227":{"start":{"line":228,"column":0},"end":{"line":228,"column":45}},"228":{"start":{"line":229,"column":0},"end":{"line":229,"column":45}},"229":{"start":{"line":230,"column":0},"end":{"line":230,"column":3}},"237":{"start":{"line":238,"column":0},"end":{"line":238,"column":54}},"238":{"start":{"line":239,"column":0},"end":{"line":239,"column":8}},"239":{"start":{"line":240,"column":0},"end":{"line":240,"column":37}},"240":{"start":{"line":241,"column":0},"end":{"line":241,"column":47}},"241":{"start":{"line":242,"column":0},"end":{"line":242,"column":7}},"242":{"start":{"line":243,"column":0},"end":{"line":243,"column":52}},"243":{"start":{"line":244,"column":0},"end":{"line":244,"column":5}},"245":{"start":{"line":246,"column":0},"end":{"line":246,"column":48}},"246":{"start":{"line":247,"column":0},"end":{"line":247,"column":48}},"247":{"start":{"line":248,"column":0},"end":{"line":248,"column":3}},"252":{"start":{"line":253,"column":0},"end":{"line":253,"column":54}},"253":{"start":{"line":254,"column":0},"end":{"line":254,"column":12}},"254":{"start":{"line":255,"column":0},"end":{"line":255,"column":36}},"255":{"start":{"line":256,"column":0},"end":{"line":256,"column":46}},"257":{"start":{"line":258,"column":0},"end":{"line":258,"column":3}},"264":{"start":{"line":265,"column":0},"end":{"line":265,"column":31}},"265":{"start":{"line":266,"column":0},"end":{"line":266,"column":42}},"266":{"start":{"line":267,"column":0},"end":{"line":267,"column":53}},"267":{"start":{"line":268,"column":0},"end":{"line":268,"column":43}},"268":{"start":{"line":269,"column":0},"end":{"line":269,"column":39}},"269":{"start":{"line":270,"column":0},"end":{"line":270,"column":7}},"270":{"start":{"line":271,"column":0},"end":{"line":271,"column":5}},"271":{"start":{"line":272,"column":0},"end":{"line":272,"column":18}},"272":{"start":{"line":273,"column":0},"end":{"line":273,"column":3}},"284":{"start":{"line":285,"column":0},"end":{"line":285,"column":40}},"285":{"start":{"line":286,"column":0},"end":{"line":286,"column":35}},"286":{"start":{"line":287,"column":0},"end":{"line":287,"column":40}},"287":{"start":{"line":288,"column":0},"end":{"line":288,"column":5}},"288":{"start":{"line":289,"column":0},"end":{"line":289,"column":48}},"289":{"start":{"line":290,"column":0},"end":{"line":290,"column":3}},"297":{"start":{"line":298,"column":0},"end":{"line":298,"column":38}},"298":{"start":{"line":299,"column":0},"end":{"line":299,"column":35}},"299":{"start":{"line":300,"column":0},"end":{"line":300,"column":40}},"300":{"start":{"line":301,"column":0},"end":{"line":301,"column":5}},"301":{"start":{"line":302,"column":0},"end":{"line":302,"column":48}},"302":{"start":{"line":303,"column":0},"end":{"line":303,"column":3}},"311":{"start":{"line":312,"column":0},"end":{"line":312,"column":22}},"312":{"start":{"line":313,"column":0},"end":{"line":313,"column":30}},"313":{"start":{"line":314,"column":0},"end":{"line":314,"column":3}},"318":{"start":{"line":319,"column":0},"end":{"line":319,"column":22}},"319":{"start":{"line":320,"column":0},"end":{"line":320,"column":69}},"320":{"start":{"line":321,"column":0},"end":{"line":321,"column":3}},"356":{"start":{"line":357,"column":0},"end":{"line":357,"column":31}},"361":{"start":{"line":362,"column":0},"end":{"line":362,"column":47}},"362":{"start":{"line":363,"column":0},"end":{"line":363,"column":48}},"363":{"start":{"line":364,"column":0},"end":{"line":364,"column":37}},"364":{"start":{"line":365,"column":0},"end":{"line":365,"column":5}},"367":{"start":{"line":368,"column":0},"end":{"line":368,"column":31}},"368":{"start":{"line":369,"column":0},"end":{"line":369,"column":44}},"369":{"start":{"line":370,"column":0},"end":{"line":370,"column":25}},"370":{"start":{"line":371,"column":0},"end":{"line":371,"column":25}},"371":{"start":{"line":372,"column":0},"end":{"line":372,"column":7}},"372":{"start":{"line":373,"column":0},"end":{"line":373,"column":5}},"374":{"start":{"line":375,"column":0},"end":{"line":375,"column":32}},"376":{"start":{"line":377,"column":0},"end":{"line":377,"column":30}},"379":{"start":{"line":380,"column":0},"end":{"line":380,"column":34}},"380":{"start":{"line":381,"column":0},"end":{"line":381,"column":24}},"385":{"start":{"line":386,"column":0},"end":{"line":386,"column":75}},"386":{"start":{"line":387,"column":0},"end":{"line":387,"column":49}},"387":{"start":{"line":388,"column":0},"end":{"line":388,"column":62}},"388":{"start":{"line":389,"column":0},"end":{"line":389,"column":45}},"389":{"start":{"line":390,"column":0},"end":{"line":390,"column":32}},"390":{"start":{"line":391,"column":0},"end":{"line":391,"column":9}},"391":{"start":{"line":392,"column":0},"end":{"line":392,"column":7}},"392":{"start":{"line":393,"column":0},"end":{"line":393,"column":5}},"396":{"start":{"line":397,"column":0},"end":{"line":397,"column":47}},"397":{"start":{"line":398,"column":0},"end":{"line":398,"column":38}},"398":{"start":{"line":399,"column":0},"end":{"line":399,"column":27}},"399":{"start":{"line":400,"column":0},"end":{"line":400,"column":56}},"400":{"start":{"line":401,"column":0},"end":{"line":401,"column":13}},"401":{"start":{"line":402,"column":0},"end":{"line":402,"column":8}},"402":{"start":{"line":403,"column":0},"end":{"line":403,"column":5}},"404":{"start":{"line":405,"column":0},"end":{"line":405,"column":18}},"405":{"start":{"line":406,"column":0},"end":{"line":406,"column":3}},"419":{"start":{"line":420,"column":0},"end":{"line":420,"column":36}},"420":{"start":{"line":421,"column":0},"end":{"line":421,"column":35}},"421":{"start":{"line":422,"column":0},"end":{"line":422,"column":36}},"428":{"start":{"line":429,"column":0},"end":{"line":429,"column":23}},"429":{"start":{"line":430,"column":0},"end":{"line":430,"column":44}},"430":{"start":{"line":431,"column":0},"end":{"line":431,"column":46}},"431":{"start":{"line":432,"column":0},"end":{"line":432,"column":35}},"432":{"start":{"line":433,"column":0},"end":{"line":433,"column":5}},"434":{"start":{"line":435,"column":0},"end":{"line":435,"column":44}},"436":{"start":{"line":437,"column":0},"end":{"line":437,"column":34}},"438":{"start":{"line":439,"column":0},"end":{"line":439,"column":57}},"439":{"start":{"line":440,"column":0},"end":{"line":440,"column":50}},"441":{"start":{"line":442,"column":0},"end":{"line":442,"column":22}},"442":{"start":{"line":443,"column":0},"end":{"line":443,"column":9}},"443":{"start":{"line":444,"column":0},"end":{"line":444,"column":69}},"444":{"start":{"line":445,"column":0},"end":{"line":445,"column":22}},"445":{"start":{"line":446,"column":0},"end":{"line":446,"column":9}},"446":{"start":{"line":447,"column":0},"end":{"line":447,"column":7}},"448":{"start":{"line":449,"column":0},"end":{"line":449,"column":35}},"449":{"start":{"line":450,"column":0},"end":{"line":450,"column":19}},"450":{"start":{"line":451,"column":0},"end":{"line":451,"column":6}},"454":{"start":{"line":455,"column":0},"end":{"line":455,"column":46}},"455":{"start":{"line":456,"column":0},"end":{"line":456,"column":44}},"456":{"start":{"line":457,"column":0},"end":{"line":457,"column":24}},"457":{"start":{"line":458,"column":0},"end":{"line":458,"column":22}},"458":{"start":{"line":459,"column":0},"end":{"line":459,"column":9}},"459":{"start":{"line":460,"column":0},"end":{"line":460,"column":7}},"460":{"start":{"line":461,"column":0},"end":{"line":461,"column":5}},"462":{"start":{"line":463,"column":0},"end":{"line":463,"column":17}},"463":{"start":{"line":464,"column":0},"end":{"line":464,"column":3}},"472":{"start":{"line":473,"column":0},"end":{"line":473,"column":34}},"473":{"start":{"line":474,"column":0},"end":{"line":474,"column":44}},"474":{"start":{"line":475,"column":0},"end":{"line":475,"column":52}},"475":{"start":{"line":476,"column":0},"end":{"line":476,"column":46}},"476":{"start":{"line":477,"column":0},"end":{"line":477,"column":35}},"477":{"start":{"line":478,"column":0},"end":{"line":478,"column":29}},"478":{"start":{"line":479,"column":0},"end":{"line":479,"column":5}},"480":{"start":{"line":481,"column":0},"end":{"line":481,"column":52}},"481":{"start":{"line":482,"column":0},"end":{"line":482,"column":34}},"483":{"start":{"line":484,"column":0},"end":{"line":484,"column":75}},"484":{"start":{"line":485,"column":0},"end":{"line":485,"column":49}},"485":{"start":{"line":486,"column":0},"end":{"line":486,"column":50}},"487":{"start":{"line":488,"column":0},"end":{"line":488,"column":52}},"488":{"start":{"line":489,"column":0},"end":{"line":489,"column":44}},"489":{"start":{"line":490,"column":0},"end":{"line":490,"column":41}},"490":{"start":{"line":491,"column":0},"end":{"line":491,"column":51}},"491":{"start":{"line":492,"column":0},"end":{"line":492,"column":35}},"492":{"start":{"line":493,"column":0},"end":{"line":493,"column":20}},"493":{"start":{"line":494,"column":0},"end":{"line":494,"column":13}},"494":{"start":{"line":495,"column":0},"end":{"line":495,"column":32}},"495":{"start":{"line":496,"column":0},"end":{"line":496,"column":11}},"496":{"start":{"line":497,"column":0},"end":{"line":497,"column":26}},"497":{"start":{"line":498,"column":0},"end":{"line":498,"column":51}},"498":{"start":{"line":499,"column":0},"end":{"line":499,"column":23}},"499":{"start":{"line":500,"column":0},"end":{"line":500,"column":9}},"500":{"start":{"line":501,"column":0},"end":{"line":501,"column":51}},"501":{"start":{"line":502,"column":0},"end":{"line":502,"column":38}},"502":{"start":{"line":503,"column":0},"end":{"line":503,"column":40}},"503":{"start":{"line":504,"column":0},"end":{"line":504,"column":32}},"504":{"start":{"line":505,"column":0},"end":{"line":505,"column":26}},"505":{"start":{"line":506,"column":0},"end":{"line":506,"column":11}},"506":{"start":{"line":507,"column":0},"end":{"line":507,"column":9}},"507":{"start":{"line":508,"column":0},"end":{"line":508,"column":7}},"509":{"start":{"line":510,"column":0},"end":{"line":510,"column":35}},"510":{"start":{"line":511,"column":0},"end":{"line":511,"column":18}},"511":{"start":{"line":512,"column":0},"end":{"line":512,"column":6}},"513":{"start":{"line":514,"column":0},"end":{"line":514,"column":64}},"514":{"start":{"line":515,"column":0},"end":{"line":515,"column":37}},"515":{"start":{"line":516,"column":0},"end":{"line":516,"column":44}},"516":{"start":{"line":517,"column":0},"end":{"line":517,"column":33}},"517":{"start":{"line":518,"column":0},"end":{"line":518,"column":30}},"518":{"start":{"line":519,"column":0},"end":{"line":519,"column":24}},"519":{"start":{"line":520,"column":0},"end":{"line":520,"column":9}},"520":{"start":{"line":521,"column":0},"end":{"line":521,"column":7}},"521":{"start":{"line":522,"column":0},"end":{"line":522,"column":5}},"523":{"start":{"line":524,"column":0},"end":{"line":524,"column":71}},"524":{"start":{"line":525,"column":0},"end":{"line":525,"column":3}},"542":{"start":{"line":543,"column":0},"end":{"line":543,"column":48}},"543":{"start":{"line":544,"column":0},"end":{"line":544,"column":35}},"544":{"start":{"line":545,"column":0},"end":{"line":545,"column":40}},"545":{"start":{"line":546,"column":0},"end":{"line":546,"column":5}},"547":{"start":{"line":548,"column":0},"end":{"line":548,"column":38}},"548":{"start":{"line":549,"column":0},"end":{"line":549,"column":65}},"549":{"start":{"line":550,"column":0},"end":{"line":550,"column":28}},"550":{"start":{"line":551,"column":0},"end":{"line":551,"column":21}},"551":{"start":{"line":552,"column":0},"end":{"line":552,"column":5}},"553":{"start":{"line":554,"column":0},"end":{"line":554,"column":30}},"554":{"start":{"line":555,"column":0},"end":{"line":555,"column":37}},"555":{"start":{"line":556,"column":0},"end":{"line":556,"column":60}},"556":{"start":{"line":557,"column":0},"end":{"line":557,"column":38}},"557":{"start":{"line":558,"column":0},"end":{"line":558,"column":33}},"558":{"start":{"line":559,"column":0},"end":{"line":559,"column":32}},"559":{"start":{"line":560,"column":0},"end":{"line":560,"column":9}},"560":{"start":{"line":561,"column":0},"end":{"line":561,"column":7}},"561":{"start":{"line":562,"column":0},"end":{"line":562,"column":5}},"563":{"start":{"line":564,"column":0},"end":{"line":564,"column":19}},"564":{"start":{"line":565,"column":0},"end":{"line":565,"column":3}},"584":{"start":{"line":585,"column":0},"end":{"line":585,"column":51}},"585":{"start":{"line":586,"column":0},"end":{"line":586,"column":35}},"586":{"start":{"line":587,"column":0},"end":{"line":587,"column":40}},"587":{"start":{"line":588,"column":0},"end":{"line":588,"column":5}},"589":{"start":{"line":590,"column":0},"end":{"line":590,"column":38}},"590":{"start":{"line":591,"column":0},"end":{"line":591,"column":65}},"591":{"start":{"line":592,"column":0},"end":{"line":592,"column":28}},"592":{"start":{"line":593,"column":0},"end":{"line":593,"column":21}},"593":{"start":{"line":594,"column":0},"end":{"line":594,"column":5}},"595":{"start":{"line":596,"column":0},"end":{"line":596,"column":30}},"596":{"start":{"line":597,"column":0},"end":{"line":597,"column":37}},"597":{"start":{"line":598,"column":0},"end":{"line":598,"column":62}},"598":{"start":{"line":599,"column":0},"end":{"line":599,"column":40}},"599":{"start":{"line":600,"column":0},"end":{"line":600,"column":35}},"600":{"start":{"line":601,"column":0},"end":{"line":601,"column":34}},"601":{"start":{"line":602,"column":0},"end":{"line":602,"column":9}},"602":{"start":{"line":603,"column":0},"end":{"line":603,"column":7}},"603":{"start":{"line":604,"column":0},"end":{"line":604,"column":5}},"605":{"start":{"line":606,"column":0},"end":{"line":606,"column":19}},"606":{"start":{"line":607,"column":0},"end":{"line":607,"column":3}},"632":{"start":{"line":633,"column":0},"end":{"line":633,"column":35}},"633":{"start":{"line":634,"column":0},"end":{"line":634,"column":47}},"634":{"start":{"line":635,"column":0},"end":{"line":635,"column":48}},"635":{"start":{"line":636,"column":0},"end":{"line":636,"column":37}},"636":{"start":{"line":637,"column":0},"end":{"line":637,"column":5}},"639":{"start":{"line":640,"column":0},"end":{"line":640,"column":36}},"640":{"start":{"line":641,"column":0},"end":{"line":641,"column":44}},"641":{"start":{"line":642,"column":0},"end":{"line":642,"column":25}},"642":{"start":{"line":643,"column":0},"end":{"line":643,"column":32}},"643":{"start":{"line":644,"column":0},"end":{"line":644,"column":7}},"644":{"start":{"line":645,"column":0},"end":{"line":645,"column":5}},"645":{"start":{"line":646,"column":0},"end":{"line":646,"column":24}},"647":{"start":{"line":648,"column":0},"end":{"line":648,"column":34}},"648":{"start":{"line":649,"column":0},"end":{"line":649,"column":22}},"650":{"start":{"line":651,"column":0},"end":{"line":651,"column":37}},"651":{"start":{"line":652,"column":0},"end":{"line":652,"column":32}},"652":{"start":{"line":653,"column":0},"end":{"line":653,"column":39}},"654":{"start":{"line":655,"column":0},"end":{"line":655,"column":45}},"655":{"start":{"line":656,"column":0},"end":{"line":656,"column":40}},"656":{"start":{"line":657,"column":0},"end":{"line":657,"column":59}},"657":{"start":{"line":658,"column":0},"end":{"line":658,"column":64}},"658":{"start":{"line":659,"column":0},"end":{"line":659,"column":47}},"659":{"start":{"line":660,"column":0},"end":{"line":660,"column":40}},"660":{"start":{"line":661,"column":0},"end":{"line":661,"column":11}},"661":{"start":{"line":662,"column":0},"end":{"line":662,"column":9}},"662":{"start":{"line":663,"column":0},"end":{"line":663,"column":7}},"664":{"start":{"line":665,"column":0},"end":{"line":665,"column":53}},"665":{"start":{"line":666,"column":0},"end":{"line":666,"column":5}},"667":{"start":{"line":668,"column":0},"end":{"line":668,"column":43}},"668":{"start":{"line":669,"column":0},"end":{"line":669,"column":38}},"669":{"start":{"line":670,"column":0},"end":{"line":670,"column":27}},"670":{"start":{"line":671,"column":0},"end":{"line":671,"column":56}},"671":{"start":{"line":672,"column":0},"end":{"line":672,"column":13}},"672":{"start":{"line":673,"column":0},"end":{"line":673,"column":8}},"673":{"start":{"line":674,"column":0},"end":{"line":674,"column":5}},"675":{"start":{"line":676,"column":0},"end":{"line":676,"column":18}},"676":{"start":{"line":677,"column":0},"end":{"line":677,"column":3}},"696":{"start":{"line":697,"column":0},"end":{"line":697,"column":52}},"697":{"start":{"line":698,"column":0},"end":{"line":698,"column":37}},"699":{"start":{"line":700,"column":0},"end":{"line":700,"column":33}},"700":{"start":{"line":701,"column":0},"end":{"line":701,"column":36}},"701":{"start":{"line":702,"column":0},"end":{"line":702,"column":25}},"702":{"start":{"line":703,"column":0},"end":{"line":703,"column":60}},"703":{"start":{"line":704,"column":0},"end":{"line":704,"column":26}},"704":{"start":{"line":705,"column":0},"end":{"line":705,"column":9}},"705":{"start":{"line":706,"column":0},"end":{"line":706,"column":7}},"706":{"start":{"line":707,"column":0},"end":{"line":707,"column":5}},"708":{"start":{"line":709,"column":0},"end":{"line":709,"column":18}},"709":{"start":{"line":710,"column":0},"end":{"line":710,"column":3}},"710":{"start":{"line":711,"column":0},"end":{"line":711,"column":1}}},"s":{"64":1,"65":2,"67":2,"68":2,"69":2,"70":2,"71":2,"72":2,"79":1,"80":6,"82":6,"83":6,"84":6,"85":6,"86":6,"87":6,"94":1,"95":2,"96":2,"98":2,"99":2,"100":2,"101":2,"102":2,"103":2,"104":2,"126":1,"133":70,"134":70,"146":70,"147":709,"148":314,"149":314,"150":314,"151":709,"161":70,"162":5,"163":2,"164":2,"168":5,"169":2,"170":2,"174":3,"175":3,"176":3,"179":3,"180":3,"181":5,"186":70,"187":10,"188":10,"195":70,"196":4,"197":4,"215":70,"216":346,"217":1,"218":1,"219":1,"220":1,"223":345,"224":345,"227":345,"228":345,"229":346,"237":70,"238":3,"239":3,"240":2,"241":3,"242":2,"243":2,"245":1,"246":1,"247":3,"252":70,"253":4,"254":4,"255":3,"257":4,"264":70,"265":7,"266":7,"267":32,"268":32,"269":32,"270":32,"271":7,"272":7,"284":70,"285":5,"286":1,"287":1,"288":4,"289":5,"297":70,"298":5,"299":1,"300":1,"301":4,"302":5,"311":70,"312":8,"313":8,"318":70,"319":1,"320":1,"356":70,"361":7,"362":7,"363":37,"364":37,"367":7,"368":7,"369":37,"370":14,"371":14,"372":37,"374":7,"376":7,"379":34,"380":34,"385":34,"386":34,"387":38,"388":38,"389":20,"390":20,"391":38,"392":34,"396":7,"397":1,"398":1,"399":1,"400":1,"401":1,"402":1,"404":6,"405":7,"419":70,"420":70,"421":70,"428":70,"429":6,"430":6,"431":36,"432":36,"434":6,"436":36,"438":36,"439":43,"441":2,"442":2,"443":43,"444":5,"445":5,"446":43,"448":29,"449":29,"450":36,"454":6,"455":31,"456":23,"457":2,"458":2,"459":23,"460":31,"462":4,"463":6,"472":70,"473":2,"474":2,"475":2,"476":6,"477":6,"478":6,"480":2,"481":6,"483":6,"484":6,"485":6,"487":2,"488":2,"489":2,"490":4,"491":4,"492":0,"493":0,"494":4,"495":4,"496":2,"497":2,"498":2,"499":2,"500":4,"501":4,"502":4,"503":4,"504":4,"505":4,"506":4,"507":6,"509":0,"510":0,"511":6,"513":2,"514":2,"515":2,"516":2,"517":2,"518":2,"519":2,"520":2,"521":2,"523":0,"524":2,"542":70,"543":8,"544":1,"545":1,"547":7,"548":7,"549":8,"550":5,"551":5,"553":8,"554":9,"555":9,"556":5,"557":4,"558":4,"559":4,"560":5,"561":9,"563":7,"564":8,"584":70,"585":15,"586":1,"587":1,"589":14,"590":14,"591":15,"592":16,"593":16,"595":15,"596":36,"597":36,"598":30,"599":20,"600":20,"601":20,"602":30,"603":36,"605":14,"606":15,"632":70,"633":8,"634":8,"635":43,"636":43,"639":8,"640":8,"641":43,"642":15,"643":15,"644":43,"645":8,"647":8,"648":8,"650":8,"651":18,"652":18,"654":18,"655":18,"656":40,"657":43,"658":43,"659":25,"660":25,"661":43,"662":40,"664":18,"665":18,"667":8,"668":1,"669":1,"670":1,"671":1,"672":1,"673":1,"675":7,"676":8,"696":70,"697":9,"699":9,"700":11,"701":9,"702":9,"703":18,"704":18,"705":9,"706":11,"708":9,"709":9,"710":70},"branchMap":{"0":{"type":"branch","line":65,"loc":{"start":{"line":65,"column":7},"end":{"line":73,"column":1}},"locations":[{"start":{"line":65,"column":7},"end":{"line":73,"column":1}}]},"1":{"type":"branch","line":68,"loc":{"start":{"line":68,"column":2},"end":{"line":72,"column":3}},"locations":[{"start":{"line":68,"column":2},"end":{"line":72,"column":3}}]},"2":{"type":"branch","line":80,"loc":{"start":{"line":80,"column":7},"end":{"line":88,"column":1}},"locations":[{"start":{"line":80,"column":7},"end":{"line":88,"column":1}}]},"3":{"type":"branch","line":83,"loc":{"start":{"line":83,"column":2},"end":{"line":87,"column":3}},"locations":[{"start":{"line":83,"column":2},"end":{"line":87,"column":3}}]},"4":{"type":"branch","line":95,"loc":{"start":{"line":95,"column":7},"end":{"line":105,"column":1}},"locations":[{"start":{"line":95,"column":7},"end":{"line":105,"column":1}}]},"5":{"type":"branch","line":99,"loc":{"start":{"line":99,"column":2},"end":{"line":104,"column":3}},"locations":[{"start":{"line":99,"column":2},"end":{"line":104,"column":3}}]},"6":{"type":"branch","line":127,"loc":{"start":{"line":127,"column":7},"end":{"line":711,"column":1}},"locations":[{"start":{"line":127,"column":7},"end":{"line":711,"column":1}}]},"7":{"type":"branch","line":147,"loc":{"start":{"line":147,"column":2},"end":{"line":152,"column":3}},"locations":[{"start":{"line":147,"column":2},"end":{"line":152,"column":3}}]},"8":{"type":"branch","line":148,"loc":{"start":{"line":148,"column":34},"end":{"line":151,"column":5}},"locations":[{"start":{"line":148,"column":34},"end":{"line":151,"column":5}}]},"9":{"type":"branch","line":162,"loc":{"start":{"line":162,"column":2},"end":{"line":182,"column":3}},"locations":[{"start":{"line":162,"column":2},"end":{"line":182,"column":3}}]},"10":{"type":"branch","line":163,"loc":{"start":{"line":163,"column":34},"end":{"line":165,"column":5}},"locations":[{"start":{"line":163,"column":34},"end":{"line":165,"column":5}}]},"11":{"type":"branch","line":165,"loc":{"start":{"line":165,"column":4},"end":{"line":169,"column":54}},"locations":[{"start":{"line":165,"column":4},"end":{"line":169,"column":54}}]},"12":{"type":"branch","line":169,"loc":{"start":{"line":169,"column":54},"end":{"line":171,"column":5}},"locations":[{"start":{"line":169,"column":54},"end":{"line":171,"column":5}}]},"13":{"type":"branch","line":171,"loc":{"start":{"line":171,"column":4},"end":{"line":181,"column":31}},"locations":[{"start":{"line":171,"column":4},"end":{"line":181,"column":31}}]},"14":{"type":"branch","line":187,"loc":{"start":{"line":187,"column":2},"end":{"line":189,"column":3}},"locations":[{"start":{"line":187,"column":2},"end":{"line":189,"column":3}}]},"15":{"type":"branch","line":196,"loc":{"start":{"line":196,"column":2},"end":{"line":198,"column":3}},"locations":[{"start":{"line":196,"column":2},"end":{"line":198,"column":3}}]},"16":{"type":"branch","line":216,"loc":{"start":{"line":216,"column":2},"end":{"line":230,"column":3}},"locations":[{"start":{"line":216,"column":2},"end":{"line":230,"column":3}}]},"17":{"type":"branch","line":217,"loc":{"start":{"line":217,"column":29},"end":{"line":221,"column":5}},"locations":[{"start":{"line":217,"column":29},"end":{"line":221,"column":5}}]},"18":{"type":"branch","line":221,"loc":{"start":{"line":221,"column":4},"end":{"line":229,"column":45}},"locations":[{"start":{"line":221,"column":4},"end":{"line":229,"column":45}}]},"19":{"type":"branch","line":238,"loc":{"start":{"line":238,"column":2},"end":{"line":248,"column":3}},"locations":[{"start":{"line":238,"column":2},"end":{"line":248,"column":3}}]},"20":{"type":"branch","line":240,"loc":{"start":{"line":240,"column":33},"end":{"line":241,"column":47}},"locations":[{"start":{"line":240,"column":33},"end":{"line":241,"column":47}}]},"21":{"type":"branch","line":242,"loc":{"start":{"line":242,"column":6},"end":{"line":244,"column":5}},"locations":[{"start":{"line":242,"column":6},"end":{"line":244,"column":5}}]},"22":{"type":"branch","line":244,"loc":{"start":{"line":244,"column":4},"end":{"line":247,"column":48}},"locations":[{"start":{"line":244,"column":4},"end":{"line":247,"column":48}}]},"23":{"type":"branch","line":253,"loc":{"start":{"line":253,"column":2},"end":{"line":258,"column":3}},"locations":[{"start":{"line":253,"column":2},"end":{"line":258,"column":3}}]},"24":{"type":"branch","line":255,"loc":{"start":{"line":255,"column":32},"end":{"line":256,"column":46}},"locations":[{"start":{"line":255,"column":32},"end":{"line":256,"column":46}}]},"25":{"type":"branch","line":265,"loc":{"start":{"line":265,"column":2},"end":{"line":273,"column":3}},"locations":[{"start":{"line":265,"column":2},"end":{"line":273,"column":3}}]},"26":{"type":"branch","line":267,"loc":{"start":{"line":267,"column":52},"end":{"line":271,"column":5}},"locations":[{"start":{"line":267,"column":52},"end":{"line":271,"column":5}}]},"27":{"type":"branch","line":285,"loc":{"start":{"line":285,"column":2},"end":{"line":290,"column":3}},"locations":[{"start":{"line":285,"column":2},"end":{"line":290,"column":3}}]},"28":{"type":"branch","line":286,"loc":{"start":{"line":286,"column":34},"end":{"line":288,"column":5}},"locations":[{"start":{"line":286,"column":34},"end":{"line":288,"column":5}}]},"29":{"type":"branch","line":288,"loc":{"start":{"line":288,"column":4},"end":{"line":289,"column":48}},"locations":[{"start":{"line":288,"column":4},"end":{"line":289,"column":48}}]},"30":{"type":"branch","line":298,"loc":{"start":{"line":298,"column":2},"end":{"line":303,"column":3}},"locations":[{"start":{"line":298,"column":2},"end":{"line":303,"column":3}}]},"31":{"type":"branch","line":299,"loc":{"start":{"line":299,"column":34},"end":{"line":301,"column":5}},"locations":[{"start":{"line":299,"column":34},"end":{"line":301,"column":5}}]},"32":{"type":"branch","line":301,"loc":{"start":{"line":301,"column":4},"end":{"line":302,"column":48}},"locations":[{"start":{"line":301,"column":4},"end":{"line":302,"column":48}}]},"33":{"type":"branch","line":312,"loc":{"start":{"line":312,"column":2},"end":{"line":314,"column":3}},"locations":[{"start":{"line":312,"column":2},"end":{"line":314,"column":3}}]},"34":{"type":"branch","line":319,"loc":{"start":{"line":319,"column":2},"end":{"line":321,"column":3}},"locations":[{"start":{"line":319,"column":2},"end":{"line":321,"column":3}}]},"35":{"type":"branch","line":357,"loc":{"start":{"line":357,"column":2},"end":{"line":406,"column":3}},"locations":[{"start":{"line":357,"column":2},"end":{"line":406,"column":3}}]},"36":{"type":"branch","line":363,"loc":{"start":{"line":363,"column":47},"end":{"line":365,"column":5}},"locations":[{"start":{"line":363,"column":47},"end":{"line":365,"column":5}}]},"37":{"type":"branch","line":369,"loc":{"start":{"line":369,"column":43},"end":{"line":373,"column":5}},"locations":[{"start":{"line":369,"column":43},"end":{"line":373,"column":5}}]},"38":{"type":"branch","line":370,"loc":{"start":{"line":370,"column":24},"end":{"line":372,"column":7}},"locations":[{"start":{"line":370,"column":24},"end":{"line":372,"column":7}}]},"39":{"type":"branch","line":377,"loc":{"start":{"line":377,"column":29},"end":{"line":393,"column":5}},"locations":[{"start":{"line":377,"column":29},"end":{"line":393,"column":5}}]},"40":{"type":"branch","line":387,"loc":{"start":{"line":387,"column":48},"end":{"line":392,"column":7}},"locations":[{"start":{"line":387,"column":48},"end":{"line":392,"column":7}}]},"41":{"type":"branch","line":389,"loc":{"start":{"line":389,"column":44},"end":{"line":391,"column":9}},"locations":[{"start":{"line":389,"column":44},"end":{"line":391,"column":9}}]},"42":{"type":"branch","line":397,"loc":{"start":{"line":397,"column":46},"end":{"line":403,"column":5}},"locations":[{"start":{"line":397,"column":46},"end":{"line":403,"column":5}}]},"43":{"type":"branch","line":403,"loc":{"start":{"line":403,"column":4},"end":{"line":405,"column":18}},"locations":[{"start":{"line":403,"column":4},"end":{"line":405,"column":18}}]},"44":{"type":"branch","line":422,"loc":{"start":{"line":422,"column":2},"end":{"line":422,"column":36}},"locations":[{"start":{"line":422,"column":2},"end":{"line":422,"column":36}}]},"45":{"type":"branch","line":429,"loc":{"start":{"line":429,"column":2},"end":{"line":464,"column":3}},"locations":[{"start":{"line":429,"column":2},"end":{"line":464,"column":3}}]},"46":{"type":"branch","line":431,"loc":{"start":{"line":431,"column":45},"end":{"line":433,"column":5}},"locations":[{"start":{"line":431,"column":45},"end":{"line":433,"column":5}}]},"47":{"type":"branch","line":455,"loc":{"start":{"line":455,"column":45},"end":{"line":461,"column":5}},"locations":[{"start":{"line":455,"column":45},"end":{"line":461,"column":5}}]},"48":{"type":"branch","line":456,"loc":{"start":{"line":456,"column":43},"end":{"line":460,"column":7}},"locations":[{"start":{"line":456,"column":43},"end":{"line":460,"column":7}}]},"49":{"type":"branch","line":457,"loc":{"start":{"line":457,"column":23},"end":{"line":459,"column":9}},"locations":[{"start":{"line":457,"column":23},"end":{"line":459,"column":9}}]},"50":{"type":"branch","line":461,"loc":{"start":{"line":461,"column":4},"end":{"line":463,"column":17}},"locations":[{"start":{"line":461,"column":4},"end":{"line":463,"column":17}}]},"51":{"type":"branch","line":435,"loc":{"start":{"line":435,"column":16},"end":{"line":451,"column":6}},"locations":[{"start":{"line":435,"column":16},"end":{"line":451,"column":6}}]},"52":{"type":"branch","line":439,"loc":{"start":{"line":439,"column":56},"end":{"line":447,"column":7}},"locations":[{"start":{"line":439,"column":56},"end":{"line":447,"column":7}}]},"53":{"type":"branch","line":440,"loc":{"start":{"line":440,"column":49},"end":{"line":443,"column":9}},"locations":[{"start":{"line":440,"column":49},"end":{"line":443,"column":9}}]},"54":{"type":"branch","line":443,"loc":{"start":{"line":443,"column":8},"end":{"line":444,"column":52}},"locations":[{"start":{"line":443,"column":8},"end":{"line":444,"column":52}}]},"55":{"type":"branch","line":444,"loc":{"start":{"line":444,"column":43},"end":{"line":444,"column":68}},"locations":[{"start":{"line":444,"column":43},"end":{"line":444,"column":68}}]},"56":{"type":"branch","line":444,"loc":{"start":{"line":444,"column":68},"end":{"line":446,"column":9}},"locations":[{"start":{"line":444,"column":68},"end":{"line":446,"column":9}}]},"57":{"type":"branch","line":447,"loc":{"start":{"line":447,"column":6},"end":{"line":450,"column":19}},"locations":[{"start":{"line":447,"column":6},"end":{"line":450,"column":19}}]},"58":{"type":"branch","line":473,"loc":{"start":{"line":473,"column":10},"end":{"line":525,"column":3}},"locations":[{"start":{"line":473,"column":10},"end":{"line":525,"column":3}}]},"59":{"type":"branch","line":476,"loc":{"start":{"line":476,"column":45},"end":{"line":479,"column":5}},"locations":[{"start":{"line":476,"column":45},"end":{"line":479,"column":5}}]},"60":{"type":"branch","line":522,"loc":{"start":{"line":522,"column":4},"end":{"line":524,"column":71}},"locations":[{"start":{"line":522,"column":4},"end":{"line":524,"column":71}}]},"61":{"type":"branch","line":481,"loc":{"start":{"line":481,"column":16},"end":{"line":512,"column":6}},"locations":[{"start":{"line":481,"column":16},"end":{"line":512,"column":6}}]},"62":{"type":"branch","line":486,"loc":{"start":{"line":486,"column":49},"end":{"line":500,"column":9}},"locations":[{"start":{"line":486,"column":49},"end":{"line":500,"column":9}}]},"63":{"type":"branch","line":490,"loc":{"start":{"line":490,"column":40},"end":{"line":496,"column":11}},"locations":[{"start":{"line":490,"column":40},"end":{"line":496,"column":11}}]},"64":{"type":"branch","line":491,"loc":{"start":{"line":491,"column":41},"end":{"line":491,"column":51}},"locations":[{"start":{"line":491,"column":41},"end":{"line":491,"column":51}}]},"65":{"type":"branch","line":492,"loc":{"start":{"line":492,"column":34},"end":{"line":494,"column":13}},"locations":[{"start":{"line":492,"column":34},"end":{"line":494,"column":13}}]},"66":{"type":"branch","line":500,"loc":{"start":{"line":500,"column":8},"end":{"line":507,"column":9}},"locations":[{"start":{"line":500,"column":8},"end":{"line":507,"column":9}}]},"67":{"type":"branch","line":508,"loc":{"start":{"line":508,"column":6},"end":{"line":511,"column":18}},"locations":[{"start":{"line":508,"column":6},"end":{"line":511,"column":18}}]},"68":{"type":"branch","line":543,"loc":{"start":{"line":543,"column":2},"end":{"line":565,"column":3}},"locations":[{"start":{"line":543,"column":2},"end":{"line":565,"column":3}}]},"69":{"type":"branch","line":544,"loc":{"start":{"line":544,"column":34},"end":{"line":546,"column":5}},"locations":[{"start":{"line":544,"column":34},"end":{"line":546,"column":5}}]},"70":{"type":"branch","line":546,"loc":{"start":{"line":546,"column":4},"end":{"line":550,"column":27}},"locations":[{"start":{"line":546,"column":4},"end":{"line":550,"column":27}}]},"71":{"type":"branch","line":550,"loc":{"start":{"line":550,"column":27},"end":{"line":552,"column":5}},"locations":[{"start":{"line":550,"column":27},"end":{"line":552,"column":5}}]},"72":{"type":"branch","line":552,"loc":{"start":{"line":552,"column":4},"end":{"line":554,"column":29}},"locations":[{"start":{"line":552,"column":4},"end":{"line":554,"column":29}}]},"73":{"type":"branch","line":554,"loc":{"start":{"line":554,"column":29},"end":{"line":562,"column":5}},"locations":[{"start":{"line":554,"column":29},"end":{"line":562,"column":5}}]},"74":{"type":"branch","line":556,"loc":{"start":{"line":556,"column":59},"end":{"line":561,"column":7}},"locations":[{"start":{"line":556,"column":59},"end":{"line":561,"column":7}}]},"75":{"type":"branch","line":557,"loc":{"start":{"line":557,"column":37},"end":{"line":560,"column":9}},"locations":[{"start":{"line":557,"column":37},"end":{"line":560,"column":9}}]},"76":{"type":"branch","line":562,"loc":{"start":{"line":562,"column":4},"end":{"line":564,"column":19}},"locations":[{"start":{"line":562,"column":4},"end":{"line":564,"column":19}}]},"77":{"type":"branch","line":585,"loc":{"start":{"line":585,"column":2},"end":{"line":607,"column":3}},"locations":[{"start":{"line":585,"column":2},"end":{"line":607,"column":3}}]},"78":{"type":"branch","line":586,"loc":{"start":{"line":586,"column":34},"end":{"line":588,"column":5}},"locations":[{"start":{"line":586,"column":34},"end":{"line":588,"column":5}}]},"79":{"type":"branch","line":588,"loc":{"start":{"line":588,"column":4},"end":{"line":592,"column":27}},"locations":[{"start":{"line":588,"column":4},"end":{"line":592,"column":27}}]},"80":{"type":"branch","line":592,"loc":{"start":{"line":592,"column":27},"end":{"line":594,"column":5}},"locations":[{"start":{"line":592,"column":27},"end":{"line":594,"column":5}}]},"81":{"type":"branch","line":594,"loc":{"start":{"line":594,"column":4},"end":{"line":596,"column":29}},"locations":[{"start":{"line":594,"column":4},"end":{"line":596,"column":29}}]},"82":{"type":"branch","line":596,"loc":{"start":{"line":596,"column":29},"end":{"line":604,"column":5}},"locations":[{"start":{"line":596,"column":29},"end":{"line":604,"column":5}}]},"83":{"type":"branch","line":598,"loc":{"start":{"line":598,"column":61},"end":{"line":603,"column":7}},"locations":[{"start":{"line":598,"column":61},"end":{"line":603,"column":7}}]},"84":{"type":"branch","line":599,"loc":{"start":{"line":599,"column":39},"end":{"line":602,"column":9}},"locations":[{"start":{"line":599,"column":39},"end":{"line":602,"column":9}}]},"85":{"type":"branch","line":604,"loc":{"start":{"line":604,"column":4},"end":{"line":606,"column":19}},"locations":[{"start":{"line":604,"column":4},"end":{"line":606,"column":19}}]},"86":{"type":"branch","line":633,"loc":{"start":{"line":633,"column":2},"end":{"line":677,"column":3}},"locations":[{"start":{"line":633,"column":2},"end":{"line":677,"column":3}}]},"87":{"type":"branch","line":635,"loc":{"start":{"line":635,"column":47},"end":{"line":637,"column":5}},"locations":[{"start":{"line":635,"column":47},"end":{"line":637,"column":5}}]},"88":{"type":"branch","line":641,"loc":{"start":{"line":641,"column":43},"end":{"line":645,"column":5}},"locations":[{"start":{"line":641,"column":43},"end":{"line":645,"column":5}}]},"89":{"type":"branch","line":642,"loc":{"start":{"line":642,"column":24},"end":{"line":644,"column":7}},"locations":[{"start":{"line":642,"column":24},"end":{"line":644,"column":7}}]},"90":{"type":"branch","line":651,"loc":{"start":{"line":651,"column":36},"end":{"line":666,"column":5}},"locations":[{"start":{"line":651,"column":36},"end":{"line":666,"column":5}}]},"91":{"type":"branch","line":656,"loc":{"start":{"line":656,"column":39},"end":{"line":663,"column":7}},"locations":[{"start":{"line":656,"column":39},"end":{"line":663,"column":7}}]},"92":{"type":"branch","line":657,"loc":{"start":{"line":657,"column":58},"end":{"line":662,"column":9}},"locations":[{"start":{"line":657,"column":58},"end":{"line":662,"column":9}}]},"93":{"type":"branch","line":659,"loc":{"start":{"line":659,"column":46},"end":{"line":661,"column":11}},"locations":[{"start":{"line":659,"column":46},"end":{"line":661,"column":11}}]},"94":{"type":"branch","line":668,"loc":{"start":{"line":668,"column":42},"end":{"line":674,"column":5}},"locations":[{"start":{"line":668,"column":42},"end":{"line":674,"column":5}}]},"95":{"type":"branch","line":674,"loc":{"start":{"line":674,"column":4},"end":{"line":676,"column":18}},"locations":[{"start":{"line":674,"column":4},"end":{"line":676,"column":18}}]},"96":{"type":"branch","line":697,"loc":{"start":{"line":697,"column":2},"end":{"line":710,"column":3}},"locations":[{"start":{"line":697,"column":2},"end":{"line":710,"column":3}}]},"97":{"type":"branch","line":700,"loc":{"start":{"line":700,"column":32},"end":{"line":707,"column":5}},"locations":[{"start":{"line":700,"column":32},"end":{"line":707,"column":5}}]},"98":{"type":"branch","line":701,"loc":{"start":{"line":701,"column":35},"end":{"line":706,"column":7}},"locations":[{"start":{"line":701,"column":35},"end":{"line":706,"column":7}}]},"99":{"type":"branch","line":703,"loc":{"start":{"line":703,"column":59},"end":{"line":705,"column":9}},"locations":[{"start":{"line":703,"column":59},"end":{"line":705,"column":9}}]}},"b":{"0":[2],"1":[2],"2":[6],"3":[6],"4":[2],"5":[2],"6":[70],"7":[709],"8":[314],"9":[5],"10":[2],"11":[3],"12":[2],"13":[3],"14":[10],"15":[4],"16":[346],"17":[1],"18":[345],"19":[3],"20":[2],"21":[2],"22":[1],"23":[4],"24":[3],"25":[7],"26":[32],"27":[5],"28":[1],"29":[4],"30":[5],"31":[1],"32":[4],"33":[8],"34":[1],"35":[7],"36":[37],"37":[37],"38":[14],"39":[34],"40":[38],"41":[20],"42":[1],"43":[6],"44":[1],"45":[6],"46":[36],"47":[31],"48":[23],"49":[2],"50":[4],"51":[36],"52":[43],"53":[2],"54":[41],"55":[13],"56":[5],"57":[29],"58":[2],"59":[6],"60":[0],"61":[6],"62":[2],"63":[4],"64":[0],"65":[0],"66":[4],"67":[0],"68":[8],"69":[1],"70":[7],"71":[5],"72":[7],"73":[9],"74":[5],"75":[4],"76":[7],"77":[15],"78":[1],"79":[14],"80":[16],"81":[14],"82":[36],"83":[30],"84":[20],"85":[14],"86":[8],"87":[43],"88":[43],"89":[15],"90":[18],"91":[40],"92":[43],"93":[25],"94":[1],"95":[7],"96":[9],"97":[11],"98":[9],"99":[18]},"fnMap":{"0":{"name":"<instance_members_initializer>","decl":{"start":{"line":65,"column":7},"end":{"line":73,"column":1}},"loc":{"start":{"line":65,"column":7},"end":{"line":73,"column":1}},"line":65},"1":{"name":"CycleError","decl":{"start":{"line":68,"column":2},"end":{"line":72,"column":3}},"loc":{"start":{"line":68,"column":2},"end":{"line":72,"column":3}},"line":68},"2":{"name":"<instance_members_initializer>","decl":{"start":{"line":80,"column":7},"end":{"line":88,"column":1}},"loc":{"start":{"line":80,"column":7},"end":{"line":88,"column":1}},"line":80},"3":{"name":"NodeNotFoundError","decl":{"start":{"line":83,"column":2},"end":{"line":87,"column":3}},"loc":{"start":{"line":83,"column":2},"end":{"line":87,"column":3}},"line":83},"4":{"name":"<instance_members_initializer>","decl":{"start":{"line":95,"column":7},"end":{"line":105,"column":1}},"loc":{"start":{"line":95,"column":7},"end":{"line":105,"column":1}},"line":95},"5":{"name":"EdgeNotFoundError","decl":{"start":{"line":99,"column":2},"end":{"line":104,"column":3}},"loc":{"start":{"line":99,"column":2},"end":{"line":104,"column":3}},"line":99},"6":{"name":"<instance_members_initializer>","decl":{"start":{"line":127,"column":7},"end":{"line":711,"column":1}},"loc":{"start":{"line":127,"column":7},"end":{"line":711,"column":1}},"line":127},"7":{"name":"addNode","decl":{"start":{"line":147,"column":2},"end":{"line":152,"column":3}},"loc":{"start":{"line":147,"column":2},"end":{"line":152,"column":3}},"line":147},"8":{"name":"removeNode","decl":{"start":{"line":162,"column":2},"end":{"line":182,"column":3}},"loc":{"start":{"line":162,"column":2},"end":{"line":182,"column":3}},"line":162},"9":{"name":"hasNode","decl":{"start":{"line":187,"column":2},"end":{"line":189,"column":3}},"loc":{"start":{"line":187,"column":2},"end":{"line":189,"column":3}},"line":187},"10":{"name":"nodes","decl":{"start":{"line":196,"column":2},"end":{"line":198,"column":3}},"loc":{"start":{"line":196,"column":2},"end":{"line":198,"column":3}},"line":196},"11":{"name":"addEdge","decl":{"start":{"line":216,"column":2},"end":{"line":230,"column":3}},"loc":{"start":{"line":216,"column":2},"end":{"line":230,"column":3}},"line":216},"12":{"name":"removeEdge","decl":{"start":{"line":238,"column":2},"end":{"line":248,"column":3}},"loc":{"start":{"line":238,"column":2},"end":{"line":248,"column":3}},"line":238},"13":{"name":"hasEdge","decl":{"start":{"line":253,"column":2},"end":{"line":258,"column":3}},"loc":{"start":{"line":253,"column":2},"end":{"line":258,"column":3}},"line":253},"14":{"name":"edges","decl":{"start":{"line":265,"column":2},"end":{"line":273,"column":3}},"loc":{"start":{"line":265,"column":2},"end":{"line":273,"column":3}},"line":265},"15":{"name":"predecessors","decl":{"start":{"line":285,"column":2},"end":{"line":290,"column":3}},"loc":{"start":{"line":285,"column":2},"end":{"line":290,"column":3}},"line":285},"16":{"name":"successors","decl":{"start":{"line":298,"column":2},"end":{"line":303,"column":3}},"loc":{"start":{"line":298,"column":2},"end":{"line":303,"column":3}},"line":298},"17":{"name":"get size","decl":{"start":{"line":312,"column":2},"end":{"line":314,"column":3}},"loc":{"start":{"line":312,"column":2},"end":{"line":314,"column":3}},"line":312},"18":{"name":"toString","decl":{"start":{"line":319,"column":2},"end":{"line":321,"column":3}},"loc":{"start":{"line":319,"column":2},"end":{"line":321,"column":3}},"line":319},"19":{"name":"topologicalSort","decl":{"start":{"line":357,"column":2},"end":{"line":406,"column":3}},"loc":{"start":{"line":357,"column":2},"end":{"line":406,"column":3}},"line":357},"20":{"name":"<static_initializer>","decl":{"start":{"line":422,"column":2},"end":{"line":422,"column":36}},"loc":{"start":{"line":422,"column":2},"end":{"line":422,"column":36}},"line":422},"21":{"name":"hasCycle","decl":{"start":{"line":429,"column":2},"end":{"line":464,"column":3}},"loc":{"start":{"line":429,"column":2},"end":{"line":464,"column":3}},"line":429},"22":{"name":"dfs","decl":{"start":{"line":435,"column":16},"end":{"line":451,"column":6}},"loc":{"start":{"line":435,"column":16},"end":{"line":451,"column":6}},"line":435},"23":{"name":"_findCycle","decl":{"start":{"line":473,"column":10},"end":{"line":525,"column":3}},"loc":{"start":{"line":473,"column":10},"end":{"line":525,"column":3}},"line":473},"24":{"name":"dfs","decl":{"start":{"line":481,"column":16},"end":{"line":512,"column":6}},"loc":{"start":{"line":481,"column":16},"end":{"line":512,"column":6}},"line":481},"25":{"name":"transitiveClosure","decl":{"start":{"line":543,"column":2},"end":{"line":565,"column":3}},"loc":{"start":{"line":543,"column":2},"end":{"line":565,"column":3}},"line":543},"26":{"name":"transitiveDependents","decl":{"start":{"line":585,"column":2},"end":{"line":607,"column":3}},"loc":{"start":{"line":585,"column":2},"end":{"line":607,"column":3}},"line":585},"27":{"name":"independentGroups","decl":{"start":{"line":633,"column":2},"end":{"line":677,"column":3}},"loc":{"start":{"line":633,"column":2},"end":{"line":677,"column":3}},"line":633},"28":{"name":"affectedNodes","decl":{"start":{"line":697,"column":2},"end":{"line":710,"column":3}},"loc":{"start":{"line":697,"column":2},"end":{"line":710,"column":3}},"line":697}},"f":{"0":2,"1":2,"2":6,"3":6,"4":2,"5":2,"6":70,"7":709,"8":5,"9":10,"10":4,"11":346,"12":3,"13":4,"14":7,"15":5,"16":5,"17":8,"18":1,"19":7,"20":1,"21":6,"22":36,"23":2,"24":6,"25":8,"26":15,"27":8,"28":9}}
,"C:\\Users\\adhit\\Downloads\\coding-adventures\\.claude\\worktrees\\pensive-ptolemy\\code\\packages\\typescript\\directed-graph\\src\\index.ts": {"path":"C:\\Users\\adhit\\Downloads\\coding-adventures\\.claude\\worktrees\\pensive-ptolemy\\code\\packages\\typescript\\directed-graph\\src\\index.ts","all":true,"statementMap":{"29":{"start":{"line":30,"column":0},"end":{"line":30,"column":85}}},"s":{"29":0},"branchMap":{"0":{"type":"branch","line":1,"loc":{"start":{"line":1,"column":1186},"end":{"line":30,"column":85}},"locations":[{"start":{"line":1,"column":1186},"end":{"line":30,"column":85}}]}},"b":{"0":[1]},"fnMap":{"0":{"name":"(empty-report)","decl":{"start":{"line":1,"column":1186},"end":{"line":30,"column":85}},"loc":{"start":{"line":1,"column":1186},"end":{"line":30,"column":85}},"line":1}},"f":{"0":1}}
}
