mode: set
github.com/adhithyan15/coding-adventures/code/packages/go/sql-parser/parser.go:76.30,87.2 4 1
github.com/adhithyan15/coding-adventures/code/packages/go/sql-parser/parser.go:103.68,108.16 2 1
github.com/adhithyan15/coding-adventures/code/packages/go/sql-parser/parser.go:108.16,110.3 1 0
github.com/adhithyan15/coding-adventures/code/packages/go/sql-parser/parser.go:115.2,116.16 2 1
github.com/adhithyan15/coding-adventures/code/packages/go/sql-parser/parser.go:116.16,118.3 1 0
github.com/adhithyan15/coding-adventures/code/packages/go/sql-parser/parser.go:123.2,124.16 2 1
github.com/adhithyan15/coding-adventures/code/packages/go/sql-parser/parser.go:124.16,126.3 1 0
github.com/adhithyan15/coding-adventures/code/packages/go/sql-parser/parser.go:131.2,131.54 1 1
github.com/adhithyan15/coding-adventures/code/packages/go/sql-parser/parser.go:166.55,168.16 2 1
github.com/adhithyan15/coding-adventures/code/packages/go/sql-parser/parser.go:168.16,170.3 1 0
github.com/adhithyan15/coding-adventures/code/packages/go/sql-parser/parser.go:171.2,171.26 1 1
